[1/4] Creating LuaState...
[2/4] Opening standard library...
[3/4] Loading source (parse + compile)...
[cg_emit_eq] e1=NonReloc info=0 e2=NonReloc info=1 r1=0 r2=1 freereg=2 nactvar=0 line=7
[cg_emit_eq] e1=NonReloc info=0 e2=NonReloc info=1 r1=0 r2=1 freereg=2 nactvar=0 line=12
[cg_emit_eq] e1=NonReloc info=3 e2=NonReloc info=4 r1=3 r2=4 freereg=5 nactvar=2 line=26
[cg_emit_eq] e1=NonReloc info=7 e2=NonReloc info=8 r1=7 r2=8 freereg=9 nactvar=6 line=27
[cg_emit_eq] e1=NonReloc info=5 e2=NonReloc info=7 r1=5 r2=7 freereg=8 nactvar=6 line=40
[cg_emit_eq] e1=NonReloc info=7 e2=KInt info=0 r1=7 r2=137 freereg=8 nactvar=6 line=44
[cg_emit_eq] e1=NonReloc info=7 e2=KInt info=0 r1=7 r2=128 freereg=8 nactvar=6 line=45
[cg_emit_eq] e1=NonReloc info=7 e2=KInt info=0 r1=7 r2=128 freereg=8 nactvar=6 line=46
[cg_emit_eq] e1=NonReloc info=5 e2=NonReloc info=7 r1=5 r2=7 freereg=8 nactvar=6 line=51
[cg_emit_eq] e1=NonReloc info=7 e2=NonReloc info=8 r1=7 r2=8 freereg=9 nactvar=6 line=52
[cg_emit_eq] e1=NonReloc info=6 e2=KInt info=0 r1=6 r2=129 freereg=10 nactvar=9 line=55
[cg_emit_eq] e1=NonReloc info=7 e2=KInt info=0 r1=7 r2=130 freereg=10 nactvar=9 line=55
[cg_emit_eq] e1=NonReloc info=6 e2=KInt info=0 r1=6 r2=129 freereg=11 nactvar=10 line=59
[cg_emit_eq] e1=NonReloc info=7 e2=KInt info=0 r1=7 r2=130 freereg=11 nactvar=10 line=59
[cg_emit_eq] e1=NonReloc info=6 e2=NonReloc info=7 r1=6 r2=7 freereg=11 nactvar=10 line=63
[cg_emit_eq] e1=NonReloc info=6 e2=NonReloc info=11 r1=6 r2=11 freereg=12 nactvar=10 line=63
[cg_emit_eq] e1=NonReloc info=8 e2=NonReloc info=11 r1=8 r2=11 freereg=12 nactvar=10 line=63
[cg_emit_eq] e1=NonReloc info=6 e2=NonReloc info=11 r1=6 r2=11 freereg=12 nactvar=10 line=66
[cg_emit_eq] e1=NonReloc info=7 e2=NonReloc info=11 r1=7 r2=11 freereg=12 nactvar=10 line=66
[cg_emit_eq] e1=NonReloc info=8 e2=NonReloc info=11 r1=8 r2=11 freereg=12 nactvar=10 line=66
[cg_emit_eq] e1=NonReloc info=6 e2=KInt info=0 r1=6 r2=167 freereg=11 nactvar=10 line=70
[cg_emit_eq] e1=NonReloc info=7 e2=KInt info=0 r1=7 r2=132 freereg=11 nactvar=10 line=70
[cg_emit_eq] e1=NonReloc info=12 e2=KInt info=0 r1=12 r2=137 freereg=13 nactvar=11 line=76
[cg_emit_eq] e1=NonReloc info=12 e2=NonReloc info=13 r1=12 r2=13 freereg=14 nactvar=11 line=76
[cg_emit_eq] e1=NonReloc info=12 e2=NonReloc info=13 r1=12 r2=13 freereg=14 nactvar=11 line=76
[cg_emit_eq] e1=NonReloc info=13 e2=NonReloc info=15 r1=13 r2=15 freereg=16 nactvar=14 line=147
[cg_emit_eq] e1=NonReloc info=12 e2=NonReloc info=15 r1=12 r2=15 freereg=16 nactvar=14 line=147
[cg_emit_eq] e1=NonReloc info=15 e2=NonReloc info=17 r1=15 r2=17 freereg=18 nactvar=16 line=149
[cg_emit_eq] e1=NonReloc info=14 e2=KInt info=0 r1=14 r2=131 freereg=17 nactvar=16 line=149
[cg_emit_eq] e1=NonReloc info=12 e2=NonReloc info=14 r1=12 r2=14 freereg=15 nactvar=13 line=172
[cg_emit_eq] e1=NonReloc info=13 e2=KInt info=0 r1=13 r2=141 freereg=14 nactvar=12 line=185
[cg_emit_eq] e1=NonReloc info=13 e2=NonReloc info=14 r1=13 r2=14 freereg=15 nactvar=12 line=185
[cg_emit_eq] e1=NonReloc info=13 e2=NonReloc info=14 r1=13 r2=14 freereg=15 nactvar=12 line=185
[cg_emit_eq] e1=NonReloc info=13 e2=NonReloc info=14 r1=13 r2=14 freereg=15 nactvar=12 line=185
[cg_emit_eq] e1=NonReloc info=13 e2=NonReloc info=14 r1=13 r2=14 freereg=15 nactvar=12 line=190
[cg_emit_eq] e1=NonReloc info=13 e2=NonReloc info=14 r1=13 r2=14 freereg=15 nactvar=12 line=191
[cg_emit_eq] e1=NonReloc info=13 e2=NonReloc info=14 r1=13 r2=14 freereg=15 nactvar=12 line=192
[cg_emit_eq] e1=NonReloc info=13 e2=NonReloc info=14 r1=13 r2=14 freereg=15 nactvar=12 line=193
[cg_emit_eq] e1=NonReloc info=13 e2=NonReloc info=14 r1=13 r2=14 freereg=15 nactvar=12 line=194
[cg_emit_eq] e1=NonReloc info=13 e2=NonReloc info=14 r1=13 r2=14 freereg=15 nactvar=12 line=195
[cg_emit_eq] e1=NonReloc info=13 e2=NonReloc info=14 r1=13 r2=14 freereg=15 nactvar=12 line=196
[cg_emit_eq] e1=NonReloc info=13 e2=NonReloc info=14 r1=13 r2=14 freereg=15 nactvar=12 line=197
[cg_emit_eq] e1=NonReloc info=13 e2=NonReloc info=14 r1=13 r2=14 freereg=15 nactvar=12 line=198
[cg_emit_eq] e1=NonReloc info=11 e2=NonReloc info=13 r1=11 r2=13 freereg=14 nactvar=12 line=200
[cg_emit_eq] e1=NonReloc info=13 e2=NonReloc info=14 r1=13 r2=14 freereg=15 nactvar=12 line=200
[cg_emit_eq] e1=NonReloc info=11 e2=KInt info=0 r1=11 r2=130 freereg=13 nactvar=12 line=202
[cg_emit_eq] e1=NonReloc info=13 e2=NonReloc info=14 r1=13 r2=14 freereg=15 nactvar=12 line=202
[cg_emit_eq] e1=NonReloc info=11 e2=KInt info=0 r1=11 r2=140 freereg=13 nactvar=12 line=204
[cg_emit_eq] e1=NonReloc info=13 e2=NonReloc info=14 r1=13 r2=14 freereg=15 nactvar=12 line=204
[cg_emit_eq] e1=NonReloc info=11 e2=KInt info=0 r1=11 r2=140 freereg=13 nactvar=12 line=206
[cg_emit_eq] e1=NonReloc info=13 e2=NonReloc info=14 r1=13 r2=14 freereg=15 nactvar=12 line=206
[cg_emit_eq] e1=NonReloc info=11 e2=KInt info=0 r1=11 r2=128 freereg=13 nactvar=12 line=210
[cg_emit_eq] e1=NonReloc info=7 e2=NonReloc info=13 r1=7 r2=13 freereg=14 nactvar=12 line=210
[cg_emit_eq] e1=NonReloc info=8 e2=NonReloc info=13 r1=8 r2=13 freereg=14 nactvar=12 line=210
[cg_emit_eq] e1=NonReloc info=13 e2=KInt info=0 r1=13 r2=137 freereg=17 nactvar=16 line=219
[cg_emit_eq] e1=NonReloc info=17 e2=KInt info=0 r1=17 r2=139 freereg=18 nactvar=16 line=219
[cg_emit_eq] e1=NonReloc info=15 e2=NonReloc info=17 r1=15 r2=17 freereg=18 nactvar=16 line=219
[cg_emit_eq] e1=NonReloc info=17 e2=NonReloc info=18 r1=17 r2=18 freereg=19 nactvar=16 line=220
[cg_emit_eq] e1=NonReloc info=17 e2=NonReloc info=18 r1=17 r2=18 freereg=19 nactvar=16 line=221
[cg_emit_eq] e1=NonReloc info=11 e2=KInt info=0 r1=11 r2=147 freereg=21 nactvar=20 line=251
[cg_emit_eq] e1=NonReloc info=16 e2=NonReloc info=21 r1=16 r2=21 freereg=22 nactvar=20 line=251
[cg_emit_eq] e1=NonReloc info=11 e2=KInt info=0 r1=11 r2=147 freereg=21 nactvar=20 line=253
[cg_emit_eq] e1=NonReloc info=16 e2=NonReloc info=21 r1=16 r2=21 freereg=22 nactvar=20 line=253
[cg_emit_eq] e1=NonReloc info=11 e2=KInt info=0 r1=11 r2=147 freereg=21 nactvar=20 line=255
[cg_emit_eq] e1=NonReloc info=16 e2=NonReloc info=21 r1=16 r2=21 freereg=22 nactvar=20 line=255
[cg_emit_eq] e1=NonReloc info=2 e2=NonReloc info=3 r1=2 r2=3 freereg=4 nactvar=2 line=261
[cg_emit_eq] e1=NonReloc info=22 e2=NonReloc info=25 r1=22 r2=25 freereg=26 nactvar=24 line=267
[cg_emit_eq] e1=NonReloc info=23 e2=KInt info=0 r1=23 r2=137 freereg=25 nactvar=24 line=267
[cg_emit_eq] e1=NonReloc info=24 e2=NonReloc info=27 r1=24 r2=27 freereg=28 nactvar=26 line=269
[cg_emit_eq] e1=NonReloc info=25 e2=KInt info=0 r1=25 r2=137 freereg=27 nactvar=26 line=269
[cg_emit_eq] e1=NonReloc info=26 e2=NonReloc info=29 r1=26 r2=29 freereg=30 nactvar=28 line=271
[cg_emit_eq] e1=NonReloc info=27 e2=KInt info=0 r1=27 r2=137 freereg=29 nactvar=28 line=271
[cg_emit_eq] e1=NonReloc info=11 e2=KInt info=0 r1=11 r2=147 freereg=22 nactvar=21 line=282
[cg_emit_eq] e1=NonReloc info=16 e2=KInt info=0 r1=16 r2=147 freereg=22 nactvar=21 line=282
[cg_emit_eq] e1=NonReloc info=8 e2=KInt info=0 r1=8 r2=127 freereg=22 nactvar=21 line=282
[cg_emit_eq] e1=NonReloc info=11 e2=NonReloc info=22 r1=11 r2=22 freereg=23 nactvar=21 line=291
[cg_emit_eq] e1=NonReloc info=16 e2=NonReloc info=22 r1=16 r2=22 freereg=23 nactvar=21 line=291
[cg_emit_eq] e1=NonReloc info=8 e2=KInt info=0 r1=8 r2=128 freereg=22 nactvar=21 line=291
[cg_emit_eq] e1=NonReloc info=11 e2=NonReloc info=22 r1=11 r2=22 freereg=23 nactvar=21 line=299
[cg_emit_eq] e1=NonReloc info=8 e2=KInt info=0 r1=8 r2=128 freereg=22 nactvar=21 line=299
[cg_emit_eq] e1=NonReloc info=13 e2=NonReloc info=22 r1=13 r2=22 freereg=23 nactvar=21 line=313
[cg_emit_eq] e1=NonReloc info=14 e2=KInt info=0 r1=14 r2=132 freereg=22 nactvar=21 line=313
[cg_emit_eq] e1=NonReloc info=22 e2=NonReloc info=23 r1=22 r2=23 freereg=24 nactvar=21 line=316
[cg_emit_eq] e1=NonReloc info=22 e2=NonReloc info=23 r1=22 r2=23 freereg=24 nactvar=21 line=319
[cg_emit_eq] e1=NonReloc info=24 e2=KInt info=0 r1=24 r2=129 freereg=25 nactvar=23 line=345
[cg_emit_eq] e1=NonReloc info=24 e2=KInt info=0 r1=24 r2=128 freereg=25 nactvar=23 line=346
[cg_emit_eq] e1=NonReloc info=24 e2=KInt info=0 r1=24 r2=129 freereg=25 nactvar=23 line=347
[cg_emit_eq] e1=NonReloc info=24 e2=KInt info=0 r1=24 r2=128 freereg=25 nactvar=23 line=348
[cg_emit_eq] e1=NonReloc info=24 e2=KInt info=0 r1=24 r2=129 freereg=25 nactvar=23 line=349
[cg_emit_eq] e1=NonReloc info=24 e2=KInt info=0 r1=24 r2=128 freereg=25 nactvar=23 line=350
[cg_emit_eq] e1=NonReloc info=24 e2=KInt info=0 r1=24 r2=128 freereg=25 nactvar=23 line=351
[cg_emit_eq] e1=NonReloc info=24 e2=KInt info=0 r1=24 r2=128 freereg=25 nactvar=23 line=352
[cg_emit_eq] e1=NonReloc info=24 e2=KInt info=0 r1=24 r2=227 freereg=25 nactvar=23 line=353
[cg_emit_eq] e1=NonReloc info=27 e2=NonReloc info=28 r1=27 r2=28 freereg=29 nactvar=26 line=366
[cg_emit_eq] e1=NonReloc info=27 e2=NonReloc info=28 r1=27 r2=28 freereg=29 nactvar=26 line=367
[cg_emit_eq] e1=NonReloc info=27 e2=NonReloc info=28 r1=27 r2=28 freereg=29 nactvar=26 line=368
[cg_emit_eq] e1=NonReloc info=27 e2=NonReloc info=28 r1=27 r2=28 freereg=29 nactvar=26 line=369
[cg_emit_eq] e1=NonReloc info=27 e2=KInt info=0 r1=27 r2=127 freereg=28 nactvar=26 line=370
[cg_emit_eq] e1=NonReloc info=27 e2=KInt info=0 r1=27 r2=130 freereg=28 nactvar=26 line=371
[cg_emit_eq] e1=NonReloc info=27 e2=KInt info=0 r1=27 r2=133 freereg=28 nactvar=26 line=372
[cg_emit_eq] e1=NonReloc info=27 e2=KInt info=0 r1=27 r2=127 freereg=28 nactvar=26 line=373
[cg_emit_eq] e1=NonReloc info=27 e2=KInt info=0 r1=27 r2=228 freereg=28 nactvar=26 line=374
[cg_emit_eq] e1=NonReloc info=27 e2=KInt info=0 r1=27 r2=127 freereg=28 nactvar=26 line=375
[cg_emit_eq] e1=NonReloc info=27 e2=KInt info=0 r1=27 r2=127 freereg=28 nactvar=26 line=376
[cg_emit_eq] e1=NonReloc info=27 e2=KInt info=0 r1=27 r2=127 freereg=28 nactvar=26 line=377
[cg_emit_eq] e1=NonReloc info=27 e2=KInt info=0 r1=27 r2=139 freereg=28 nactvar=26 line=378
[cg_emit_eq] e1=NonReloc info=27 e2=KInt info=0 r1=27 r2=127 freereg=28 nactvar=26 line=379
[cg_emit_eq] e1=NonReloc info=27 e2=KInt info=0 r1=27 r2=127 freereg=28 nactvar=26 line=380
[cg_emit_eq] e1=NonReloc info=27 e2=NonReloc info=24 r1=27 r2=24 freereg=28 nactvar=26 line=381
[cg_emit_eq] e1=NonReloc info=27 e2=NonReloc info=24 r1=27 r2=24 freereg=28 nactvar=26 line=382
[cg_emit_eq] e1=NonReloc info=27 e2=NonReloc info=24 r1=27 r2=24 freereg=28 nactvar=26 line=383
[cg_emit_eq] e1=NonReloc info=27 e2=NonReloc info=24 r1=27 r2=24 freereg=28 nactvar=26 line=384
[cg_emit_eq] e1=NonReloc info=27 e2=NonReloc info=28 r1=27 r2=28 freereg=29 nactvar=26 line=385
[cg_emit_eq] e1=NonReloc info=29 e2=NonReloc info=30 r1=29 r2=30 freereg=31 nactvar=28 line=390
[cg_emit_eq] e1=NonReloc info=27 e2=NonReloc info=24 r1=27 r2=24 freereg=28 nactvar=26 line=392
[cg_emit_eq] e1=NonReloc info=27 e2=NonReloc info=24 r1=27 r2=24 freereg=28 nactvar=26 line=393
[cg_emit_eq] e1=NonReloc info=27 e2=NonReloc info=24 r1=27 r2=24 freereg=28 nactvar=26 line=394
[cg_emit_eq] e1=NonReloc info=27 e2=NonReloc info=24 r1=27 r2=24 freereg=28 nactvar=26 line=395
[cg_emit_eq] e1=NonReloc info=27 e2=NonReloc info=24 r1=27 r2=24 freereg=28 nactvar=26 line=396
[cg_emit_eq] e1=NonReloc info=27 e2=KInt info=0 r1=27 r2=127 freereg=28 nactvar=26 line=397
[cg_emit_eq] e1=NonReloc info=27 e2=KInt info=0 r1=27 r2=127 freereg=28 nactvar=26 line=398
[cg_emit_eq] e1=NonReloc info=27 e2=KInt info=0 r1=27 r2=127 freereg=28 nactvar=26 line=399
[cg_emit_eq] e1=NonReloc info=27 e2=KInt info=0 r1=27 r2=127 freereg=28 nactvar=26 line=400
[cg_emit_eq] e1=NonReloc info=27 e2=NonReloc info=28 r1=27 r2=28 freereg=29 nactvar=26 line=402
[cg_emit_eq] e1=NonReloc info=11 e2=NonReloc info=27 r1=11 r2=27 freereg=28 nactvar=26 line=402
[cg_emit_eq] e1=NonReloc info=27 e2=NonReloc info=28 r1=27 r2=28 freereg=29 nactvar=26 line=408
[cg_emit_eq] e1=NonReloc info=27 e2=NonReloc info=28 r1=27 r2=28 freereg=29 nactvar=26 line=415
[cg_emit_eq] e1=NonReloc info=27 e2=NonReloc info=28 r1=27 r2=28 freereg=29 nactvar=26 line=418
[cg_emit_eq] e1=NonReloc info=27 e2=NonReloc info=2 r1=27 r2=2 freereg=28 nactvar=26 line=424
[cg_emit_eq] e1=NonReloc info=27 e2=NonReloc info=28 r1=27 r2=28 freereg=29 nactvar=26 line=451
[cg_emit_eq] e1=NonReloc info=28 e2=NonReloc info=31 r1=28 r2=31 freereg=32 nactvar=30 line=487
[cg_emit_eq] e1=NonReloc info=35 e2=NonReloc info=36 r1=35 r2=36 freereg=37 nactvar=34 line=488
[cg_emit_eq] e1=NonReloc info=31 e2=NonReloc info=32 r1=31 r2=32 freereg=33 nactvar=30 line=489
[cg_emit_eq] e1=NonReloc info=0 e2=NonReloc info=2 r1=0 r2=2 freereg=3 nactvar=1 line=499
[cg_emit_eq] e1=NonReloc info=31 e2=NonReloc info=32 r1=31 r2=32 freereg=33 nactvar=30 line=501
[cg_emit_eq] e1=NonReloc info=31 e2=NonReloc info=32 r1=31 r2=32 freereg=33 nactvar=30 line=501
[cg_emit_eq] e1=NonReloc info=3 e2=KInt info=0 r1=3 r2=130 freereg=4 nactvar=2 line=506
[cg_emit_eq] e1=NonReloc info=32 e2=NonReloc info=33 r1=32 r2=33 freereg=35 nactvar=34 line=537
[cg_emit_eq] e1=NonReloc info=35 e2=KInt info=0 r1=35 r2=147 freereg=36 nactvar=34 line=538
[cg_emit_eq] e1=NonReloc info=32 e2=NonReloc info=34 r1=32 r2=34 freereg=37 nactvar=36 line=540
[cg_emit_eq] e1=NonReloc info=35 e2=KInt info=0 r1=35 r2=147 freereg=37 nactvar=36 line=540
[cg_emit_eq] e1=NonReloc info=36 e2=KInt info=0 r1=36 r2=129 freereg=37 nactvar=35 line=549
[cg_emit_eq] e1=NonReloc info=36 e2=NonReloc info=33 r1=36 r2=33 freereg=37 nactvar=35 line=549
[cg_emit_eq] e1=NonReloc info=36 e2=KInt info=0 r1=36 r2=137 freereg=37 nactvar=35 line=549
[cg_emit_eq] e1=NonReloc info=38 e2=KInt info=0 r1=38 r2=147 freereg=39 nactvar=37 line=553
[cg_emit_eq] e1=NonReloc info=38 e2=KInt info=0 r1=38 r2=128 freereg=39 nactvar=37 line=554
[cg_emit_eq] e1=NonReloc info=38 e2=NonReloc info=35 r1=38 r2=35 freereg=39 nactvar=37 line=554
[cg_emit_eq] e1=NonReloc info=40 e2=KInt info=0 r1=40 r2=129 freereg=41 nactvar=39 line=560
[cg_emit_eq] e1=NonReloc info=40 e2=NonReloc info=37 r1=40 r2=37 freereg=41 nactvar=39 line=560
[cg_emit_eq] e1=NonReloc info=40 e2=KInt info=0 r1=40 r2=137 freereg=41 nactvar=39 line=560
[cg_emit_eq] e1=NonReloc info=42 e2=KInt info=0 r1=42 r2=147 freereg=43 nactvar=41 line=564
[cg_emit_eq] e1=NonReloc info=42 e2=KInt info=0 r1=42 r2=128 freereg=43 nactvar=41 line=565
[cg_emit_eq] e1=NonReloc info=42 e2=NonReloc info=39 r1=42 r2=39 freereg=43 nactvar=41 line=565
[cg_emit_eq] e1=NonReloc info=44 e2=NonReloc info=32 r1=44 r2=32 freereg=45 nactvar=43 line=570
[cg_emit_eq] e1=NonReloc info=44 e2=KInt info=0 r1=44 r2=128 freereg=45 nactvar=43 line=571
[cg_emit_eq] e1=NonReloc info=44 e2=NonReloc info=41 r1=44 r2=41 freereg=45 nactvar=43 line=571
[cg_emit_eq] e1=NonReloc info=46 e2=NonReloc info=32 r1=46 r2=32 freereg=47 nactvar=45 line=575
[cg_emit_eq] e1=NonReloc info=46 e2=KInt info=0 r1=46 r2=128 freereg=47 nactvar=45 line=576
[cg_emit_eq] e1=NonReloc info=46 e2=NonReloc info=43 r1=46 r2=43 freereg=47 nactvar=45 line=576
[cg_emit_eq] e1=NonReloc info=48 e2=NonReloc info=32 r1=48 r2=32 freereg=49 nactvar=47 line=580
[cg_emit_eq] e1=NonReloc info=48 e2=KInt info=0 r1=48 r2=128 freereg=49 nactvar=47 line=581
[cg_emit_eq] e1=NonReloc info=48 e2=NonReloc info=45 r1=48 r2=45 freereg=49 nactvar=47 line=581
[cg_emit_eq] e1=NonReloc info=50 e2=NonReloc info=32 r1=50 r2=32 freereg=51 nactvar=49 line=585
[cg_emit_eq] e1=NonReloc info=50 e2=KInt info=0 r1=50 r2=128 freereg=51 nactvar=49 line=586
[cg_emit_eq] e1=NonReloc info=50 e2=NonReloc info=47 r1=50 r2=47 freereg=51 nactvar=49 line=586
[cg_emit_eq] e1=NonReloc info=13 e2=KInt info=0 r1=13 r2=127 freereg=33 nactvar=32 line=592
[cg_emit_eq] e1=NonReloc info=14 e2=KInt info=0 r1=14 r2=139 freereg=33 nactvar=32 line=592
[cg_emit_eq] e1=NonReloc info=33 e2=KInt info=0 r1=33 r2=142 freereg=34 nactvar=32 line=594
[cg_emit_eq] e1=NonReloc info=13 e2=NonReloc info=33 r1=13 r2=33 freereg=34 nactvar=32 line=597
[cg_emit_eq] e1=NonReloc info=33 e2=NonReloc info=34 r1=33 r2=34 freereg=35 nactvar=32 line=599
[cg_emit_eq] e1=NonReloc info=33 e2=KInt info=0 r1=33 r2=142 freereg=35 nactvar=34 line=604
[cg_emit_eq] e1=NonReloc info=32 e2=KInt info=0 r1=32 r2=162 freereg=35 nactvar=34 line=604
[cg_emit_eq] e1=NonReloc info=32 e2=KInt info=0 r1=32 r2=139 freereg=35 nactvar=34 line=606
[cg_emit_eq] e1=NonReloc info=14 e2=KInt info=0 r1=14 r2=139 freereg=35 nactvar=34 line=610
[cg_emit_eq] e1=NonReloc info=35 e2=KInt info=0 r1=35 r2=143 freereg=36 nactvar=34 line=612
[cg_emit_eq] e1=NonReloc info=32 e2=KInt info=0 r1=32 r2=131 freereg=35 nactvar=34 line=612
[cg_emit_eq] e1=NonReloc info=14 e2=NonReloc info=35 r1=14 r2=35 freereg=36 nactvar=34 line=615
[cg_emit_eq] e1=NonReloc info=35 e2=KInt info=0 r1=35 r2=146 freereg=36 nactvar=34 line=617
[cg_emit_eq] e1=NonReloc info=35 e2=KInt info=0 r1=35 r2=159 freereg=37 nactvar=36 line=626
[cg_emit_eq] e1=NonReloc info=38 e2=KInt info=0 r1=38 r2=160 freereg=39 nactvar=37 line=631
[cg_emit_eq] e1=NonReloc info=16 e2=KInt info=0 r1=16 r2=137 freereg=36 nactvar=35 line=652
[cg_emit_eq] e1=NonReloc info=8 e2=KInt info=0 r1=8 r2=147 freereg=36 nactvar=35 line=652
[cg_emit_eq] e1=NonReloc info=36 e2=NonReloc info=37 r1=36 r2=37 freereg=38 nactvar=35 line=652
[cg_emit_eq] e1=NonReloc info=11 e2=NonReloc info=36 r1=11 r2=36 freereg=37 nactvar=35 line=654
[cg_emit_eq] e1=NonReloc info=16 e2=KInt info=0 r1=16 r2=127 freereg=36 nactvar=35 line=654
[cg_emit_eq] e1=NonReloc info=16 e2=KInt info=0 r1=16 r2=227 freereg=36 nactvar=35 line=657
[cg_emit_eq] e1=NonReloc info=8 e2=NonReloc info=36 r1=8 r2=36 freereg=37 nactvar=35 line=657
[cg_emit_eq] e1=NonReloc info=36 e2=KInt info=0 r1=36 r2=128 freereg=37 nactvar=35 line=660
[cg_emit_eq] e1=NonReloc info=36 e2=KInt info=0 r1=36 r2=129 freereg=37 nactvar=35 line=660
[cg_emit_eq] e1=NonReloc info=35 e2=NonReloc info=36 r1=35 r2=36 freereg=37 nactvar=34 line=666
[cg_emit_eq] e1=NonReloc info=35 e2=NonReloc info=36 r1=35 r2=36 freereg=37 nactvar=34 line=667
[cg_emit_eq] e1=NonReloc info=35 e2=NonReloc info=36 r1=35 r2=36 freereg=37 nactvar=34 line=668
[cg_emit_eq] e1=NonReloc info=37 e2=KInt info=0 r1=37 r2=137 freereg=38 nactvar=35 line=671
[cg_emit_eq] e1=NonReloc info=38 e2=KInt info=0 r1=38 r2=147 freereg=39 nactvar=35 line=672
[cg_emit_eq] e1=NonReloc info=39 e2=NonReloc info=40 r1=39 r2=40 freereg=41 nactvar=35 line=673
[cg_emit_eq] e1=NonReloc info=37 e2=NonReloc info=38 r1=37 r2=38 freereg=39 nactvar=35 line=675
[cg_emit_eq] e1=NonReloc info=41 e2=KInt info=0 r1=41 r2=137 freereg=42 nactvar=40 line=685
[cg_emit_eq] e1=NonReloc info=40 e2=NonReloc info=43 r1=40 r2=43 freereg=44 nactvar=42 line=703
[cg_emit_eq] e1=NonReloc info=36 e2=NonReloc info=39 r1=36 r2=39 freereg=40 nactvar=38 line=707
[cg_emit_eq] e1=NonReloc info=38 e2=NonReloc info=41 r1=38 r2=41 freereg=42 nactvar=40 line=709
[cg_emit_eq] e1=NonReloc info=43 e2=NonReloc info=42 r1=43 r2=42 freereg=46 nactvar=45 line=717
[cg_emit_eq] e1=NonReloc info=38 e2=KInt info=0 r1=38 r2=137 freereg=39 nactvar=37 line=724
[cg_emit_eq] e1=NonReloc info=38 e2=NonReloc info=39 r1=38 r2=39 freereg=40 nactvar=37 line=728
[cg_emit_eq] e1=NonReloc info=40 e2=NonReloc info=41 r1=40 r2=41 freereg=42 nactvar=38 line=735
[cg_emit_eq] e1=NonReloc info=39 e2=KInt info=0 r1=39 r2=227 freereg=40 nactvar=38 line=738
[cg_emit_eq] e1=NonReloc info=38 e2=KInt info=0 r1=38 r2=227 freereg=39 nactvar=37 line=752
[cg_emit_eq] e1=NonReloc info=40 e2=NonReloc info=37 r1=40 r2=37 freereg=41 nactvar=38 line=761
[cg_emit_eq] e1=NonReloc info=42 e2=NonReloc info=43 r1=42 r2=43 freereg=44 nactvar=40 line=769
[cg_emit_eq] e1=NonReloc info=43 e2=NonReloc info=44 r1=43 r2=44 freereg=45 nactvar=40 line=769
[cg_emit_eq] e1=NonReloc info=42 e2=NonReloc info=43 r1=42 r2=43 freereg=44 nactvar=41 line=794
[cg_emit_eq] e1=NonReloc info=43 e2=NonReloc info=44 r1=43 r2=44 freereg=45 nactvar=41 line=797
[cg_emit_eq] e1=NonReloc info=42 e2=NonReloc info=43 r1=42 r2=43 freereg=44 nactvar=41 line=804
[cg_emit_eq] e1=NonReloc info=4 e2=NonReloc info=5 r1=4 r2=5 freereg=6 nactvar=3 line=817
[cg_emit_eq] e1=NonReloc info=4 e2=NonReloc info=5 r1=4 r2=5 freereg=6 nactvar=4 line=821
[cg_emit_eq] e1=NonReloc info=5 e2=NonReloc info=6 r1=5 r2=6 freereg=7 nactvar=4 line=822
[cg_emit_eq] e1=NonReloc info=5 e2=NonReloc info=6 r1=5 r2=6 freereg=7 nactvar=4 line=823
[cg_emit_eq] e1=NonReloc info=47 e2=NonReloc info=48 r1=47 r2=48 freereg=49 nactvar=46 line=839
[cg_emit_eq] e1=NonReloc info=48 e2=NonReloc info=49 r1=48 r2=49 freereg=50 nactvar=47 line=880
[cg_emit_eq] e1=NonReloc info=48 e2=NonReloc info=49 r1=48 r2=49 freereg=50 nactvar=47 line=880
[cg_emit_eq] e1=NonReloc info=51 e2=NonReloc info=11 r1=51 r2=11 freereg=52 nactvar=50 line=886
[cg_emit_eq] e1=NonReloc info=51 e2=NonReloc info=35 r1=51 r2=35 freereg=52 nactvar=50 line=886
[cg_emit_eq] e1=NonReloc info=51 e2=NonReloc info=8 r1=51 r2=8 freereg=52 nactvar=50 line=886
[cg_emit_eq] e1=NonReloc info=51 e2=KInt info=0 r1=51 r2=128 freereg=52 nactvar=50 line=894
[cg_emit_eq] e1=NonReloc info=51 e2=NonReloc info=46 r1=51 r2=46 freereg=52 nactvar=50 line=894
[cg_emit_eq] e1=NonReloc info=51 e2=NonReloc info=52 r1=51 r2=52 freereg=53 nactvar=50 line=897
[cg_emit_eq] e1=NonReloc info=51 e2=NonReloc info=41 r1=51 r2=41 freereg=52 nactvar=50 line=897
[cg_emit_eq] e1=NonReloc info=52 e2=KInt info=0 r1=52 r2=131 freereg=53 nactvar=51 line=908
[cg_emit_eq] e1=NonReloc info=52 e2=NonReloc info=50 r1=52 r2=50 freereg=53 nactvar=51 line=910
[cg_emit_eq] e1=NonReloc info=52 e2=NonReloc info=45 r1=52 r2=45 freereg=53 nactvar=51 line=910
[cg_emit_eq] e1=NonReloc info=52 e2=NonReloc info=44 r1=52 r2=44 freereg=53 nactvar=51 line=910
[cg_emit_eq] e1=NonReloc info=52 e2=KInt info=0 r1=52 r2=157 freereg=53 nactvar=51 line=923
[cg_emit_eq] e1=NonReloc info=56 e2=NonReloc info=57 r1=56 r2=57 freereg=58 nactvar=55 line=924
[cg_emit_eq] e1=NonReloc info=52 e2=KInt info=0 r1=52 r2=168 freereg=53 nactvar=51 line=933
[cg_emit_eq] e1=NonReloc info=52 e2=KInt info=0 r1=52 r2=127 freereg=53 nactvar=51 line=939
[cg_emit_eq] e1=NonReloc info=52 e2=KInt info=0 r1=52 r2=128 freereg=53 nactvar=51 line=942
[cg_emit_eq] e1=NonReloc info=52 e2=NonReloc info=33 r1=52 r2=33 freereg=53 nactvar=51 line=942
[cg_emit_eq] e1=NonReloc info=2 e2=NonReloc info=3 r1=2 r2=3 freereg=4 nactvar=2 line=955
[cg_emit_eq] e1=NonReloc info=55 e2=NonReloc info=56 r1=55 r2=56 freereg=57 nactvar=54 line=962
[cg_emit_eq] e1=NonReloc info=55 e2=NonReloc info=56 r1=55 r2=56 freereg=57 nactvar=54 line=963
[cg_emit_eq] e1=NonReloc info=55 e2=NonReloc info=56 r1=55 r2=56 freereg=57 nactvar=54 line=967
[cg_emit_eq] e1=NonReloc info=54 e2=NonReloc info=55 r1=54 r2=55 freereg=56 nactvar=53 line=990
[cg_emit_eq] e1=NonReloc info=55 e2=NonReloc info=56 r1=55 r2=56 freereg=57 nactvar=54 line=992
[cg_emit_eq] e1=NonReloc info=55 e2=NonReloc info=56 r1=55 r2=56 freereg=57 nactvar=54 line=992
[cg_emit_eq] e1=NonReloc info=55 e2=NonReloc info=56 r1=55 r2=56 freereg=57 nactvar=54 line=993
[cg_emit_eq] e1=NonReloc info=55 e2=NonReloc info=56 r1=55 r2=56 freereg=57 nactvar=54 line=993
[cg_emit_eq] e1=NonReloc info=55 e2=NonReloc info=56 r1=55 r2=56 freereg=57 nactvar=54 line=994
[cg_emit_eq] e1=NonReloc info=57 e2=KInt info=0 r1=57 r2=137 freereg=58 nactvar=55 line=1016
[cg_emit_eq] e1=NonReloc info=62 e2=NonReloc info=59 r1=62 r2=59 freereg=63 nactvar=60 line=1026
[cg_emit_eq] e1=NonReloc info=61 e2=NonReloc info=62 r1=61 r2=62 freereg=63 nactvar=60 line=1027
[cg_emit_eq] e1=NonReloc info=57 e2=NonReloc info=58 r1=57 r2=58 freereg=59 nactvar=56 line=1030
[cg_emit_eq] e1=NonReloc info=56 e2=NonReloc info=57 r1=56 r2=57 freereg=58 nactvar=54 line=1040
[cg_emit_eq] e1=NonReloc info=55 e2=KInt info=0 r1=55 r2=127 freereg=56 nactvar=54 line=1043
[cg_emit_eq] e1=NonReloc info=51 e2=NonReloc info=55 r1=51 r2=55 freereg=56 nactvar=54 line=1046
[cg_emit_eq] e1=NonReloc info=35 e2=NonReloc info=55 r1=35 r2=55 freereg=56 nactvar=54 line=1046
[cg_emit_eq] e1=NonReloc info=51 e2=NonReloc info=55 r1=51 r2=55 freereg=56 nactvar=54 line=1051
[cg_emit_eq] e1=NonReloc info=8 e2=KInt info=0 r1=8 r2=129 freereg=55 nactvar=54 line=1051
[cg_emit_eq] e1=NonReloc info=51 e2=NonReloc info=55 r1=51 r2=55 freereg=56 nactvar=54 line=1055
[cg_emit_eq] e1=NonReloc info=8 e2=KInt info=0 r1=8 r2=130 freereg=55 nactvar=54 line=1055
[cg_emit_eq] e1=NonReloc info=55 e2=NonReloc info=56 r1=55 r2=56 freereg=57 nactvar=54 line=1055
[cg_emit_eq] e1=NonReloc info=51 e2=NonReloc info=55 r1=51 r2=55 freereg=56 nactvar=54 line=1068
[cg_emit_eq] e1=NonReloc info=56 e2=NonReloc info=57 r1=56 r2=57 freereg=58 nactvar=54 line=1078
[cg_emit_eq] e1=NonReloc info=3 e2=NonReloc info=0 r1=3 r2=0 freereg=4 nactvar=1 line=1095
[cg_emit_eq] e1=NonReloc info=59 e2=KInt info=0 r1=59 r2=138 freereg=60 nactvar=58 line=1110
[cg_emit_eq] e1=NonReloc info=57 e2=NonReloc info=59 r1=57 r2=59 freereg=60 nactvar=58 line=1110
[cg_emit_eq] e1=NonReloc info=59 e2=KInt info=0 r1=59 r2=127 freereg=60 nactvar=58 line=1111
[cg_emit_eq] e1=NonReloc info=60 e2=NonReloc info=61 r1=60 r2=61 freereg=62 nactvar=59 line=1119
[cg_emit_eq] e1=NonReloc info=60 e2=KInt info=0 r1=60 r2=138 freereg=61 nactvar=59 line=1119
[cg_emit_eq] e1=NonReloc info=60 e2=KInt info=0 r1=60 r2=127 freereg=61 nactvar=59 line=1120
[cg_emit_eq] e1=NonReloc info=59 e2=NonReloc info=62 r1=59 r2=62 freereg=63 nactvar=61 line=1128
[cg_emit_eq] e1=NonReloc info=62 e2=KInt info=0 r1=62 r2=138 freereg=63 nactvar=61 line=1128
[cg_emit_eq] e1=NonReloc info=62 e2=KInt info=0 r1=62 r2=127 freereg=63 nactvar=61 line=1129
[cg_emit_eq] e1=NonReloc info=61 e2=NonReloc info=64 r1=61 r2=64 freereg=65 nactvar=63 line=1137
[cg_emit_eq] e1=NonReloc info=2 e2=NonReloc info=0 r1=2 r2=0 freereg=3 nactvar=1 line=1141
[cg_emit_eq] e1=NonReloc info=64 e2=KInt info=0 r1=64 r2=130 freereg=66 nactvar=65 line=1166
[cg_emit_eq] e1=NonReloc info=67 e2=NonReloc info=68 r1=67 r2=68 freereg=69 nactvar=65 line=1166
[cg_emit_eq] e1=NonReloc info=65 e2=KInt info=0 r1=65 r2=130 freereg=67 nactvar=66 line=1190
[cg_emit_eq] e1=NonReloc info=5 e2=NonReloc info=6 r1=5 r2=6 freereg=7 nactvar=6 line=1232
[cg_emit_eq] e1=NonReloc info=5 e2=NonReloc info=6 r1=5 r2=6 freereg=7 nactvar=6 line=1233
[cg_emit_eq] e1=NonReloc info=5 e2=NonReloc info=6 r1=5 r2=6 freereg=7 nactvar=6 line=1233
[cg_emit_eq] e1=NonReloc info=4 e2=NonReloc info=5 r1=4 r2=5 freereg=6 nactvar=5 line=1256
[cg_emit_eq] e1=NonReloc info=4 e2=NonReloc info=5 r1=4 r2=5 freereg=6 nactvar=5 line=1257
[cg_emit_eq] e1=NonReloc info=4 e2=NonReloc info=5 r1=4 r2=5 freereg=6 nactvar=5 line=1257
[cg_emit_eq] e1=NonReloc info=35 e2=KInt info=0 r1=35 r2=137 freereg=59 nactvar=58 line=1275
[cg_emit_eq] e1=NonReloc info=60 e2=NonReloc info=61 r1=60 r2=61 freereg=62 nactvar=59 line=1315
[cg_emit_eq] e1=NonReloc info=62 e2=NonReloc info=58 r1=62 r2=58 freereg=63 nactvar=59 line=1315
[cg_emit_eq] e1=NonReloc info=0 e2=KInt info=0 r1=0 r2=127 freereg=2 nactvar=2 line=1320
[cg_emit_eq] e1=NonReloc info=62 e2=KInt info=0 r1=62 r2=147 freereg=63 nactvar=60 line=1328
[cg_emit_eq] e1=NonReloc info=0 e2=KInt info=0 r1=0 r2=127 freereg=1 nactvar=0 line=1332
[cg_emit_eq] e1=NonReloc info=64 e2=NonReloc info=65 r1=64 r2=65 freereg=66 nactvar=63 line=1362
[cg_emit_eq] e1=NonReloc info=0 e2=NonReloc info=2 r1=0 r2=2 freereg=3 nactvar=2 line=1369
[cg_emit_eq] e1=NonReloc info=2 e2=NonReloc info=3 r1=2 r2=3 freereg=4 nactvar=2 line=1393
[cg_emit_eq] e1=NonReloc info=2 e2=NonReloc info=1 r1=2 r2=1 freereg=3 nactvar=2 line=1393
[cg_emit_eq] e1=NonReloc info=1 e2=NonReloc info=2 r1=1 r2=2 freereg=3 nactvar=1 line=1398
[cg_emit_eq] e1=NonReloc info=1 e2=KInt info=0 r1=1 r2=132 freereg=2 nactvar=1 line=1398
[cg_emit_eq] e1=NonReloc info=0 e2=KInt info=0 r1=0 r2=133 freereg=1 nactvar=0 line=1407
[cg_emit_eq] e1=NonReloc info=2 e2=KInt info=0 r1=2 r2=137 freereg=3 nactvar=1 line=1415
[cg_emit_eq] e1=NonReloc info=0 e2=NonReloc info=1 r1=0 r2=1 freereg=2 nactvar=0 line=1423
[cg_emit_eq] e1=NonReloc info=0 e2=KInt info=0 r1=0 r2=127 freereg=1 nactvar=1 line=1429
[cg_emit_eq] e1=NonReloc info=66 e2=NonReloc info=68 r1=66 r2=68 freereg=69 nactvar=67 line=1439
[cg_emit_eq] e1=NonReloc info=66 e2=NonReloc info=69 r1=66 r2=69 freereg=70 nactvar=68 line=1445
[cg_emit_eq] e1=NonReloc info=67 e2=NonReloc info=69 r1=67 r2=69 freereg=70 nactvar=68 line=1481
[cg_emit_eq] e1=NonReloc info=1 e2=KInt info=0 r1=1 r2=132 freereg=4 nactvar=3 line=1490
[cg_emit_eq] e1=NonReloc info=68 e2=NonReloc info=69 r1=68 r2=69 freereg=70 nactvar=67 line=1494
[cg_emit_eq] e1=NonReloc info=68 e2=NonReloc info=69 r1=68 r2=69 freereg=70 nactvar=67 line=1495
[cg_emit_eq] e1=NonReloc info=68 e2=NonReloc info=69 r1=68 r2=69 freereg=70 nactvar=67 line=1496
[cg_emit_eq] e1=NonReloc info=68 e2=NonReloc info=69 r1=68 r2=69 freereg=70 nactvar=67 line=1497
[cg_emit_eq] e1=NonReloc info=68 e2=NonReloc info=69 r1=68 r2=69 freereg=70 nactvar=67 line=1498
[cg_emit_eq] e1=NonReloc info=71 e2=NonReloc info=72 r1=71 r2=72 freereg=73 nactvar=70 line=1503
[cg_emit_eq] e1=NonReloc info=69 e2=KInt info=0 r1=69 r2=130 freereg=71 nactvar=70 line=1503
[cg_emit_eq] e1=NonReloc info=67 e2=NonReloc info=70 r1=67 r2=70 freereg=74 nactvar=73 line=1505
[cg_emit_eq] e1=NonReloc info=72 e2=KInt info=0 r1=72 r2=130 freereg=74 nactvar=73 line=1505
[cg_emit_eq] e1=NonReloc info=67 e2=NonReloc info=70 r1=67 r2=70 freereg=74 nactvar=73 line=1507
[cg_emit_eq] e1=NonReloc info=72 e2=KInt info=0 r1=72 r2=130 freereg=74 nactvar=73 line=1507
[cg_emit_eq] e1=NonReloc info=74 e2=NonReloc info=67 r1=74 r2=67 freereg=75 nactvar=73 line=1512
[cg_emit_eq] e1=NonReloc info=75 e2=KInt info=0 r1=75 r2=131 freereg=77 nactvar=76 line=1520
[cg_emit_eq] e1=NonReloc info=75 e2=KInt info=0 r1=75 r2=131 freereg=77 nactvar=76 line=1527
[cg_emit_eq] e1=NonReloc info=75 e2=KInt info=0 r1=75 r2=131 freereg=77 nactvar=76 line=1534
[cg_emit_eq] e1=NonReloc info=75 e2=KInt info=0 r1=75 r2=131 freereg=77 nactvar=76 line=1541
[cg_emit_eq] e1=NonReloc info=78 e2=NonReloc info=67 r1=78 r2=67 freereg=79 nactvar=77 line=1546
[cg_emit_eq] e1=NonReloc info=78 e2=NonReloc info=70 r1=78 r2=70 freereg=79 nactvar=77 line=1546
[4/4] Executing chunk...

 >>> testC not active: skipping API tests <<<

[ok] execution completed, status=Ok
