[1/4] Creating LuaState...
[2/4] Opening standard library...
[3/4] Loading source (parse + compile)...
[cg_emit_eq] e1=NonReloc info=0 e2=NonReloc info=1 r1=0 r2=1 freereg=2 nactvar=0 line=7
[cg_emit_eq] e1=NonReloc info=2 e2=NonReloc info=3 r1=2 r2=3 freereg=4 nactvar=1 line=18
[cg_emit_eq] e1=NonReloc info=2 e2=NonReloc info=3 r1=2 r2=3 freereg=4 nactvar=1 line=19
[cg_emit_eq] e1=NonReloc info=2 e2=NonReloc info=3 r1=2 r2=3 freereg=4 nactvar=1 line=19
[cg_emit_eq] e1=NonReloc info=2 e2=NonReloc info=3 r1=2 r2=3 freereg=4 nactvar=1 line=20
[cg_emit_eq] e1=NonReloc info=2 e2=NonReloc info=3 r1=2 r2=3 freereg=4 nactvar=1 line=21
[cg_emit_eq] e1=NonReloc info=2 e2=NonReloc info=3 r1=2 r2=3 freereg=4 nactvar=1 line=22
[cg_emit_eq] e1=NonReloc info=2 e2=NonReloc info=3 r1=2 r2=3 freereg=4 nactvar=1 line=23
[cg_emit_eq] e1=NonReloc info=2 e2=NonReloc info=3 r1=2 r2=3 freereg=4 nactvar=1 line=24
[cg_emit_eq] e1=NonReloc info=2 e2=NonReloc info=3 r1=2 r2=3 freereg=4 nactvar=1 line=26
[cg_emit_eq] e1=NonReloc info=3 e2=NonReloc info=4 r1=3 r2=4 freereg=5 nactvar=2 line=28
[cg_emit_eq] e1=NonReloc info=0 e2=KInt info=0 r1=0 r2=127 freereg=1 nactvar=1 line=37
[cg_emit_eq] e1=NonReloc info=5 e2=KInt info=0 r1=5 r2=247 freereg=6 nactvar=4 line=41
[cg_emit_eq] e1=NonReloc info=3 e2=NonReloc info=4 r1=3 r2=4 freereg=5 nactvar=2 line=43
[cg_emit_eq] e1=NonReloc info=5 e2=NonReloc info=6 r1=5 r2=6 freereg=7 nactvar=4 line=52
[cg_emit_eq] e1=NonReloc info=5 e2=NonReloc info=6 r1=5 r2=6 freereg=7 nactvar=4 line=57
[cg_emit_eq] e1=NonReloc info=6 e2=KInt info=0 r1=6 r2=187 freereg=7 nactvar=5 line=62
[cg_emit_eq] e1=NonReloc info=6 e2=KInt info=0 r1=6 r2=147 freereg=7 nactvar=5 line=62
[cg_emit_eq] e1=NonReloc info=6 e2=KInt info=0 r1=6 r2=132 freereg=7 nactvar=5 line=69
[cg_emit_eq] e1=NonReloc info=6 e2=KInt info=0 r1=6 r2=139 freereg=7 nactvar=5 line=70
[cg_emit_eq] e1=NonReloc info=6 e2=KInt info=0 r1=6 r2=128 freereg=7 nactvar=5 line=79
[cg_emit_eq] e1=NonReloc info=6 e2=KInt info=0 r1=6 r2=129 freereg=7 nactvar=5 line=79
[cg_emit_eq] e1=NonReloc info=6 e2=NonReloc info=7 r1=6 r2=7 freereg=8 nactvar=5 line=79
[cg_emit_eq] e1=NonReloc info=6 e2=NonReloc info=7 r1=6 r2=7 freereg=8 nactvar=5 line=79
[cg_emit_eq] e1=NonReloc info=6 e2=KInt info=0 r1=6 r2=128 freereg=7 nactvar=5 line=82
[cg_emit_eq] e1=NonReloc info=6 e2=KInt info=0 r1=6 r2=129 freereg=7 nactvar=5 line=82
[cg_emit_eq] e1=NonReloc info=6 e2=KInt info=0 r1=6 r2=130 freereg=7 nactvar=5 line=82
[cg_emit_eq] e1=NonReloc info=6 e2=NonReloc info=7 r1=6 r2=7 freereg=8 nactvar=5 line=82
[cg_emit_eq] e1=NonReloc info=5 e2=KInt info=0 r1=5 r2=247 freereg=8 nactvar=7 line=95
[cg_emit_eq] e1=NonReloc info=6 e2=KInt info=0 r1=6 r2=130 freereg=8 nactvar=7 line=95
[cg_emit_eq] e1=NonReloc info=0 e2=KInt info=0 r1=0 r2=127 freereg=1 nactvar=1 line=100
[cg_emit_eq] e1=NonReloc info=9 e2=KInt info=0 r1=9 r2=228 freereg=10 nactvar=8 line=128
[cg_emit_eq] e1=NonReloc info=9 e2=KInt info=0 r1=9 r2=228 freereg=10 nactvar=8 line=131
[cg_emit_eq] e1=NonReloc info=10 e2=KInt info=0 r1=10 r2=137 freereg=14 nactvar=13 line=139
[cg_emit_eq] e1=NonReloc info=11 e2=NonReloc info=14 r1=11 r2=14 freereg=15 nactvar=13 line=139
[cg_emit_eq] e1=NonReloc info=12 e2=NonReloc info=14 r1=12 r2=14 freereg=15 nactvar=13 line=139
[cg_emit_eq] e1=NonReloc info=10 e2=NonReloc info=13 r1=10 r2=13 freereg=16 nactvar=15 line=145
[cg_emit_eq] e1=NonReloc info=11 e2=KInt info=0 r1=11 r2=137 freereg=16 nactvar=15 line=145
[cg_emit_eq] e1=NonReloc info=12 e2=KInt info=0 r1=12 r2=227 freereg=16 nactvar=15 line=145
[cg_emit_eq] e1=NonReloc info=10 e2=NonReloc info=16 r1=10 r2=16 freereg=17 nactvar=15 line=148
[cg_emit_eq] e1=NonReloc info=11 e2=NonReloc info=16 r1=11 r2=16 freereg=17 nactvar=15 line=148
[cg_emit_eq] e1=NonReloc info=15 e2=NonReloc info=24 r1=15 r2=24 freereg=25 nactvar=23 line=155
[cg_emit_eq] e1=NonReloc info=16 e2=NonReloc info=24 r1=16 r2=24 freereg=25 nactvar=23 line=155
[cg_emit_eq] e1=NonReloc info=24 e2=KInt info=0 r1=24 r2=127 freereg=25 nactvar=23 line=155
[cg_emit_eq] e1=NonReloc info=15 e2=KInt info=0 r1=15 r2=137 freereg=24 nactvar=23 line=158
[cg_emit_eq] e1=NonReloc info=16 e2=NonReloc info=24 r1=16 r2=24 freereg=25 nactvar=23 line=158
[cg_emit_eq] e1=NonReloc info=24 e2=KInt info=0 r1=24 r2=127 freereg=25 nactvar=23 line=158
[cg_emit_eq] e1=NonReloc info=15 e2=KInt info=0 r1=15 r2=137 freereg=24 nactvar=23 line=161
[cg_emit_eq] e1=NonReloc info=16 e2=KInt info=0 r1=16 r2=147 freereg=24 nactvar=23 line=161
[cg_emit_eq] e1=NonReloc info=24 e2=KInt info=0 r1=24 r2=127 freereg=25 nactvar=23 line=161
[cg_emit_eq] e1=NonReloc info=15 e2=KInt info=0 r1=15 r2=137 freereg=24 nactvar=23 line=164
[cg_emit_eq] e1=NonReloc info=16 e2=KInt info=0 r1=16 r2=147 freereg=24 nactvar=23 line=164
[cg_emit_eq] e1=NonReloc info=24 e2=KInt info=0 r1=24 r2=128 freereg=25 nactvar=23 line=164
[cg_emit_eq] e1=NonReloc info=24 e2=KInt info=0 r1=24 r2=157 freereg=25 nactvar=23 line=164
[cg_emit_eq] e1=NonReloc info=0 e2=KInt info=0 r1=0 r2=127 freereg=1 nactvar=0 line=183
[cg_emit_eq] e1=NonReloc info=11 e2=NonReloc info=12 r1=11 r2=12 freereg=13 nactvar=10 line=195
[cg_emit_eq] e1=NonReloc info=12 e2=NonReloc info=13 r1=12 r2=13 freereg=14 nactvar=11 line=210
[cg_emit_eq] e1=NonReloc info=16 e2=NonReloc info=14 r1=16 r2=14 freereg=17 nactvar=15 line=212
[cg_emit_eq] e1=NonReloc info=12 e2=NonReloc info=13 r1=12 r2=13 freereg=14 nactvar=11 line=214
[cg_emit_eq] e1=NonReloc info=12 e2=NonReloc info=13 r1=12 r2=13 freereg=14 nactvar=11 line=214
[cg_emit_eq] e1=NonReloc info=12 e2=NonReloc info=13 r1=12 r2=13 freereg=14 nactvar=11 line=214
[cg_emit_eq] e1=NonReloc info=5 e2=KInt info=0 r1=5 r2=150 freereg=9 nactvar=8 line=220
[cg_emit_eq] e1=NonReloc info=9 e2=KInt info=0 r1=9 r2=167 freereg=10 nactvar=8 line=220
[cg_emit_eq] e1=NonReloc info=0 e2=KInt info=0 r1=0 r2=127 freereg=1 nactvar=1 line=238
[cg_emit_eq] e1=NonReloc info=12 e2=KInt info=0 r1=12 r2=128 freereg=13 nactvar=11 line=245
[cg_emit_eq] e1=NonReloc info=12 e2=KInt info=0 r1=12 r2=151 freereg=13 nactvar=11 line=245
[cg_emit_eq] e1=NonReloc info=12 e2=NonReloc info=13 r1=12 r2=13 freereg=14 nactvar=11 line=245
[cg_emit_eq] e1=NonReloc info=14 e2=KInt info=0 r1=14 r2=218 freereg=15 nactvar=13 line=255
[cg_emit_eq] e1=NonReloc info=3 e2=NonReloc info=4 r1=3 r2=4 freereg=5 nactvar=2 line=269
[cg_emit_eq] e1=NonReloc info=7 e2=NonReloc info=8 r1=7 r2=8 freereg=9 nactvar=6 line=271
[cg_emit_eq] e1=NonReloc info=18 e2=KInt info=0 r1=18 r2=128 freereg=23 nactvar=22 line=281
[cg_emit_eq] e1=NonReloc info=19 e2=KInt info=0 r1=19 r2=129 freereg=23 nactvar=22 line=281
[cg_emit_eq] e1=NonReloc info=20 e2=KInt info=0 r1=20 r2=130 freereg=23 nactvar=22 line=281
[cg_emit_eq] e1=NonReloc info=21 e2=NonReloc info=23 r1=21 r2=23 freereg=24 nactvar=22 line=281
[cg_emit_eq] e1=NonReloc info=18 e2=KInt info=0 r1=18 r2=128 freereg=23 nactvar=22 line=286
[cg_emit_eq] e1=NonReloc info=19 e2=KInt info=0 r1=19 r2=128 freereg=23 nactvar=22 line=286
[cg_emit_eq] e1=NonReloc info=20 e2=KInt info=0 r1=20 r2=129 freereg=23 nactvar=22 line=286
[cg_emit_eq] e1=NonReloc info=21 e2=NonReloc info=23 r1=21 r2=23 freereg=24 nactvar=22 line=286
[cg_emit_eq] e1=NonReloc info=18 e2=KInt info=0 r1=18 r2=128 freereg=23 nactvar=22 line=288
[cg_emit_eq] e1=NonReloc info=19 e2=KInt info=0 r1=19 r2=128 freereg=23 nactvar=22 line=288
[cg_emit_eq] e1=NonReloc info=20 e2=KInt info=0 r1=20 r2=129 freereg=23 nactvar=22 line=288
[cg_emit_eq] e1=NonReloc info=21 e2=NonReloc info=23 r1=21 r2=23 freereg=24 nactvar=22 line=288
[cg_emit_eq] e1=NonReloc info=18 e2=KInt info=0 r1=18 r2=128 freereg=23 nactvar=22 line=290
[cg_emit_eq] e1=NonReloc info=19 e2=KInt info=0 r1=19 r2=128 freereg=23 nactvar=22 line=290
[cg_emit_eq] e1=NonReloc info=20 e2=NonReloc info=23 r1=20 r2=23 freereg=24 nactvar=22 line=290
[cg_emit_eq] e1=NonReloc info=21 e2=NonReloc info=23 r1=21 r2=23 freereg=24 nactvar=22 line=290
[cg_emit_eq] e1=NonReloc info=23 e2=KInt info=0 r1=23 r2=128 freereg=24 nactvar=22 line=293
[cg_emit_eq] e1=NonReloc info=23 e2=KInt info=0 r1=23 r2=130 freereg=24 nactvar=22 line=293
[cg_emit_eq] e1=NonReloc info=23 e2=NonReloc info=24 r1=23 r2=24 freereg=25 nactvar=22 line=293
[cg_emit_eq] e1=NonReloc info=23 e2=NonReloc info=24 r1=23 r2=24 freereg=25 nactvar=22 line=293
[cg_emit_eq] e1=NonReloc info=23 e2=NonReloc info=24 r1=23 r2=24 freereg=25 nactvar=22 line=299
[cg_emit_eq] e1=NonReloc info=26 e2=NonReloc info=27 r1=26 r2=27 freereg=28 nactvar=25 line=321
[cg_emit_eq] e1=NonReloc info=26 e2=KInt info=0 r1=26 r2=160 freereg=27 nactvar=25 line=321
[cg_emit_eq] e1=NonReloc info=26 e2=NonReloc info=27 r1=26 r2=27 freereg=28 nactvar=25 line=322
[cg_emit_eq] e1=NonReloc info=27 e2=NonReloc info=28 r1=27 r2=28 freereg=29 nactvar=26 line=336
[cg_emit_eq] e1=NonReloc info=27 e2=NonReloc info=28 r1=27 r2=28 freereg=29 nactvar=26 line=340
[cg_emit_eq] e1=NonReloc info=27 e2=KInt info=0 r1=27 r2=128 freereg=28 nactvar=26 line=340
[cg_emit_eq] e1=NonReloc info=28 e2=NonReloc info=29 r1=28 r2=29 freereg=30 nactvar=27 line=349
[cg_emit_eq] e1=NonReloc info=27 e2=KInt info=0 r1=27 r2=128 freereg=28 nactvar=26 line=355
[cg_emit_eq] e1=NonReloc info=27 e2=KInt info=0 r1=27 r2=128 freereg=28 nactvar=26 line=355
[cg_emit_eq] e1=NonReloc info=27 e2=KInt info=0 r1=27 r2=250 freereg=28 nactvar=26 line=367
[cg_emit_eq] e1=NonReloc info=30 e2=NonReloc info=31 r1=30 r2=31 freereg=32 nactvar=29 line=378
[cg_emit_eq] e1=NonReloc info=30 e2=KInt info=0 r1=30 r2=250 freereg=31 nactvar=29 line=380
[cg_emit_eq] e1=NonReloc info=30 e2=KInt info=0 r1=30 r2=144 freereg=31 nactvar=29 line=382
[cg_emit_eq] e1=NonReloc info=30 e2=KInt info=0 r1=30 r2=142 freereg=31 nactvar=29 line=396
[cg_emit_eq] e1=NonReloc info=30 e2=KInt info=0 r1=30 r2=142 freereg=31 nactvar=29 line=401
[cg_emit_eq] e1=NonReloc info=0 e2=NonReloc info=1 r1=0 r2=1 freereg=2 nactvar=1 line=407
[cg_emit_eq] e1=NonReloc info=32 e2=NonReloc info=33 r1=32 r2=33 freereg=34 nactvar=31 line=411
[cg_emit_eq] e1=NonReloc info=32 e2=NonReloc info=33 r1=32 r2=33 freereg=34 nactvar=31 line=412
[cg_emit_eq] e1=NonReloc info=32 e2=NonReloc info=33 r1=32 r2=33 freereg=34 nactvar=31 line=413
[cg_emit_eq] e1=NonReloc info=32 e2=NonReloc info=33 r1=32 r2=33 freereg=34 nactvar=31 line=414
[cg_emit_eq] e1=NonReloc info=32 e2=KInt info=0 r1=32 r2=150 freereg=33 nactvar=31 line=417
[cg_emit_eq] e1=NonReloc info=32 e2=KInt info=0 r1=32 r2=151 freereg=33 nactvar=31 line=419
[cg_emit_eq] e1=NonReloc info=36 e2=NonReloc info=33 r1=36 r2=33 freereg=37 nactvar=35 line=434
[cg_emit_eq] e1=NonReloc info=38 e2=NonReloc info=39 r1=38 r2=39 freereg=40 nactvar=37 line=442
[cg_emit_eq] e1=NonReloc info=33 e2=KInt info=0 r1=33 r2=128 freereg=34 nactvar=32 line=451
[cg_emit_eq] e1=NonReloc info=32 e2=NonReloc info=33 r1=32 r2=33 freereg=34 nactvar=31 line=456
[cg_emit_eq] e1=NonReloc info=32 e2=NonReloc info=33 r1=32 r2=33 freereg=34 nactvar=31 line=457
[cg_emit_eq] e1=NonReloc info=32 e2=NonReloc info=33 r1=32 r2=33 freereg=34 nactvar=31 line=458
[cg_emit_eq] e1=NonReloc info=34 e2=KInt info=0 r1=34 r2=137 freereg=35 nactvar=33 line=480
[cg_emit_eq] e1=NonReloc info=34 e2=NonReloc info=31 r1=34 r2=31 freereg=35 nactvar=33 line=483
[cg_emit_eq] e1=NonReloc info=33 e2=NonReloc info=36 r1=33 r2=36 freereg=37 nactvar=35 line=486
[cg_emit_eq] e1=NonReloc info=34 e2=NonReloc info=36 r1=34 r2=36 freereg=37 nactvar=35 line=486
[cg_emit_eq] e1=NonReloc info=41 e2=NonReloc info=42 r1=41 r2=42 freereg=43 nactvar=40 line=493
[4/4] Executing chunk...
testing functions and calls
+
[cg_emit_eq] e1=NonReloc info=1 e2=NonReloc info=2 r1=1 r2=2 freereg=3 nactvar=0 line=1
+
testing tail calls
[err] pcall_k failed: Runtime: coroutines not yet implemented (Phase E)
