[1/4] Creating LuaState...
[2/4] Opening standard library...
[3/4] Loading source (parse + compile)...
[cg_emit_eq] e1=NonReloc info=0 e2=NonReloc info=1 r1=0 r2=1 freereg=2 nactvar=0 line=7
[cg_emit_eq] e1=NonReloc info=2 e2=NonReloc info=3 r1=2 r2=3 freereg=4 nactvar=1 line=18
[cg_emit_eq] e1=NonReloc info=2 e2=NonReloc info=3 r1=2 r2=3 freereg=4 nactvar=1 line=20
[cg_emit_eq] e1=NonReloc info=1 e2=NonReloc info=6 r1=1 r2=6 freereg=7 nactvar=5 line=26
[cg_emit_eq] e1=NonReloc info=6 e2=NonReloc info=1 r1=6 r2=1 freereg=7 nactvar=5 line=26
[cg_emit_eq] e1=NonReloc info=6 e2=KInt info=0 r1=6 r2=162 freereg=7 nactvar=5 line=26
[cg_emit_eq] e1=NonReloc info=6 e2=NonReloc info=7 r1=6 r2=7 freereg=8 nactvar=5 line=28
[cg_emit_eq] e1=NonReloc info=6 e2=KInt info=0 r1=6 r2=127 freereg=7 nactvar=5 line=29
[cg_emit_eq] e1=NonReloc info=6 e2=NonReloc info=1 r1=6 r2=1 freereg=7 nactvar=5 line=29
[cg_emit_eq] e1=NonReloc info=6 e2=NonReloc info=7 r1=6 r2=7 freereg=8 nactvar=5 line=29
[cg_emit_eq] e1=NonReloc info=6 e2=NonReloc info=7 r1=6 r2=7 freereg=8 nactvar=5 line=30
[cg_emit_eq] e1=NonReloc info=6 e2=NonReloc info=7 r1=6 r2=7 freereg=8 nactvar=5 line=32
[cg_emit_eq] e1=NonReloc info=6 e2=NonReloc info=7 r1=6 r2=7 freereg=8 nactvar=5 line=35
[cg_emit_eq] e1=NonReloc info=6 e2=NonReloc info=7 r1=6 r2=7 freereg=8 nactvar=5 line=39
[cg_emit_eq] e1=NonReloc info=6 e2=NonReloc info=1 r1=6 r2=1 freereg=7 nactvar=5 line=40
[cg_emit_eq] e1=NonReloc info=6 e2=NonReloc info=7 r1=6 r2=7 freereg=8 nactvar=5 line=40
[cg_emit_eq] e1=NonReloc info=6 e2=NonReloc info=7 r1=6 r2=7 freereg=8 nactvar=5 line=40
[cg_emit_eq] e1=NonReloc info=6 e2=NonReloc info=7 r1=6 r2=7 freereg=8 nactvar=5 line=46
[cg_emit_eq] e1=NonReloc info=6 e2=NonReloc info=1 r1=6 r2=1 freereg=7 nactvar=5 line=47
[cg_emit_eq] e1=NonReloc info=6 e2=NonReloc info=7 r1=6 r2=7 freereg=8 nactvar=5 line=47
[cg_emit_eq] e1=NonReloc info=6 e2=NonReloc info=7 r1=6 r2=7 freereg=8 nactvar=5 line=47
[cg_emit_eq] e1=NonReloc info=7 e2=KInt info=0 r1=7 r2=127 freereg=8 nactvar=6 line=52
[cg_emit_eq] e1=NonReloc info=8 e2=KInt info=0 r1=8 r2=127 freereg=9 nactvar=7 line=54
[cg_emit_eq] e1=NonReloc info=9 e2=KInt info=0 r1=9 r2=127 freereg=10 nactvar=8 line=56
[cg_emit_eq] e1=NonReloc info=10 e2=KInt info=0 r1=10 r2=127 freereg=11 nactvar=9 line=58
[cg_emit_eq] e1=NonReloc info=6 e2=NonReloc info=7 r1=6 r2=7 freereg=8 nactvar=5 line=61
[cg_emit_eq] e1=NonReloc info=6 e2=NonReloc info=7 r1=6 r2=7 freereg=8 nactvar=5 line=61
[cg_emit_eq] e1=NonReloc info=6 e2=KInt info=0 r1=6 r2=128 freereg=7 nactvar=5 line=62
[cg_emit_eq] e1=NonReloc info=6 e2=KInt info=0 r1=6 r2=127 freereg=7 nactvar=5 line=63
[cg_emit_eq] e1=NonReloc info=6 e2=KInt info=0 r1=6 r2=127 freereg=7 nactvar=5 line=64
[cg_emit_eq] e1=NonReloc info=6 e2=KInt info=0 r1=6 r2=127 freereg=7 nactvar=5 line=65
[cg_emit_eq] e1=NonReloc info=6 e2=KInt info=0 r1=6 r2=127 freereg=7 nactvar=5 line=66
[cg_emit_eq] e1=NonReloc info=6 e2=KInt info=0 r1=6 r2=127 freereg=7 nactvar=5 line=68
[cg_emit_eq] e1=NonReloc info=6 e2=KInt info=0 r1=6 r2=127 freereg=7 nactvar=5 line=69
[cg_emit_eq] e1=NonReloc info=6 e2=KInt info=0 r1=6 r2=127 freereg=7 nactvar=5 line=70
[cg_emit_eq] e1=NonReloc info=6 e2=KInt info=0 r1=6 r2=127 freereg=7 nactvar=5 line=71
[cg_emit_eq] e1=NonReloc info=6 e2=KInt info=0 r1=6 r2=127 freereg=7 nactvar=5 line=73
[cg_emit_eq] e1=NonReloc info=6 e2=KInt info=0 r1=6 r2=127 freereg=7 nactvar=5 line=74
[cg_emit_eq] e1=NonReloc info=6 e2=NonReloc info=7 r1=6 r2=7 freereg=8 nactvar=5 line=76
[cg_emit_eq] e1=NonReloc info=6 e2=NonReloc info=7 r1=6 r2=7 freereg=8 nactvar=5 line=76
[cg_emit_eq] e1=NonReloc info=6 e2=NonReloc info=7 r1=6 r2=7 freereg=8 nactvar=5 line=80
[cg_emit_eq] e1=NonReloc info=6 e2=NonReloc info=7 r1=6 r2=7 freereg=8 nactvar=5 line=81
[cg_emit_eq] e1=NonReloc info=6 e2=KInt info=0 r1=6 r2=129 freereg=7 nactvar=5 line=82
[cg_emit_eq] e1=NonReloc info=6 e2=NonReloc info=7 r1=6 r2=7 freereg=8 nactvar=5 line=83
[cg_emit_eq] e1=NonReloc info=6 e2=NonReloc info=7 r1=6 r2=7 freereg=8 nactvar=5 line=84
[cg_emit_eq] e1=NonReloc info=6 e2=NonReloc info=7 r1=6 r2=7 freereg=8 nactvar=5 line=85
[cg_emit_eq] e1=NonReloc info=6 e2=NonReloc info=7 r1=6 r2=7 freereg=8 nactvar=5 line=86
[cg_emit_eq] e1=NonReloc info=6 e2=NonReloc info=7 r1=6 r2=7 freereg=8 nactvar=5 line=88
[cg_emit_eq] e1=NonReloc info=6 e2=NonReloc info=7 r1=6 r2=7 freereg=8 nactvar=5 line=89
[cg_emit_eq] e1=NonReloc info=6 e2=KInt info=0 r1=6 r2=154 freereg=7 nactvar=5 line=90
[cg_emit_eq] e1=NonReloc info=0 e2=KInt info=0 r1=0 r2=127 freereg=1 nactvar=0 line=160
[cg_emit_eq] e1=NonReloc info=2 e2=KInt info=0 r1=2 r2=127 freereg=3 nactvar=2 line=173
[cg_emit_eq] e1=NonReloc info=7 e2=NonReloc info=8 r1=7 r2=8 freereg=9 nactvar=6 line=220
[cg_emit_eq] e1=NonReloc info=7 e2=NonReloc info=8 r1=7 r2=8 freereg=9 nactvar=6 line=221
[cg_emit_eq] e1=NonReloc info=7 e2=KInt info=0 r1=7 r2=127 freereg=8 nactvar=6 line=222
[cg_emit_eq] e1=NonReloc info=7 e2=KInt info=0 r1=7 r2=127 freereg=8 nactvar=6 line=223
[cg_emit_eq] e1=NonReloc info=7 e2=NonReloc info=8 r1=7 r2=8 freereg=9 nactvar=6 line=225
[cg_emit_eq] e1=NonReloc info=7 e2=KInt info=0 r1=7 r2=127 freereg=8 nactvar=6 line=226
[cg_emit_eq] e1=NonReloc info=7 e2=NonReloc info=8 r1=7 r2=8 freereg=9 nactvar=6 line=230
[cg_emit_eq] e1=NonReloc info=7 e2=NonReloc info=8 r1=7 r2=8 freereg=9 nactvar=6 line=231
[cg_emit_eq] e1=NonReloc info=7 e2=NonReloc info=8 r1=7 r2=8 freereg=9 nactvar=6 line=232
[cg_emit_eq] e1=NonReloc info=7 e2=KInt info=0 r1=7 r2=128 freereg=8 nactvar=6 line=233
[cg_emit_eq] e1=NonReloc info=7 e2=KInt info=0 r1=7 r2=128 freereg=8 nactvar=6 line=234
[cg_emit_eq] e1=NonReloc info=7 e2=KInt info=0 r1=7 r2=127 freereg=8 nactvar=6 line=235
[cg_emit_eq] e1=NonReloc info=7 e2=KInt info=0 r1=7 r2=127 freereg=8 nactvar=6 line=236
[cg_emit_eq] e1=NonReloc info=7 e2=NonReloc info=8 r1=7 r2=8 freereg=9 nactvar=6 line=237
[cg_emit_eq] e1=NonReloc info=7 e2=NonReloc info=8 r1=7 r2=8 freereg=9 nactvar=6 line=238
[cg_emit_eq] e1=NonReloc info=7 e2=KInt info=0 r1=7 r2=127 freereg=8 nactvar=6 line=240
[cg_emit_eq] e1=NonReloc info=7 e2=KInt info=0 r1=7 r2=127 freereg=8 nactvar=6 line=241
[cg_emit_eq] e1=NonReloc info=7 e2=NonReloc info=8 r1=7 r2=8 freereg=9 nactvar=6 line=242
[cg_emit_eq] e1=NonReloc info=7 e2=NonReloc info=8 r1=7 r2=8 freereg=9 nactvar=6 line=243
[cg_emit_eq] e1=NonReloc info=7 e2=NonReloc info=8 r1=7 r2=8 freereg=9 nactvar=6 line=244
[cg_emit_eq] e1=NonReloc info=7 e2=NonReloc info=8 r1=7 r2=8 freereg=9 nactvar=6 line=245
[cg_emit_eq] e1=NonReloc info=7 e2=NonReloc info=8 r1=7 r2=8 freereg=9 nactvar=6 line=246
[cg_emit_eq] e1=NonReloc info=7 e2=NonReloc info=8 r1=7 r2=8 freereg=9 nactvar=6 line=247
[cg_emit_eq] e1=NonReloc info=7 e2=NonReloc info=8 r1=7 r2=8 freereg=9 nactvar=6 line=248
[cg_emit_eq] e1=NonReloc info=7 e2=NonReloc info=8 r1=7 r2=8 freereg=9 nactvar=6 line=249
[cg_emit_eq] e1=NonReloc info=11 e2=NonReloc info=12 r1=11 r2=12 freereg=13 nactvar=10 line=251
[cg_emit_eq] e1=NonReloc info=7 e2=NonReloc info=8 r1=7 r2=8 freereg=9 nactvar=6 line=254
[cg_emit_eq] e1=NonReloc info=7 e2=NonReloc info=8 r1=7 r2=8 freereg=9 nactvar=6 line=255
[cg_emit_eq] e1=NonReloc info=7 e2=NonReloc info=8 r1=7 r2=8 freereg=9 nactvar=6 line=256
[cg_emit_eq] e1=NonReloc info=7 e2=NonReloc info=8 r1=7 r2=8 freereg=9 nactvar=6 line=257
[cg_emit_eq] e1=NonReloc info=7 e2=KInt info=0 r1=7 r2=127 freereg=8 nactvar=6 line=258
[cg_emit_eq] e1=NonReloc info=7 e2=KInt info=0 r1=7 r2=127 freereg=8 nactvar=6 line=259
[cg_emit_eq] e1=NonReloc info=7 e2=NonReloc info=8 r1=7 r2=8 freereg=9 nactvar=6 line=260
[cg_emit_eq] e1=NonReloc info=7 e2=NonReloc info=8 r1=7 r2=8 freereg=9 nactvar=6 line=261
[cg_emit_eq] e1=NonReloc info=7 e2=KInt info=0 r1=7 r2=127 freereg=8 nactvar=6 line=262
[cg_emit_eq] e1=NonReloc info=7 e2=KInt info=0 r1=7 r2=127 freereg=8 nactvar=6 line=263
[cg_emit_eq] e1=NonReloc info=7 e2=NonReloc info=8 r1=7 r2=8 freereg=9 nactvar=6 line=264
[cg_emit_eq] e1=NonReloc info=7 e2=NonReloc info=8 r1=7 r2=8 freereg=9 nactvar=6 line=265
[cg_emit_eq] e1=NonReloc info=7 e2=NonReloc info=8 r1=7 r2=8 freereg=9 nactvar=6 line=266
[cg_emit_eq] e1=NonReloc info=7 e2=NonReloc info=8 r1=7 r2=8 freereg=9 nactvar=6 line=267
[cg_emit_eq] e1=NonReloc info=7 e2=NonReloc info=8 r1=7 r2=8 freereg=9 nactvar=6 line=268
[cg_emit_eq] e1=NonReloc info=7 e2=NonReloc info=8 r1=7 r2=8 freereg=9 nactvar=6 line=269
[cg_emit_eq] e1=NonReloc info=7 e2=NonReloc info=8 r1=7 r2=8 freereg=9 nactvar=6 line=270
[cg_emit_eq] e1=NonReloc info=7 e2=NonReloc info=8 r1=7 r2=8 freereg=9 nactvar=6 line=272
[cg_emit_eq] e1=NonReloc info=7 e2=NonReloc info=8 r1=7 r2=8 freereg=9 nactvar=6 line=273
[cg_emit_eq] e1=NonReloc info=7 e2=NonReloc info=8 r1=7 r2=8 freereg=9 nactvar=6 line=274
[cg_emit_eq] e1=NonReloc info=7 e2=NonReloc info=8 r1=7 r2=8 freereg=9 nactvar=6 line=275
[cg_emit_eq] e1=NonReloc info=7 e2=NonReloc info=8 r1=7 r2=8 freereg=9 nactvar=6 line=276
[cg_emit_eq] e1=NonReloc info=7 e2=KInt info=0 r1=7 r2=127 freereg=8 nactvar=6 line=277
[cg_emit_eq] e1=NonReloc info=7 e2=NonReloc info=8 r1=7 r2=8 freereg=9 nactvar=6 line=278
[cg_emit_eq] e1=NonReloc info=7 e2=NonReloc info=8 r1=7 r2=8 freereg=9 nactvar=6 line=279
[cg_emit_eq] e1=NonReloc info=7 e2=KInt info=0 r1=7 r2=127 freereg=8 nactvar=6 line=280
[cg_emit_eq] e1=NonReloc info=7 e2=NonReloc info=8 r1=7 r2=8 freereg=9 nactvar=6 line=281
[cg_emit_eq] e1=NonReloc info=14 e2=NonReloc info=12 r1=14 r2=12 freereg=15 nactvar=13 line=289
[cg_emit_eq] e1=NonReloc info=14 e2=NonReloc info=12 r1=14 r2=12 freereg=15 nactvar=13 line=290
[cg_emit_eq] e1=NonReloc info=14 e2=NonReloc info=12 r1=14 r2=12 freereg=15 nactvar=13 line=291
[cg_emit_eq] e1=NonReloc info=12 e2=KInt info=0 r1=12 r2=127 freereg=15 nactvar=13 line=292
[cg_emit_eq] e1=NonReloc info=14 e2=NonReloc info=15 r1=14 r2=15 freereg=16 nactvar=13 line=292
[cg_emit_eq] e1=NonReloc info=14 e2=NonReloc info=12 r1=14 r2=12 freereg=15 nactvar=13 line=293
[cg_emit_eq] e1=NonReloc info=14 e2=KInt info=0 r1=14 r2=127 freereg=15 nactvar=13 line=294
[cg_emit_eq] e1=NonReloc info=12 e2=KInt info=0 r1=12 r2=127 freereg=15 nactvar=13 line=295
[cg_emit_eq] e1=NonReloc info=14 e2=NonReloc info=15 r1=14 r2=15 freereg=16 nactvar=13 line=295
[cg_emit_eq] e1=NonReloc info=14 e2=KInt info=0 r1=14 r2=127 freereg=15 nactvar=13 line=296
[cg_emit_eq] e1=NonReloc info=14 e2=NonReloc info=15 r1=14 r2=15 freereg=16 nactvar=13 line=297
[cg_emit_eq] e1=NonReloc info=14 e2=NonReloc info=12 r1=14 r2=12 freereg=15 nactvar=13 line=298
[cg_emit_eq] e1=NonReloc info=14 e2=NonReloc info=12 r1=14 r2=12 freereg=15 nactvar=13 line=299
[cg_emit_eq] e1=NonReloc info=14 e2=NonReloc info=12 r1=14 r2=12 freereg=15 nactvar=13 line=300
[cg_emit_eq] e1=NonReloc info=14 e2=NonReloc info=15 r1=14 r2=15 freereg=16 nactvar=13 line=301
[cg_emit_eq] e1=NonReloc info=14 e2=NonReloc info=12 r1=14 r2=12 freereg=15 nactvar=13 line=302
[cg_emit_eq] e1=NonReloc info=14 e2=KInt info=0 r1=14 r2=127 freereg=15 nactvar=13 line=303
[cg_emit_eq] e1=NonReloc info=14 e2=NonReloc info=12 r1=14 r2=12 freereg=15 nactvar=13 line=304
[cg_emit_eq] e1=NonReloc info=14 e2=KInt info=0 r1=14 r2=127 freereg=15 nactvar=13 line=305
[cg_emit_eq] e1=NonReloc info=14 e2=NonReloc info=12 r1=14 r2=12 freereg=15 nactvar=13 line=306
[cg_emit_eq] e1=NonReloc info=14 e2=NonReloc info=12 r1=14 r2=12 freereg=15 nactvar=13 line=307
[cg_emit_eq] e1=NonReloc info=14 e2=NonReloc info=12 r1=14 r2=12 freereg=15 nactvar=13 line=308
[cg_emit_eq] e1=NonReloc info=14 e2=NonReloc info=15 r1=14 r2=15 freereg=16 nactvar=13 line=309
[cg_emit_eq] e1=NonReloc info=14 e2=NonReloc info=12 r1=14 r2=12 freereg=15 nactvar=13 line=310
[cg_emit_eq] e1=NonReloc info=14 e2=NonReloc info=12 r1=14 r2=12 freereg=15 nactvar=13 line=311
[cg_emit_eq] e1=NonReloc info=14 e2=NonReloc info=15 r1=14 r2=15 freereg=16 nactvar=13 line=312
[cg_emit_eq] e1=NonReloc info=14 e2=NonReloc info=15 r1=14 r2=15 freereg=16 nactvar=13 line=313
[cg_emit_eq] e1=NonReloc info=20 e2=KInt info=0 r1=20 r2=127 freereg=21 nactvar=19 line=322
[cg_emit_eq] e1=NonReloc info=8 e2=KInt info=0 r1=8 r2=135 freereg=9 nactvar=7 line=337
[cg_emit_eq] e1=NonReloc info=8 e2=KInt info=0 r1=8 r2=134 freereg=9 nactvar=7 line=338
[cg_emit_eq] e1=NonReloc info=8 e2=KInt info=0 r1=8 r2=137 freereg=9 nactvar=7 line=339
[cg_emit_eq] e1=NonReloc info=8 e2=KInt info=0 r1=8 r2=128 freereg=9 nactvar=7 line=340
[cg_emit_eq] e1=NonReloc info=8 e2=KInt info=0 r1=8 r2=127 freereg=9 nactvar=7 line=341
[cg_emit_eq] e1=NonReloc info=8 e2=NonReloc info=9 r1=8 r2=9 freereg=10 nactvar=7 line=342
[cg_emit_eq] e1=NonReloc info=8 e2=NonReloc info=9 r1=8 r2=9 freereg=10 nactvar=7 line=349
[cg_emit_eq] e1=NonReloc info=8 e2=NonReloc info=9 r1=8 r2=9 freereg=10 nactvar=7 line=350
[cg_emit_eq] e1=NonReloc info=8 e2=NonReloc info=9 r1=8 r2=9 freereg=10 nactvar=7 line=351
[cg_emit_eq] e1=NonReloc info=8 e2=NonReloc info=9 r1=8 r2=9 freereg=10 nactvar=7 line=352
[cg_emit_eq] e1=NonReloc info=8 e2=NonReloc info=9 r1=8 r2=9 freereg=10 nactvar=7 line=353
[cg_emit_eq] e1=NonReloc info=8 e2=NonReloc info=9 r1=8 r2=9 freereg=10 nactvar=7 line=354
[cg_emit_eq] e1=NonReloc info=8 e2=KInt info=0 r1=8 r2=130 freereg=9 nactvar=7 line=359
[cg_emit_eq] e1=NonReloc info=8 e2=NonReloc info=9 r1=8 r2=9 freereg=10 nactvar=7 line=360
[cg_emit_eq] e1=NonReloc info=8 e2=NonReloc info=9 r1=8 r2=9 freereg=10 nactvar=7 line=364
[cg_emit_eq] e1=NonReloc info=8 e2=NonReloc info=9 r1=8 r2=9 freereg=10 nactvar=7 line=365
[cg_emit_eq] e1=NonReloc info=8 e2=NonReloc info=9 r1=8 r2=9 freereg=10 nactvar=7 line=366
[cg_emit_eq] e1=NonReloc info=8 e2=NonReloc info=9 r1=8 r2=9 freereg=10 nactvar=7 line=367
[4/4] Executing chunk...
testing bitwise operations
[cg_emit_eq] e1=NonReloc info=3 e2=NonReloc info=4 r1=3 r2=4 freereg=5 nactvar=3 line=23
+
testing bitwise library
+
+
OK
[ok] execution completed, status=Ok
