[1/4] Creating LuaState...
[2/4] Opening standard library...
[3/4] Loading source (parse + compile)...
[cg_emit_eq] e1=NonReloc info=0 e2=NonReloc info=1 r1=0 r2=1 freereg=2 nactvar=0 line=7
[cg_emit_eq] e1=NonReloc info=3 e2=NonReloc info=1 r1=3 r2=1 freereg=5 nactvar=5 line=23
[cg_emit_eq] e1=NonReloc info=4 e2=NonReloc info=2 r1=4 r2=2 freereg=5 nactvar=5 line=23
[cg_emit_eq] e1=NonReloc info=8 e2=NonReloc info=6 r1=8 r2=6 freereg=9 nactvar=7 line=38
[cg_emit_eq] e1=NonReloc info=9 e2=NonReloc info=7 r1=9 r2=7 freereg=10 nactvar=8 line=53
[cg_emit_eq] e1=NonReloc info=9 e2=NonReloc info=10 r1=9 r2=10 freereg=11 nactvar=8 line=54
[cg_emit_eq] e1=NonReloc info=9 e2=NonReloc info=7 r1=9 r2=7 freereg=10 nactvar=8 line=55
[cg_emit_eq] e1=NonReloc info=5 e2=KInt info=0 r1=5 r2=128 freereg=6 nactvar=4 line=56
[cg_emit_eq] e1=NonReloc info=8 e2=NonReloc info=3 r1=8 r2=3 freereg=11 nactvar=10 line=64
[cg_emit_eq] e1=NonReloc info=9 e2=NonReloc info=11 r1=9 r2=11 freereg=12 nactvar=10 line=64
[cg_emit_eq] e1=NonReloc info=3 e2=NonReloc info=10 r1=3 r2=10 freereg=12 nactvar=11 line=75
[cg_emit_eq] e1=NonReloc info=4 e2=KInt info=0 r1=4 r2=131 freereg=6 nactvar=5 line=77
[cg_emit_eq] e1=NonReloc info=6 e2=NonReloc info=7 r1=6 r2=7 freereg=8 nactvar=5 line=80
[cg_emit_eq] e1=NonReloc info=6 e2=NonReloc info=7 r1=6 r2=7 freereg=8 nactvar=5 line=80
[cg_emit_eq] e1=NonReloc info=6 e2=NonReloc info=9 r1=6 r2=9 freereg=10 nactvar=8 line=86
[cg_emit_eq] e1=NonReloc info=7 e2=KInt info=0 r1=7 r2=137 freereg=9 nactvar=8 line=86
[cg_emit_eq] e1=NonReloc info=6 e2=NonReloc info=9 r1=6 r2=9 freereg=10 nactvar=8 line=88
[cg_emit_eq] e1=NonReloc info=0 e2=KInt info=0 r1=0 r2=127 freereg=3 nactvar=2 line=100
[cg_emit_eq] e1=NonReloc info=12 e2=KInt info=0 r1=12 r2=127 freereg=22 nactvar=22 line=130
[cg_emit_eq] e1=NonReloc info=19 e2=KInt info=0 r1=19 r2=127 freereg=22 nactvar=22 line=130
[cg_emit_eq] e1=NonReloc info=24 e2=NonReloc info=12 r1=24 r2=12 freereg=25 nactvar=23 line=138
[cg_emit_eq] e1=NonReloc info=15 e2=NonReloc info=12 r1=15 r2=12 freereg=16 nactvar=14 line=149
[cg_emit_eq] e1=NonReloc info=15 e2=NonReloc info=16 r1=15 r2=16 freereg=17 nactvar=14 line=153
[cg_emit_eq] e1=NonReloc info=15 e2=NonReloc info=13 r1=15 r2=13 freereg=16 nactvar=14 line=165
[cg_emit_eq] e1=NonReloc info=15 e2=KInt info=0 r1=15 r2=127 freereg=16 nactvar=14 line=172
[cg_emit_eq] e1=NonReloc info=3 e2=NonReloc info=0 r1=3 r2=0 freereg=4 nactvar=2 line=203
[cg_emit_eq] e1=NonReloc info=14 e2=KInt info=0 r1=14 r2=191 freereg=15 nactvar=13 line=217
[cg_emit_eq] e1=NonReloc info=14 e2=KInt info=0 r1=14 r2=175 freereg=15 nactvar=13 line=220
[cg_emit_eq] e1=NonReloc info=14 e2=KInt info=0 r1=14 r2=175 freereg=15 nactvar=13 line=221
[cg_emit_eq] e1=NonReloc info=14 e2=KInt info=0 r1=14 r2=177 freereg=15 nactvar=13 line=223
[cg_emit_eq] e1=NonReloc info=14 e2=KInt info=0 r1=14 r2=178 freereg=15 nactvar=13 line=225
[cg_emit_eq] e1=NonReloc info=6 e2=KInt info=0 r1=6 r2=127 freereg=7 nactvar=5 line=231
[cg_emit_eq] e1=NonReloc info=6 e2=KInt info=0 r1=6 r2=127 freereg=7 nactvar=5 line=232
[cg_emit_eq] e1=NonReloc info=6 e2=KInt info=0 r1=6 r2=127 freereg=7 nactvar=5 line=233
[cg_emit_eq] e1=NonReloc info=6 e2=KInt info=0 r1=6 r2=127 freereg=7 nactvar=5 line=234
[cg_emit_eq] e1=NonReloc info=6 e2=KInt info=0 r1=6 r2=127 freereg=7 nactvar=5 line=235
[cg_emit_eq] e1=NonReloc info=6 e2=KInt info=0 r1=6 r2=130 freereg=7 nactvar=5 line=236
[cg_emit_eq] e1=NonReloc info=7 e2=NonReloc info=8 r1=7 r2=8 freereg=9 nactvar=6 line=247
[cg_emit_eq] e1=NonReloc info=4 e2=NonReloc info=5 r1=4 r2=5 freereg=6 nactvar=3 line=254
[cg_emit_eq] e1=NonReloc info=1 e2=NonReloc info=0 r1=1 r2=0 freereg=3 nactvar=3 line=255
[cg_emit_eq] e1=NonReloc info=5 e2=NonReloc info=0 r1=5 r2=0 freereg=7 nactvar=7 line=261
[cg_emit_eq] e1=NonReloc info=9 e2=NonReloc info=10 r1=9 r2=10 freereg=11 nactvar=8 line=267
[cg_emit_eq] e1=NonReloc info=9 e2=NonReloc info=10 r1=9 r2=10 freereg=11 nactvar=8 line=267
[cg_emit_eq] e1=NonReloc info=9 e2=NonReloc info=10 r1=9 r2=10 freereg=11 nactvar=8 line=268
[cg_emit_eq] e1=NonReloc info=9 e2=NonReloc info=10 r1=9 r2=10 freereg=11 nactvar=8 line=269
[cg_emit_eq] e1=NonReloc info=5 e2=NonReloc info=9 r1=5 r2=9 freereg=10 nactvar=8 line=270
[cg_emit_eq] e1=NonReloc info=5 e2=NonReloc info=9 r1=5 r2=9 freereg=10 nactvar=8 line=273
[cg_emit_eq] e1=NonReloc info=9 e2=NonReloc info=10 r1=9 r2=10 freereg=11 nactvar=8 line=275
[cg_emit_eq] e1=NonReloc info=12 e2=KInt info=0 r1=12 r2=127 freereg=13 nactvar=12 line=288
[cg_emit_eq] e1=NonReloc info=15 e2=NonReloc info=13 r1=15 r2=13 freereg=16 nactvar=14 line=296
[cg_emit_eq] e1=NonReloc info=9 e2=NonReloc info=10 r1=9 r2=10 freereg=11 nactvar=8 line=298
[cg_emit_eq] e1=NonReloc info=15 e2=NonReloc info=16 r1=15 r2=16 freereg=17 nactvar=15 line=305
[cg_emit_eq] e1=NonReloc info=9 e2=NonReloc info=7 r1=9 r2=7 freereg=10 nactvar=8 line=319
[cg_emit_eq] e1=NonReloc info=9 e2=NonReloc info=7 r1=9 r2=7 freereg=10 nactvar=8 line=320
[cg_emit_eq] e1=NonReloc info=10 e2=KInt info=0 r1=10 r2=127 freereg=11 nactvar=9 line=329
[cg_emit_eq] e1=NonReloc info=10 e2=KInt info=0 r1=10 r2=127 freereg=11 nactvar=9 line=330
[cg_emit_eq] e1=NonReloc info=15 e2=NonReloc info=12 r1=15 r2=12 freereg=16 nactvar=14 line=334
[cg_emit_eq] e1=NonReloc info=7 e2=NonReloc info=8 r1=7 r2=8 freereg=9 nactvar=7 line=341
[cg_emit_eq] e1=NonReloc info=10 e2=KInt info=0 r1=10 r2=127 freereg=11 nactvar=9 line=346
[cg_emit_eq] e1=NonReloc info=10 e2=KInt info=0 r1=10 r2=127 freereg=11 nactvar=9 line=347
[cg_emit_eq] e1=NonReloc info=10 e2=NonReloc info=11 r1=10 r2=11 freereg=12 nactvar=9 line=348
[cg_emit_eq] e1=NonReloc info=10 e2=NonReloc info=11 r1=10 r2=11 freereg=12 nactvar=9 line=349
[cg_emit_eq] e1=NonReloc info=10 e2=NonReloc info=11 r1=10 r2=11 freereg=12 nactvar=9 line=350
[cg_emit_eq] e1=NonReloc info=12 e2=NonReloc info=13 r1=12 r2=13 freereg=14 nactvar=11 line=379
[cg_emit_eq] e1=NonReloc info=18 e2=NonReloc info=16 r1=18 r2=16 freereg=19 nactvar=17 line=390
[cg_emit_eq] e1=NonReloc info=18 e2=NonReloc info=19 r1=18 r2=19 freereg=20 nactvar=17 line=393
[cg_emit_eq] e1=NonReloc info=10 e2=KInt info=0 r1=10 r2=132 freereg=12 nactvar=11 line=395
[cg_emit_eq] e1=NonReloc info=5 e2=NonReloc info=7 r1=5 r2=7 freereg=9 nactvar=8 line=404
[cg_emit_eq] e1=NonReloc info=8 e2=NonReloc info=9 r1=8 r2=9 freereg=10 nactvar=8 line=406
[cg_emit_eq] e1=NonReloc info=8 e2=NonReloc info=9 r1=8 r2=9 freereg=10 nactvar=8 line=407
[cg_emit_eq] e1=NonReloc info=8 e2=NonReloc info=6 r1=8 r2=6 freereg=10 nactvar=9 line=409
[cg_emit_eq] e1=NonReloc info=13 e2=KInt info=0 r1=13 r2=127 freereg=15 nactvar=14 line=426
[cg_emit_eq] e1=NonReloc info=15 e2=NonReloc info=16 r1=15 r2=16 freereg=17 nactvar=14 line=426
[cg_emit_eq] e1=NonReloc info=2 e2=NonReloc info=3 r1=2 r2=3 freereg=4 nactvar=1 line=436
[cg_emit_eq] e1=NonReloc info=2 e2=NonReloc info=3 r1=2 r2=3 freereg=4 nactvar=1 line=437
[cg_emit_eq] e1=NonReloc info=2 e2=NonReloc info=3 r1=2 r2=3 freereg=4 nactvar=1 line=440
[cg_emit_eq] e1=NonReloc info=2 e2=NonReloc info=3 r1=2 r2=3 freereg=4 nactvar=1 line=441
[cg_emit_eq] e1=NonReloc info=2 e2=KInt info=0 r1=2 r2=137 freereg=3 nactvar=1 line=442
[cg_emit_eq] e1=NonReloc info=2 e2=KInt info=0 r1=2 r2=147 freereg=3 nactvar=1 line=443
[cg_emit_eq] e1=NonReloc info=2 e2=KInt info=0 r1=2 r2=167 freereg=3 nactvar=1 line=444
[cg_emit_eq] e1=NonReloc info=2 e2=KInt info=0 r1=2 r2=177 freereg=3 nactvar=1 line=445
[cg_emit_eq] e1=NonReloc info=2 e2=NonReloc info=3 r1=2 r2=3 freereg=4 nactvar=1 line=446
[cg_emit_eq] e1=NonReloc info=2 e2=NonReloc info=3 r1=2 r2=3 freereg=4 nactvar=1 line=447
[cg_emit_eq] e1=NonReloc info=2 e2=NonReloc info=3 r1=2 r2=3 freereg=4 nactvar=1 line=448
[cg_emit_eq] e1=NonReloc info=13 e2=KInt info=0 r1=13 r2=127 freereg=14 nactvar=12 line=453
[cg_emit_eq] e1=NonReloc info=13 e2=NonReloc info=14 r1=13 r2=14 freereg=15 nactvar=12 line=453
[cg_emit_eq] e1=NonReloc info=13 e2=NonReloc info=14 r1=13 r2=14 freereg=15 nactvar=12 line=457
[cg_emit_eq] e1=NonReloc info=13 e2=KInt info=0 r1=13 r2=127 freereg=14 nactvar=12 line=457
[cg_emit_eq] e1=NonReloc info=13 e2=NonReloc info=14 r1=13 r2=14 freereg=15 nactvar=12 line=457
[cg_emit_eq] e1=NonReloc info=13 e2=KInt info=0 r1=13 r2=127 freereg=14 nactvar=12 line=461
[cg_emit_eq] e1=NonReloc info=13 e2=NonReloc info=14 r1=13 r2=14 freereg=15 nactvar=12 line=461
[cg_emit_eq] e1=NonReloc info=13 e2=NonReloc info=14 r1=13 r2=14 freereg=15 nactvar=12 line=461
[cg_emit_eq] e1=NonReloc info=13 e2=KInt info=0 r1=13 r2=127 freereg=14 nactvar=12 line=464
[cg_emit_eq] e1=NonReloc info=13 e2=NonReloc info=14 r1=13 r2=14 freereg=15 nactvar=12 line=464
[cg_emit_eq] e1=NonReloc info=13 e2=NonReloc info=14 r1=13 r2=14 freereg=15 nactvar=12 line=464
[cg_emit_eq] e1=NonReloc info=13 e2=KInt info=0 r1=13 r2=137 freereg=14 nactvar=12 line=467
[cg_emit_eq] e1=NonReloc info=13 e2=KInt info=0 r1=13 r2=147 freereg=14 nactvar=12 line=468
[cg_emit_eq] e1=NonReloc info=13 e2=NonReloc info=14 r1=13 r2=14 freereg=15 nactvar=12 line=469
[cg_emit_eq] e1=NonReloc info=13 e2=NonReloc info=14 r1=13 r2=14 freereg=15 nactvar=12 line=470
[cg_emit_eq] e1=NonReloc info=13 e2=NonReloc info=14 r1=13 r2=14 freereg=15 nactvar=12 line=475
[cg_emit_eq] e1=NonReloc info=13 e2=NonReloc info=14 r1=13 r2=14 freereg=15 nactvar=12 line=476
[cg_emit_eq] e1=NonReloc info=13 e2=NonReloc info=14 r1=13 r2=14 freereg=15 nactvar=12 line=477
[cg_emit_eq] e1=NonReloc info=13 e2=NonReloc info=14 r1=13 r2=14 freereg=15 nactvar=12 line=478
[cg_emit_eq] e1=NonReloc info=13 e2=NonReloc info=14 r1=13 r2=14 freereg=15 nactvar=12 line=479
[cg_emit_eq] e1=NonReloc info=13 e2=KInt info=0 r1=13 r2=127 freereg=14 nactvar=12 line=480
[cg_emit_eq] e1=NonReloc info=13 e2=NonReloc info=14 r1=13 r2=14 freereg=15 nactvar=12 line=480
[cg_emit_eq] e1=NonReloc info=13 e2=NonReloc info=14 r1=13 r2=14 freereg=15 nactvar=12 line=483
[cg_emit_eq] e1=NonReloc info=13 e2=KInt info=0 r1=13 r2=167 freereg=14 nactvar=12 line=485
[cg_emit_eq] e1=NonReloc info=13 e2=KInt info=0 r1=13 r2=167 freereg=14 nactvar=12 line=486
[cg_emit_eq] e1=NonReloc info=13 e2=KInt info=0 r1=13 r2=157 freereg=14 nactvar=12 line=487
[cg_emit_eq] e1=NonReloc info=13 e2=KInt info=0 r1=13 r2=147 freereg=14 nactvar=12 line=488
[cg_emit_eq] e1=NonReloc info=13 e2=KInt info=0 r1=13 r2=157 freereg=14 nactvar=12 line=489
[cg_emit_eq] e1=NonReloc info=13 e2=KInt info=0 r1=13 r2=129 freereg=14 nactvar=12 line=489
[cg_emit_eq] e1=NonReloc info=3 e2=KInt info=0 r1=3 r2=137 freereg=4 nactvar=2 line=496
[cg_emit_eq] e1=NonReloc info=3 e2=KInt info=0 r1=3 r2=137 freereg=4 nactvar=2 line=496
[cg_emit_eq] e1=NonReloc info=3 e2=NonReloc info=4 r1=3 r2=4 freereg=5 nactvar=2 line=496
[cg_emit_eq] e1=NonReloc info=7 e2=NonReloc info=8 r1=7 r2=8 freereg=9 nactvar=6 line=498
[cg_emit_eq] e1=NonReloc info=7 e2=NonReloc info=5 r1=7 r2=5 freereg=8 nactvar=6 line=502
[cg_emit_eq] e1=NonReloc info=7 e2=NonReloc info=5 r1=7 r2=5 freereg=8 nactvar=6 line=502
[cg_emit_eq] e1=NonReloc info=3 e2=NonReloc info=4 r1=3 r2=4 freereg=5 nactvar=2 line=504
[cg_emit_eq] e1=NonReloc info=7 e2=NonReloc info=5 r1=7 r2=5 freereg=8 nactvar=6 line=506
[cg_emit_eq] e1=NonReloc info=3 e2=KInt info=0 r1=3 r2=129 freereg=4 nactvar=2 line=508
[cg_emit_eq] e1=NonReloc info=3 e2=KInt info=0 r1=3 r2=129 freereg=4 nactvar=2 line=508
[cg_emit_eq] e1=NonReloc info=2 e2=KInt info=0 r1=2 r2=136 freereg=6 nactvar=5 line=510
[cg_emit_eq] e1=NonReloc info=3 e2=KInt info=0 r1=3 r2=137 freereg=6 nactvar=5 line=510
[cg_emit_eq] e1=NonReloc info=4 e2=NonReloc info=6 r1=4 r2=6 freereg=7 nactvar=5 line=510
[cg_emit_eq] e1=NonReloc info=15 e2=KInt info=0 r1=15 r2=137 freereg=17 nactvar=16 line=527
[cg_emit_eq] e1=NonReloc info=17 e2=NonReloc info=18 r1=17 r2=18 freereg=19 nactvar=16 line=533
[cg_emit_eq] e1=NonReloc info=13 e2=NonReloc info=16 r1=13 r2=16 freereg=17 nactvar=15 line=544
[cg_emit_eq] e1=NonReloc info=14 e2=KInt info=0 r1=14 r2=147 freereg=16 nactvar=15 line=544
[cg_emit_eq] e1=NonReloc info=17 e2=KInt info=0 r1=17 r2=131 freereg=18 nactvar=16 line=568
[cg_emit_eq] e1=NonReloc info=17 e2=KInt info=0 r1=17 r2=131 freereg=18 nactvar=16 line=568
[cg_emit_eq] e1=NonReloc info=17 e2=KInt info=0 r1=17 r2=167 freereg=18 nactvar=16 line=568
[cg_emit_eq] e1=NonReloc info=17 e2=KInt info=0 r1=17 r2=167 freereg=18 nactvar=16 line=568
[cg_emit_eq] e1=NonReloc info=17 e2=KInt info=0 r1=17 r2=167 freereg=18 nactvar=16 line=569
[cg_emit_eq] e1=NonReloc info=17 e2=KInt info=0 r1=17 r2=131 freereg=18 nactvar=16 line=571
[cg_emit_eq] e1=NonReloc info=17 e2=KInt info=0 r1=17 r2=131 freereg=18 nactvar=16 line=571
[cg_emit_eq] e1=NonReloc info=17 e2=KInt info=0 r1=17 r2=157 freereg=18 nactvar=16 line=571
[cg_emit_eq] e1=NonReloc info=17 e2=KInt info=0 r1=17 r2=177 freereg=18 nactvar=16 line=571
[cg_emit_eq] e1=NonReloc info=19 e2=KInt info=0 r1=19 r2=131 freereg=20 nactvar=18 line=579
[cg_emit_eq] e1=NonReloc info=19 e2=NonReloc info=20 r1=19 r2=20 freereg=21 nactvar=18 line=579
[cg_emit_eq] e1=NonReloc info=19 e2=NonReloc info=20 r1=19 r2=20 freereg=21 nactvar=18 line=579
[cg_emit_eq] e1=NonReloc info=13 e2=NonReloc info=14 r1=13 r2=14 freereg=15 nactvar=12 line=589
[cg_emit_eq] e1=NonReloc info=13 e2=NonReloc info=14 r1=13 r2=14 freereg=15 nactvar=12 line=589
[cg_emit_eq] e1=NonReloc info=13 e2=NonReloc info=14 r1=13 r2=14 freereg=15 nactvar=12 line=591
[cg_emit_eq] e1=NonReloc info=13 e2=NonReloc info=14 r1=13 r2=14 freereg=15 nactvar=12 line=592
[cg_emit_eq] e1=NonReloc info=12 e2=KInt info=0 r1=12 r2=128 freereg=14 nactvar=13 line=604
[cg_emit_eq] e1=NonReloc info=12 e2=KInt info=0 r1=12 r2=128 freereg=14 nactvar=13 line=605
[cg_emit_eq] e1=NonReloc info=12 e2=KInt info=0 r1=12 r2=127 freereg=14 nactvar=13 line=606
[cg_emit_eq] e1=NonReloc info=12 e2=KInt info=0 r1=12 r2=127 freereg=14 nactvar=13 line=607
[cg_emit_eq] e1=NonReloc info=12 e2=KInt info=0 r1=12 r2=128 freereg=14 nactvar=13 line=608
[cg_emit_eq] e1=NonReloc info=12 e2=KInt info=0 r1=12 r2=137 freereg=14 nactvar=13 line=611
[cg_emit_eq] e1=NonReloc info=12 e2=KInt info=0 r1=12 r2=128 freereg=14 nactvar=13 line=612
[cg_emit_eq] e1=NonReloc info=12 e2=KInt info=0 r1=12 r2=128 freereg=14 nactvar=13 line=613
[cg_emit_eq] e1=NonReloc info=12 e2=KInt info=0 r1=12 r2=128 freereg=14 nactvar=13 line=614
[cg_emit_eq] e1=NonReloc info=12 e2=KInt info=0 r1=12 r2=127 freereg=14 nactvar=13 line=615
[cg_emit_eq] e1=NonReloc info=12 e2=KInt info=0 r1=12 r2=127 freereg=14 nactvar=13 line=616
[cg_emit_eq] e1=NonReloc info=12 e2=KInt info=0 r1=12 r2=128 freereg=14 nactvar=13 line=617
[cg_emit_eq] e1=NonReloc info=12 e2=KInt info=0 r1=12 r2=137 freereg=14 nactvar=13 line=622
[cg_emit_eq] e1=NonReloc info=12 e2=KInt info=0 r1=12 r2=137 freereg=14 nactvar=13 line=623
[cg_emit_eq] e1=NonReloc info=2 e2=KInt info=0 r1=2 r2=132 freereg=13 nactvar=12 line=627
[cg_emit_eq] e1=NonReloc info=2 e2=NonReloc info=3 r1=2 r2=3 freereg=4 nactvar=1 line=632
[cg_emit_eq] e1=NonReloc info=12 e2=KInt info=0 r1=12 r2=137 freereg=15 nactvar=14 line=637
[cg_emit_eq] e1=NonReloc info=12 e2=KInt info=0 r1=12 r2=137 freereg=15 nactvar=14 line=640
[cg_emit_eq] e1=NonReloc info=2 e2=NonReloc info=3 r1=2 r2=3 freereg=4 nactvar=1 line=643
[cg_emit_eq] e1=NonReloc info=12 e2=KInt info=0 r1=12 r2=138 freereg=17 nactvar=16 line=649
[cg_emit_eq] e1=NonReloc info=12 e2=KInt info=0 r1=12 r2=137 freereg=17 nactvar=16 line=652
[cg_emit_eq] e1=NonReloc info=12 e2=KInt info=0 r1=12 r2=137 freereg=17 nactvar=16 line=655
[cg_emit_eq] e1=NonReloc info=12 e2=KInt info=0 r1=12 r2=137 freereg=17 nactvar=16 line=658
[cg_emit_eq] e1=NonReloc info=12 e2=KInt info=0 r1=12 r2=133 freereg=17 nactvar=16 line=661
[cg_emit_eq] e1=NonReloc info=12 e2=KInt info=0 r1=12 r2=131 freereg=17 nactvar=16 line=664
[cg_emit_eq] e1=NonReloc info=12 e2=KInt info=0 r1=12 r2=129 freereg=17 nactvar=16 line=667
[cg_emit_eq] e1=NonReloc info=12 e2=KInt info=0 r1=12 r2=137 freereg=17 nactvar=16 line=670
[cg_emit_eq] e1=NonReloc info=12 e2=KInt info=0 r1=12 r2=137 freereg=17 nactvar=16 line=675
[cg_emit_eq] e1=NonReloc info=8 e2=NonReloc info=10 r1=8 r2=10 freereg=11 nactvar=9 line=690
[cg_emit_eq] e1=NonReloc info=4 e2=NonReloc info=6 r1=4 r2=6 freereg=7 nactvar=5 line=692
[cg_emit_eq] e1=NonReloc info=20 e2=NonReloc info=16 r1=20 r2=16 freereg=22 nactvar=21 line=717
[cg_emit_eq] e1=NonReloc info=20 e2=NonReloc info=16 r1=20 r2=16 freereg=22 nactvar=21 line=723
[cg_emit_eq] e1=NonReloc info=3 e2=KInt info=0 r1=3 r2=127 freereg=4 nactvar=2 line=754
[cg_emit_eq] e1=NonReloc info=19 e2=KInt info=0 r1=19 r2=137 freereg=24 nactvar=23 line=765
[cg_emit_eq] e1=NonReloc info=20 e2=KInt info=0 r1=20 r2=147 freereg=24 nactvar=23 line=765
[cg_emit_eq] e1=NonReloc info=21 e2=KInt info=0 r1=21 r2=157 freereg=24 nactvar=23 line=765
[cg_emit_eq] e1=NonReloc info=22 e2=NonReloc info=24 r1=22 r2=24 freereg=25 nactvar=23 line=765
[cg_emit_eq] e1=NonReloc info=13 e2=KInt info=0 r1=13 r2=132 freereg=15 nactvar=14 line=767
[cg_emit_eq] e1=NonReloc info=18 e2=NonReloc info=19 r1=18 r2=19 freereg=20 nactvar=17 line=775
[cg_emit_eq] e1=NonReloc info=15 e2=NonReloc info=2 r1=15 r2=2 freereg=18 nactvar=17 line=775
[cg_emit_eq] e1=NonReloc info=16 e2=NonReloc info=18 r1=16 r2=18 freereg=19 nactvar=17 line=775
[cg_emit_eq] e1=NonReloc info=0 e2=NonReloc info=3 r1=0 r2=3 freereg=4 nactvar=2 line=779
[cg_emit_eq] e1=NonReloc info=0 e2=NonReloc info=3 r1=0 r2=3 freereg=4 nactvar=2 line=785
[cg_emit_eq] e1=NonReloc info=21 e2=NonReloc info=16 r1=21 r2=16 freereg=24 nactvar=23 line=794
[cg_emit_eq] e1=NonReloc info=22 e2=NonReloc info=24 r1=22 r2=24 freereg=25 nactvar=23 line=794
[cg_emit_eq] e1=NonReloc info=21 e2=NonReloc info=16 r1=21 r2=16 freereg=24 nactvar=23 line=808
[cg_emit_eq] e1=NonReloc info=22 e2=NonReloc info=24 r1=22 r2=24 freereg=25 nactvar=23 line=808
[cg_emit_eq] e1=NonReloc info=16 e2=NonReloc info=18 r1=16 r2=18 freereg=19 nactvar=17 line=810
[cg_emit_eq] e1=NonReloc info=21 e2=KInt info=0 r1=21 r2=157 freereg=22 nactvar=20 line=829
[cg_emit_eq] e1=NonReloc info=21 e2=KInt info=0 r1=21 r2=147 freereg=22 nactvar=20 line=829
[cg_emit_eq] e1=NonReloc info=21 e2=KInt info=0 r1=21 r2=137 freereg=22 nactvar=20 line=829
[cg_emit_eq] e1=NonReloc info=21 e2=KInt info=0 r1=21 r2=130 freereg=22 nactvar=20 line=829
[4/4] Executing chunk...
testing tables, next, and for

 >>> testC not active: skipping tests for table sizes <<<

+
+
+
testing next x GC of deleted keys
[err] pcall_k failed: Runtime: coroutines not yet implemented (Phase E)
