[1/4] Creating LuaState...
[2/4] Opening standard library...
[3/4] Loading source (parse + compile)...
[cg_emit_eq] e1=NonReloc info=0 e2=NonReloc info=1 r1=0 r2=1 freereg=2 nactvar=0 line=7
[cg_emit_eq] e1=NonReloc info=4 e2=KInt info=0 r1=4 r2=127 freereg=5 nactvar=3 line=18
[cg_emit_eq] e1=NonReloc info=0 e2=NonReloc info=4 r1=0 r2=4 freereg=5 nactvar=3 line=20
[cg_emit_eq] e1=NonReloc info=1 e2=NonReloc info=4 r1=1 r2=4 freereg=5 nactvar=3 line=21
[cg_emit_eq] e1=NonReloc info=0 e2=NonReloc info=0 r1=0 r2=0 freereg=1 nactvar=1 line=34
[cg_emit_eq] e1=NonReloc info=5 e2=NonReloc info=7 r1=5 r2=7 freereg=8 nactvar=6 line=43
[cg_emit_eq] e1=NonReloc info=6 e2=NonReloc info=7 r1=6 r2=7 freereg=8 nactvar=5 line=49
[cg_emit_eq] e1=NonReloc info=6 e2=NonReloc info=7 r1=6 r2=7 freereg=8 nactvar=5 line=49
[cg_emit_eq] e1=NonReloc info=0 e2=NonReloc info=1 r1=0 r2=1 freereg=3 nactvar=3 line=68
[cg_emit_eq] e1=NonReloc info=0 e2=NonReloc info=1 r1=0 r2=1 freereg=2 nactvar=2 line=74
[cg_emit_eq] e1=NonReloc info=2 e2=NonReloc info=3 r1=2 r2=3 freereg=4 nactvar=2 line=74
[cg_emit_eq] e1=NonReloc info=10 e2=NonReloc info=11 r1=10 r2=11 freereg=12 nactvar=9 line=79
[cg_emit_eq] e1=NonReloc info=10 e2=NonReloc info=11 r1=10 r2=11 freereg=12 nactvar=9 line=79
[cg_emit_eq] e1=NonReloc info=10 e2=NonReloc info=11 r1=10 r2=11 freereg=12 nactvar=9 line=79
[cg_emit_eq] e1=NonReloc info=10 e2=NonReloc info=11 r1=10 r2=11 freereg=12 nactvar=9 line=79
[cg_emit_eq] e1=NonReloc info=10 e2=NonReloc info=11 r1=10 r2=11 freereg=12 nactvar=9 line=79
[cg_emit_eq] e1=NonReloc info=13 e2=KInt info=0 r1=13 r2=132 freereg=14 nactvar=12 line=83
[cg_emit_eq] e1=NonReloc info=13 e2=NonReloc info=14 r1=13 r2=14 freereg=15 nactvar=12 line=83
[cg_emit_eq] e1=NonReloc info=13 e2=KInt info=0 r1=13 r2=132 freereg=14 nactvar=12 line=83
[cg_emit_eq] e1=NonReloc info=13 e2=KInt info=0 r1=13 r2=127 freereg=14 nactvar=12 line=83
[cg_emit_eq] e1=NonReloc info=13 e2=NonReloc info=14 r1=13 r2=14 freereg=15 nactvar=12 line=84
[cg_emit_eq] e1=NonReloc info=13 e2=NonReloc info=14 r1=13 r2=14 freereg=15 nactvar=12 line=84
[cg_emit_eq] e1=NonReloc info=13 e2=NonReloc info=14 r1=13 r2=14 freereg=15 nactvar=12 line=84
[cg_emit_eq] e1=NonReloc info=9 e2=NonReloc info=13 r1=9 r2=13 freereg=14 nactvar=12 line=85
[cg_emit_eq] e1=NonReloc info=10 e2=NonReloc info=13 r1=10 r2=13 freereg=14 nactvar=12 line=85
[cg_emit_eq] e1=NonReloc info=11 e2=NonReloc info=13 r1=11 r2=13 freereg=14 nactvar=12 line=85
[cg_emit_eq] e1=NonReloc info=13 e2=NonReloc info=14 r1=13 r2=14 freereg=15 nactvar=12 line=85
[cg_emit_eq] e1=NonReloc info=13 e2=KInt info=0 r1=13 r2=127 freereg=14 nactvar=12 line=86
[cg_emit_eq] e1=NonReloc info=13 e2=KInt info=0 r1=13 r2=135 freereg=14 nactvar=12 line=86
[cg_emit_eq] e1=NonReloc info=9 e2=NonReloc info=13 r1=9 r2=13 freereg=14 nactvar=12 line=88
[cg_emit_eq] e1=NonReloc info=13 e2=KInt info=0 r1=13 r2=127 freereg=14 nactvar=12 line=88
[cg_emit_eq] e1=NonReloc info=13 e2=NonReloc info=14 r1=13 r2=14 freereg=15 nactvar=12 line=95
[cg_emit_eq] e1=NonReloc info=13 e2=NonReloc info=14 r1=13 r2=14 freereg=15 nactvar=12 line=95
[cg_emit_eq] e1=NonReloc info=9 e2=NonReloc info=12 r1=9 r2=12 freereg=13 nactvar=11 line=100
[cg_emit_eq] e1=NonReloc info=10 e2=NonReloc info=12 r1=10 r2=12 freereg=13 nactvar=11 line=100
[cg_emit_eq] e1=NonReloc info=9 e2=NonReloc info=12 r1=9 r2=12 freereg=13 nactvar=11 line=102
[cg_emit_eq] e1=NonReloc info=10 e2=NonReloc info=12 r1=10 r2=12 freereg=13 nactvar=11 line=102
[cg_emit_eq] e1=NonReloc info=9 e2=NonReloc info=12 r1=9 r2=12 freereg=13 nactvar=11 line=104
[cg_emit_eq] e1=NonReloc info=10 e2=NonReloc info=12 r1=10 r2=12 freereg=13 nactvar=11 line=104
[cg_emit_eq] e1=NonReloc info=9 e2=NonReloc info=12 r1=9 r2=12 freereg=13 nactvar=11 line=106
[cg_emit_eq] e1=NonReloc info=10 e2=NonReloc info=12 r1=10 r2=12 freereg=13 nactvar=11 line=106
[cg_emit_eq] e1=NonReloc info=9 e2=NonReloc info=12 r1=9 r2=12 freereg=13 nactvar=11 line=108
[cg_emit_eq] e1=NonReloc info=10 e2=NonReloc info=12 r1=10 r2=12 freereg=13 nactvar=11 line=108
[cg_emit_eq] e1=NonReloc info=9 e2=NonReloc info=12 r1=9 r2=12 freereg=13 nactvar=11 line=110
[cg_emit_eq] e1=NonReloc info=10 e2=NonReloc info=12 r1=10 r2=12 freereg=13 nactvar=11 line=110
[cg_emit_eq] e1=NonReloc info=10 e2=NonReloc info=0 r1=10 r2=0 freereg=11 nactvar=9 line=126
[cg_emit_eq] e1=NonReloc info=10 e2=KInt info=0 r1=10 r2=127 freereg=11 nactvar=9 line=127
[cg_emit_eq] e1=NonReloc info=10 e2=NonReloc info=1 r1=10 r2=1 freereg=11 nactvar=9 line=128
[cg_emit_eq] e1=NonReloc info=36 e2=NonReloc info=37 r1=36 r2=37 freereg=38 nactvar=35 line=139
[cg_emit_eq] e1=NonReloc info=10 e2=NonReloc info=11 r1=10 r2=11 freereg=12 nactvar=9 line=145
[cg_emit_eq] e1=NonReloc info=10 e2=NonReloc info=11 r1=10 r2=11 freereg=12 nactvar=9 line=146
[cg_emit_eq] e1=NonReloc info=12 e2=NonReloc info=13 r1=12 r2=13 freereg=14 nactvar=11 line=152
[cg_emit_eq] e1=NonReloc info=12 e2=NonReloc info=13 r1=12 r2=13 freereg=14 nactvar=11 line=153
[cg_emit_eq] e1=NonReloc info=10 e2=KInt info=0 r1=10 r2=128 freereg=11 nactvar=9 line=161
[cg_emit_eq] e1=NonReloc info=10 e2=NonReloc info=1 r1=10 r2=1 freereg=11 nactvar=9 line=162
[cg_emit_eq] e1=NonReloc info=10 e2=KInt info=0 r1=10 r2=127 freereg=11 nactvar=9 line=163
[cg_emit_eq] e1=NonReloc info=10 e2=KInt info=0 r1=10 r2=128 freereg=11 nactvar=9 line=164
[cg_emit_eq] e1=NonReloc info=10 e2=KInt info=0 r1=10 r2=128 freereg=11 nactvar=9 line=165
[cg_emit_eq] e1=NonReloc info=10 e2=KInt info=0 r1=10 r2=128 freereg=11 nactvar=9 line=166
[cg_emit_eq] e1=NonReloc info=10 e2=KInt info=0 r1=10 r2=127 freereg=11 nactvar=9 line=167
[cg_emit_eq] e1=NonReloc info=10 e2=KInt info=0 r1=10 r2=128 freereg=11 nactvar=9 line=168
[cg_emit_eq] e1=NonReloc info=10 e2=NonReloc info=0 r1=10 r2=0 freereg=11 nactvar=9 line=169
[cg_emit_eq] e1=NonReloc info=10 e2=NonReloc info=11 r1=10 r2=11 freereg=12 nactvar=9 line=171
[cg_emit_eq] e1=NonReloc info=10 e2=NonReloc info=11 r1=10 r2=11 freereg=12 nactvar=9 line=172
[cg_emit_eq] e1=NonReloc info=10 e2=NonReloc info=11 r1=10 r2=11 freereg=12 nactvar=9 line=173
[cg_emit_eq] e1=NonReloc info=10 e2=NonReloc info=11 r1=10 r2=11 freereg=12 nactvar=9 line=178
[cg_emit_eq] e1=NonReloc info=12 e2=KInt info=0 r1=12 r2=127 freereg=17 nactvar=17 line=183
[cg_emit_eq] e1=NonReloc info=10 e2=NonReloc info=11 r1=10 r2=11 freereg=12 nactvar=9 line=192
[cg_emit_eq] e1=NonReloc info=10 e2=NonReloc info=11 r1=10 r2=11 freereg=12 nactvar=9 line=193
[cg_emit_eq] e1=NonReloc info=10 e2=NonReloc info=11 r1=10 r2=11 freereg=12 nactvar=9 line=194
[cg_emit_eq] e1=NonReloc info=10 e2=NonReloc info=11 r1=10 r2=11 freereg=12 nactvar=9 line=196
[cg_emit_eq] e1=NonReloc info=1 e2=NonReloc info=10 r1=1 r2=10 freereg=11 nactvar=9 line=198
[cg_emit_eq] e1=NonReloc info=10 e2=NonReloc info=11 r1=10 r2=11 freereg=12 nactvar=9 line=199
[cg_emit_eq] e1=NonReloc info=10 e2=NonReloc info=11 r1=10 r2=11 freereg=12 nactvar=9 line=200
[cg_emit_eq] e1=NonReloc info=1 e2=NonReloc info=10 r1=1 r2=10 freereg=11 nactvar=9 line=201
[cg_emit_eq] e1=NonReloc info=10 e2=NonReloc info=11 r1=10 r2=11 freereg=12 nactvar=9 line=203
[cg_emit_eq] e1=NonReloc info=10 e2=NonReloc info=0 r1=10 r2=0 freereg=11 nactvar=9 line=204
[cg_emit_eq] e1=NonReloc info=10 e2=NonReloc info=11 r1=10 r2=11 freereg=12 nactvar=9 line=205
[cg_emit_eq] e1=NonReloc info=12 e2=NonReloc info=13 r1=12 r2=13 freereg=14 nactvar=11 line=316
[cg_emit_eq] e1=NonReloc info=12 e2=NonReloc info=13 r1=12 r2=13 freereg=14 nactvar=11 line=317
[cg_emit_eq] e1=NonReloc info=12 e2=NonReloc info=13 r1=12 r2=13 freereg=14 nactvar=11 line=319
[cg_emit_eq] e1=NonReloc info=12 e2=NonReloc info=13 r1=12 r2=13 freereg=14 nactvar=11 line=320
[cg_emit_eq] e1=NonReloc info=12 e2=NonReloc info=13 r1=12 r2=13 freereg=14 nactvar=11 line=321
[cg_emit_eq] e1=NonReloc info=13 e2=NonReloc info=11 r1=13 r2=11 freereg=14 nactvar=12 line=324
[cg_emit_eq] e1=NonReloc info=13 e2=NonReloc info=11 r1=13 r2=11 freereg=14 nactvar=12 line=326
[cg_emit_eq] e1=NonReloc info=12 e2=NonReloc info=1 r1=12 r2=1 freereg=13 nactvar=11 line=331
[cg_emit_eq] e1=NonReloc info=12 e2=NonReloc info=0 r1=12 r2=0 freereg=13 nactvar=11 line=337
[cg_emit_eq] e1=NonReloc info=12 e2=KInt info=0 r1=12 r2=130 freereg=13 nactvar=11 line=344
[cg_emit_eq] e1=NonReloc info=12 e2=KInt info=0 r1=12 r2=130 freereg=13 nactvar=11 line=346
[cg_emit_eq] e1=NonReloc info=12 e2=NonReloc info=13 r1=12 r2=13 freereg=14 nactvar=11 line=348
[cg_emit_eq] e1=NonReloc info=12 e2=NonReloc info=13 r1=12 r2=13 freereg=14 nactvar=11 line=350
[cg_emit_eq] e1=NonReloc info=0 e2=NonReloc info=2 r1=0 r2=2 freereg=3 nactvar=1 line=366
[cg_emit_eq] e1=NonReloc info=0 e2=NonReloc info=13 r1=0 r2=13 freereg=14 nactvar=12 line=387
[cg_emit_eq] e1=NonReloc info=12 e2=NonReloc info=13 r1=12 r2=13 freereg=14 nactvar=11 line=400
[cg_emit_eq] e1=NonReloc info=12 e2=NonReloc info=13 r1=12 r2=13 freereg=14 nactvar=11 line=403
[cg_emit_eq] e1=NonReloc info=12 e2=KInt info=0 r1=12 r2=127 freereg=13 nactvar=11 line=406
[cg_emit_eq] e1=NonReloc info=12 e2=NonReloc info=13 r1=12 r2=13 freereg=14 nactvar=11 line=412
[cg_emit_eq] e1=NonReloc info=12 e2=NonReloc info=13 r1=12 r2=13 freereg=14 nactvar=11 line=412
[cg_emit_eq] e1=NonReloc info=12 e2=NonReloc info=13 r1=12 r2=13 freereg=14 nactvar=11 line=413
[cg_emit_eq] e1=NonReloc info=12 e2=NonReloc info=13 r1=12 r2=13 freereg=14 nactvar=11 line=413
[cg_emit_eq] e1=NonReloc info=12 e2=KInt info=0 r1=12 r2=128 freereg=13 nactvar=11 line=414
[cg_emit_eq] e1=NonReloc info=12 e2=NonReloc info=13 r1=12 r2=13 freereg=14 nactvar=11 line=418
[cg_emit_eq] e1=NonReloc info=12 e2=NonReloc info=13 r1=12 r2=13 freereg=14 nactvar=11 line=419
[cg_emit_eq] e1=NonReloc info=12 e2=NonReloc info=13 r1=12 r2=13 freereg=14 nactvar=11 line=421
[cg_emit_eq] e1=NonReloc info=12 e2=NonReloc info=13 r1=12 r2=13 freereg=14 nactvar=11 line=422
[cg_emit_eq] e1=NonReloc info=12 e2=KInt info=0 r1=12 r2=128 freereg=13 nactvar=11 line=423
[cg_emit_eq] e1=NonReloc info=12 e2=KInt info=0 r1=12 r2=137 freereg=13 nactvar=11 line=426
[cg_emit_eq] e1=NonReloc info=12 e2=NonReloc info=13 r1=12 r2=13 freereg=14 nactvar=11 line=427
[cg_emit_eq] e1=NonReloc info=12 e2=NonReloc info=13 r1=12 r2=13 freereg=14 nactvar=11 line=428
[cg_emit_eq] e1=NonReloc info=12 e2=KInt info=0 r1=12 r2=163 freereg=13 nactvar=11 line=429
[cg_emit_eq] e1=NonReloc info=12 e2=NonReloc info=13 r1=12 r2=13 freereg=14 nactvar=11 line=430
[cg_emit_eq] e1=NonReloc info=12 e2=KInt info=0 r1=12 r2=198 freereg=13 nactvar=11 line=431
[cg_emit_eq] e1=NonReloc info=12 e2=NonReloc info=13 r1=12 r2=13 freereg=14 nactvar=11 line=432
[cg_emit_eq] e1=NonReloc info=12 e2=NonReloc info=13 r1=12 r2=13 freereg=14 nactvar=11 line=433
[cg_emit_eq] e1=NonReloc info=12 e2=NonReloc info=13 r1=12 r2=13 freereg=14 nactvar=11 line=434
[cg_emit_eq] e1=NonReloc info=12 e2=NonReloc info=13 r1=12 r2=13 freereg=14 nactvar=11 line=435
[cg_emit_eq] e1=NonReloc info=12 e2=NonReloc info=13 r1=12 r2=13 freereg=14 nactvar=11 line=436
[cg_emit_eq] e1=NonReloc info=12 e2=NonReloc info=13 r1=12 r2=13 freereg=14 nactvar=11 line=437
[cg_emit_eq] e1=NonReloc info=18 e2=NonReloc info=16 r1=18 r2=16 freereg=19 nactvar=17 line=441
[cg_emit_eq] e1=NonReloc info=12 e2=NonReloc info=13 r1=12 r2=13 freereg=14 nactvar=11 line=446
[cg_emit_eq] e1=NonReloc info=12 e2=NonReloc info=13 r1=12 r2=13 freereg=14 nactvar=11 line=447
[cg_emit_eq] e1=NonReloc info=12 e2=NonReloc info=13 r1=12 r2=13 freereg=14 nactvar=11 line=448
[cg_emit_eq] e1=NonReloc info=12 e2=NonReloc info=13 r1=12 r2=13 freereg=14 nactvar=11 line=449
[cg_emit_eq] e1=NonReloc info=12 e2=KInt info=0 r1=12 r2=130 freereg=13 nactvar=11 line=450
[cg_emit_eq] e1=NonReloc info=12 e2=KInt info=0 r1=12 r2=137 freereg=13 nactvar=11 line=451
[cg_emit_eq] e1=NonReloc info=12 e2=NonReloc info=13 r1=12 r2=13 freereg=14 nactvar=11 line=452
[cg_emit_eq] e1=NonReloc info=12 e2=NonReloc info=13 r1=12 r2=13 freereg=14 nactvar=11 line=453
[cg_emit_eq] e1=NonReloc info=12 e2=NonReloc info=13 r1=12 r2=13 freereg=14 nactvar=11 line=454
[cg_emit_eq] e1=NonReloc info=12 e2=NonReloc info=13 r1=12 r2=13 freereg=14 nactvar=11 line=455
[cg_emit_eq] e1=NonReloc info=12 e2=NonReloc info=13 r1=12 r2=13 freereg=14 nactvar=11 line=457
[cg_emit_eq] e1=NonReloc info=12 e2=NonReloc info=13 r1=12 r2=13 freereg=14 nactvar=11 line=458
[cg_emit_eq] e1=NonReloc info=0 e2=KInt info=0 r1=0 r2=128 freereg=1 nactvar=0 line=464
[cg_emit_eq] e1=NonReloc info=13 e2=KInt info=0 r1=13 r2=143 freereg=14 nactvar=12 line=515
[cg_emit_eq] e1=NonReloc info=13 e2=NonReloc info=14 r1=13 r2=14 freereg=15 nactvar=12 line=515
[cg_emit_eq] e1=NonReloc info=13 e2=NonReloc info=14 r1=13 r2=14 freereg=15 nactvar=12 line=515
[cg_emit_eq] e1=NonReloc info=13 e2=NonReloc info=14 r1=13 r2=14 freereg=15 nactvar=12 line=516
[cg_emit_eq] e1=NonReloc info=13 e2=NonReloc info=14 r1=13 r2=14 freereg=15 nactvar=12 line=516
[cg_emit_eq] e1=NonReloc info=13 e2=NonReloc info=14 r1=13 r2=14 freereg=15 nactvar=12 line=517
[cg_emit_eq] e1=NonReloc info=13 e2=KInt info=0 r1=13 r2=129 freereg=14 nactvar=12 line=518
[cg_emit_eq] e1=NonReloc info=13 e2=NonReloc info=14 r1=13 r2=14 freereg=15 nactvar=12 line=519
[cg_emit_eq] e1=NonReloc info=13 e2=NonReloc info=14 r1=13 r2=14 freereg=15 nactvar=12 line=520
[cg_emit_eq] e1=NonReloc info=13 e2=NonReloc info=14 r1=13 r2=14 freereg=15 nactvar=12 line=523
[cg_emit_eq] e1=NonReloc info=13 e2=KInt info=0 r1=13 r2=142 freereg=14 nactvar=12 line=523
[cg_emit_eq] e1=NonReloc info=13 e2=KInt info=0 r1=13 r2=140 freereg=14 nactvar=12 line=523
[cg_emit_eq] e1=NonReloc info=13 e2=NonReloc info=14 r1=13 r2=14 freereg=15 nactvar=12 line=528
[cg_emit_eq] e1=NonReloc info=13 e2=NonReloc info=14 r1=13 r2=14 freereg=15 nactvar=12 line=529
[cg_emit_eq] e1=NonReloc info=13 e2=KInt info=0 r1=13 r2=208 freereg=14 nactvar=12 line=530
[cg_emit_eq] e1=NonReloc info=13 e2=NonReloc info=14 r1=13 r2=14 freereg=15 nactvar=12 line=531
[cg_emit_eq] e1=NonReloc info=13 e2=NonReloc info=14 r1=13 r2=14 freereg=15 nactvar=12 line=532
[cg_emit_eq] e1=NonReloc info=13 e2=NonReloc info=14 r1=13 r2=14 freereg=15 nactvar=12 line=533
[cg_emit_eq] e1=NonReloc info=13 e2=NonReloc info=14 r1=13 r2=14 freereg=15 nactvar=12 line=534
[cg_emit_eq] e1=NonReloc info=13 e2=NonReloc info=14 r1=13 r2=14 freereg=15 nactvar=12 line=535
[cg_emit_eq] e1=NonReloc info=13 e2=NonReloc info=14 r1=13 r2=14 freereg=15 nactvar=12 line=536
[cg_emit_eq] e1=NonReloc info=13 e2=NonReloc info=14 r1=13 r2=14 freereg=15 nactvar=12 line=539
[cg_emit_eq] e1=NonReloc info=13 e2=NonReloc info=14 r1=13 r2=14 freereg=15 nactvar=12 line=540
[cg_emit_eq] e1=NonReloc info=13 e2=NonReloc info=14 r1=13 r2=14 freereg=15 nactvar=12 line=540
[cg_emit_eq] e1=NonReloc info=13 e2=KInt info=0 r1=13 r2=128 freereg=14 nactvar=12 line=541
[cg_emit_eq] e1=NonReloc info=13 e2=NonReloc info=14 r1=13 r2=14 freereg=15 nactvar=12 line=542
[cg_emit_eq] e1=NonReloc info=13 e2=NonReloc info=14 r1=13 r2=14 freereg=15 nactvar=12 line=543
[cg_emit_eq] e1=NonReloc info=13 e2=NonReloc info=14 r1=13 r2=14 freereg=15 nactvar=12 line=550
[cg_emit_eq] e1=NonReloc info=13 e2=KInt info=0 r1=13 r2=130 freereg=14 nactvar=12 line=581
[cg_emit_eq] e1=NonReloc info=13 e2=NonReloc info=14 r1=13 r2=14 freereg=15 nactvar=12 line=582
[cg_emit_eq] e1=NonReloc info=16 e2=KInt info=0 r1=16 r2=127 freereg=17 nactvar=15 line=597
[cg_emit_eq] e1=NonReloc info=19 e2=KInt info=0 r1=19 r2=127 freereg=20 nactvar=20 line=609
[cg_emit_eq] e1=NonReloc info=21 e2=NonReloc info=22 r1=21 r2=22 freereg=23 nactvar=20 line=610
[cg_emit_eq] e1=NonReloc info=19 e2=KInt info=0 r1=19 r2=127 freereg=20 nactvar=20 line=617
[cg_emit_eq] e1=NonReloc info=21 e2=NonReloc info=22 r1=21 r2=22 freereg=23 nactvar=20 line=618
[cg_emit_eq] e1=NonReloc info=14 e2=NonReloc info=15 r1=14 r2=15 freereg=16 nactvar=13 line=626
[cg_emit_eq] e1=NonReloc info=14 e2=NonReloc info=15 r1=14 r2=15 freereg=16 nactvar=13 line=632
[cg_emit_eq] e1=NonReloc info=13 e2=NonReloc info=14 r1=13 r2=14 freereg=15 nactvar=12 line=639
[cg_emit_eq] e1=NonReloc info=13 e2=NonReloc info=14 r1=13 r2=14 freereg=15 nactvar=12 line=640
[cg_emit_eq] e1=NonReloc info=13 e2=NonReloc info=14 r1=13 r2=14 freereg=15 nactvar=12 line=641
[cg_emit_eq] e1=NonReloc info=13 e2=KInt info=0 r1=13 r2=127 freereg=14 nactvar=12 line=643
[cg_emit_eq] e1=NonReloc info=13 e2=KInt info=0 r1=13 r2=127 freereg=14 nactvar=12 line=644
[cg_emit_eq] e1=NonReloc info=13 e2=NonReloc info=14 r1=13 r2=14 freereg=15 nactvar=12 line=645
[cg_emit_eq] e1=NonReloc info=14 e2=KInt info=0 r1=14 r2=128 freereg=15 nactvar=13 line=657
[cg_emit_eq] e1=NonReloc info=14 e2=NonReloc info=15 r1=14 r2=15 freereg=16 nactvar=13 line=658
[cg_emit_eq] e1=NonReloc info=14 e2=NonReloc info=15 r1=14 r2=15 freereg=16 nactvar=13 line=659
[cg_emit_eq] e1=NonReloc info=14 e2=NonReloc info=15 r1=14 r2=15 freereg=16 nactvar=13 line=660
[cg_emit_eq] e1=NonReloc info=14 e2=NonReloc info=15 r1=14 r2=15 freereg=16 nactvar=13 line=661

thread 'main' (9915305) panicked at crates/lua-parse/src/lib.rs:629:9:
assertion `left == right` failed
  left: 15
 right: 16
note: run with `RUST_BACKTRACE=1` environment variable to display a backtrace
[panic] assertion `left == right` failed
  left: 15
 right: 16
