[1/4] Creating LuaState...
[2/4] Opening standard library...
[3/4] Loading source (parse + compile)...
[cg_emit_eq] e1=NonReloc info=0 e2=NonReloc info=1 r1=0 r2=1 freereg=2 nactvar=0 line=7
[cg_emit_eq] e1=NonReloc info=2 e2=KInt info=0 r1=2 r2=130 freereg=4 nactvar=3 line=24
[cg_emit_eq] e1=NonReloc info=4 e2=NonReloc info=5 r1=4 r2=5 freereg=6 nactvar=3 line=34
[cg_emit_eq] e1=NonReloc info=4 e2=NonReloc info=5 r1=4 r2=5 freereg=6 nactvar=3 line=35
[cg_emit_eq] e1=NonReloc info=4 e2=NonReloc info=5 r1=4 r2=5 freereg=6 nactvar=3 line=36
[cg_emit_eq] e1=NonReloc info=4 e2=NonReloc info=5 r1=4 r2=5 freereg=6 nactvar=3 line=36
[cg_emit_eq] e1=NonReloc info=4 e2=KInt info=0 r1=4 r2=118 freereg=5 nactvar=3 line=38
[cg_emit_eq] e1=NonReloc info=4 e2=NonReloc info=5 r1=4 r2=5 freereg=6 nactvar=3 line=39
[cg_emit_eq] e1=NonReloc info=4 e2=KInt info=0 r1=4 r2=131 freereg=5 nactvar=3 line=39
[cg_emit_eq] e1=NonReloc info=4 e2=KInt info=0 r1=4 r2=127 freereg=5 nactvar=3 line=39
[cg_emit_eq] e1=NonReloc info=4 e2=KInt info=0 r1=4 r2=129 freereg=5 nactvar=3 line=40
[cg_emit_eq] e1=NonReloc info=4 e2=KInt info=0 r1=4 r2=129 freereg=5 nactvar=3 line=40
[cg_emit_eq] e1=NonReloc info=4 e2=NonReloc info=5 r1=4 r2=5 freereg=6 nactvar=3 line=41
[cg_emit_eq] e1=NonReloc info=4 e2=NonReloc info=5 r1=4 r2=5 freereg=6 nactvar=3 line=41
[cg_emit_eq] e1=NonReloc info=4 e2=NonReloc info=5 r1=4 r2=5 freereg=6 nactvar=3 line=44
[cg_emit_eq] e1=NonReloc info=4 e2=NonReloc info=5 r1=4 r2=5 freereg=6 nactvar=3 line=45
[cg_emit_eq] e1=NonReloc info=4 e2=KInt info=0 r1=4 r2=143 freereg=5 nactvar=3 line=46
[cg_emit_eq] e1=NonReloc info=4 e2=KInt info=0 r1=4 r2=129 freereg=5 nactvar=3 line=48
[cg_emit_eq] e1=NonReloc info=4 e2=NonReloc info=5 r1=4 r2=5 freereg=6 nactvar=3 line=50
[cg_emit_eq] e1=NonReloc info=4 e2=NonReloc info=5 r1=4 r2=5 freereg=6 nactvar=3 line=56
[cg_emit_eq] e1=NonReloc info=4 e2=NonReloc info=5 r1=4 r2=5 freereg=6 nactvar=3 line=57
[cg_emit_eq] e1=NonReloc info=6 e2=NonReloc info=7 r1=6 r2=7 freereg=8 nactvar=5 line=60
[cg_emit_eq] e1=NonReloc info=6 e2=NonReloc info=7 r1=6 r2=7 freereg=8 nactvar=5 line=60
[cg_emit_eq] e1=NonReloc info=5 e2=KInt info=0 r1=5 r2=129 freereg=6 nactvar=5 line=61
[cg_emit_eq] e1=NonReloc info=5 e2=KInt info=0 r1=5 r2=138 freereg=6 nactvar=5 line=61
[cg_emit_eq] e1=NonReloc info=6 e2=NonReloc info=7 r1=6 r2=7 freereg=8 nactvar=6 line=62
[cg_emit_eq] e1=NonReloc info=6 e2=KInt info=0 r1=6 r2=131 freereg=7 nactvar=6 line=62
[cg_emit_eq] e1=NonReloc info=7 e2=KInt info=0 r1=7 r2=129 freereg=9 nactvar=8 line=65
[cg_emit_eq] e1=NonReloc info=7 e2=KInt info=0 r1=7 r2=129 freereg=9 nactvar=8 line=67
[cg_emit_eq] e1=NonReloc info=9 e2=NonReloc info=10 r1=9 r2=10 freereg=11 nactvar=8 line=69
[cg_emit_eq] e1=NonReloc info=9 e2=NonReloc info=10 r1=9 r2=10 freereg=11 nactvar=8 line=69
[cg_emit_eq] e1=NonReloc info=31 e2=NonReloc info=29 r1=31 r2=29 freereg=33 nactvar=32 line=91
[cg_emit_eq] e1=NonReloc info=31 e2=NonReloc info=29 r1=31 r2=29 freereg=33 nactvar=32 line=96
[cg_emit_eq] e1=NonReloc info=31 e2=NonReloc info=29 r1=31 r2=29 freereg=33 nactvar=32 line=100
[cg_emit_eq] e1=NonReloc info=4 e2=NonReloc info=1 r1=4 r2=1 freereg=5 nactvar=3 line=131
[cg_emit_eq] e1=NonReloc info=1 e2=NonReloc info=2 r1=1 r2=2 freereg=3 nactvar=1 line=142
[cg_emit_eq] e1=NonReloc info=10 e2=KInt info=0 r1=10 r2=130 freereg=11 nactvar=9 line=147
[cg_emit_eq] e1=NonReloc info=10 e2=KInt info=0 r1=10 r2=132 freereg=11 nactvar=9 line=147
[cg_emit_eq] e1=NonReloc info=10 e2=KInt info=0 r1=10 r2=137 freereg=11 nactvar=9 line=147
[cg_emit_eq] e1=NonReloc info=10 e2=KInt info=0 r1=10 r2=136 freereg=11 nactvar=9 line=147
[cg_emit_eq] e1=NonReloc info=10 e2=KInt info=0 r1=10 r2=128 freereg=11 nactvar=9 line=147
[cg_emit_eq] e1=NonReloc info=10 e2=NonReloc info=11 r1=10 r2=11 freereg=12 nactvar=9 line=148
[cg_emit_eq] e1=NonReloc info=10 e2=NonReloc info=11 r1=10 r2=11 freereg=12 nactvar=9 line=150
[cg_emit_eq] e1=NonReloc info=10 e2=NonReloc info=11 r1=10 r2=11 freereg=12 nactvar=9 line=150
[cg_emit_eq] e1=NonReloc info=10 e2=NonReloc info=11 r1=10 r2=11 freereg=12 nactvar=9 line=150
[cg_emit_eq] e1=NonReloc info=10 e2=NonReloc info=11 r1=10 r2=11 freereg=12 nactvar=9 line=152
[cg_emit_eq] e1=NonReloc info=10 e2=NonReloc info=11 r1=10 r2=11 freereg=12 nactvar=9 line=154
[cg_emit_eq] e1=NonReloc info=10 e2=NonReloc info=11 r1=10 r2=11 freereg=12 nactvar=9 line=154
[cg_emit_eq] e1=NonReloc info=11 e2=NonReloc info=12 r1=11 r2=12 freereg=13 nactvar=10 line=164
[cg_emit_eq] e1=NonReloc info=11 e2=NonReloc info=12 r1=11 r2=12 freereg=13 nactvar=10 line=164
[cg_emit_eq] e1=NonReloc info=11 e2=NonReloc info=12 r1=11 r2=12 freereg=13 nactvar=10 line=164
[cg_emit_eq] e1=NonReloc info=11 e2=NonReloc info=12 r1=11 r2=12 freereg=13 nactvar=10 line=164
[cg_emit_eq] e1=NonReloc info=13 e2=NonReloc info=15 r1=13 r2=15 freereg=16 nactvar=14 line=174
[cg_emit_eq] e1=NonReloc info=11 e2=KInt info=0 r1=11 r2=130 freereg=15 nactvar=14 line=174
[cg_emit_eq] e1=NonReloc info=0 e2=KInt info=0 r1=0 r2=128 freereg=3 nactvar=3 line=181
[cg_emit_eq] e1=NonReloc info=0 e2=KInt info=0 r1=0 r2=129 freereg=3 nactvar=3 line=182
[cg_emit_eq] e1=NonReloc info=0 e2=KInt info=0 r1=0 r2=130 freereg=3 nactvar=3 line=183
[cg_emit_eq] e1=NonReloc info=15 e2=KInt info=0 r1=15 r2=137 freereg=16 nactvar=14 line=190
[cg_emit_eq] e1=NonReloc info=15 e2=KInt info=0 r1=15 r2=147 freereg=16 nactvar=14 line=190
[cg_emit_eq] e1=NonReloc info=15 e2=KInt info=0 r1=15 r2=157 freereg=16 nactvar=14 line=190
[cg_emit_eq] e1=NonReloc info=15 e2=KInt info=0 r1=15 r2=139 freereg=16 nactvar=14 line=190
[cg_emit_eq] e1=NonReloc info=16 e2=NonReloc info=17 r1=16 r2=17 freereg=18 nactvar=15 line=201
[cg_emit_eq] e1=NonReloc info=16 e2=NonReloc info=17 r1=16 r2=17 freereg=18 nactvar=15 line=201
[cg_emit_eq] e1=NonReloc info=16 e2=NonReloc info=17 r1=16 r2=17 freereg=18 nactvar=15 line=201
[cg_emit_eq] e1=NonReloc info=16 e2=KInt info=0 r1=16 r2=135 freereg=17 nactvar=15 line=201
[cg_emit_eq] e1=NonReloc info=18 e2=KInt info=0 r1=18 r2=146 freereg=19 nactvar=17 line=205
[cg_emit_eq] e1=NonReloc info=18 e2=KInt info=0 r1=18 r2=152 freereg=19 nactvar=17 line=205
[cg_emit_eq] e1=NonReloc info=18 e2=KInt info=0 r1=18 r2=132 freereg=19 nactvar=17 line=207
[cg_emit_eq] e1=NonReloc info=18 e2=KInt info=0 r1=18 r2=152 freereg=19 nactvar=17 line=207
[cg_emit_eq] e1=NonReloc info=18 e2=KInt info=0 r1=18 r2=128 freereg=19 nactvar=17 line=211
[cg_emit_eq] e1=NonReloc info=19 e2=KInt info=0 r1=19 r2=128 freereg=23 nactvar=22 line=232
[cg_emit_eq] e1=NonReloc info=20 e2=KInt info=0 r1=20 r2=129 freereg=23 nactvar=22 line=232
[cg_emit_eq] e1=NonReloc info=21 e2=KInt info=0 r1=21 r2=130 freereg=23 nactvar=22 line=232
[cg_emit_eq] e1=NonReloc info=19 e2=KInt info=0 r1=19 r2=128 freereg=23 nactvar=22 line=234
[cg_emit_eq] e1=NonReloc info=20 e2=NonReloc info=23 r1=20 r2=23 freereg=24 nactvar=22 line=234
[cg_emit_eq] e1=NonReloc info=21 e2=NonReloc info=23 r1=21 r2=23 freereg=24 nactvar=22 line=234
[cg_emit_eq] e1=NonReloc info=19 e2=KInt info=0 r1=19 r2=128 freereg=22 nactvar=21 line=238
[cg_emit_eq] e1=NonReloc info=20 e2=NonReloc info=22 r1=20 r2=22 freereg=23 nactvar=21 line=238
[cg_emit_eq] e1=NonReloc info=22 e2=NonReloc info=23 r1=22 r2=23 freereg=24 nactvar=21 line=241
[cg_emit_eq] e1=NonReloc info=19 e2=KInt info=0 r1=19 r2=128 freereg=22 nactvar=21 line=244
[cg_emit_eq] e1=NonReloc info=20 e2=NonReloc info=22 r1=20 r2=22 freereg=23 nactvar=21 line=244
[cg_emit_eq] e1=NonReloc info=22 e2=KInt info=0 r1=22 r2=128 freereg=23 nactvar=21 line=279
[cg_emit_eq] e1=NonReloc info=23 e2=NonReloc info=24 r1=23 r2=24 freereg=25 nactvar=22 line=290
[cg_emit_eq] e1=NonReloc info=23 e2=KInt info=0 r1=23 r2=128 freereg=24 nactvar=22 line=290
[cg_emit_eq] e1=NonReloc info=23 e2=KInt info=0 r1=23 r2=128 freereg=24 nactvar=22 line=290
[cg_emit_eq] e1=NonReloc info=23 e2=NonReloc info=24 r1=23 r2=24 freereg=25 nactvar=22 line=291
[cg_emit_eq] e1=NonReloc info=23 e2=KInt info=0 r1=23 r2=128 freereg=24 nactvar=22 line=291
[cg_emit_eq] e1=NonReloc info=23 e2=KInt info=0 r1=23 r2=128 freereg=24 nactvar=22 line=291
[cg_emit_eq] e1=NonReloc info=23 e2=NonReloc info=24 r1=23 r2=24 freereg=25 nactvar=22 line=293
[cg_emit_eq] e1=NonReloc info=23 e2=NonReloc info=24 r1=23 r2=24 freereg=25 nactvar=22 line=295
[cg_emit_eq] e1=NonReloc info=23 e2=KInt info=0 r1=23 r2=128 freereg=24 nactvar=22 line=295
[cg_emit_eq] e1=NonReloc info=23 e2=KInt info=0 r1=23 r2=128 freereg=24 nactvar=22 line=295
[cg_emit_eq] e1=NonReloc info=23 e2=NonReloc info=24 r1=23 r2=24 freereg=25 nactvar=22 line=296
[cg_emit_eq] e1=NonReloc info=23 e2=KInt info=0 r1=23 r2=128 freereg=24 nactvar=22 line=296
[cg_emit_eq] e1=NonReloc info=23 e2=KInt info=0 r1=23 r2=128 freereg=24 nactvar=22 line=297
[cg_emit_eq] e1=NonReloc info=23 e2=NonReloc info=24 r1=23 r2=24 freereg=25 nactvar=22 line=298
[cg_emit_eq] e1=NonReloc info=23 e2=KInt info=0 r1=23 r2=127 freereg=24 nactvar=22 line=298
[cg_emit_eq] e1=NonReloc info=23 e2=KInt info=0 r1=23 r2=127 freereg=24 nactvar=22 line=299
[cg_emit_eq] e1=NonReloc info=23 e2=NonReloc info=24 r1=23 r2=24 freereg=25 nactvar=22 line=300
[cg_emit_eq] e1=NonReloc info=23 e2=KInt info=0 r1=23 r2=127 freereg=24 nactvar=22 line=300
[cg_emit_eq] e1=NonReloc info=23 e2=KInt info=0 r1=23 r2=127 freereg=24 nactvar=22 line=301
[cg_emit_eq] e1=NonReloc info=23 e2=NonReloc info=24 r1=23 r2=24 freereg=25 nactvar=22 line=303
[cg_emit_eq] e1=NonReloc info=23 e2=NonReloc info=24 r1=23 r2=24 freereg=25 nactvar=22 line=303
[cg_emit_eq] e1=NonReloc info=6 e2=NonReloc info=23 r1=6 r2=23 freereg=24 nactvar=22 line=304
[cg_emit_eq] e1=NonReloc info=6 e2=NonReloc info=23 r1=6 r2=23 freereg=24 nactvar=22 line=305
[cg_emit_eq] e1=NonReloc info=22 e2=KInt info=0 r1=22 r2=129 freereg=24 nactvar=23 line=310
[cg_emit_eq] e1=NonReloc info=2 e2=NonReloc info=3 r1=2 r2=3 freereg=4 nactvar=1 line=314
[cg_emit_eq] e1=NonReloc info=23 e2=NonReloc info=24 r1=23 r2=24 freereg=25 nactvar=23 line=318
[cg_emit_eq] e1=NonReloc info=19 e2=NonReloc info=24 r1=19 r2=24 freereg=25 nactvar=23 line=318
[cg_emit_eq] e1=NonReloc info=20 e2=NonReloc info=24 r1=20 r2=24 freereg=25 nactvar=23 line=318
[cg_emit_eq] e1=NonReloc info=23 e2=NonReloc info=24 r1=23 r2=24 freereg=25 nactvar=23 line=319
[cg_emit_eq] e1=NonReloc info=19 e2=NonReloc info=24 r1=19 r2=24 freereg=25 nactvar=23 line=319
[cg_emit_eq] e1=NonReloc info=20 e2=NonReloc info=24 r1=20 r2=24 freereg=25 nactvar=23 line=319
[cg_emit_eq] e1=NonReloc info=30 e2=KInt info=0 r1=30 r2=127 freereg=31 nactvar=23 line=333
[cg_emit_eq] e1=NonReloc info=25 e2=KInt info=0 r1=25 r2=127 freereg=26 nactvar=25 line=338
[cg_emit_eq] e1=NonReloc info=43 e2=NonReloc info=44 r1=43 r2=44 freereg=45 nactvar=42 line=401
[cg_emit_eq] e1=NonReloc info=43 e2=NonReloc info=44 r1=43 r2=44 freereg=45 nactvar=42 line=401
[cg_emit_eq] e1=NonReloc info=42 e2=KInt info=0 r1=42 r2=127 freereg=43 nactvar=42 line=403
[4/4] Executing chunk...
testing syntax
[cg_emit_eq] e1=NonReloc info=0 e2=NonReloc info=1 r1=0 r2=1 freereg=2 nactvar=2 line=2
[cg_emit_eq] e1=NonReloc info=0 e2=KInt info=0 r1=0 r2=130 freereg=1 nactvar=0 line=1
[cg_emit_eq] e1=NonReloc info=0 e2=KInt info=0 r1=0 r2=130 freereg=1 nactvar=0 line=1
[cg_emit_eq] e1=NonReloc info=0 e2=KInt info=0 r1=0 r2=130 freereg=1 nactvar=0 line=1
[cg_emit_eq] e1=NonReloc info=0 e2=KInt info=0 r1=0 r2=227 freereg=1 nactvar=0 line=1
[cg_emit_eq] e1=NonReloc info=0 e2=KInt info=0 r1=0 r2=130 freereg=1 nactvar=0 line=1
[cg_emit_eq] e1=NonReloc info=0 e2=KInt info=0 r1=0 r2=130 freereg=1 nactvar=0 line=1
[cg_emit_eq] e1=NonReloc info=0 e2=NonReloc info=1 r1=0 r2=1 freereg=2 nactvar=0 line=1
[cg_emit_eq] e1=NonReloc info=0 e2=KInt info=0 r1=0 r2=130 freereg=1 nactvar=0 line=1
[cg_emit_eq] e1=NonReloc info=0 e2=KInt info=0 r1=0 r2=130 freereg=1 nactvar=0 line=1
[cg_emit_eq] e1=NonReloc info=0 e2=NonReloc info=1 r1=0 r2=1 freereg=2 nactvar=0 line=1
[cg_emit_eq] e1=NonReloc info=0 e2=KInt info=0 r1=0 r2=130 freereg=1 nactvar=0 line=1
[cg_emit_eq] e1=NonReloc info=0 e2=KInt info=0 r1=0 r2=130 freereg=1 nactvar=0 line=1
[cg_emit_eq] e1=NonReloc info=0 e2=NonReloc info=1 r1=0 r2=1 freereg=2 nactvar=0 line=1
[cg_emit_eq] e1=NonReloc info=0 e2=KInt info=0 r1=0 r2=130 freereg=1 nactvar=0 line=1
[cg_emit_eq] e1=NonReloc info=0 e2=KInt info=0 r1=0 r2=130 freereg=1 nactvar=0 line=1
[cg_emit_eq] e1=NonReloc info=0 e2=NonReloc info=1 r1=0 r2=1 freereg=2 nactvar=0 line=1
[cg_emit_eq] e1=NonReloc info=0 e2=KInt info=0 r1=0 r2=130 freereg=1 nactvar=0 line=1
[cg_emit_eq] e1=NonReloc info=0 e2=KInt info=0 r1=0 r2=130 freereg=1 nactvar=0 line=1
[cg_emit_eq] e1=NonReloc info=0 e2=NonReloc info=1 r1=0 r2=1 freereg=2 nactvar=0 line=1
[cg_emit_eq] e1=NonReloc info=0 e2=KInt info=0 r1=0 r2=130 freereg=1 nactvar=0 line=1
[cg_emit_eq] e1=NonReloc info=0 e2=KInt info=0 r1=0 r2=130 freereg=1 nactvar=0 line=1
[cg_emit_eq] e1=NonReloc info=0 e2=KInt info=0 r1=0 r2=130 freereg=1 nactvar=0 line=1
[cg_emit_eq] e1=NonReloc info=0 e2=KInt info=0 r1=0 r2=227 freereg=1 nactvar=0 line=1
[cg_emit_eq] e1=NonReloc info=0 e2=KInt info=0 r1=0 r2=227 freereg=1 nactvar=0 line=1
[cg_emit_eq] e1=NonReloc info=0 e2=KInt info=0 r1=0 r2=227 freereg=1 nactvar=0 line=1
[cg_emit_eq] e1=NonReloc info=0 e2=KInt info=0 r1=0 r2=227 freereg=1 nactvar=0 line=1
[cg_emit_eq] e1=NonReloc info=0 e2=KInt info=0 r1=0 r2=227 freereg=1 nactvar=0 line=1
[cg_emit_eq] e1=NonReloc info=0 e2=NonReloc info=1 r1=0 r2=1 freereg=2 nactvar=0 line=1
[cg_emit_eq] e1=NonReloc info=0 e2=KInt info=0 r1=0 r2=227 freereg=1 nactvar=0 line=1
[cg_emit_eq] e1=NonReloc info=0 e2=KInt info=0 r1=0 r2=227 freereg=1 nactvar=0 line=1
[cg_emit_eq] e1=NonReloc info=0 e2=NonReloc info=1 r1=0 r2=1 freereg=2 nactvar=0 line=1
[cg_emit_eq] e1=NonReloc info=0 e2=KInt info=0 r1=0 r2=227 freereg=1 nactvar=0 line=1
[cg_emit_eq] e1=NonReloc info=0 e2=KInt info=0 r1=0 r2=227 freereg=1 nactvar=0 line=1
[cg_emit_eq] e1=NonReloc info=0 e2=NonReloc info=1 r1=0 r2=1 freereg=2 nactvar=0 line=1
[cg_emit_eq] e1=NonReloc info=0 e2=KInt info=0 r1=0 r2=227 freereg=1 nactvar=0 line=1
[cg_emit_eq] e1=NonReloc info=0 e2=KInt info=0 r1=0 r2=227 freereg=1 nactvar=0 line=1
[cg_emit_eq] e1=NonReloc info=0 e2=NonReloc info=1 r1=0 r2=1 freereg=2 nactvar=0 line=1
[cg_emit_eq] e1=NonReloc info=0 e2=KInt info=0 r1=0 r2=227 freereg=1 nactvar=0 line=1
[cg_emit_eq] e1=NonReloc info=0 e2=KInt info=0 r1=0 r2=227 freereg=1 nactvar=0 line=1
[cg_emit_eq] e1=NonReloc info=0 e2=NonReloc info=1 r1=0 r2=1 freereg=2 nactvar=0 line=1
[cg_emit_eq] e1=NonReloc info=0 e2=KInt info=0 r1=0 r2=227 freereg=1 nactvar=0 line=1
[cg_emit_eq] e1=NonReloc info=0 e2=KInt info=0 r1=0 r2=227 freereg=1 nactvar=0 line=1
[cg_emit_eq] e1=NonReloc info=0 e2=KInt info=0 r1=0 r2=130 freereg=1 nactvar=0 line=1
[cg_emit_eq] e1=NonReloc info=0 e2=NonReloc info=1 r1=0 r2=1 freereg=2 nactvar=0 line=1
[cg_emit_eq] e1=NonReloc info=0 e2=NonReloc info=1 r1=0 r2=1 freereg=2 nactvar=0 line=1
[cg_emit_eq] e1=NonReloc info=0 e2=KInt info=0 r1=0 r2=227 freereg=1 nactvar=0 line=1
[cg_emit_eq] e1=NonReloc info=0 e2=NonReloc info=1 r1=0 r2=1 freereg=2 nactvar=0 line=1
[cg_emit_eq] e1=NonReloc info=0 e2=NonReloc info=1 r1=0 r2=1 freereg=2 nactvar=0 line=1
[cg_emit_eq] e1=NonReloc info=0 e2=NonReloc info=1 r1=0 r2=1 freereg=2 nactvar=0 line=1
[cg_emit_eq] e1=NonReloc info=0 e2=NonReloc info=1 r1=0 r2=1 freereg=2 nactvar=0 line=1
[cg_emit_eq] e1=NonReloc info=0 e2=NonReloc info=1 r1=0 r2=1 freereg=2 nactvar=0 line=1
[cg_emit_eq] e1=NonReloc info=0 e2=NonReloc info=1 r1=0 r2=1 freereg=2 nactvar=0 line=1
[cg_emit_eq] e1=NonReloc info=0 e2=NonReloc info=1 r1=0 r2=1 freereg=2 nactvar=0 line=1
[cg_emit_eq] e1=NonReloc info=0 e2=NonReloc info=1 r1=0 r2=1 freereg=2 nactvar=0 line=1
[cg_emit_eq] e1=NonReloc info=0 e2=NonReloc info=1 r1=0 r2=1 freereg=2 nactvar=0 line=1
[cg_emit_eq] e1=NonReloc info=0 e2=NonReloc info=1 r1=0 r2=1 freereg=2 nactvar=0 line=1
[cg_emit_eq] e1=NonReloc info=0 e2=NonReloc info=1 r1=0 r2=1 freereg=2 nactvar=0 line=1
[cg_emit_eq] e1=NonReloc info=0 e2=NonReloc info=1 r1=0 r2=1 freereg=2 nactvar=0 line=1
[cg_emit_eq] e1=NonReloc info=0 e2=NonReloc info=1 r1=0 r2=1 freereg=2 nactvar=0 line=1
[cg_emit_eq] e1=NonReloc info=0 e2=NonReloc info=1 r1=0 r2=1 freereg=2 nactvar=0 line=1
[cg_emit_eq] e1=NonReloc info=0 e2=NonReloc info=1 r1=0 r2=1 freereg=2 nactvar=0 line=1
[cg_emit_eq] e1=NonReloc info=0 e2=NonReloc info=1 r1=0 r2=1 freereg=2 nactvar=0 line=1
[cg_emit_eq] e1=NonReloc info=0 e2=NonReloc info=1 r1=0 r2=1 freereg=2 nactvar=0 line=1
[cg_emit_eq] e1=NonReloc info=0 e2=KInt info=0 r1=0 r2=130 freereg=1 nactvar=0 line=1
[cg_emit_eq] e1=NonReloc info=0 e2=NonReloc info=1 r1=0 r2=1 freereg=2 nactvar=0 line=1
[cg_emit_eq] e1=NonReloc info=0 e2=KInt info=0 r1=0 r2=130 freereg=1 nactvar=0 line=1
[cg_emit_eq] e1=NonReloc info=0 e2=KInt info=0 r1=0 r2=227 freereg=1 nactvar=0 line=1
[cg_emit_eq] e1=NonReloc info=0 e2=NonReloc info=1 r1=0 r2=1 freereg=2 nactvar=0 line=1
[cg_emit_eq] e1=NonReloc info=0 e2=KInt info=0 r1=0 r2=227 freereg=1 nactvar=0 line=1
[cg_emit_eq] e1=NonReloc info=0 e2=NonReloc info=1 r1=0 r2=1 freereg=2 nactvar=0 line=1
[cg_emit_eq] e1=NonReloc info=0 e2=NonReloc info=1 r1=0 r2=1 freereg=2 nactvar=0 line=1
[cg_emit_eq] e1=NonReloc info=0 e2=NonReloc info=1 r1=0 r2=1 freereg=2 nactvar=0 line=1
[cg_emit_eq] e1=NonReloc info=0 e2=NonReloc info=1 r1=0 r2=1 freereg=2 nactvar=0 line=1
[cg_emit_eq] e1=NonReloc info=0 e2=NonReloc info=1 r1=0 r2=1 freereg=2 nactvar=0 line=1
[cg_emit_eq] e1=NonReloc info=0 e2=NonReloc info=1 r1=0 r2=1 freereg=2 nactvar=0 line=1
[cg_emit_eq] e1=NonReloc info=0 e2=NonReloc info=1 r1=0 r2=1 freereg=2 nactvar=0 line=1
[cg_emit_eq] e1=NonReloc info=0 e2=NonReloc info=1 r1=0 r2=1 freereg=2 nactvar=0 line=1
[cg_emit_eq] e1=NonReloc info=0 e2=NonReloc info=1 r1=0 r2=1 freereg=2 nactvar=0 line=1
[cg_emit_eq] e1=NonReloc info=0 e2=NonReloc info=1 r1=0 r2=1 freereg=2 nactvar=0 line=1
[cg_emit_eq] e1=NonReloc info=0 e2=NonReloc info=1 r1=0 r2=1 freereg=2 nactvar=0 line=1
[cg_emit_eq] e1=NonReloc info=0 e2=NonReloc info=1 r1=0 r2=1 freereg=2 nactvar=0 line=1
[cg_emit_eq] e1=NonReloc info=0 e2=NonReloc info=1 r1=0 r2=1 freereg=2 nactvar=0 line=1
[cg_emit_eq] e1=NonReloc info=0 e2=NonReloc info=1 r1=0 r2=1 freereg=2 nactvar=0 line=1
[cg_emit_eq] e1=NonReloc info=0 e2=NonReloc info=1 r1=0 r2=1 freereg=2 nactvar=0 line=1
[cg_emit_eq] e1=NonReloc info=0 e2=KInt info=0 r1=0 r2=130 freereg=1 nactvar=0 line=1
[cg_emit_eq] e1=NonReloc info=0 e2=NonReloc info=1 r1=0 r2=1 freereg=2 nactvar=0 line=1
[cg_emit_eq] e1=NonReloc info=0 e2=KInt info=0 r1=0 r2=130 freereg=1 nactvar=0 line=1
[cg_emit_eq] e1=NonReloc info=0 e2=KInt info=0 r1=0 r2=227 freereg=1 nactvar=0 line=1
[cg_emit_eq] e1=NonReloc info=0 e2=NonReloc info=1 r1=0 r2=1 freereg=2 nactvar=0 line=1
[cg_emit_eq] e1=NonReloc info=0 e2=KInt info=0 r1=0 r2=227 freereg=1 nactvar=0 line=1
[cg_emit_eq] e1=NonReloc info=0 e2=NonReloc info=1 r1=0 r2=1 freereg=2 nactvar=0 line=1
[cg_emit_eq] e1=NonReloc info=0 e2=NonReloc info=1 r1=0 r2=1 freereg=2 nactvar=0 line=1
[cg_emit_eq] e1=NonReloc info=0 e2=NonReloc info=1 r1=0 r2=1 freereg=2 nactvar=0 line=1
[cg_emit_eq] e1=NonReloc info=0 e2=NonReloc info=1 r1=0 r2=1 freereg=2 nactvar=0 line=1
[cg_emit_eq] e1=NonReloc info=0 e2=NonReloc info=1 r1=0 r2=1 freereg=2 nactvar=0 line=1
[cg_emit_eq] e1=NonReloc info=0 e2=NonReloc info=1 r1=0 r2=1 freereg=2 nactvar=0 line=1
[cg_emit_eq] e1=NonReloc info=0 e2=NonReloc info=1 r1=0 r2=1 freereg=2 nactvar=0 line=1
[cg_emit_eq] e1=NonReloc info=0 e2=NonReloc info=1 r1=0 r2=1 freereg=2 nactvar=0 line=1
[cg_emit_eq] e1=NonReloc info=0 e2=NonReloc info=1 r1=0 r2=1 freereg=2 nactvar=0 line=1
[cg_emit_eq] e1=NonReloc info=0 e2=NonReloc info=1 r1=0 r2=1 freereg=2 nactvar=0 line=1
[cg_emit_eq] e1=NonReloc info=0 e2=NonReloc info=1 r1=0 r2=1 freereg=2 nactvar=0 line=1
[cg_emit_eq] e1=NonReloc info=0 e2=NonReloc info=1 r1=0 r2=1 freereg=2 nactvar=0 line=1
[cg_emit_eq] e1=NonReloc info=0 e2=NonReloc info=1 r1=0 r2=1 freereg=2 nactvar=0 line=1
[cg_emit_eq] e1=NonReloc info=0 e2=NonReloc info=1 r1=0 r2=1 freereg=2 nactvar=0 line=1
[cg_emit_eq] e1=NonReloc info=0 e2=NonReloc info=1 r1=0 r2=1 freereg=2 nactvar=0 line=1
[cg_emit_eq] e1=NonReloc info=0 e2=KInt info=0 r1=0 r2=130 freereg=1 nactvar=0 line=1
[cg_emit_eq] e1=NonReloc info=0 e2=NonReloc info=1 r1=0 r2=1 freereg=2 nactvar=0 line=1
[cg_emit_eq] e1=NonReloc info=0 e2=NonReloc info=1 r1=0 r2=1 freereg=2 nactvar=0 line=1
[cg_emit_eq] e1=NonReloc info=0 e2=KInt info=0 r1=0 r2=227 freereg=1 nactvar=0 line=1
[cg_emit_eq] e1=NonReloc info=0 e2=NonReloc info=1 r1=0 r2=1 freereg=2 nactvar=0 line=1
[cg_emit_eq] e1=NonReloc info=0 e2=NonReloc info=1 r1=0 r2=1 freereg=2 nactvar=0 line=1
[cg_emit_eq] e1=NonReloc info=0 e2=NonReloc info=1 r1=0 r2=1 freereg=2 nactvar=0 line=1
[cg_emit_eq] e1=NonReloc info=0 e2=NonReloc info=1 r1=0 r2=1 freereg=2 nactvar=0 line=1
[cg_emit_eq] e1=NonReloc info=0 e2=NonReloc info=1 r1=0 r2=1 freereg=2 nactvar=0 line=1
[cg_emit_eq] e1=NonReloc info=0 e2=NonReloc info=1 r1=0 r2=1 freereg=2 nactvar=0 line=1
[cg_emit_eq] e1=NonReloc info=0 e2=NonReloc info=1 r1=0 r2=1 freereg=2 nactvar=0 line=1
[cg_emit_eq] e1=NonReloc info=0 e2=NonReloc info=1 r1=0 r2=1 freereg=2 nactvar=0 line=1
[cg_emit_eq] e1=NonReloc info=0 e2=NonReloc info=1 r1=0 r2=1 freereg=2 nactvar=0 line=1
[cg_emit_eq] e1=NonReloc info=0 e2=NonReloc info=1 r1=0 r2=1 freereg=2 nactvar=0 line=1
[cg_emit_eq] e1=NonReloc info=0 e2=NonReloc info=1 r1=0 r2=1 freereg=2 nactvar=0 line=1
[cg_emit_eq] e1=NonReloc info=0 e2=NonReloc info=1 r1=0 r2=1 freereg=2 nactvar=0 line=1
[cg_emit_eq] e1=NonReloc info=0 e2=NonReloc info=1 r1=0 r2=1 freereg=2 nactvar=0 line=1
[cg_emit_eq] e1=NonReloc info=0 e2=NonReloc info=1 r1=0 r2=1 freereg=2 nactvar=0 line=1
[cg_emit_eq] e1=NonReloc info=0 e2=NonReloc info=1 r1=0 r2=1 freereg=2 nactvar=0 line=1
[cg_emit_eq] e1=NonReloc info=0 e2=NonReloc info=1 r1=0 r2=1 freereg=2 nactvar=0 line=1
[cg_emit_eq] e1=NonReloc info=0 e2=NonReloc info=1 r1=0 r2=1 freereg=2 nactvar=0 line=1
[cg_emit_eq] e1=NonReloc info=0 e2=KInt info=0 r1=0 r2=130 freereg=1 nactvar=0 line=1
[cg_emit_eq] e1=NonReloc info=0 e2=NonReloc info=1 r1=0 r2=1 freereg=2 nactvar=0 line=1
[cg_emit_eq] e1=NonReloc info=0 e2=KInt info=0 r1=0 r2=130 freereg=1 nactvar=0 line=1
[cg_emit_eq] e1=NonReloc info=0 e2=KInt info=0 r1=0 r2=227 freereg=1 nactvar=0 line=1
[cg_emit_eq] e1=NonReloc info=0 e2=NonReloc info=1 r1=0 r2=1 freereg=2 nactvar=0 line=1
[cg_emit_eq] e1=NonReloc info=0 e2=KInt info=0 r1=0 r2=227 freereg=1 nactvar=0 line=1
[cg_emit_eq] e1=NonReloc info=0 e2=NonReloc info=1 r1=0 r2=1 freereg=2 nactvar=0 line=1
[cg_emit_eq] e1=NonReloc info=0 e2=NonReloc info=1 r1=0 r2=1 freereg=2 nactvar=0 line=1
[cg_emit_eq] e1=NonReloc info=0 e2=NonReloc info=1 r1=0 r2=1 freereg=2 nactvar=0 line=1
[cg_emit_eq] e1=NonReloc info=0 e2=NonReloc info=1 r1=0 r2=1 freereg=2 nactvar=0 line=1
[cg_emit_eq] e1=NonReloc info=0 e2=NonReloc info=1 r1=0 r2=1 freereg=2 nactvar=0 line=1
[cg_emit_eq] e1=NonReloc info=0 e2=NonReloc info=1 r1=0 r2=1 freereg=2 nactvar=0 line=1
[cg_emit_eq] e1=NonReloc info=0 e2=NonReloc info=1 r1=0 r2=1 freereg=2 nactvar=0 line=1
[cg_emit_eq] e1=NonReloc info=0 e2=NonReloc info=1 r1=0 r2=1 freereg=2 nactvar=0 line=1
[cg_emit_eq] e1=NonReloc info=0 e2=NonReloc info=1 r1=0 r2=1 freereg=2 nactvar=0 line=1
[cg_emit_eq] e1=NonReloc info=0 e2=NonReloc info=1 r1=0 r2=1 freereg=2 nactvar=0 line=1
[cg_emit_eq] e1=NonReloc info=0 e2=NonReloc info=1 r1=0 r2=1 freereg=2 nactvar=0 line=1
[cg_emit_eq] e1=NonReloc info=0 e2=NonReloc info=1 r1=0 r2=1 freereg=2 nactvar=0 line=1
[cg_emit_eq] e1=NonReloc info=0 e2=NonReloc info=1 r1=0 r2=1 freereg=2 nactvar=0 line=1
[cg_emit_eq] e1=NonReloc info=0 e2=NonReloc info=1 r1=0 r2=1 freereg=2 nactvar=0 line=1
[cg_emit_eq] e1=NonReloc info=0 e2=NonReloc info=1 r1=0 r2=1 freereg=2 nactvar=0 line=1
[cg_emit_eq] e1=NonReloc info=0 e2=NonReloc info=1 r1=0 r2=1 freereg=2 nactvar=2 line=2
[cg_emit_eq] e1=NonReloc info=0 e2=KInt info=0 r1=0 r2=130 freereg=1 nactvar=0 line=1
[cg_emit_eq] e1=NonReloc info=0 e2=KInt info=0 r1=0 r2=130 freereg=1 nactvar=0 line=1
[cg_emit_eq] e1=NonReloc info=0 e2=KInt info=0 r1=0 r2=130 freereg=1 nactvar=0 line=1
[cg_emit_eq] e1=NonReloc info=0 e2=KInt info=0 r1=0 r2=227 freereg=1 nactvar=0 line=1
[cg_emit_eq] e1=NonReloc info=0 e2=KInt info=0 r1=0 r2=130 freereg=1 nactvar=0 line=1
[cg_emit_eq] e1=NonReloc info=0 e2=KInt info=0 r1=0 r2=130 freereg=1 nactvar=0 line=1
[cg_emit_eq] e1=NonReloc info=0 e2=NonReloc info=1 r1=0 r2=1 freereg=2 nactvar=0 line=1
[cg_emit_eq] e1=NonReloc info=0 e2=KInt info=0 r1=0 r2=130 freereg=1 nactvar=0 line=1
[cg_emit_eq] e1=NonReloc info=0 e2=KInt info=0 r1=0 r2=130 freereg=1 nactvar=0 line=1
[cg_emit_eq] e1=NonReloc info=0 e2=NonReloc info=1 r1=0 r2=1 freereg=2 nactvar=0 line=1
[cg_emit_eq] e1=NonReloc info=0 e2=KInt info=0 r1=0 r2=130 freereg=1 nactvar=0 line=1
[cg_emit_eq] e1=NonReloc info=0 e2=KInt info=0 r1=0 r2=130 freereg=1 nactvar=0 line=1
[cg_emit_eq] e1=NonReloc info=0 e2=NonReloc info=1 r1=0 r2=1 freereg=2 nactvar=0 line=1
[cg_emit_eq] e1=NonReloc info=0 e2=KInt info=0 r1=0 r2=130 freereg=1 nactvar=0 line=1
[cg_emit_eq] e1=NonReloc info=0 e2=KInt info=0 r1=0 r2=130 freereg=1 nactvar=0 line=1
[cg_emit_eq] e1=NonReloc info=0 e2=NonReloc info=1 r1=0 r2=1 freereg=2 nactvar=0 line=1
[cg_emit_eq] e1=NonReloc info=0 e2=KInt info=0 r1=0 r2=130 freereg=1 nactvar=0 line=1
[cg_emit_eq] e1=NonReloc info=0 e2=KInt info=0 r1=0 r2=130 freereg=1 nactvar=0 line=1
[cg_emit_eq] e1=NonReloc info=0 e2=NonReloc info=1 r1=0 r2=1 freereg=2 nactvar=0 line=1
[cg_emit_eq] e1=NonReloc info=0 e2=KInt info=0 r1=0 r2=130 freereg=1 nactvar=0 line=1
[cg_emit_eq] e1=NonReloc info=0 e2=KInt info=0 r1=0 r2=130 freereg=1 nactvar=0 line=1
[cg_emit_eq] e1=NonReloc info=0 e2=KInt info=0 r1=0 r2=130 freereg=1 nactvar=0 line=1
[cg_emit_eq] e1=NonReloc info=0 e2=KInt info=0 r1=0 r2=227 freereg=1 nactvar=0 line=1
[cg_emit_eq] e1=NonReloc info=0 e2=KInt info=0 r1=0 r2=227 freereg=1 nactvar=0 line=1
[cg_emit_eq] e1=NonReloc info=0 e2=KInt info=0 r1=0 r2=227 freereg=1 nactvar=0 line=1
[cg_emit_eq] e1=NonReloc info=0 e2=KInt info=0 r1=0 r2=227 freereg=1 nactvar=0 line=1
[cg_emit_eq] e1=NonReloc info=0 e2=KInt info=0 r1=0 r2=227 freereg=1 nactvar=0 line=1
[cg_emit_eq] e1=NonReloc info=0 e2=NonReloc info=1 r1=0 r2=1 freereg=2 nactvar=0 line=1
[cg_emit_eq] e1=NonReloc info=0 e2=KInt info=0 r1=0 r2=227 freereg=1 nactvar=0 line=1
[cg_emit_eq] e1=NonReloc info=0 e2=KInt info=0 r1=0 r2=227 freereg=1 nactvar=0 line=1
[cg_emit_eq] e1=NonReloc info=0 e2=NonReloc info=1 r1=0 r2=1 freereg=2 nactvar=0 line=1
[cg_emit_eq] e1=NonReloc info=0 e2=KInt info=0 r1=0 r2=227 freereg=1 nactvar=0 line=1
[cg_emit_eq] e1=NonReloc info=0 e2=KInt info=0 r1=0 r2=227 freereg=1 nactvar=0 line=1
[cg_emit_eq] e1=NonReloc info=0 e2=NonReloc info=1 r1=0 r2=1 freereg=2 nactvar=0 line=1
[cg_emit_eq] e1=NonReloc info=0 e2=KInt info=0 r1=0 r2=227 freereg=1 nactvar=0 line=1
[cg_emit_eq] e1=NonReloc info=0 e2=KInt info=0 r1=0 r2=227 freereg=1 nactvar=0 line=1
[cg_emit_eq] e1=NonReloc info=0 e2=NonReloc info=1 r1=0 r2=1 freereg=2 nactvar=0 line=1
[cg_emit_eq] e1=NonReloc info=0 e2=KInt info=0 r1=0 r2=227 freereg=1 nactvar=0 line=1
[cg_emit_eq] e1=NonReloc info=0 e2=KInt info=0 r1=0 r2=227 freereg=1 nactvar=0 line=1
[cg_emit_eq] e1=NonReloc info=0 e2=NonReloc info=1 r1=0 r2=1 freereg=2 nactvar=0 line=1
[cg_emit_eq] e1=NonReloc info=0 e2=KInt info=0 r1=0 r2=227 freereg=1 nactvar=0 line=1
[cg_emit_eq] e1=NonReloc info=0 e2=KInt info=0 r1=0 r2=227 freereg=1 nactvar=0 line=1
[cg_emit_eq] e1=NonReloc info=0 e2=KInt info=0 r1=0 r2=130 freereg=1 nactvar=0 line=1
[cg_emit_eq] e1=NonReloc info=0 e2=NonReloc info=1 r1=0 r2=1 freereg=2 nactvar=0 line=1
[cg_emit_eq] e1=NonReloc info=0 e2=NonReloc info=1 r1=0 r2=1 freereg=2 nactvar=0 line=1
[cg_emit_eq] e1=NonReloc info=0 e2=KInt info=0 r1=0 r2=227 freereg=1 nactvar=0 line=1
[cg_emit_eq] e1=NonReloc info=0 e2=NonReloc info=1 r1=0 r2=1 freereg=2 nactvar=0 line=1
[cg_emit_eq] e1=NonReloc info=0 e2=NonReloc info=1 r1=0 r2=1 freereg=2 nactvar=0 line=1
[cg_emit_eq] e1=NonReloc info=0 e2=NonReloc info=1 r1=0 r2=1 freereg=2 nactvar=0 line=1
[cg_emit_eq] e1=NonReloc info=0 e2=NonReloc info=1 r1=0 r2=1 freereg=2 nactvar=0 line=1
[cg_emit_eq] e1=NonReloc info=0 e2=NonReloc info=1 r1=0 r2=1 freereg=2 nactvar=0 line=1
[cg_emit_eq] e1=NonReloc info=0 e2=NonReloc info=1 r1=0 r2=1 freereg=2 nactvar=0 line=1
[cg_emit_eq] e1=NonReloc info=0 e2=NonReloc info=1 r1=0 r2=1 freereg=2 nactvar=0 line=1
[cg_emit_eq] e1=NonReloc info=0 e2=NonReloc info=1 r1=0 r2=1 freereg=2 nactvar=0 line=1
[cg_emit_eq] e1=NonReloc info=0 e2=NonReloc info=1 r1=0 r2=1 freereg=2 nactvar=0 line=1
[cg_emit_eq] e1=NonReloc info=0 e2=NonReloc info=1 r1=0 r2=1 freereg=2 nactvar=0 line=1
[cg_emit_eq] e1=NonReloc info=0 e2=NonReloc info=1 r1=0 r2=1 freereg=2 nactvar=0 line=1
[cg_emit_eq] e1=NonReloc info=0 e2=NonReloc info=1 r1=0 r2=1 freereg=2 nactvar=0 line=1
[cg_emit_eq] e1=NonReloc info=0 e2=NonReloc info=1 r1=0 r2=1 freereg=2 nactvar=0 line=1
[cg_emit_eq] e1=NonReloc info=0 e2=NonReloc info=1 r1=0 r2=1 freereg=2 nactvar=0 line=1
[cg_emit_eq] e1=NonReloc info=0 e2=NonReloc info=1 r1=0 r2=1 freereg=2 nactvar=0 line=1
[cg_emit_eq] e1=NonReloc info=0 e2=NonReloc info=1 r1=0 r2=1 freereg=2 nactvar=0 line=1
[cg_emit_eq] e1=NonReloc info=0 e2=NonReloc info=1 r1=0 r2=1 freereg=2 nactvar=0 line=1
[cg_emit_eq] e1=NonReloc info=0 e2=KInt info=0 r1=0 r2=130 freereg=1 nactvar=0 line=1
[cg_emit_eq] e1=NonReloc info=0 e2=NonReloc info=1 r1=0 r2=1 freereg=2 nactvar=0 line=1
[cg_emit_eq] e1=NonReloc info=0 e2=KInt info=0 r1=0 r2=130 freereg=1 nactvar=0 line=1
[cg_emit_eq] e1=NonReloc info=0 e2=KInt info=0 r1=0 r2=227 freereg=1 nactvar=0 line=1
[cg_emit_eq] e1=NonReloc info=0 e2=NonReloc info=1 r1=0 r2=1 freereg=2 nactvar=0 line=1
[cg_emit_eq] e1=NonReloc info=0 e2=KInt info=0 r1=0 r2=227 freereg=1 nactvar=0 line=1
[cg_emit_eq] e1=NonReloc info=0 e2=NonReloc info=1 r1=0 r2=1 freereg=2 nactvar=0 line=1
[cg_emit_eq] e1=NonReloc info=0 e2=NonReloc info=1 r1=0 r2=1 freereg=2 nactvar=0 line=1
[cg_emit_eq] e1=NonReloc info=0 e2=NonReloc info=1 r1=0 r2=1 freereg=2 nactvar=0 line=1
[cg_emit_eq] e1=NonReloc info=0 e2=NonReloc info=1 r1=0 r2=1 freereg=2 nactvar=0 line=1
[cg_emit_eq] e1=NonReloc info=0 e2=NonReloc info=1 r1=0 r2=1 freereg=2 nactvar=0 line=1
[cg_emit_eq] e1=NonReloc info=0 e2=NonReloc info=1 r1=0 r2=1 freereg=2 nactvar=0 line=1
[cg_emit_eq] e1=NonReloc info=0 e2=NonReloc info=1 r1=0 r2=1 freereg=2 nactvar=0 line=1
[cg_emit_eq] e1=NonReloc info=0 e2=NonReloc info=1 r1=0 r2=1 freereg=2 nactvar=0 line=1
[cg_emit_eq] e1=NonReloc info=0 e2=NonReloc info=1 r1=0 r2=1 freereg=2 nactvar=0 line=1
[cg_emit_eq] e1=NonReloc info=0 e2=NonReloc info=1 r1=0 r2=1 freereg=2 nactvar=0 line=1
[cg_emit_eq] e1=NonReloc info=0 e2=NonReloc info=1 r1=0 r2=1 freereg=2 nactvar=0 line=1
[cg_emit_eq] e1=NonReloc info=0 e2=NonReloc info=1 r1=0 r2=1 freereg=2 nactvar=0 line=1
[cg_emit_eq] e1=NonReloc info=0 e2=NonReloc info=1 r1=0 r2=1 freereg=2 nactvar=0 line=1
[cg_emit_eq] e1=NonReloc info=0 e2=NonReloc info=1 r1=0 r2=1 freereg=2 nactvar=0 line=1
[cg_emit_eq] e1=NonReloc info=0 e2=NonReloc info=1 r1=0 r2=1 freereg=2 nactvar=0 line=1
[cg_emit_eq] e1=NonReloc info=0 e2=KInt info=0 r1=0 r2=130 freereg=1 nactvar=0 line=1
[cg_emit_eq] e1=NonReloc info=0 e2=NonReloc info=1 r1=0 r2=1 freereg=2 nactvar=0 line=1
[cg_emit_eq] e1=NonReloc info=0 e2=KInt info=0 r1=0 r2=130 freereg=1 nactvar=0 line=1
[cg_emit_eq] e1=NonReloc info=0 e2=KInt info=0 r1=0 r2=227 freereg=1 nactvar=0 line=1
[cg_emit_eq] e1=NonReloc info=0 e2=NonReloc info=1 r1=0 r2=1 freereg=2 nactvar=0 line=1
[cg_emit_eq] e1=NonReloc info=0 e2=KInt info=0 r1=0 r2=227 freereg=1 nactvar=0 line=1
[cg_emit_eq] e1=NonReloc info=0 e2=NonReloc info=1 r1=0 r2=1 freereg=2 nactvar=0 line=1
[cg_emit_eq] e1=NonReloc info=0 e2=NonReloc info=1 r1=0 r2=1 freereg=2 nactvar=0 line=1
[cg_emit_eq] e1=NonReloc info=0 e2=NonReloc info=1 r1=0 r2=1 freereg=2 nactvar=0 line=1
[cg_emit_eq] e1=NonReloc info=0 e2=NonReloc info=1 r1=0 r2=1 freereg=2 nactvar=0 line=1
[cg_emit_eq] e1=NonReloc info=0 e2=NonReloc info=1 r1=0 r2=1 freereg=2 nactvar=0 line=1
[cg_emit_eq] e1=NonReloc info=0 e2=NonReloc info=1 r1=0 r2=1 freereg=2 nactvar=0 line=1
[cg_emit_eq] e1=NonReloc info=0 e2=NonReloc info=1 r1=0 r2=1 freereg=2 nactvar=0 line=1
[cg_emit_eq] e1=NonReloc info=0 e2=NonReloc info=1 r1=0 r2=1 freereg=2 nactvar=0 line=1
[cg_emit_eq] e1=NonReloc info=0 e2=NonReloc info=1 r1=0 r2=1 freereg=2 nactvar=0 line=1
[cg_emit_eq] e1=NonReloc info=0 e2=NonReloc info=1 r1=0 r2=1 freereg=2 nactvar=0 line=1
[cg_emit_eq] e1=NonReloc info=0 e2=NonReloc info=1 r1=0 r2=1 freereg=2 nactvar=0 line=1
[cg_emit_eq] e1=NonReloc info=0 e2=NonReloc info=1 r1=0 r2=1 freereg=2 nactvar=0 line=1
[cg_emit_eq] e1=NonReloc info=0 e2=NonReloc info=1 r1=0 r2=1 freereg=2 nactvar=0 line=1
[cg_emit_eq] e1=NonReloc info=0 e2=NonReloc info=1 r1=0 r2=1 freereg=2 nactvar=0 line=1
[cg_emit_eq] e1=NonReloc info=0 e2=NonReloc info=1 r1=0 r2=1 freereg=2 nactvar=0 line=1
[cg_emit_eq] e1=NonReloc info=0 e2=KInt info=0 r1=0 r2=130 freereg=1 nactvar=0 line=1
[cg_emit_eq] e1=NonReloc info=0 e2=NonReloc info=1 r1=0 r2=1 freereg=2 nactvar=0 line=1
[cg_emit_eq] e1=NonReloc info=0 e2=NonReloc info=1 r1=0 r2=1 freereg=2 nactvar=0 line=1
[cg_emit_eq] e1=NonReloc info=0 e2=KInt info=0 r1=0 r2=227 freereg=1 nactvar=0 line=1
[cg_emit_eq] e1=NonReloc info=0 e2=NonReloc info=1 r1=0 r2=1 freereg=2 nactvar=0 line=1
[cg_emit_eq] e1=NonReloc info=0 e2=NonReloc info=1 r1=0 r2=1 freereg=2 nactvar=0 line=1
[cg_emit_eq] e1=NonReloc info=0 e2=NonReloc info=1 r1=0 r2=1 freereg=2 nactvar=0 line=1
[cg_emit_eq] e1=NonReloc info=0 e2=NonReloc info=1 r1=0 r2=1 freereg=2 nactvar=0 line=1
[cg_emit_eq] e1=NonReloc info=0 e2=NonReloc info=1 r1=0 r2=1 freereg=2 nactvar=0 line=1
[cg_emit_eq] e1=NonReloc info=0 e2=NonReloc info=1 r1=0 r2=1 freereg=2 nactvar=0 line=1
[cg_emit_eq] e1=NonReloc info=0 e2=NonReloc info=1 r1=0 r2=1 freereg=2 nactvar=0 line=1
[cg_emit_eq] e1=NonReloc info=0 e2=NonReloc info=1 r1=0 r2=1 freereg=2 nactvar=0 line=1
[cg_emit_eq] e1=NonReloc info=0 e2=NonReloc info=1 r1=0 r2=1 freereg=2 nactvar=0 line=1
[cg_emit_eq] e1=NonReloc info=0 e2=NonReloc info=1 r1=0 r2=1 freereg=2 nactvar=0 line=1
[cg_emit_eq] e1=NonReloc info=0 e2=NonReloc info=1 r1=0 r2=1 freereg=2 nactvar=0 line=1
[cg_emit_eq] e1=NonReloc info=0 e2=NonReloc info=1 r1=0 r2=1 freereg=2 nactvar=0 line=1
[cg_emit_eq] e1=NonReloc info=0 e2=NonReloc info=1 r1=0 r2=1 freereg=2 nactvar=0 line=1
[cg_emit_eq] e1=NonReloc info=0 e2=NonReloc info=1 r1=0 r2=1 freereg=2 nactvar=0 line=1
[cg_emit_eq] e1=NonReloc info=0 e2=NonReloc info=1 r1=0 r2=1 freereg=2 nactvar=0 line=1
[cg_emit_eq] e1=NonReloc info=0 e2=NonReloc info=1 r1=0 r2=1 freereg=2 nactvar=0 line=1
[cg_emit_eq] e1=NonReloc info=0 e2=NonReloc info=1 r1=0 r2=1 freereg=2 nactvar=0 line=1
[cg_emit_eq] e1=NonReloc info=0 e2=KInt info=0 r1=0 r2=130 freereg=1 nactvar=0 line=1
[cg_emit_eq] e1=NonReloc info=0 e2=NonReloc info=1 r1=0 r2=1 freereg=2 nactvar=0 line=1
[cg_emit_eq] e1=NonReloc info=0 e2=KInt info=0 r1=0 r2=130 freereg=1 nactvar=0 line=1
[cg_emit_eq] e1=NonReloc info=0 e2=KInt info=0 r1=0 r2=227 freereg=1 nactvar=0 line=1
[cg_emit_eq] e1=NonReloc info=0 e2=NonReloc info=1 r1=0 r2=1 freereg=2 nactvar=0 line=1
[cg_emit_eq] e1=NonReloc info=0 e2=KInt info=0 r1=0 r2=227 freereg=1 nactvar=0 line=1
[cg_emit_eq] e1=NonReloc info=0 e2=NonReloc info=1 r1=0 r2=1 freereg=2 nactvar=0 line=1
[cg_emit_eq] e1=NonReloc info=0 e2=NonReloc info=1 r1=0 r2=1 freereg=2 nactvar=0 line=1
[cg_emit_eq] e1=NonReloc info=0 e2=NonReloc info=1 r1=0 r2=1 freereg=2 nactvar=0 line=1
[cg_emit_eq] e1=NonReloc info=0 e2=NonReloc info=1 r1=0 r2=1 freereg=2 nactvar=0 line=1
[cg_emit_eq] e1=NonReloc info=0 e2=NonReloc info=1 r1=0 r2=1 freereg=2 nactvar=0 line=1
[cg_emit_eq] e1=NonReloc info=0 e2=NonReloc info=1 r1=0 r2=1 freereg=2 nactvar=0 line=1
[cg_emit_eq] e1=NonReloc info=0 e2=NonReloc info=1 r1=0 r2=1 freereg=2 nactvar=0 line=1
[cg_emit_eq] e1=NonReloc info=0 e2=NonReloc info=1 r1=0 r2=1 freereg=2 nactvar=0 line=1
[cg_emit_eq] e1=NonReloc info=0 e2=NonReloc info=1 r1=0 r2=1 freereg=2 nactvar=0 line=1
[cg_emit_eq] e1=NonReloc info=0 e2=NonReloc info=1 r1=0 r2=1 freereg=2 nactvar=0 line=1
[cg_emit_eq] e1=NonReloc info=0 e2=NonReloc info=1 r1=0 r2=1 freereg=2 nactvar=0 line=1
[cg_emit_eq] e1=NonReloc info=0 e2=NonReloc info=1 r1=0 r2=1 freereg=2 nactvar=0 line=1
[cg_emit_eq] e1=NonReloc info=0 e2=NonReloc info=1 r1=0 r2=1 freereg=2 nactvar=0 line=1
[cg_emit_eq] e1=NonReloc info=0 e2=NonReloc info=1 r1=0 r2=1 freereg=2 nactvar=0 line=1
[cg_emit_eq] e1=NonReloc info=0 e2=NonReloc info=1 r1=0 r2=1 freereg=2 nactvar=0 line=1
[err] pcall_k failed: Runtime: [string "_soft = true..."]:234: assertion failed!
