[1/4] Creating LuaState...
[2/4] Opening standard library...
[3/4] Loading source (parse + compile)...
[cg_emit_eq] e1=NonReloc info=0 e2=NonReloc info=1 r1=0 r2=1 freereg=2 nactvar=0 line=7
[cg_emit_eq] e1=NonReloc info=2 e2=KInt info=0 r1=2 r2=157 freereg=3 nactvar=1 line=23
[cg_emit_eq] e1=NonReloc info=2 e2=KInt info=0 r1=2 r2=147 freereg=3 nactvar=1 line=23
[cg_emit_eq] e1=NonReloc info=2 e2=NonReloc info=3 r1=2 r2=3 freereg=4 nactvar=1 line=25
[cg_emit_eq] e1=NonReloc info=2 e2=KInt info=0 r1=2 r2=157 freereg=3 nactvar=1 line=27
[cg_emit_eq] e1=NonReloc info=2 e2=NonReloc info=3 r1=2 r2=3 freereg=4 nactvar=1 line=29
[cg_emit_eq] e1=NonReloc info=2 e2=NonReloc info=3 r1=2 r2=3 freereg=4 nactvar=1 line=30
[cg_emit_eq] e1=NonReloc info=2 e2=NonReloc info=3 r1=2 r2=3 freereg=4 nactvar=1 line=31
[cg_emit_eq] e1=NonReloc info=2 e2=NonReloc info=3 r1=2 r2=3 freereg=4 nactvar=1 line=34
[cg_emit_eq] e1=NonReloc info=2 e2=NonReloc info=3 r1=2 r2=3 freereg=4 nactvar=1 line=35
[cg_emit_eq] e1=NonReloc info=2 e2=NonReloc info=3 r1=2 r2=3 freereg=4 nactvar=1 line=37
[cg_emit_eq] e1=NonReloc info=2 e2=NonReloc info=3 r1=2 r2=3 freereg=4 nactvar=1 line=39
[cg_emit_eq] e1=NonReloc info=4 e2=NonReloc info=1 r1=4 r2=1 freereg=5 nactvar=3 line=42
[cg_emit_eq] e1=NonReloc info=4 e2=NonReloc info=2 r1=4 r2=2 freereg=5 nactvar=3 line=43
[cg_emit_eq] e1=NonReloc info=4 e2=NonReloc info=1 r1=4 r2=1 freereg=5 nactvar=3 line=44
[cg_emit_eq] e1=NonReloc info=4 e2=NonReloc info=5 r1=4 r2=5 freereg=6 nactvar=3 line=45
[cg_emit_eq] e1=NonReloc info=4 e2=NonReloc info=1 r1=4 r2=1 freereg=5 nactvar=3 line=46
[cg_emit_eq] e1=NonReloc info=4 e2=KInt info=0 r1=4 r2=137 freereg=5 nactvar=3 line=58
[cg_emit_eq] e1=NonReloc info=4 e2=KInt info=0 r1=4 r2=155 freereg=5 nactvar=3 line=58
[cg_emit_eq] e1=NonReloc info=4 e2=KInt info=0 r1=4 r2=154 freereg=5 nactvar=3 line=58
[cg_emit_eq] e1=NonReloc info=4 e2=NonReloc info=5 r1=4 r2=5 freereg=6 nactvar=3 line=58
[cg_emit_eq] e1=NonReloc info=4 e2=KInt info=0 r1=4 r2=154 freereg=5 nactvar=3 line=67
[cg_emit_eq] e1=NonReloc info=4 e2=KInt info=0 r1=4 r2=225 freereg=5 nactvar=3 line=67
[cg_emit_eq] e1=NonReloc info=4 e2=NonReloc info=5 r1=4 r2=5 freereg=6 nactvar=3 line=67
[cg_emit_eq] e1=NonReloc info=6 e2=KInt info=0 r1=6 r2=137 freereg=7 nactvar=5 line=74
[cg_emit_eq] e1=NonReloc info=5 e2=KInt info=0 r1=5 r2=137 freereg=6 nactvar=4 line=84
[cg_emit_eq] e1=NonReloc info=5 e2=KInt info=0 r1=5 r2=147 freereg=6 nactvar=4 line=84
[cg_emit_eq] e1=NonReloc info=5 e2=KInt info=0 r1=5 r2=217 freereg=6 nactvar=4 line=84
[cg_emit_eq] e1=NonReloc info=9 e2=NonReloc info=10 r1=9 r2=10 freereg=11 nactvar=8 line=85
[cg_emit_eq] e1=NonReloc info=5 e2=NonReloc info=6 r1=5 r2=6 freereg=7 nactvar=4 line=86
[cg_emit_eq] e1=NonReloc info=10 e2=NonReloc info=11 r1=10 r2=11 freereg=12 nactvar=9 line=96
[cg_emit_eq] e1=NonReloc info=4 e2=NonReloc info=1 r1=4 r2=1 freereg=7 nactvar=6 line=122
[cg_emit_eq] e1=NonReloc info=7 e2=NonReloc info=8 r1=7 r2=8 freereg=9 nactvar=6 line=122
[cg_emit_eq] e1=NonReloc info=7 e2=KInt info=0 r1=7 r2=128 freereg=8 nactvar=6 line=122
[cg_emit_eq] e1=NonReloc info=7 e2=NonReloc info=8 r1=7 r2=8 freereg=9 nactvar=6 line=122
[cg_emit_eq] e1=NonReloc info=4 e2=NonReloc info=1 r1=4 r2=1 freereg=7 nactvar=6 line=124
[cg_emit_eq] e1=NonReloc info=7 e2=NonReloc info=8 r1=7 r2=8 freereg=9 nactvar=6 line=124
[cg_emit_eq] e1=NonReloc info=2 e2=NonReloc info=3 r1=2 r2=3 freereg=4 nactvar=1 line=154
[cg_emit_eq] e1=NonReloc info=7 e2=NonReloc info=8 r1=7 r2=8 freereg=9 nactvar=5 line=156
[cg_emit_eq] e1=NonReloc info=6 e2=NonReloc info=7 r1=6 r2=7 freereg=8 nactvar=5 line=157
[cg_emit_eq] e1=NonReloc info=7 e2=NonReloc info=4 r1=7 r2=4 freereg=8 nactvar=6 line=164
[cg_emit_eq] e1=NonReloc info=7 e2=NonReloc info=8 r1=7 r2=8 freereg=9 nactvar=6 line=165
[cg_emit_eq] e1=NonReloc info=7 e2=NonReloc info=4 r1=7 r2=4 freereg=8 nactvar=6 line=166
[cg_emit_eq] e1=NonReloc info=7 e2=KInt info=0 r1=7 r2=132 freereg=8 nactvar=6 line=167
[cg_emit_eq] e1=NonReloc info=7 e2=NonReloc info=8 r1=7 r2=8 freereg=9 nactvar=6 line=168
[cg_emit_eq] e1=NonReloc info=7 e2=NonReloc info=2 r1=7 r2=2 freereg=8 nactvar=6 line=169
[cg_emit_eq] e1=NonReloc info=7 e2=KInt info=0 r1=7 r2=132 freereg=8 nactvar=6 line=170
[cg_emit_eq] e1=NonReloc info=7 e2=NonReloc info=8 r1=7 r2=8 freereg=9 nactvar=6 line=171
[cg_emit_eq] e1=NonReloc info=7 e2=NonReloc info=1 r1=7 r2=1 freereg=8 nactvar=6 line=172
[cg_emit_eq] e1=NonReloc info=7 e2=NonReloc info=1 r1=7 r2=1 freereg=8 nactvar=6 line=173
[cg_emit_eq] e1=NonReloc info=7 e2=NonReloc info=1 r1=7 r2=1 freereg=8 nactvar=6 line=174
[cg_emit_eq] e1=NonReloc info=7 e2=NonReloc info=1 r1=7 r2=1 freereg=8 nactvar=6 line=175
[cg_emit_eq] e1=NonReloc info=7 e2=NonReloc info=1 r1=7 r2=1 freereg=8 nactvar=6 line=176
[cg_emit_eq] e1=NonReloc info=1 e2=NonReloc info=2 r1=1 r2=2 freereg=3 nactvar=0 line=177
[cg_emit_eq] e1=NonReloc info=1 e2=KInt info=0 r1=1 r2=137 freereg=2 nactvar=0 line=178
[cg_emit_eq] e1=NonReloc info=1 e2=NonReloc info=2 r1=1 r2=2 freereg=3 nactvar=0 line=179
[cg_emit_eq] e1=NonReloc info=7 e2=NonReloc info=1 r1=7 r2=1 freereg=8 nactvar=6 line=180
[cg_emit_eq] e1=NonReloc info=7 e2=NonReloc info=8 r1=7 r2=8 freereg=9 nactvar=6 line=181
[cg_emit_eq] e1=NonReloc info=1 e2=KInt info=0 r1=1 r2=137 freereg=2 nactvar=0 line=182
[cg_emit_eq] e1=NonReloc info=7 e2=NonReloc info=1 r1=7 r2=1 freereg=8 nactvar=6 line=183
[cg_emit_eq] e1=NonReloc info=7 e2=NonReloc info=1 r1=7 r2=1 freereg=8 nactvar=6 line=184
[cg_emit_eq] e1=NonReloc info=7 e2=NonReloc info=1 r1=7 r2=1 freereg=8 nactvar=6 line=185
[cg_emit_eq] e1=NonReloc info=7 e2=KInt info=0 r1=7 r2=131 freereg=8 nactvar=6 line=186
[cg_emit_eq] e1=NonReloc info=7 e2=NonReloc info=8 r1=7 r2=8 freereg=9 nactvar=6 line=187
[cg_emit_eq] e1=NonReloc info=7 e2=NonReloc info=1 r1=7 r2=1 freereg=8 nactvar=6 line=188
[cg_emit_eq] e1=NonReloc info=7 e2=NonReloc info=1 r1=7 r2=1 freereg=8 nactvar=6 line=189
[cg_emit_eq] e1=NonReloc info=7 e2=NonReloc info=1 r1=7 r2=1 freereg=8 nactvar=6 line=190
[cg_emit_eq] e1=NonReloc info=7 e2=NonReloc info=8 r1=7 r2=8 freereg=9 nactvar=6 line=191
[cg_emit_eq] e1=NonReloc info=7 e2=KInt info=0 r1=7 r2=137 freereg=8 nactvar=6 line=202
[cg_emit_eq] e1=NonReloc info=7 e2=KInt info=0 r1=7 r2=130 freereg=8 nactvar=6 line=202
[cg_emit_eq] e1=NonReloc info=7 e2=KInt info=0 r1=7 r2=130 freereg=8 nactvar=6 line=203
[cg_emit_eq] e1=NonReloc info=7 e2=NonReloc info=8 r1=7 r2=8 freereg=9 nactvar=6 line=209
[cg_emit_eq] e1=NonReloc info=2 e2=NonReloc info=4 r1=2 r2=4 freereg=5 nactvar=3 line=215
[cg_emit_eq] e1=NonReloc info=3 e2=NonReloc info=4 r1=3 r2=4 freereg=5 nactvar=3 line=216
[cg_emit_eq] e1=NonReloc info=3 e2=NonReloc info=4 r1=3 r2=4 freereg=5 nactvar=3 line=217
[cg_emit_eq] e1=NonReloc info=2 e2=NonReloc info=4 r1=2 r2=4 freereg=5 nactvar=3 line=222
[cg_emit_eq] e1=NonReloc info=3 e2=NonReloc info=4 r1=3 r2=4 freereg=5 nactvar=3 line=223
[cg_emit_eq] e1=NonReloc info=3 e2=NonReloc info=4 r1=3 r2=4 freereg=5 nactvar=3 line=224
[cg_emit_eq] e1=NonReloc info=2 e2=NonReloc info=4 r1=2 r2=4 freereg=5 nactvar=3 line=229
[cg_emit_eq] e1=NonReloc info=3 e2=NonReloc info=4 r1=3 r2=4 freereg=5 nactvar=3 line=230
[cg_emit_eq] e1=NonReloc info=3 e2=NonReloc info=4 r1=3 r2=4 freereg=5 nactvar=3 line=231
[cg_emit_eq] e1=NonReloc info=0 e2=NonReloc info=1 r1=0 r2=1 freereg=3 nactvar=3 line=232
[cg_emit_eq] e1=NonReloc info=4 e2=NonReloc info=5 r1=4 r2=5 freereg=6 nactvar=3 line=250
[cg_emit_eq] e1=NonReloc info=4 e2=NonReloc info=5 r1=4 r2=5 freereg=6 nactvar=3 line=250
[cg_emit_eq] e1=NonReloc info=4 e2=NonReloc info=5 r1=4 r2=5 freereg=6 nactvar=3 line=251
[cg_emit_eq] e1=NonReloc info=4 e2=NonReloc info=5 r1=4 r2=5 freereg=6 nactvar=3 line=251
[cg_emit_eq] e1=NonReloc info=0 e2=NonReloc info=0 r1=0 r2=0 freereg=4 nactvar=3 line=252
[cg_emit_eq] e1=NonReloc info=0 e2=NonReloc info=1 r1=0 r2=1 freereg=4 nactvar=3 line=252
[cg_emit_eq] e1=NonReloc info=4 e2=NonReloc info=2 r1=4 r2=2 freereg=5 nactvar=3 line=253
[cg_emit_eq] e1=NonReloc info=2 e2=NonReloc info=3 r1=2 r2=3 freereg=4 nactvar=2 line=276
[cg_emit_eq] e1=NonReloc info=2 e2=NonReloc info=3 r1=2 r2=3 freereg=4 nactvar=2 line=300
[cg_emit_eq] e1=NonReloc info=9 e2=NonReloc info=11 r1=9 r2=11 freereg=12 nactvar=10 line=304
[cg_emit_eq] e1=NonReloc info=11 e2=NonReloc info=12 r1=11 r2=12 freereg=13 nactvar=10 line=307
[cg_emit_eq] e1=NonReloc info=11 e2=NonReloc info=12 r1=11 r2=12 freereg=13 nactvar=10 line=308
[cg_emit_eq] e1=NonReloc info=11 e2=NonReloc info=12 r1=11 r2=12 freereg=13 nactvar=10 line=309
[cg_emit_eq] e1=NonReloc info=11 e2=NonReloc info=12 r1=11 r2=12 freereg=13 nactvar=10 line=313
[cg_emit_eq] e1=NonReloc info=11 e2=NonReloc info=12 r1=11 r2=12 freereg=14 nactvar=13 line=321
[cg_emit_eq] e1=NonReloc info=2 e2=NonReloc info=3 r1=2 r2=3 freereg=4 nactvar=2 line=322
[cg_emit_eq] e1=NonReloc info=11 e2=NonReloc info=12 r1=11 r2=12 freereg=14 nactvar=13 line=323
[cg_emit_eq] e1=NonReloc info=10 e2=NonReloc info=11 r1=10 r2=11 freereg=14 nactvar=13 line=334
[cg_emit_eq] e1=NonReloc info=10 e2=NonReloc info=12 r1=10 r2=12 freereg=14 nactvar=13 line=334
[cg_emit_eq] e1=NonReloc info=2 e2=NonReloc info=3 r1=2 r2=3 freereg=4 nactvar=2 line=339
[cg_emit_eq] e1=NonReloc info=10 e2=NonReloc info=12 r1=10 r2=12 freereg=14 nactvar=13 line=344
[cg_emit_eq] e1=NonReloc info=12 e2=NonReloc info=10 r1=12 r2=10 freereg=14 nactvar=13 line=344
[cg_emit_eq] e1=NonReloc info=10 e2=NonReloc info=11 r1=10 r2=11 freereg=14 nactvar=13 line=344
[cg_emit_eq] e1=NonReloc info=11 e2=NonReloc info=10 r1=11 r2=10 freereg=14 nactvar=13 line=345
[cg_emit_eq] e1=NonReloc info=11 e2=NonReloc info=12 r1=11 r2=12 freereg=14 nactvar=13 line=345
[cg_emit_eq] e1=NonReloc info=12 e2=NonReloc info=11 r1=12 r2=11 freereg=14 nactvar=13 line=345
[cg_emit_eq] e1=NonReloc info=11 e2=NonReloc info=14 r1=11 r2=14 freereg=15 nactvar=13 line=346
[cg_emit_eq] e1=NonReloc info=19 e2=NonReloc info=17 r1=19 r2=17 freereg=20 nactvar=18 line=352
[cg_emit_eq] e1=NonReloc info=2 e2=NonReloc info=4 r1=2 r2=4 freereg=5 nactvar=3 line=357
[cg_emit_eq] e1=NonReloc info=3 e2=NonReloc info=4 r1=3 r2=4 freereg=5 nactvar=3 line=358
[cg_emit_eq] e1=NonReloc info=3 e2=NonReloc info=4 r1=3 r2=4 freereg=5 nactvar=3 line=359
[cg_emit_eq] e1=NonReloc info=11 e2=NonReloc info=12 r1=11 r2=12 freereg=13 nactvar=10 line=370
[cg_emit_eq] e1=NonReloc info=11 e2=NonReloc info=12 r1=11 r2=12 freereg=13 nactvar=10 line=371
[cg_emit_eq] e1=NonReloc info=11 e2=NonReloc info=12 r1=11 r2=12 freereg=13 nactvar=10 line=374
[cg_emit_eq] e1=NonReloc info=11 e2=NonReloc info=2 r1=11 r2=2 freereg=12 nactvar=10 line=376
[cg_emit_eq] e1=NonReloc info=11 e2=NonReloc info=12 r1=11 r2=12 freereg=13 nactvar=10 line=376
[cg_emit_eq] e1=NonReloc info=11 e2=NonReloc info=12 r1=11 r2=12 freereg=13 nactvar=10 line=378
[cg_emit_eq] e1=NonReloc info=3 e2=NonReloc info=4 r1=3 r2=4 freereg=5 nactvar=2 line=385
[cg_emit_eq] e1=NonReloc info=1 e2=NonReloc info=3 r1=1 r2=3 freereg=4 nactvar=2 line=385
[cg_emit_eq] e1=NonReloc info=3 e2=NonReloc info=4 r1=3 r2=4 freereg=5 nactvar=2 line=385
[cg_emit_eq] e1=NonReloc info=0 e2=NonReloc info=3 r1=0 r2=3 freereg=4 nactvar=2 line=385
[cg_emit_eq] e1=NonReloc info=12 e2=NonReloc info=3 r1=12 r2=3 freereg=13 nactvar=11 line=388
[cg_emit_eq] e1=NonReloc info=12 e2=NonReloc info=3 r1=12 r2=3 freereg=13 nactvar=11 line=388
[cg_emit_eq] e1=NonReloc info=12 e2=NonReloc info=3 r1=12 r2=3 freereg=13 nactvar=11 line=389
[cg_emit_eq] e1=NonReloc info=12 e2=NonReloc info=3 r1=12 r2=3 freereg=13 nactvar=11 line=389
[cg_emit_eq] e1=NonReloc info=13 e2=NonReloc info=14 r1=13 r2=14 freereg=16 nactvar=15 line=400
[cg_emit_eq] e1=NonReloc info=13 e2=NonReloc info=14 r1=13 r2=14 freereg=16 nactvar=15 line=405
[cg_emit_eq] e1=NonReloc info=15 e2=KInt info=0 r1=15 r2=130 freereg=21 nactvar=20 line=426
[cg_emit_eq] e1=NonReloc info=21 e2=KInt info=0 r1=21 r2=130 freereg=22 nactvar=20 line=426
[cg_emit_eq] e1=NonReloc info=21 e2=KInt info=0 r1=21 r2=132 freereg=22 nactvar=20 line=426
[cg_emit_eq] e1=NonReloc info=21 e2=KInt info=0 r1=21 r2=147 freereg=22 nactvar=20 line=429
[cg_emit_eq] e1=NonReloc info=22 e2=KInt info=0 r1=22 r2=128 freereg=23 nactvar=21 line=442
[cg_emit_eq] e1=NonReloc info=22 e2=KInt info=0 r1=22 r2=128 freereg=23 nactvar=21 line=442
[cg_emit_eq] e1=NonReloc info=22 e2=NonReloc info=23 r1=22 r2=23 freereg=24 nactvar=21 line=450
[cg_emit_eq] e1=NonReloc info=22 e2=KInt info=0 r1=22 r2=140 freereg=23 nactvar=21 line=451
[cg_emit_eq] e1=NonReloc info=22 e2=KInt info=0 r1=22 r2=140 freereg=23 nactvar=21 line=452
[cg_emit_eq] e1=NonReloc info=22 e2=KInt info=0 r1=22 r2=130 freereg=23 nactvar=21 line=453
[cg_emit_eq] e1=NonReloc info=22 e2=NonReloc info=23 r1=22 r2=23 freereg=24 nactvar=21 line=455
[cg_emit_eq] e1=NonReloc info=22 e2=NonReloc info=23 r1=22 r2=23 freereg=24 nactvar=21 line=458
[cg_emit_eq] e1=NonReloc info=23 e2=NonReloc info=24 r1=23 r2=24 freereg=25 nactvar=21 line=460
[cg_emit_eq] e1=NonReloc info=23 e2=NonReloc info=24 r1=23 r2=24 freereg=25 nactvar=21 line=461
[cg_emit_eq] e1=NonReloc info=22 e2=NonReloc info=23 r1=22 r2=23 freereg=24 nactvar=21 line=463
[cg_emit_eq] e1=NonReloc info=22 e2=NonReloc info=23 r1=22 r2=23 freereg=24 nactvar=21 line=466
[cg_emit_eq] e1=NonReloc info=22 e2=KInt info=0 r1=22 r2=139 freereg=23 nactvar=21 line=468
[cg_emit_eq] e1=NonReloc info=22 e2=KInt info=0 r1=22 r2=151 freereg=23 nactvar=21 line=469
[cg_emit_eq] e1=NonReloc info=22 e2=KInt info=0 r1=22 r2=130 freereg=23 nactvar=21 line=470
[cg_emit_eq] e1=NonReloc info=22 e2=NonReloc info=23 r1=22 r2=23 freereg=24 nactvar=21 line=472
[cg_emit_eq] e1=NonReloc info=22 e2=NonReloc info=23 r1=22 r2=23 freereg=24 nactvar=21 line=493
[cg_emit_eq] e1=NonReloc info=22 e2=NonReloc info=23 r1=22 r2=23 freereg=24 nactvar=21 line=493
[cg_emit_eq] e1=NonReloc info=22 e2=KInt info=0 r1=22 r2=137 freereg=23 nactvar=21 line=493
[4/4] Executing chunk...
testing metatables
[err] pcall_k failed: Runtime: [string "_soft = true..."]:96: assertion failed!
