[1/4] Creating LuaState...
[2/4] Opening standard library...
[3/4] Loading source (parse + compile)...
[4/4] Executing chunk...
testing metatables

 >>> testC not active: skipping tests for userdata <<<

[DBG concat] top-2-type=Discriminant(5) top-1=Table(GcRef(Gc(0x6000001fd080)))
[DBG concat] top-2-type=Discriminant(5) top-1=ef8g
[DBG concat] top-2-type=Discriminant(5) top-1=def8g
[DBG concat] top-2-type=Discriminant(5) top-1=Table(GcRef(Gc(0x6000001fd080)))
[DBG concat] top-2-type=Discriminant(5) top-1=Table(GcRef(Gc(0x6000001fd0e0)))
[DBG concat] top-2-type=Discriminant(5) top-1=Table(GcRef(Gc(0x6000001fd200)))
[DBG concat] top-2-type=Discriminant(5) top-1=Table(GcRef(Gc(0x6000001fd080)))
[DBG concat] top-2-type=Discriminant(5) top-1=efg
[DBG concat] top-2-type=Discriminant(5) top-1=Table(GcRef(Gc(0x6000001fd320)))
[DBG concat] top-2-type=Discriminant(4) top-1=Table(GcRef(Gc(0x6000001fd380)))
[DBG concat] top-2-type=Discriminant(4) top-1=Table(GcRef(Gc(0x6000001fd3e0)))
[DBG concat] top-2-type=Discriminant(2) top-1=Table(GcRef(Gc(0x6000001fd440)))
[DBG concat] top-2-type=Discriminant(5) top-1=Int(5)
[DBG concat] top-2-type=Discriminant(2) top-1=Table(GcRef(Gc(0x6000001fd500)))
[DBG concat] top-2-type=Discriminant(5) top-1=Int(5)
[DBG concat] top-2-type=Discriminant(2) top-1=Table(GcRef(Gc(0x6000001fd500)))
[DBG concat] top-2-type=Discriminant(2) top-1=Table(GcRef(Gc(0x6000001fd500)))
[DBG concat] top-2-type=Discriminant(2) top-1=Table(GcRef(Gc(0x6000001fd500)))
[DBG concat] top-2-type=Discriminant(2) top-1=Table(GcRef(Gc(0x6000001fd500)))
[DBG concat] top-2-type=Discriminant(2) top-1=Table(GcRef(Gc(0x6000001fd500)))
+
+
OK
[ok] execution completed, status=Ok
