[1/4] Creating LuaState...
[2/4] Opening standard library...
[3/4] Loading source (parse + compile)...
[4/4] Executing chunk...
testing numbers and math lib
64-bit integers, 53-bit (mantissa) floats
testing order (floats cannot represent all integers)
DBG: end of fmax block (line 240)
DBG: after checkcompt block (line 295)
DBG: after f2i block (line 327)
DBG: line 331-pre
DBG: line 332
DBG: line 333
DBG: line 334
DBG: line 335
DBG: after numeric string tests (line 335)
DBG: line 343
DBG: line 357
DBG: line 361
DBG: line 364
DBG: line 368
DBG: after tonumber overflow tests (line 371)
DBG: after invalid tonumber tests (line 470)
DBG: after hex/float numerals (line 526)
DBG: after mod operator tests (line 557)
DBG: after math fn tests (line 666)
testing -0 and NaN
[err] pcall_k failed: Runtime: [string "_soft = true..."]:820: assertion failed!
