[1/4] Creating LuaState...
[2/4] Opening standard library...
[3/4] Loading source (parse + compile)...
[4/4] Executing chunk...
testing metatables

 >>> testC not active: skipping tests for userdata <<<

[DBG concat] top-2-type=Discriminant(5) top-1=Table(GcRef(Gc(0x600003c60600)))
[DBG concat] top-2-type=Discriminant(5) top-1=ef8g
[DBG concat] top-2-type=Discriminant(5) top-1=def8g
[DBG concat] top-2-type=Discriminant(5) top-1=Table(GcRef(Gc(0x600003c60600)))
[DBG concat] top-2-type=Discriminant(5) top-1=Table(GcRef(Gc(0x600003c60660)))
[DBG concat] top-2-type=Discriminant(5) top-1=Table(GcRef(Gc(0x600003c606c0)))
[DBG concat] top-2-type=Discriminant(5) top-1=Table(GcRef(Gc(0x600003c60600)))
[DBG concat] top-2-type=Discriminant(5) top-1=efg
[DBG concat] top-2-type=Discriminant(5) top-1=Table(GcRef(Gc(0x600003c607e0)))
[DBG concat] top-2-type=Discriminant(4) top-1=Table(GcRef(Gc(0x600003c60840)))
[DBG concat] top-2-type=Discriminant(4) top-1=Table(GcRef(Gc(0x600003c608a0)))
[DBG concat] top-2-type=Discriminant(2) top-1=Table(GcRef(Gc(0x600003c60900)))
[DBG concat] top-2-type=Discriminant(5) top-1=Int(5)
[DBG concat] top-2-type=Discriminant(2) top-1=Table(GcRef(Gc(0x600003c609c0)))
[DBG concat] top-2-type=Discriminant(5) top-1=Int(5)
[DBG concat] top-2-type=Discriminant(2) top-1=Table(GcRef(Gc(0x600003c609c0)))
[DBG concat] top-2-type=Discriminant(2) top-1=Table(GcRef(Gc(0x600003c609c0)))
[DBG concat] top-2-type=Discriminant(2) top-1=Table(GcRef(Gc(0x600003c609c0)))
[DBG concat] top-2-type=Discriminant(2) top-1=Table(GcRef(Gc(0x600003c609c0)))
[DBG concat] top-2-type=Discriminant(2) top-1=Table(GcRef(Gc(0x600003c609c0)))
+
+
OK
[ok] execution completed, status=Ok
