[1/4] Creating LuaState...
[2/4] Opening standard library...
[DBG] collect_via_heap: force=false snapshot.len=0
[DBG] collect_via_heap: force=false snapshot.len=0
[DBG] collect_via_heap: force=false snapshot.len=0
[DBG] collect_via_heap: force=false snapshot.len=0
[DBG] collect_via_heap: force=false snapshot.len=0
[DBG] collect_via_heap: force=false snapshot.len=0
[DBG] collect_via_heap: force=false snapshot.len=0
[DBG] collect_via_heap: force=false snapshot.len=0
[DBG] collect_via_heap: force=false snapshot.len=0
[DBG] collect_via_heap: force=false snapshot.len=0
[DBG] collect_via_heap: force=false snapshot.len=0
[DBG] collect_via_heap: force=false snapshot.len=0
[DBG] collect_via_heap: force=false snapshot.len=0
[DBG] collect_via_heap: force=false snapshot.len=0
[DBG] collect_via_heap: force=false snapshot.len=0
[DBG] collect_via_heap: force=false snapshot.len=0
[DBG] collect_via_heap: force=false snapshot.len=0
[DBG] collect_via_heap: force=false snapshot.len=0
[DBG] collect_via_heap: force=false snapshot.len=0
[DBG] collect_via_heap: force=false snapshot.len=0
[DBG] collect_via_heap: force=false snapshot.len=0
[DBG] collect_via_heap: force=false snapshot.len=0
[DBG] collect_via_heap: force=false snapshot.len=0
[DBG] collect_via_heap: force=false snapshot.len=0
[DBG] collect_via_heap: force=false snapshot.len=0
[DBG] collect_via_heap: force=false snapshot.len=0
[DBG] collect_via_heap: force=false snapshot.len=0
[DBG] collect_via_heap: force=false snapshot.len=0
[DBG] collect_via_heap: force=false snapshot.len=0
[DBG] collect_via_heap: force=false snapshot.len=0
[DBG] collect_via_heap: force=false snapshot.len=0
[DBG] collect_via_heap: force=false snapshot.len=0
[DBG] collect_via_heap: force=false snapshot.len=0
[DBG] collect_via_heap: force=false snapshot.len=0
[DBG] collect_via_heap: force=false snapshot.len=0
[3/4] Loading source (parse + compile)...
[4/4] Executing chunk...
[DBG] collect_via_heap: force=false snapshot.len=0
[DBG] collect_via_heap: force=false snapshot.len=0
[DBG] collect_via_heap: force=false snapshot.len=0
[DBG] collect_via_heap: force=false snapshot.len=0
[DBG] collect_via_heap: force=false snapshot.len=0
[DBG] collect_via_heap: force=false snapshot.len=0
[DBG] collect_via_heap: force=false snapshot.len=0
[DBG] collect_via_heap: force=false snapshot.len=0
[DBG] collect_via_heap: force=false snapshot.len=0
[DBG] collect_via_heap: force=false snapshot.len=0
[DBG] collect_via_heap: force=false snapshot.len=0
[DBG] collect_via_heap: force=false snapshot.len=0
[DBG] collect_via_heap: force=false snapshot.len=0
[DBG] collect_via_heap: force=false snapshot.len=0
[DBG] collect_via_heap: force=false snapshot.len=0
[DBG] collect_via_heap: force=false snapshot.len=0
[DBG] collect_via_heap: force=false snapshot.len=0
[DBG] collect_via_heap: force=false snapshot.len=0
[DBG] collect_via_heap: force=false snapshot.len=0
[DBG] collect_via_heap: force=false snapshot.len=0
[DBG] collect_via_heap: force=false snapshot.len=0
[DBG] collect_via_heap: force=false snapshot.len=0
[DBG] collect_via_heap: force=false snapshot.len=0
[DBG] collect_via_heap: force=false snapshot.len=0
[DBG] collect_via_heap: force=false snapshot.len=0
[DBG] collect_via_heap: force=false snapshot.len=0
===@Y test===
st=	false
msg=	stdin:21: @Y
[DBG] collect_via_heap: force=false snapshot.len=0
match=	stdin:21: @Y
[DBG] collect_via_heap: force=false snapshot.len=0
[DBG] collect_via_heap: force=false snapshot.len=0
[DBG] collect_via_heap: force=false snapshot.len=0
[DBG] collect_via_heap: force=false snapshot.len=0
[DBG] collect_via_heap: force=false snapshot.len=0
[DBG] collect_via_heap: force=false snapshot.len=0
[DBG] collect_via_heap: force=false snapshot.len=0
[DBG] collect_via_heap: force=false snapshot.len=0
[DBG] collect_via_heap: force=false snapshot.len=0
[DBG] collect_via_heap: force=false snapshot.len=0
[DBG] collect_via_heap: force=false snapshot.len=0
[DBG] collect_via_heap: force=false snapshot.len=0
[DBG] collect_via_heap: force=false snapshot.len=0
[DBG] collect_via_heap: force=false snapshot.len=0
[DBG] collect_via_heap: force=false snapshot.len=0
[DBG] collect_via_heap: force=false snapshot.len=0
[DBG] collect_via_heap: force=false snapshot.len=0
[DBG] collect_via_heap: force=false snapshot.len=0
[DBG] collect_via_heap: force=false snapshot.len=0
[DBG] collect_via_heap: force=false snapshot.len=0
===@x123 test===
st=	false
msg=	stdin:43: @x123
stack traceback:
	[C]: in function 'error'
	stdin:43: in metamethod 'close'
	stdin:44: in function <stdin:42>
	[C]: in function 'xpcall'
	stdin:46: in main chunk
[DBG] collect_via_heap: force=false snapshot.len=0
match1=	stdin:43: @x123
find2=	71	91
[ok] execution completed, status=Ok
