[1/4] Creating LuaState...
[2/4] Opening standard library...
[3/4] Loading chunk 1/1 (parse + compile)...
[4/4] Executing chunk 1/1...

	Starting Tests
random seeds: 1779593019, 0
current path:
****/Users/ianmclaughlin/PycharmProjects/rustExperiments/lua-rs-port/harness/impl/official/?.lua;/Users/ianmclaughlin/PycharmProjects/rustExperiments/lua-rs-port/harness/impl/official/?/init.lua;/Users/ianmclaughlin/PycharmProjects/rustExperiments/lua-rs-port/reference/lua-c/testes/?.lua;/Users/ianmclaughlin/PycharmProjects/rustExperiments/lua-rs-port/reference/lua-c/testes/?/init.lua;./?.lua;./?/init.lua****

    ---- total memory: 29.9K, max memory: 29.9K ----

time: 0 (+0)

***** FILE 'main.lua'*****

***** FILE 'gc.lua'*****
.testing incremental garbage collection
..................................................................creating many objects
................................functions with errors
long strings
steps
steps (2)
....clearing tables
................weak tables
...............................+
.....lua: pcall_k failed: Runtime: gc.lua:469: assertion failed!
