[1/4] Creating LuaState...
[2/4] Opening standard library...
[3/4] Loading source (parse + compile)...
[4/4] Executing chunk...
testing i/o
+

thread 'main' (14073487) panicked at crates/lua-vm/src/debug.rs:1983:14:
ci_lua_proto: call frame does not hold a Lua closure
stack backtrace:
   0: __rustc::rust_begin_unwind
             at /rustc/254b59607d4417e9dffbc307138ae5c86280fe4c/library/std/src/panicking.rs:689:5
   1: core::panicking::panic_fmt
             at /rustc/254b59607d4417e9dffbc307138ae5c86280fe4c/library/core/src/panicking.rs:80:14
   2: lua_vm::debug::ci_lua_proto
             at ./crates/lua-vm/src/debug.rs:1983:14
   3: lua_vm::debug::funcname_from_call
             at ./crates/lua-vm/src/debug.rs:1329:21
   4: lua_vm::debug::get_func_name
             at ./crates/lua-vm/src/debug.rs:820:5
   5: lua_vm::debug::aux_get_info
             at ./crates/lua-vm/src/debug.rs:871:31
   6: lua_vm::debug::get_info
             at ./crates/lua-vm/src/debug.rs:951:18
   7: <lua_vm::state::LuaState as lua_stdlib::state_stub::LuaStateStubExt>::get_info
             at ./crates/lua-stdlib/src/state_stub.rs:1152:18
   8: lua_stdlib::auxlib::arg_error
             at ./crates/lua-stdlib/src/auxlib.rs:357:11
   9: lua_stdlib::auxlib::type_error_arg
             at ./crates/lua-stdlib/src/auxlib.rs:417:5
  10: lua_stdlib::auxlib::check_udata
             at ./crates/lua-stdlib/src/auxlib.rs:587:13
  11: <lua_vm::state::LuaState as lua_stdlib::state_stub::LuaStateStubExt>::check_arg_userdata
             at ./crates/lua-stdlib/src/state_stub.rs:1123:9
  12: lua_stdlib::io_lib::get_lstream
             at ./crates/lua-stdlib/src/io_lib.rs:405:20
  13: lua_stdlib::io_lib::tofile
             at ./crates/lua-stdlib/src/io_lib.rs:414:16
  14: lua_stdlib::io_lib::f_close
             at ./crates/lua-stdlib/src/io_lib.rs:586:13
  15: lua_stdlib::io_lib::io_close
             at ./crates/lua-stdlib/src/io_lib.rs:597:5
  16: lua_vm::do_::precall
             at ./crates/lua-vm/src/do_.rs:943:25
  17: lua_vm::state::LuaState::precall
             at ./crates/lua-vm/src/state.rs:1799:9
  18: lua_vm::vm::execute
             at ./crates/lua-vm/src/vm.rs:2271:37
  19: lua_vm::do_::ccall_inner
  20: lua_vm::do_::callnoyield
             at ./crates/lua-vm/src/do_.rs:1050:5
  21: lua_vm::state::LuaState::call_no_yield
             at ./crates/lua-vm/src/state.rs:1793:9
  22: lua_vm::state::LuaState::protected_call_raw::{{closure}}
             at ./crates/lua-vm/src/state.rs:1761:19
  23: lua_vm::do_::raw_run_protected
             at ./crates/lua-vm/src/do_.rs:212:18
  24: lua_vm::do_::pcall
             at ./crates/lua-vm/src/do_.rs:1534:28
  25: lua_vm::state::LuaState::protected_call_raw
             at ./crates/lua-vm/src/state.rs:1759:22
  26: lua_vm::api::pcall_k
             at ./crates/lua-vm/src/api.rs:1791:11
  27: lua_rs::main::{{closure}}
             at ./crates/lua-cli/src/main.rs:357:28
  28: core::ops::function::FnOnce::call_once
             at /Users/ianmclaughlin/.rustup/toolchains/stable-aarch64-apple-darwin/lib/rustlib/src/rust/library/core/src/ops/function.rs:250:5
  29: <core::panic::unwind_safe::AssertUnwindSafe<F> as core::ops::function::FnOnce<()>>::call_once
             at /Users/ianmclaughlin/.rustup/toolchains/stable-aarch64-apple-darwin/lib/rustlib/src/rust/library/core/src/panic/unwind_safe.rs:274:9
  30: std::panicking::catch_unwind::do_call
             at /Users/ianmclaughlin/.rustup/toolchains/stable-aarch64-apple-darwin/lib/rustlib/src/rust/library/std/src/panicking.rs:581:40
  31: std::panicking::catch_unwind
             at /Users/ianmclaughlin/.rustup/toolchains/stable-aarch64-apple-darwin/lib/rustlib/src/rust/library/std/src/panicking.rs:544:19
  32: std::panic::catch_unwind
             at /Users/ianmclaughlin/.rustup/toolchains/stable-aarch64-apple-darwin/lib/rustlib/src/rust/library/std/src/panic.rs:359:14
  33: lua_rs::main
             at ./crates/lua-cli/src/main.rs:332:18
  34: core::ops::function::FnOnce::call_once
             at /Users/ianmclaughlin/.rustup/toolchains/stable-aarch64-apple-darwin/lib/rustlib/src/rust/library/core/src/ops/function.rs:250:5
note: Some details are omitted, run with `RUST_BACKTRACE=full` for a verbose backtrace.
[panic] ci_lua_proto: call frame does not hold a Lua closure
