  all                  PASS
  api                  PASS
  attrib               PASS
  big                  PASS
  bitwise              PASS
  bwcoercion           PASS
  calls                PASS
  calls_head313        PASS
  calls_isolated_tmp   PASS
  closure              PASS
  code                 PASS
  constructs           PASS
  coroutine            PASS
  cstack               PASS
  db                   PASS
  errors               PASS
  events               PASS
  files-debug          PASS
  files                PASS
  gc                   PASS
  gc_part              PASS
  gctmp                PASS
  gengc                PASS
  goto                 PASS
  heavy                PASS
  literals             PASS
  locals               PASS
  main                 PASS
  math                 PASS
  nextvar              PASS
  pm                   PASS
  repro_closure        PASS
  sort                 PASS
  sort_repro           PASS
  strings              PASS
  strings_part1        PASS
  test1                PASS
  test_bitor2          PASS
  test_weak            PASS
  tpack                PASS
  tracegc              PASS
  utf8                 PASS
  vararg               PASS
  verybig              PASS

==========================================
  Version: 5.4
  Total:    44 official tests
  Pass:     44  (100%)
  Fail:      0
  Timeout:   0
  TSV:     /Users/ianmclaughlin/PycharmProjects/rustExperiments/lua-rs-port/harness/impl/official/run_all.tsv
==========================================
