  canary_a_table_barrier         incremental     PASS
  canary_a_table_barrier         generational    PASS
  canary_b_coro_upvalue          incremental     PASS
  canary_b_coro_upvalue          generational    PASS
  canary_c_finalizer_gen         incremental     PASS
  canary_c_finalizer_gen         generational    PASS
  canary_d_weak_gen              incremental     PASS
  canary_d_weak_gen              generational    PASS
  canary_e_mode_switch           incremental     PASS
  canary_e_mode_switch           generational    PASS
  canary_f_testc_gengc_age       incremental     FAIL  /Users/ianmclaughlin/PycharmProjects/rustExperiments/lua-rs-port/target/debug/lua-rs: ...1wn34z0rz8lrg9w0sjc0000gp/T//lu
  canary_f_testc_gengc_age       generational    FAIL  /Users/ianmclaughlin/PycharmProjects/rustExperiments/lua-rs-port/target/debug/lua-rs: ...1wn34z0rz8lrg9w0sjc0000gp/T//lu
  canary_g_testc_gcstate         incremental     PASS
  canary_g_testc_gcstate         generational    PASS
  canary_h_testc_warn_store      incremental     PASS
  canary_h_testc_warn_store      generational    PASS
  canary_i_testc_weak_finalizer_values incremental     PASS
  canary_i_testc_weak_finalizer_values generational    PASS
  canary_j_testc_sweep_uservalue_barrier incremental     PASS
  canary_j_testc_sweep_uservalue_barrier generational    PASS
  canary_k_testc_accounting      incremental     PASS
  canary_k_testc_accounting      generational    PASS
  canary_l_testc_minor_stats     incremental     FAIL  /Users/ianmclaughlin/PycharmProjects/rustExperiments/lua-rs-port/target/debug/lua-rs: ...1wn34z0rz8lrg9w0sjc0000gp/T//lu
  canary_l_testc_minor_stats     generational    FAIL  /Users/ianmclaughlin/PycharmProjects/rustExperiments/lua-rs-port/target/debug/lua-rs: ...1wn34z0rz8lrg9w0sjc0000gp/T//lu
  canary_m_testc_finalizer_cohorts incremental     FAIL  /Users/ianmclaughlin/PycharmProjects/rustExperiments/lua-rs-port/target/debug/lua-rs: ...1wn34z0rz8lrg9w0sjc0000gp/T//lu
  canary_m_testc_finalizer_cohorts generational    FAIL  /Users/ianmclaughlin/PycharmProjects/rustExperiments/lua-rs-port/target/debug/lua-rs: ...1wn34z0rz8lrg9w0sjc0000gp/T//lu
  canary_n_testc_weak_registry   incremental     FAIL  /Users/ianmclaughlin/PycharmProjects/rustExperiments/lua-rs-port/target/debug/lua-rs: ...1wn34z0rz8lrg9w0sjc0000gp/T//lu
  canary_n_testc_weak_registry   generational    FAIL  /Users/ianmclaughlin/PycharmProjects/rustExperiments/lua-rs-port/target/debug/lua-rs: ...1wn34z0rz8lrg9w0sjc0000gp/T//lu
  canary_o_testc_callfin_finalizers incremental     PASS
  canary_o_testc_callfin_finalizers generational    PASS
  canary_p_deadkey_tombstone     incremental     PASS
  canary_p_deadkey_tombstone     generational    PASS
  canary_q_coro_traceback_root   incremental     PASS
  canary_q_coro_traceback_root   generational    PASS
  canary_r_weak_erased_deadkey   incremental     PASS
  canary_r_weak_erased_deadkey   generational    PASS
---
TSV: /Users/ianmclaughlin/PycharmProjects/rustExperiments/lua-rs-port/harness/canaries/gc/results.tsv
