warning: unused import: `std::rc::Rc`
   --> crates/lua-types/src/value.rs:353:9
    |
353 |     use std::rc::Rc;
    |         ^^^^^^^^^^^
    |
    = note: `#[warn(unused_imports)]` (part of `#[warn(unused)]`) on by default

warning: function `same_rc` is never used
   --> crates/lua-types/src/value.rs:352:4
    |
352 | fn same_rc(a: &LuaValue, b: &LuaValue) -> bool {
    |    ^^^^^^^
    |
    = note: `#[warn(dead_code)]` (part of `#[warn(unused)]`) on by default

warning: unused imports: `CallInfoIdx`, `CallInfo`, and `GlobalState`
  --> crates/lua-vm/src/api.rs:16:44
   |
16 | use crate::state::{LuaState, LuaCFunction, GlobalState, CallInfo, CallInfoIdx, StackIdx,
   |                                            ^^^^^^^^^^^  ^^^^^^^^  ^^^^^^^^^^^
   |
   = note: `#[warn(unused_imports)]` (part of `#[warn(unused)]`) on by default

warning: unused import: `UpVal`
  --> crates/lua-vm/src/api.rs:21:70
   |
21 |     LuaValue, LuaType, LuaError, LuaString, LuaUserData, LuaClosure, UpVal,
   |                                                                      ^^^^^

warning: unused imports: `CIST_C`, `LuaTable`, and `UpVal`
  --> crates/lua-vm/src/debug.rs:14:69
   |
14 |     CallInfo, GcRef, LuaClosure, LuaClosureLua, LuaProto, LuaState, LuaTable, LuaValue,
   |                                                                     ^^^^^^^^
15 |     UpVal, CIST_C, CIST_FIN, CIST_HOOKED, CIST_HOOKYIELD, CIST_TAIL, CIST_TRAN,
   |     ^^^^^  ^^^^^^

warning: unused import: `std::rc::Rc`
  --> crates/lua-vm/src/func.rs:35:5
   |
35 | use std::rc::Rc;
   |     ^^^^^^^^^^^

warning: unused import: `tagmethods::TagMethod`
  --> crates/lua-vm/src/func.rs:42:5
   |
42 |     tagmethods::TagMethod,
   |     ^^^^^^^^^^^^^^^^^^^^^

warning: unused import: `lua_types::value::F2Imod`
  --> crates/lua-vm/src/object.rs:13:5
   |
13 | use lua_types::value::F2Imod;
   |     ^^^^^^^^^^^^^^^^^^^^^^^^

warning: unused import: `std::rc::Rc`
  --> crates/lua-vm/src/table.rs:44:5
   |
44 | use std::rc::Rc;
   |     ^^^^^^^^^^^

warning: unused import: `LuaClosure`
  --> crates/lua-vm/src/undump.rs:22:26
   |
22 | use lua_types::closure::{LuaClosure, LuaLClosure};
   |                          ^^^^^^^^^^

warning: unused import: `lua_types::upval::UpVal`
  --> crates/lua-vm/src/undump.rs:23:5
   |
23 | use lua_types::upval::UpVal;
   |     ^^^^^^^^^^^^^^^^^^^^^^^

warning: unnecessary parentheses around method argument
    --> crates/lua-vm/src/vm.rs:2347:54
     |
2347 | ...                   state.ci_adjust_func(ci, (nextraargs as i32 + nparams1 as i32));
     |                                                ^                                   ^
     |
     = note: `#[warn(unused_parens)]` (part of `#[warn(unused)]`) on by default
help: remove these parentheses
     |
2347 -                             state.ci_adjust_func(ci, (nextraargs as i32 + nparams1 as i32));
2347 +                             state.ci_adjust_func(ci, nextraargs as i32 + nparams1 as i32);
     |

warning: unreachable statement
   --> crates/lua-vm/src/object.rs:271:9
    |
270 |         let _tm: TagMethod = todo!("phase-b: TagMethod::from_arith_op");
    |                              ------------------------------------------ any code following this expression is unreachable
271 |         let _ = state;
    |         ^^^^^^^^^^^^^^ unreachable statement
    |
    = note: `#[warn(unreachable_code)]` (part of `#[warn(unused)]`) on by default

warning: unreachable statement
   --> crates/lua-vm/src/tagmethods.rs:257:5
    |
255 |     let tm: LuaValue = todo!("phase-b: LuaTable::get_short_str");
    |                        ----------------------------------------- any code following this expression is unreachable
256 |     // C: lua_assert(event <= TM_EQ);
257 |     debug_assert!((event as u8) <= (TagMethod::Eq as u8));
    |     ^^^^^^^^^^^^^^^^^^^^^^^^^^^^^^^^^^^^^^^^^^^^^^^^^^^^^ unreachable statement
    |
    = note: this warning originates in the macro `debug_assert` (in Nightly builds, run with -Z macro-backtrace for more info)

warning: unused import: `LuaStringRefExt`
  --> crates/lua-vm/src/api.rs:18:40
   |
18 |     LuaTableRefExt, LuaUserDataRefExt, LuaStringRefExt,
   |                                        ^^^^^^^^^^^^^^^

warning: unused import: `LuaLClosureRefExt`
  --> crates/lua-vm/src/api.rs:19:5
   |
19 |     LuaLClosureRefExt, LuaClosureExt, LuaProtoExt};
   |     ^^^^^^^^^^^^^^^^^

warning: unused import: `LuaClosureExt`
  --> crates/lua-vm/src/api.rs:19:24
   |
19 |     LuaLClosureRefExt, LuaClosureExt, LuaProtoExt};
   |                        ^^^^^^^^^^^^^

warning: unused import: `LuaProtoExt`
  --> crates/lua-vm/src/api.rs:19:39
   |
19 |     LuaLClosureRefExt, LuaClosureExt, LuaProtoExt};
   |                                       ^^^^^^^^^^^

warning: unused variable: `state`
    --> crates/lua-vm/src/debug.rs:1277:47
     |
1277 | fn in_stack(ci: &CallInfo, val_idx: StackIdx, state: &LuaState) -> i32 {
     |                                               ^^^^^ help: if this is intentional, prefix it with an underscore: `_state`
     |
     = note: `#[warn(unused_variables)]` (part of `#[warn(unused)]`) on by default

warning: unused variable: `state`
   --> crates/lua-vm/src/do_.rs:181:21
    |
181 | pub(crate) fn throw(state: &mut LuaState, errcode: LuaStatus) -> ! {
    |                     ^^^^^ help: if this is intentional, prefix it with an underscore: `_state`

warning: unused variable: `state`
    --> crates/lua-vm/src/do_.rs:1600:5
     |
1600 |     state: &mut LuaState,
     |     ^^^^^ help: if this is intentional, prefix it with an underscore: `_state`

warning: unused variable: `state`
  --> crates/lua-vm/src/func.rs:78:5
   |
78 |     state: &mut LuaState,
   |     ^^^^^ help: if this is intentional, prefix it with an underscore: `_state`

warning: unused variable: `valid_end`
   --> crates/lua-vm/src/object.rs:389:9
    |
389 |     let valid_end = idx;
    |         ^^^^^^^^^ help: if this is intentional, prefix it with an underscore: `_valid_end`

warning: variable does not need to be mutable
    --> crates/lua-vm/src/object.rs:1007:9
     |
1007 |     let mut write_bytes = |out: &mut [u8], written: &mut usize, bytes: &[u8]| {
     |         ----^^^^^^^^^^^
     |         |
     |         help: remove this `mut`
     |
     = note: `#[warn(unused_mut)]` (part of `#[warn(unused)]`) on by default

warning: variable does not need to be mutable
    --> crates/lua-vm/src/state.rs:3075:9
     |
3075 |     let mut status = if status == LuaStatus::Yield as i32 {
     |         ----^^^^^^
     |         |
     |         help: remove this `mut`

warning: unused variable: `state`
   --> crates/lua-vm/src/string.rs:833:5
    |
833 |     state: &mut LuaState,
    |     ^^^^^ help: if this is intentional, prefix it with an underscore: `_state`

warning: unused variable: `state`
   --> crates/lua-vm/src/table.rs:599:9
    |
599 |         state: &mut LuaState,
    |         ^^^^^ help: if this is intentional, prefix it with an underscore: `_state`

warning: value assigned to `new_hash_node` is never read
   --> crates/lua-vm/src/table.rs:866:49
    |
866 |         let mut new_hash_node: Vec<TableNode> = Vec::new();
    |                                                 ^^^^^^^^^^
    |
    = help: maybe it is overwritten before being read?
    = note: `#[warn(unused_assignments)]` (part of `#[warn(unused)]`) on by default

warning: value assigned to `new_hash_lsize` is never read
   --> crates/lua-vm/src/table.rs:867:38
    |
867 |         let mut new_hash_lsize: u8 = 0;
    |                                      ^
    |
    = help: maybe it is overwritten before being read?

warning: value assigned to `new_hash_lastfree` is never read
   --> crates/lua-vm/src/table.rs:868:52
    |
868 |         let mut new_hash_lastfree: Option<usize> = None;
    |                                                    ^^^^
    |
    = help: maybe it is overwritten before being read?

warning: unused variable: `event`
   --> crates/lua-vm/src/tagmethods.rs:250:5
    |
250 |     event: TagMethod,
    |     ^^^^^ help: if this is intentional, prefix it with an underscore: `_event`

warning: unused variable: `tm`
   --> crates/lua-vm/src/tagmethods.rs:255:9
    |
255 |     let tm: LuaValue = todo!("phase-b: LuaTable::get_short_str");
    |         ^^ help: if this is intentional, prefix it with an underscore: `_tm`

warning: unused variable: `s`
   --> crates/lua-vm/src/undump.rs:130:15
    |
130 | fn load_error(s: &LoadState<'_>, why: &'static str) -> LuaError {
    |               ^ help: if this is intentional, prefix it with an underscore: `_s`

warning: value assigned to `trap` is never read
    --> crates/lua-vm/src/vm.rs:2071:25
     |
2071 |                         trap = state.ci_trap(ci);
     |                         ^^^^^^^^^^^^^^^^^^^^^^^^
     |
     = help: maybe it is overwritten before being read?

warning: value assigned to `trap` is never read
    --> crates/lua-vm/src/vm.rs:2342:29
     |
2342 | ...                   trap = state.ci_trap(ci);
     |                       ^^^^^^^^^^^^^^^^^^^^^^^^
     |
     = help: maybe it is overwritten before being read?

warning: constant `ALPHABIT` is never used
  --> crates/lua-vm/src/ctype.rs:32:7
   |
32 | const ALPHABIT: u32 = 0;
   |       ^^^^^^^^
   |
   = note: `#[warn(dead_code)]` (part of `#[warn(unused)]`) on by default

warning: constant `DIGITBIT` is never used
  --> crates/lua-vm/src/ctype.rs:35:7
   |
35 | const DIGITBIT: u32 = 1;
   |       ^^^^^^^^

warning: constant `PRINTBIT` is never used
  --> crates/lua-vm/src/ctype.rs:38:7
   |
38 | const PRINTBIT: u32 = 2;
   |       ^^^^^^^^

warning: constant `SPACEBIT` is never used
  --> crates/lua-vm/src/ctype.rs:41:7
   |
41 | const SPACEBIT: u32 = 3;
   |       ^^^^^^^^

warning: constant `XDIGITBIT` is never used
  --> crates/lua-vm/src/ctype.rs:44:7
   |
44 | const XDIGITBIT: u32 = 4;
   |       ^^^^^^^^^

warning: static `CTYPE_TABLE` is never used
  --> crates/lua-vm/src/ctype.rs:67:19
   |
67 | pub(crate) static CTYPE_TABLE: [u8; 257] = [
   |                   ^^^^^^^^^^^

warning: function `test_prop` is never used
   --> crates/lua-vm/src/ctype.rs:160:4
    |
160 | fn test_prop(c: i32, mask: u8) -> bool {
    |    ^^^^^^^^^

warning: function `lislalpha` is never used
   --> crates/lua-vm/src/ctype.rs:174:15
    |
174 | pub(crate) fn lislalpha(c: i32) -> bool {
    |               ^^^^^^^^^

warning: function `lislalnum` is never used
   --> crates/lua-vm/src/ctype.rs:182:15
    |
182 | pub(crate) fn lislalnum(c: i32) -> bool {
    |               ^^^^^^^^^

warning: function `lisdigit` is never used
   --> crates/lua-vm/src/ctype.rs:190:15
    |
190 | pub(crate) fn lisdigit(c: i32) -> bool {
    |               ^^^^^^^^

warning: function `lisspace` is never used
   --> crates/lua-vm/src/ctype.rs:199:15
    |
199 | pub(crate) fn lisspace(c: i32) -> bool {
    |               ^^^^^^^^

warning: function `lisprint` is never used
   --> crates/lua-vm/src/ctype.rs:207:15
    |
207 | pub(crate) fn lisprint(c: i32) -> bool {
    |               ^^^^^^^^

warning: function `lisxdigit` is never used
   --> crates/lua-vm/src/ctype.rs:215:15
    |
215 | pub(crate) fn lisxdigit(c: i32) -> bool {
    |               ^^^^^^^^^

warning: function `ltolower` is never used
   --> crates/lua-vm/src/ctype.rs:230:15
    |
230 | pub(crate) fn ltolower(c: i32) -> i32 {
    |               ^^^^^^^^

warning: constant `LUA_MASKCALL` is never used
  --> crates/lua-vm/src/debug.rs:52:7
   |
52 | const LUA_MASKCALL: u8 = 1 << 0;  // C: (1 << LUA_HOOKCALL)
   |       ^^^^^^^^^^^^

warning: constant `LUA_YIELD_STATUS` is never used
  --> crates/lua-vm/src/debug.rs:60:7
   |
60 | const LUA_YIELD_STATUS: i32 = 1;
   |       ^^^^^^^^^^^^^^^^

warning: function `runtime_from_top` is never used
   --> crates/lua-vm/src/debug.rs:151:4
    |
151 | fn runtime_from_top(state: &mut crate::state::LuaState) -> LuaError {
    |    ^^^^^^^^^^^^^^^^

warning: function `concat_error` is never used
    --> crates/lua-vm/src/debug.rs:1500:15
     |
1500 | pub(crate) fn concat_error(
     |               ^^^^^^^^^^^^

warning: function `error_msg` is never used
    --> crates/lua-vm/src/debug.rs:1640:15
     |
1640 | pub(crate) fn error_msg(state: &mut LuaState) -> Result<(), LuaError> {
     |               ^^^^^^^^^

warning: function `run_error` is never used
    --> crates/lua-vm/src/debug.rs:1672:15
     |
1672 | pub(crate) fn run_error(state: &mut LuaState, msg: Vec<u8>) -> Result<(), LuaError> {
     |               ^^^^^^^^^

warning: function `throw` is never used
   --> crates/lua-vm/src/do_.rs:181:15
    |
181 | pub(crate) fn throw(state: &mut LuaState, errcode: LuaStatus) -> ! {
    |               ^^^^^

warning: function `inc_top` is never used
   --> crates/lua-vm/src/do_.rs:380:15
    |
380 | pub(crate) fn inc_top(state: &mut LuaState) -> Result<(), LuaError> {
    |               ^^^^^^^

warning: constant `MAX_UPVAL` is never used
  --> crates/lua-vm/src/func.rs:61:18
   |
61 | pub(crate) const MAX_UPVAL: u8 = 255;
   |                  ^^^^^^^^^

warning: constant `MAX_MISS` is never used
  --> crates/lua-vm/src/func.rs:66:18
   |
66 | pub(crate) const MAX_MISS: u32 = 10;
   |                  ^^^^^^^^

warning: function `new_c_closure` is never used
  --> crates/lua-vm/src/func.rs:77:15
   |
77 | pub(crate) fn new_c_closure(
   |               ^^^^^^^^^^^^^

warning: function `new_lua_closure` is never used
   --> crates/lua-vm/src/func.rs:111:15
    |
111 | pub(crate) fn new_lua_closure(
    |               ^^^^^^^^^^^^^^^

warning: function `unlink_upval` is never used
   --> crates/lua-vm/src/func.rs:434:15
    |
434 | pub(crate) fn unlink_upval(state: &mut LuaState, uv: &GcRef<UpVal>) {
    |               ^^^^^^^^^^^^

warning: function `new_proto` is never used
   --> crates/lua-vm/src/func.rs:569:15
    |
569 | pub(crate) fn new_proto(state: &mut LuaState) -> GcRef<crate::state::LuaProto> {
    |               ^^^^^^^^^

warning: function `free_proto` is never used
   --> crates/lua-vm/src/func.rs:602:15
    |
602 | pub(crate) fn free_proto(_state: &mut LuaState, _f: GcRef<crate::state::LuaProto>) {
    |               ^^^^^^^^^^

warning: constant `DUMMY_C_FUNCTION_IDX` is never used
   --> crates/lua-vm/src/func.rs:678:7
    |
678 | const DUMMY_C_FUNCTION_IDX: crate::state::LuaCFnPtr = usize::MAX;
    |       ^^^^^^^^^^^^^^^^^^^^

warning: constant `L_MAX_LEN_NUM` is never used
  --> crates/lua-vm/src/object.rs:26:7
   |
26 | const L_MAX_LEN_NUM: usize = 200;
   |       ^^^^^^^^^^^^^

warning: constant `CIST_YPCALL` is never used
  --> crates/lua-vm/src/state.rs:95:18
   |
95 | pub(crate) const CIST_YPCALL: u16 = 1 << 4;
   |                  ^^^^^^^^^^^

warning: constant `CIST_CLSRET` is never used
   --> crates/lua-vm/src/state.rs:100:18
    |
100 | pub(crate) const CIST_CLSRET: u16 = 1 << 9;
    |                  ^^^^^^^^^^^

warning: constant `CIST_RECST` is never used
   --> crates/lua-vm/src/state.rs:101:18
    |
101 | pub(crate) const CIST_RECST: u32 = 10;
    |                  ^^^^^^^^^^

warning: constant `LUA_RIDX_MAINTHREAD` is never used
   --> crates/lua-vm/src/state.rs:105:18
    |
105 | pub(crate) const LUA_RIDX_MAINTHREAD: i64 = 1;
    |                  ^^^^^^^^^^^^^^^^^^^

warning: constant `LUA_RIDX_GLOBALS` is never used
   --> crates/lua-vm/src/state.rs:106:18
    |
106 | pub(crate) const LUA_RIDX_GLOBALS: i64 = 2;
    |                  ^^^^^^^^^^^^^^^^

warning: constant `LUA_RIDX_LAST` is never used
   --> crates/lua-vm/src/state.rs:108:18
    |
108 | pub(crate) const LUA_RIDX_LAST: usize = 2;
    |                  ^^^^^^^^^^^^^

warning: constant `LUA_EXTRASPACE` is never used
   --> crates/lua-vm/src/state.rs:115:7
    |
115 | const LUA_EXTRASPACE: usize = std::mem::size_of::<*mut ()>();
    |       ^^^^^^^^^^^^^^

warning: function `inc_c_stack` is never used
    --> crates/lua-vm/src/state.rs:2664:15
     |
2664 | pub(crate) fn inc_c_stack(state: &mut LuaState) -> Result<(), LuaError> {
     |               ^^^^^^^^^^^

warning: function `free_thread` is never used
    --> crates/lua-vm/src/state.rs:3015:15
     |
3015 | pub(crate) fn free_thread(caller: &mut LuaState, thread: &mut LuaState) {
     |               ^^^^^^^^^^^

warning: function `warn_error` is never used
    --> crates/lua-vm/src/state.rs:3416:15
     |
3416 | pub(crate) fn warn_error(state: &mut LuaState, where_: &[u8]) {
     |               ^^^^^^^^^^

warning: type alias `LocalGcRef` is never used
  --> crates/lua-vm/src/string.rs:37:6
   |
37 | type LocalGcRef<T> = Rc<T>;
   |      ^^^^^^^^^^

warning: field `hash` is never read
   --> crates/lua-vm/src/string.rs:158:5
    |
147 | pub struct LuaStringImpl {
    |            ------------- field in this struct
...
158 |     hash: Cell<u32>,
    |     ^^^^

warning: function `eq_long_str` is never used
   --> crates/lua-vm/src/string.rs:360:15
    |
360 | pub(crate) fn eq_long_str(a: &LuaStringImpl, b: &LuaStringImpl) -> bool {
    |               ^^^^^^^^^^^

warning: function `hash_long_str` is never used
   --> crates/lua-vm/src/string.rs:442:15
    |
442 | pub(crate) fn hash_long_str(ts: &LuaStringImpl) -> u32 {
    |               ^^^^^^^^^^^^^

warning: function `clear_cache` is never used
   --> crates/lua-vm/src/string.rs:546:15
    |
546 | pub(crate) fn clear_cache(g: &mut GlobalState) {
    |               ^^^^^^^^^^^

warning: function `create_long_str` is never used
   --> crates/lua-vm/src/string.rs:636:15
    |
636 | pub(crate) fn create_long_str(state: &mut LuaState, l: usize) -> GcRef<LuaStringImpl> {
    |               ^^^^^^^^^^^^^^^

warning: function `remove_str` is never used
   --> crates/lua-vm/src/string.rs:667:15
    |
667 | pub(crate) fn remove_str(state: &mut LuaState, ts: &LuaStringImpl) {
    |               ^^^^^^^^^^

warning: function `new_userdata` is never used
   --> crates/lua-vm/src/string.rs:832:15
    |
832 | pub(crate) fn new_userdata(
    |               ^^^^^^^^^^^^

warning: methods `set_key_nil` and `key_is_collectable` are never used
   --> crates/lua-vm/src/table.rs:169:8
    |
136 | impl TableNode {
    | -------------- methods in this implementation
...
169 |     fn set_key_nil(&mut self) { self.key = LuaValue::Nil; }
    |        ^^^^^^^^^^^
...
178 |     fn key_is_collectable(&self) -> bool {
    |        ^^^^^^^^^^^^^^^^^^

warning: method `is_absent` is never used
   --> crates/lua-vm/src/table.rs:214:8
    |
212 | impl TableSlotRef {
    | ----------------- method in this implementation
213 |     // C: isabstkey(slot)
214 |     fn is_absent(self) -> bool { matches!(self, TableSlotRef::Absent) }
    |        ^^^^^^^^^

warning: method `free_hash` is never used
   --> crates/lua-vm/src/table.rs:688:8
    |
254 | impl LuaTable {
    | ------------- method in this implementation
...
688 |     fn free_hash(&mut self) {
    |        ^^^^^^^^^

warning: function `get_tm` is never used
   --> crates/lua-vm/src/tagmethods.rs:248:15
    |
248 | pub(crate) fn get_tm(
    |               ^^^^^^

warning: field `name` is never read
   --> crates/lua-vm/src/undump.rs:105:5
    |
 97 | struct LoadState<'a> {
    |        --------- field in this struct
...
105 |     name: Vec<u8>,
    |     ^^^^

warning: function pointer comparisons do not produce meaningful results since their addresses are not guaranteed to be unique
    --> crates/lua-vm/src/api.rs:1181:61
     |
1181 |             match g.c_functions.iter().position(|&existing| existing == f) {
     |                                                             ^^^^^^^^^^^^^
     |
     = note: the address of the same function can vary between different codegen units
     = note: furthermore, different functions could have the same address after being merged together
     = note: for more information visit <https://doc.rust-lang.org/nightly/core/ptr/fn.fn_addr_eq.html>
     = note: `#[warn(unpredictable_function_pointer_comparisons)]` on by default
help: refactor your code, or use `std::ptr::fn_addr_eq` to suppress the lint
     |
1181 -             match g.c_functions.iter().position(|&existing| existing == f) {
1181 +             match g.c_functions.iter().position(|&existing| std::ptr::fn_addr_eq(existing, f)) {
     |

warning: structure field `nCcalls` should have a snake case name
    --> crates/lua-vm/src/state.rs:1093:9
     |
1093 |     pub nCcalls: u32,
     |         ^^^^^^^ help: convert the identifier to snake case: `n_ccalls`
     |
     = note: `#[warn(non_snake_case)]` (part of `#[warn(nonstandard_style)]`) on by default

warning: unused import: `std::rc::Rc`
  --> crates/lua-lex/src/lib.rs:26:5
   |
26 | use std::rc::Rc;
   |     ^^^^^^^^^^^
   |
   = note: `#[warn(unused_imports)]` (part of `#[warn(unused)]`) on by default

warning: enum `NumResult` is never used
    --> crates/lua-lex/src/lib.rs:1947:6
     |
1947 | enum NumResult {
     |      ^^^^^^^^^
     |
     = note: `#[warn(dead_code)]` (part of `#[warn(unused)]`) on by default

warning: function `str2num_stub` is never used
    --> crates/lua-lex/src/lib.rs:1952:4
     |
1952 | fn str2num_stub(bytes: &[u8]) -> Option<NumResult> {
     |    ^^^^^^^^^^^^

warning: unused import: `OpMode`
  --> crates/lua-code/src/codegen.rs:23:26
   |
23 |     Instruction, OpCode, OpMode,
   |                          ^^^^^^
   |
   = note: `#[warn(unused_imports)]` (part of `#[warn(unused)]`) on by default

warning: unreachable statement
    --> crates/lua-code/src/codegen.rs:1768:5
     |
1767 |       let res: LuaValue = todo!("phase-b-reconcile: raw_arith free-fn signature mismatch");
     |                           ---------------------------------------------------------------- any code following this expression is unreachable
1768 | /     match res {
1769 | |         LuaValue::Int(i) => {
1770 | |             e1.k = ExprKind::VKInt;
1771 | |             e1.u.ival = i;
...    |
1780 | |         _ => return Ok(false),
1781 | |     }
     | |_____^ unreachable statement
     |
     = note: `#[warn(unreachable_code)]` (part of `#[warn(unused)]`) on by default

warning: unused variable: `fs`
   --> crates/lua-code/src/codegen.rs:438:14
    |
438 | fn const2val(fs: &FuncState, ls: &LexState, e: &ExprDesc) -> LuaValue {
    |              ^^ help: if this is intentional, prefix it with an underscore: `_fs`
    |
    = note: `#[warn(unused_variables)]` (part of `#[warn(unused)]`) on by default

warning: unused variable: `ls`
   --> crates/lua-code/src/codegen.rs:535:32
    |
535 | fn fixjump(fs: &mut FuncState, ls: &LexState, pc: i32, dest: i32) -> Result<(), LuaError> {
    |                                ^^ help: if this is intentional, prefix it with an underscore: `_ls`

warning: unused variable: `state`
   --> crates/lua-code/src/codegen.rs:703:5
    |
703 |     state: &mut LuaState,
    |     ^^^^^ help: if this is intentional, prefix it with an underscore: `_state`

warning: unused variable: `ls`
   --> crates/lua-code/src/codegen.rs:919:5
    |
919 |     ls: &LexState,
    |     ^^ help: if this is intentional, prefix it with an underscore: `_ls`

warning: unused variable: `state`
    --> crates/lua-code/src/codegen.rs:1205:5
     |
1205 |     state: &mut LuaState,
     |     ^^^^^ help: if this is intentional, prefix it with an underscore: `_state`

warning: unused variable: `fs`
    --> crates/lua-code/src/codegen.rs:1749:5
     |
1749 |     fs: &FuncState,
     |     ^^ help: if this is intentional, prefix it with an underscore: `_fs`

warning: unused variable: `ls`
    --> crates/lua-code/src/codegen.rs:1750:5
     |
1750 |     ls: &LexState,
     |     ^^ help: if this is intentional, prefix it with an underscore: `_ls`

warning: unused variable: `res`
    --> crates/lua-code/src/codegen.rs:1767:9
     |
1767 |     let res: LuaValue = todo!("phase-b-reconcile: raw_arith free-fn signature mismatch");
     |         ^^^ help: if this is intentional, prefix it with an underscore: `_res`

warning: unused variable: `state`
    --> crates/lua-code/src/codegen.rs:2162:5
     |
2162 |     state: &mut LuaState,
     |     ^^^^^ help: if this is intentional, prefix it with an underscore: `_state`

warning: unused variable: `ls`
    --> crates/lua-code/src/codegen.rs:2274:5
     |
2274 |     ls: &LexState,
     |     ^^ help: if this is intentional, prefix it with an underscore: `_ls`

warning: function `lex_h_get` is never used
   --> crates/lua-code/src/codegen.rs:218:4
    |
218 | fn lex_h_get(_table: &GcRef<LuaTable>, _state: &LuaState, _key: &LuaValue) -> LuaValue {
    |    ^^^^^^^^^
    |
    = note: `#[warn(dead_code)]` (part of `#[warn(unused)]`) on by default

warning: function `lex_h_finish_set` is never used
   --> crates/lua-code/src/codegen.rs:223:4
    |
223 | fn lex_h_finish_set(
    |    ^^^^^^^^^^^^^^^^

warning: function `tag_method_from_delta` is never used
   --> crates/lua-code/src/codegen.rs:236:4
    |
236 | fn tag_method_from_delta(base: TagMethod, delta: i32) -> TagMethod {
    |    ^^^^^^^^^^^^^^^^^^^^^

warning: function `opcode_from_delta` is never used
   --> crates/lua-code/src/codegen.rs:272:4
    |
272 | fn opcode_from_delta(base: OpCode, delta: i32) -> OpCode {
    |    ^^^^^^^^^^^^^^^^^

warning: constant `MAXREGS` is never used
   --> crates/lua-code/src/codegen.rs:289:7
    |
289 | const MAXREGS: i32 = 255;
    |       ^^^^^^^

warning: constant `LIM_LINE_DIFF` is never used
   --> crates/lua-code/src/codegen.rs:293:7
    |
293 | const LIM_LINE_DIFF: i32 = 0x80;
    |       ^^^^^^^^^^^^^

warning: constant `MAX_IWTH_ABS` is never used
   --> crates/lua-code/src/codegen.rs:296:7
    |
296 | const MAX_IWTH_ABS: i32 = 128;
    |       ^^^^^^^^^^^^

warning: constant `ABS_LINE_INFO` is never used
   --> crates/lua-code/src/codegen.rs:299:7
    |
299 | const ABS_LINE_INFO: i8 = -0x80i8;
    |       ^^^^^^^^^^^^^

warning: constant `LUA_OPADD` is never used
   --> crates/lua-code/src/codegen.rs:386:7
    |
386 | const LUA_OPADD: i32  = 0;
    |       ^^^^^^^^^

warning: constant `LUA_OPUNM` is never used
   --> crates/lua-code/src/codegen.rs:387:7
    |
387 | const LUA_OPUNM: i32  = 13;
    |       ^^^^^^^^^

warning: function `sem_error` is never used
   --> crates/lua-code/src/codegen.rs:399:15
    |
399 | pub(crate) fn sem_error(ls: &mut LexState, msg: &str) -> LuaError {
    |               ^^^^^^^^^

warning: function `tonumeral` is never used
   --> crates/lua-code/src/codegen.rs:409:4
    |
409 | fn tonumeral(e: &ExprDesc, v: Option<&mut LuaValue>) -> bool {
    |    ^^^^^^^^^

warning: function `const2val` is never used
   --> crates/lua-code/src/codegen.rs:438:4
    |
438 | fn const2val(fs: &FuncState, ls: &LexState, e: &ExprDesc) -> LuaValue {
    |    ^^^^^^^^^

warning: function `exp2const` is never used
   --> crates/lua-code/src/codegen.rs:446:15
    |
446 | pub(crate) fn exp2const(fs: &FuncState, ls: &LexState, e: &ExprDesc, v: &mut LuaValue) -> bool {
    |               ^^^^^^^^^

warning: function `previous_instruction_idx` is never used
   --> crates/lua-code/src/codegen.rs:481:4
    |
481 | fn previous_instruction_idx(fs: &FuncState) -> Option<usize> {
    |    ^^^^^^^^^^^^^^^^^^^^^^^^

warning: function `nil` is never used
   --> crates/lua-code/src/codegen.rs:494:15
    |
494 | pub(crate) fn nil(
    |               ^^^

warning: function `getjump` is never used
   --> crates/lua-code/src/codegen.rs:525:4
    |
525 | fn getjump(fs: &FuncState, pc: i32) -> i32 {
    |    ^^^^^^^

warning: function `fixjump` is never used
   --> crates/lua-code/src/codegen.rs:535:4
    |
535 | fn fixjump(fs: &mut FuncState, ls: &LexState, pc: i32, dest: i32) -> Result<(), LuaError> {
    |    ^^^^^^^

warning: function `concat` is never used
   --> crates/lua-code/src/codegen.rs:549:15
    |
549 | pub(crate) fn concat(
    |               ^^^^^^

warning: function `jump` is never used
   --> crates/lua-code/src/codegen.rs:572:15
    |
572 | pub(crate) fn jump(fs: &mut FuncState, ls: &mut LexState) -> Result<i32, LuaError> {
    |               ^^^^

warning: function `ret` is never used
   --> crates/lua-code/src/codegen.rs:577:15
    |
577 | pub(crate) fn ret(
    |               ^^^

warning: function `condjump` is never used
   --> crates/lua-code/src/codegen.rs:593:4
    |
593 | fn condjump(
    |    ^^^^^^^^

warning: function `getlabel` is never used
   --> crates/lua-code/src/codegen.rs:607:15
    |
607 | pub(crate) fn getlabel(fs: &mut FuncState) -> i32 {
    |               ^^^^^^^^

warning: function `getjumpcontrol` is never used
   --> crates/lua-code/src/codegen.rs:616:4
    |
616 | fn getjumpcontrol(fs: &FuncState, pc: i32) -> usize {
    |    ^^^^^^^^^^^^^^

warning: function `patchtestreg` is never used
   --> crates/lua-code/src/codegen.rs:630:4
    |
630 | fn patchtestreg(fs: &mut FuncState, node: i32, reg: u32) -> bool {
    |    ^^^^^^^^^^^^

warning: function `removevalues` is never used
   --> crates/lua-code/src/codegen.rs:647:4
    |
647 | fn removevalues(fs: &mut FuncState, list: i32) {
    |    ^^^^^^^^^^^^

warning: function `patchlistaux` is never used
   --> crates/lua-code/src/codegen.rs:656:4
    |
656 | fn patchlistaux(
    |    ^^^^^^^^^^^^

warning: function `patchlist` is never used
   --> crates/lua-code/src/codegen.rs:678:15
    |
678 | pub(crate) fn patchlist(
    |               ^^^^^^^^^

warning: function `patchtohere` is never used
   --> crates/lua-code/src/codegen.rs:689:15
    |
689 | pub(crate) fn patchtohere(
    |               ^^^^^^^^^^^

warning: function `savelineinfo` is never used
   --> crates/lua-code/src/codegen.rs:701:4
    |
701 | fn savelineinfo(
    |    ^^^^^^^^^^^^

warning: function `removelastlineinfo` is never used
   --> crates/lua-code/src/codegen.rs:735:4
    |
735 | fn removelastlineinfo(fs: &mut FuncState) {
    |    ^^^^^^^^^^^^^^^^^^

warning: function `removelastinstruction` is never used
   --> crates/lua-code/src/codegen.rs:752:4
    |
752 | fn removelastinstruction(fs: &mut FuncState) {
    |    ^^^^^^^^^^^^^^^^^^^^^

warning: function `code` is never used
   --> crates/lua-code/src/codegen.rs:762:15
    |
762 | pub(crate) fn code(
    |               ^^^^

warning: function `code_abck` is never used
   --> crates/lua-code/src/codegen.rs:781:15
    |
781 | pub(crate) fn code_abck(
    |               ^^^^^^^^^

warning: function `code_abx` is never used
   --> crates/lua-code/src/codegen.rs:804:15
    |
804 | pub(crate) fn code_abx(
    |               ^^^^^^^^

warning: function `code_asbx` is never used
   --> crates/lua-code/src/codegen.rs:816:4
    |
816 | fn code_asbx(
    |    ^^^^^^^^^

warning: function `codes_j` is never used
   --> crates/lua-code/src/codegen.rs:829:4
    |
829 | fn codes_j(
    |    ^^^^^^^

warning: function `codeextraarg` is never used
   --> crates/lua-code/src/codegen.rs:842:4
    |
842 | fn codeextraarg(
    |    ^^^^^^^^^^^^

warning: function `code_no_state` is never used
   --> crates/lua-code/src/codegen.rs:854:4
    |
854 | fn code_no_state(
    |    ^^^^^^^^^^^^^

warning: function `code_abc` is never used
   --> crates/lua-code/src/codegen.rs:887:4
    |
887 | fn code_abc(
    |    ^^^^^^^^

warning: function `codek` is never used
   --> crates/lua-code/src/codegen.rs:899:4
    |
899 | fn codek(
    |    ^^^^^

warning: function `checkstack` is never used
   --> crates/lua-code/src/codegen.rs:917:15
    |
917 | pub(crate) fn checkstack(
    |               ^^^^^^^^^^

warning: function `reserveregs` is never used
   --> crates/lua-code/src/codegen.rs:935:15
    |
935 | pub(crate) fn reserveregs(
    |               ^^^^^^^^^^^

warning: function `freereg` is never used
   --> crates/lua-code/src/codegen.rs:949:4
    |
949 | fn freereg(fs: &mut FuncState, reg: i32, nvarstack: i32) {
    |    ^^^^^^^

warning: function `freeregs` is never used
   --> crates/lua-code/src/codegen.rs:957:4
    |
957 | fn freeregs(fs: &mut FuncState, r1: i32, r2: i32, nvarstack: i32) {
    |    ^^^^^^^^

warning: function `freeexp` is never used
   --> crates/lua-code/src/codegen.rs:968:4
    |
968 | fn freeexp(fs: &mut FuncState, e: &ExprDesc, nvarstack: i32) {
    |    ^^^^^^^

warning: function `freeexps` is never used
   --> crates/lua-code/src/codegen.rs:975:4
    |
975 | fn freeexps(fs: &mut FuncState, e1: &ExprDesc, e2: &ExprDesc, nvarstack: i32) {
    |    ^^^^^^^^

warning: function `addk` is never used
   --> crates/lua-code/src/codegen.rs:985:4
    |
985 | fn addk(
    |    ^^^^

warning: function `string_k` is never used
    --> crates/lua-code/src/codegen.rs:1017:4
     |
1017 | fn string_k(
     |    ^^^^^^^^

warning: function `int_k` is never used
    --> crates/lua-code/src/codegen.rs:1027:4
     |
1027 | fn int_k(
     |    ^^^^^

warning: function `number_k` is never used
    --> crates/lua-code/src/codegen.rs:1038:4
     |
1038 | fn number_k(
     |    ^^^^^^^^

warning: function `bool_f` is never used
    --> crates/lua-code/src/codegen.rs:1064:4
     |
1064 | fn bool_f(
     |    ^^^^^^

warning: function `bool_t` is never used
    --> crates/lua-code/src/codegen.rs:1073:4
     |
1073 | fn bool_t(
     |    ^^^^^^

warning: function `nil_k` is never used
    --> crates/lua-code/src/codegen.rs:1082:4
     |
1082 | fn nil_k(
     |    ^^^^^

warning: function `fits_c` is never used
    --> crates/lua-code/src/codegen.rs:1096:4
     |
1096 | fn fits_c(i: i64) -> bool {
     |    ^^^^^^

warning: function `fits_bx` is never used
    --> crates/lua-code/src/codegen.rs:1101:4
     |
1101 | fn fits_bx(i: i64) -> bool {
     |    ^^^^^^^

warning: function `int_const` is never used
    --> crates/lua-code/src/codegen.rs:1108:15
     |
1108 | pub(crate) fn int_const(
     |               ^^^^^^^^^

warning: function `float_const` is never used
    --> crates/lua-code/src/codegen.rs:1125:4
     |
1125 | fn float_const(
     |    ^^^^^^^^^^^

warning: function `const2exp` is never used
    --> crates/lua-code/src/codegen.rs:1151:4
     |
1151 | fn const2exp(v: &LuaValue, e: &mut ExprDesc) {
     |    ^^^^^^^^^

warning: function `setreturns` is never used
    --> crates/lua-code/src/codegen.rs:1165:15
     |
1165 | pub(crate) fn setreturns(fs: &mut FuncState, e: &mut ExprDesc, nresults: i32) {
     |               ^^^^^^^^^^

warning: function `str2_k` is never used
    --> crates/lua-code/src/codegen.rs:1177:4
     |
1177 | fn str2_k(
     |    ^^^^^^

warning: function `setoneret` is never used
    --> crates/lua-code/src/codegen.rs:1189:15
     |
1189 | pub(crate) fn setoneret(fs: &mut FuncState, e: &mut ExprDesc) {
     |               ^^^^^^^^^

warning: function `dischargevars` is never used
    --> crates/lua-code/src/codegen.rs:1202:15
     |
1202 | pub(crate) fn dischargevars(
     |               ^^^^^^^^^^^^^

warning: function `discharge2reg` is never used
    --> crates/lua-code/src/codegen.rs:1259:4
     |
1259 | fn discharge2reg(
     |    ^^^^^^^^^^^^^

warning: function `discharge2anyreg` is never used
    --> crates/lua-code/src/codegen.rs:1297:4
     |
1297 | fn discharge2anyreg(
     |    ^^^^^^^^^^^^^^^^

warning: function `code_loadbool` is never used
    --> crates/lua-code/src/codegen.rs:1311:4
     |
1311 | fn code_loadbool(
     |    ^^^^^^^^^^^^^

warning: function `need_value` is never used
    --> crates/lua-code/src/codegen.rs:1321:4
     |
1321 | fn need_value(fs: &FuncState, list: i32) -> bool {
     |    ^^^^^^^^^^

warning: function `exp2reg` is never used
    --> crates/lua-code/src/codegen.rs:1333:4
     |
1333 | fn exp2reg(
     |    ^^^^^^^

warning: function `exp2nextreg` is never used
    --> crates/lua-code/src/codegen.rs:1365:15
     |
1365 | pub(crate) fn exp2nextreg(
     |               ^^^^^^^^^^^

warning: function `exp2anyreg` is never used
    --> crates/lua-code/src/codegen.rs:1379:15
     |
1379 | pub(crate) fn exp2anyreg(
     |               ^^^^^^^^^^

warning: function `exp2anyregup` is never used
    --> crates/lua-code/src/codegen.rs:1398:15
     |
1398 | pub(crate) fn exp2anyregup(
     |               ^^^^^^^^^^^^

warning: function `exp2val` is never used
    --> crates/lua-code/src/codegen.rs:1410:15
     |
1410 | pub(crate) fn exp2val(
     |               ^^^^^^^

warning: function `exp2_k` is never used
    --> crates/lua-code/src/codegen.rs:1421:4
     |
1421 | fn exp2_k(
     |    ^^^^^^

warning: function `exp2_rk` is never used
    --> crates/lua-code/src/codegen.rs:1446:4
     |
1446 | fn exp2_rk(
     |    ^^^^^^^

warning: function `code_abrk` is never used
    --> crates/lua-code/src/codegen.rs:1457:4
     |
1457 | fn code_abrk(
     |    ^^^^^^^^^

warning: function `storevar` is never used
    --> crates/lua-code/src/codegen.rs:1471:15
     |
1471 | pub(crate) fn storevar(
     |               ^^^^^^^^

warning: function `self_` is never used
    --> crates/lua-code/src/codegen.rs:1515:15
     |
1515 | pub(crate) fn self_(
     |               ^^^^^

warning: function `negatecondition` is never used
    --> crates/lua-code/src/codegen.rs:1534:4
     |
1534 | fn negatecondition(fs: &mut FuncState, e: &ExprDesc) {
     |    ^^^^^^^^^^^^^^^

warning: function `jumponcond` is never used
    --> crates/lua-code/src/codegen.rs:1540:4
     |
1540 | fn jumponcond(
     |    ^^^^^^^^^^

warning: function `goiftrue` is never used
    --> crates/lua-code/src/codegen.rs:1561:15
     |
1561 | pub(crate) fn goiftrue(
     |               ^^^^^^^^

warning: function `goiffalse` is never used
    --> crates/lua-code/src/codegen.rs:1579:15
     |
1579 | pub(crate) fn goiffalse(
     |               ^^^^^^^^^

warning: function `codenot` is never used
    --> crates/lua-code/src/codegen.rs:1597:4
     |
1597 | fn codenot(
     |    ^^^^^^^

warning: function `is_kstr` is never used
    --> crates/lua-code/src/codegen.rs:1627:4
     |
1627 | fn is_kstr(fs: &FuncState, e: &ExprDesc) -> bool {
     |    ^^^^^^^

warning: function `is_kint` is never used
    --> crates/lua-code/src/codegen.rs:1635:4
     |
1635 | fn is_kint(e: &ExprDesc) -> bool {
     |    ^^^^^^^

warning: function `is_cint` is never used
    --> crates/lua-code/src/codegen.rs:1640:4
     |
1640 | fn is_cint(e: &ExprDesc) -> bool {
     |    ^^^^^^^

warning: function `is_scint` is never used
    --> crates/lua-code/src/codegen.rs:1645:4
     |
1645 | fn is_scint(e: &ExprDesc) -> bool {
     |    ^^^^^^^^

warning: function `is_scnumber` is never used
    --> crates/lua-code/src/codegen.rs:1650:4
     |
1650 | fn is_scnumber(e: &ExprDesc, pi: &mut i32, isfloat: &mut bool) -> bool {
     |    ^^^^^^^^^^^

warning: function `indexed` is never used
    --> crates/lua-code/src/codegen.rs:1677:15
     |
1677 | pub(crate) fn indexed(
     |               ^^^^^^^

warning: function `validop` is never used
    --> crates/lua-code/src/codegen.rs:1725:4
     |
1725 | fn validop(op: i32, v1: &LuaValue, v2: &LuaValue) -> bool {
     |    ^^^^^^^

warning: function `constfolding` is never used
    --> crates/lua-code/src/codegen.rs:1748:4
     |
1748 | fn constfolding(
     |    ^^^^^^^^^^^^

warning: function `binopr2op` is never used
    --> crates/lua-code/src/codegen.rs:1790:4
     |
1790 | fn binopr2op(opr: BinOpr, baser: BinOpr, base: OpCode) -> OpCode {
     |    ^^^^^^^^^

warning: function `unopr2op` is never used
    --> crates/lua-code/src/codegen.rs:1800:4
     |
1800 | fn unopr2op(opr: UnOpr) -> OpCode {
     |    ^^^^^^^^

warning: function `binopr2_tm` is never used
    --> crates/lua-code/src/codegen.rs:1808:4
     |
1808 | fn binopr2_tm(opr: BinOpr) -> TagMethod {
     |    ^^^^^^^^^^

warning: function `codeunexpval` is never used
    --> crates/lua-code/src/codegen.rs:1818:4
     |
1818 | fn codeunexpval(
     |    ^^^^^^^^^^^^

warning: function `finishbinexpval` is never used
    --> crates/lua-code/src/codegen.rs:1837:4
     |
1837 | fn finishbinexpval(
     |    ^^^^^^^^^^^^^^^

warning: function `codebinexpval` is never used
    --> crates/lua-code/src/codegen.rs:1864:4
     |
1864 | fn codebinexpval(
     |    ^^^^^^^^^^^^^

warning: function `codebini` is never used
    --> crates/lua-code/src/codegen.rs:1880:4
     |
1880 | fn codebini(
     |    ^^^^^^^^

warning: function `codebin_k` is never used
    --> crates/lua-code/src/codegen.rs:1899:4
     |
1899 | fn codebin_k(
     |    ^^^^^^^^^

warning: function `finishbinexpneg` is never used
    --> crates/lua-code/src/codegen.rs:1917:4
     |
1917 | fn finishbinexpneg(
     |    ^^^^^^^^^^^^^^^

warning: function `swapexps` is never used
    --> crates/lua-code/src/codegen.rs:1940:4
     |
1940 | fn swapexps(e1: &mut ExprDesc, e2: &mut ExprDesc) {
     |    ^^^^^^^^

warning: function `codebinno_k` is never used
    --> crates/lua-code/src/codegen.rs:1945:4
     |
1945 | fn codebinno_k(
     |    ^^^^^^^^^^^

warning: function `codearith` is never used
    --> crates/lua-code/src/codegen.rs:1959:4
     |
1959 | fn codearith(
     |    ^^^^^^^^^

warning: function `codecommutative` is never used
    --> crates/lua-code/src/codegen.rs:1976:4
     |
1976 | fn codecommutative(
     |    ^^^^^^^^^^^^^^^

warning: function `codebitwise` is never used
    --> crates/lua-code/src/codegen.rs:1997:4
     |
1997 | fn codebitwise(
     |    ^^^^^^^^^^^

warning: function `codeorder` is never used
    --> crates/lua-code/src/codegen.rs:2018:4
     |
2018 | fn codeorder(
     |    ^^^^^^^^^

warning: function `codeeq` is never used
    --> crates/lua-code/src/codegen.rs:2051:4
     |
2051 | fn codeeq(
     |    ^^^^^^

warning: function `prefix` is never used
    --> crates/lua-code/src/codegen.rs:2090:15
     |
2090 | pub(crate) fn prefix(
     |               ^^^^^^

warning: function `infix` is never used
    --> crates/lua-code/src/codegen.rs:2122:15
     |
2122 | pub(crate) fn infix(
     |               ^^^^^

warning: function `codeconcat` is never used
    --> crates/lua-code/src/codegen.rs:2159:4
     |
2159 | fn codeconcat(
     |    ^^^^^^^^^^

warning: function `posfix` is never used
    --> crates/lua-code/src/codegen.rs:2187:15
     |
2187 | pub(crate) fn posfix(
     |               ^^^^^^

warning: function `fixline` is never used
    --> crates/lua-code/src/codegen.rs:2272:15
     |
2272 | pub(crate) fn fixline(
     |               ^^^^^^^

warning: function `settablesize` is never used
    --> crates/lua-code/src/codegen.rs:2301:15
     |
2301 | pub(crate) fn settablesize(
     |               ^^^^^^^^^^^^

warning: function `setlist` is never used
    --> crates/lua-code/src/codegen.rs:2322:15
     |
2322 | pub(crate) fn setlist(
     |               ^^^^^^^

warning: function `finaltarget` is never used
    --> crates/lua-code/src/codegen.rs:2346:4
     |
2346 | fn finaltarget(code: &[Instruction], mut i: i32) -> i32 {
     |    ^^^^^^^^^^^

warning: function `finish` is never used
    --> crates/lua-code/src/codegen.rs:2357:15
     |
2357 | pub(crate) fn finish(
     |               ^^^^^^

warning: unused imports: `LuaStatus`, `arith::ArithOp`, `closure::LuaClosure`, and `gc::GcRef`
  --> crates/lua-stdlib/src/base.rs:8:5
   |
 8 |     closure::LuaClosure,
   |     ^^^^^^^^^^^^^^^^^^^
...
12 |     LuaStatus,
   |     ^^^^^^^^^
13 |     arith::ArithOp,
   |     ^^^^^^^^^^^^^^
14 |     gc::GcRef,
   |     ^^^^^^^^^
   |
   = note: `#[warn(unused_imports)]` (part of `#[warn(unused)]`) on by default

warning: unused imports: `CompareOp`, `LuaDebug`, `lua_CFunction`, and `upvalue_index`
  --> crates/lua-stdlib/src/base.rs:16:57
   |
16 | use crate::state_stub::{LuaState, LuaStateStubExt as _, lua_CFunction, upvalue_index, CompareOp, LuaDebug};
   |                                                         ^^^^^^^^^^^^^  ^^^^^^^^^^^^^  ^^^^^^^^^  ^^^^^^^^

warning: unused import: `lua_types::gc::GcRef`
  --> crates/lua-stdlib/src/string_lib.rs:16:5
   |
16 | use lua_types::gc::GcRef;
   |     ^^^^^^^^^^^^^^^^^^^^

warning: unused import: `lua_types::string::LuaString`
  --> crates/lua-stdlib/src/string_lib.rs:17:5
   |
17 | use lua_types::string::LuaString;
   |     ^^^^^^^^^^^^^^^^^^^^^^^^^^^^

warning: unused import: `LuaStatus`
  --> crates/lua-stdlib/src/string_lib.rs:18:26
   |
18 | use lua_types::{LuaType, LuaStatus};
   |                          ^^^^^^^^^

warning: unused imports: `CompareOp` and `LuaDebug`
  --> crates/lua-stdlib/src/string_lib.rs:19:87
   |
19 | use crate::state_stub::{LuaState, LuaStateStubExt as _, lua_CFunction, upvalue_index, CompareOp, LuaDebug};
   |                                                                                       ^^^^^^^^^  ^^^^^^^^

warning: unused imports: `LuaDebug`, `lua_CFunction`, and `upvalue_index`
 --> crates/lua-stdlib/src/table_lib.rs:9:57
  |
9 | use crate::state_stub::{LuaState, LuaStateStubExt as _, lua_CFunction, upvalue_index, CompareOp, LuaDebug};
  |                                                         ^^^^^^^^^^^^^  ^^^^^^^^^^^^^             ^^^^^^^^

warning: unused imports: `CompareOp`, `LuaDebug`, `lua_CFunction as LuaCFn`, and `upvalue_index`
  --> crates/lua-stdlib/src/math_lib.rs:16:57
   |
16 | use crate::state_stub::{LuaState, LuaStateStubExt as _, lua_CFunction as LuaCFn, upvalue_index, CompareOp, LuaDebug};
   |                                                         ^^^^^^^^^^^^^^^^^^^^^^^  ^^^^^^^^^^^^^  ^^^^^^^^^  ^^^^^^^^

warning: unused imports: `CompareOp`, `LuaDebug`, `lua_CFunction`, and `upvalue_index`
  --> crates/lua-stdlib/src/io_lib.rs:29:57
   |
29 | use crate::state_stub::{LuaState, LuaStateStubExt as _, lua_CFunction, upvalue_index, CompareOp, LuaDebug};
   |                                                         ^^^^^^^^^^^^^  ^^^^^^^^^^^^^  ^^^^^^^^^  ^^^^^^^^

warning: unused imports: `CompareOp`, `LuaDebug`, `lua_CFunction`, and `upvalue_index`
  --> crates/lua-stdlib/src/os_lib.rs:18:57
   |
18 | use crate::state_stub::{LuaState, LuaStateStubExt as _, lua_CFunction, upvalue_index, CompareOp, LuaDebug};
   |                                                         ^^^^^^^^^^^^^  ^^^^^^^^^^^^^  ^^^^^^^^^  ^^^^^^^^

warning: unused import: `lua_types::closure::LuaClosure`
  --> crates/lua-stdlib/src/utf8_lib.rs:14:5
   |
14 | use lua_types::closure::LuaClosure;
   |     ^^^^^^^^^^^^^^^^^^^^^^^^^^^^^^

warning: unused imports: `LuaStatus` and `LuaType`
  --> crates/lua-stdlib/src/utf8_lib.rs:15:17
   |
15 | use lua_types::{LuaType, LuaStatus};
   |                 ^^^^^^^  ^^^^^^^^^

warning: unused imports: `CompareOp`, `LuaDebug`, `lua_CFunction`, and `upvalue_index`
  --> crates/lua-stdlib/src/utf8_lib.rs:16:57
   |
16 | use crate::state_stub::{LuaState, LuaStateStubExt as _, lua_CFunction, upvalue_index, CompareOp, LuaDebug};
   |                                                         ^^^^^^^^^^^^^  ^^^^^^^^^^^^^  ^^^^^^^^^  ^^^^^^^^

warning: unused import: `LuaStatus`
  --> crates/lua-stdlib/src/debug_lib.rs:14:64
   |
14 | use lua_types::{GcRef, LuaError, LuaString, LuaType, LuaValue, LuaStatus};
   |                                                                ^^^^^^^^^

warning: unused imports: `CompareOp`, `lua_CFunction`, and `upvalue_index`
  --> crates/lua-stdlib/src/debug_lib.rs:15:57
   |
15 | use crate::state_stub::{LuaState, LuaStateStubExt as _, lua_CFunction, upvalue_index, CompareOp, LuaDebug as DebugInfo};
   |                                                         ^^^^^^^^^^^^^  ^^^^^^^^^^^^^  ^^^^^^^^^

warning: unused import: `LuaStatus`
  --> crates/lua-stdlib/src/coro_lib.rs:24:5
   |
24 |     LuaStatus,
   |     ^^^^^^^^^

warning: unused imports: `CompareOp` and `LuaDebug`
  --> crates/lua-stdlib/src/coro_lib.rs:27:87
   |
27 | use crate::state_stub::{LuaState, LuaStateStubExt as _, lua_CFunction, upvalue_index, CompareOp, LuaDebug};
   |                                                                                       ^^^^^^^^^  ^^^^^^^^

warning: unused imports: `GcRef`, `LuaClosure`, `LuaStatus`, `LuaString`, and `StackIdx`
  --> crates/lua-stdlib/src/loadlib.rs:23:5
   |
23 |     GcRef, LuaClosure, LuaError, LuaString, LuaType, LuaValue, StackIdx, LuaStatus,
   |     ^^^^^  ^^^^^^^^^^            ^^^^^^^^^                     ^^^^^^^^  ^^^^^^^^^

warning: unused import: `lua_types::value::LuaTable`
  --> crates/lua-stdlib/src/loadlib.rs:25:5
   |
25 | use lua_types::value::LuaTable;
   |     ^^^^^^^^^^^^^^^^^^^^^^^^^^

warning: unused imports: `CompareOp`, `LuaDebug`, `lua_CFunction`, and `upvalue_index`
  --> crates/lua-stdlib/src/loadlib.rs:26:57
   |
26 | use crate::state_stub::{LuaState, LuaStateStubExt as _, lua_CFunction, upvalue_index, CompareOp, LuaDebug};
   |                                                         ^^^^^^^^^^^^^  ^^^^^^^^^^^^^  ^^^^^^^^^  ^^^^^^^^

warning: unused import: `arith::ArithOp`
  --> crates/lua-stdlib/src/auxlib.rs:32:5
   |
32 |     arith::ArithOp,
   |     ^^^^^^^^^^^^^^

warning: unused imports: `CompareOp`, `lua_CFunction`, and `upvalue_index`
  --> crates/lua-stdlib/src/auxlib.rs:34:57
   |
34 | use crate::state_stub::{LuaState, LuaStateStubExt as _, lua_CFunction, upvalue_index, CompareOp, LuaDebug};
   |                                                         ^^^^^^^^^^^^^  ^^^^^^^^^^^^^  ^^^^^^^^^

warning: unused imports: `CompareOp`, `LuaDebug`, `lua_CFunction`, and `upvalue_index`
 --> crates/lua-stdlib/src/init.rs:8:57
  |
8 | use crate::state_stub::{LuaState, LuaStateStubExt as _, lua_CFunction, upvalue_index, CompareOp, LuaDebug};
  |                                                         ^^^^^^^^^^^^^  ^^^^^^^^^^^^^  ^^^^^^^^^  ^^^^^^^^

warning: unreachable statement
   --> crates/lua-stdlib/src/io_lib.rs:708:5
    |
707 |       let p: &mut LStream = todo!("TODO(port): extract LStream from registry userdata");
    |                             ----------------------------------------------------------- any code following this expression is unreachable
708 | /     if p.is_closed() {
709 | |         return Err(LuaError::runtime(format_args!(
710 | |             "default {} file is closed",
711 | |             label.escape_ascii()
712 | |         )));
713 | |     }
    | |_____^ unreachable statement
    |
    = note: `#[warn(unreachable_code)]` (part of `#[warn(unused)]`) on by default

warning: unreachable statement
    --> crates/lua-stdlib/src/io_lib.rs:1338:5
     |
1337 |       let is_closed: bool = todo!("TODO(port): check LStream::is_closed() from upvalue 1");
     |                             -------------------------------------------------------------- any code following this expression is unreachable
1338 | /     if is_closed {
1339 | |         return Err(LuaError::runtime(format_args!("file is already closed")));
1340 | |     }
     | |_____^ unreachable statement

warning: variable does not need to be mutable
   --> crates/lua-stdlib/src/string_lib.rs:265:9
    |
265 |     let mut buf: Vec<u8> = s.iter().copied().rev().collect();
    |         ----^^^
    |         |
    |         help: remove this `mut`
    |
    = note: `#[warn(unused_mut)]` (part of `#[warn(unused)]`) on by default

warning: unused variable: `p_start`
    --> crates/lua-stdlib/src/string_lib.rs:1075:14
     |
1075 |         let (p_start, p_slice) = if anchor {
     |              ^^^^^^^ help: if this is intentional, prefix it with an underscore: `_p_start`
     |
     = note: `#[warn(unused_variables)]` (part of `#[warn(unused)]`) on by default

warning: variable does not need to be mutable
    --> crates/lua-stdlib/src/string_lib.rs:1530:9
     |
1530 |     let mut buf = num2straux(n);
     |         ----^^^
     |         |
     |         help: remove this `mut`

warning: unused variable: `state`
    --> crates/lua-stdlib/src/string_lib.rs:2290:14
     |
2290 | fn unpackint(state: &LuaState, data: &[u8], is_little: bool, size: usize, is_signed: bool) -> Result<i64, LuaError> {
     |              ^^^^^ help: if this is intentional, prefix it with an underscore: `_state`

warning: unused variable: `label`
   --> crates/lua-stdlib/src/io_lib.rs:706:9
    |
706 |     let label = &key[IO_PREFIX_LEN..]; // strip "_IO_" for the error message
    |         ^^^^^ help: if this is intentional, prefix it with an underscore: `_label`

warning: unused variable: `p`
   --> crates/lua-stdlib/src/io_lib.rs:707:9
    |
707 |     let p: &mut LStream = todo!("TODO(port): extract LStream from registry userdata");
    |         ^ help: if this is intentional, prefix it with an underscore: `_p`

warning: value assigned to `c` is never read
   --> crates/lua-stdlib/src/io_lib.rs:842:22
    |
842 |     let mut c: i32 = EOF_SENTINEL;
    |                      ^^^^^^^^^^^^
    |
    = help: maybe it is overwritten before being read?
    = note: `#[warn(unused_assignments)]` (part of `#[warn(unused)]`) on by default

warning: unused variable: `start`
   --> crates/lua-stdlib/src/io_lib.rs:880:13
    |
880 |         let start = buf.len();
    |             ^^^^^ help: if this is intentional, prefix it with an underscore: `_start`

warning: unused variable: `state`
    --> crates/lua-stdlib/src/io_lib.rs:1009:16
     |
1009 | pub fn io_read(state: &mut LuaState) -> Result<usize, LuaError> {
     |                ^^^^^ help: if this is intentional, prefix it with an underscore: `_state`

warning: unused variable: `state`
    --> crates/lua-stdlib/src/io_lib.rs:1019:15
     |
1019 | pub fn f_read(state: &mut LuaState) -> Result<usize, LuaError> {
     |               ^^^^^ help: if this is intentional, prefix it with an underscore: `_state`

warning: unused variable: `state`
    --> crates/lua-stdlib/src/io_lib.rs:1155:16
     |
1155 | pub fn f_write(state: &mut LuaState) -> Result<usize, LuaError> {
     |                ^^^^^ help: if this is intentional, prefix it with an underscore: `_state`

warning: unused variable: `state`
    --> crates/lua-stdlib/src/io_lib.rs:1223:17
     |
1223 | pub fn io_flush(state: &mut LuaState) -> Result<usize, LuaError> {
     |                 ^^^^^ help: if this is intentional, prefix it with an underscore: `_state`

warning: unused variable: `state`
    --> crates/lua-stdlib/src/io_lib.rs:1233:16
     |
1233 | pub fn f_flush(state: &mut LuaState) -> Result<usize, LuaError> {
     |                ^^^^^ help: if this is intentional, prefix it with an underscore: `_state`

warning: unused variable: `n`
    --> crates/lua-stdlib/src/io_lib.rs:1330:9
     |
1330 |     let n = match state.value_at(crate::state_stub::upvalue_index(2)) {
     |         ^ help: if this is intentional, prefix it with an underscore: `_n`

warning: unused variable: `is_closed`
    --> crates/lua-stdlib/src/io_lib.rs:1337:9
     |
1337 |     let is_closed: bool = todo!("TODO(port): check LStream::is_closed() from upvalue 1");
     |         ^^^^^^^^^ help: if this is intentional, prefix it with an underscore: `_is_closed`

warning: unused variable: `state`
   --> crates/lua-stdlib/src/os_lib.rs:234:5
    |
234 |     state: &mut LuaState,
    |     ^^^^^ help: if this is intentional, prefix it with an underscore: `_state`

warning: unused variable: `buf`
   --> crates/lua-stdlib/src/auxlib.rs:867:17
    |
867 | pub fn add_size(buf: &mut LuaBuffer, sz: usize) {
    |                 ^^^ help: if this is intentional, prefix it with an underscore: `_buf`

warning: unused variable: `state`
    --> crates/lua-stdlib/src/auxlib.rs:1413:14
     |
1413 | fn warn_cont(state: &mut LuaState, message: &[u8], tocont: bool) -> Result<(), LuaError> {
     |              ^^^^^ help: if this is intentional, prefix it with an underscore: `_state`

warning: variant `CountB` is never constructed
  --> crates/lua-stdlib/src/base.rs:53:5
   |
48 | enum GcOp {
   |      ---- variant in this enum
...
53 |     CountB     = 4,
   |     ^^^^^^
   |
   = note: `GcOp` has derived impls for the traits `Clone` and `Debug`, but these are intentionally ignored during dead code analysis
   = note: `#[warn(dead_code)]` (part of `#[warn(unused)]`) on by default

warning: function `pairs_cont` is never used
   --> crates/lua-stdlib/src/base.rs:624:4
    |
624 | fn pairs_cont(_state: &mut LuaState) -> Result<usize, LuaError> {
    |    ^^^^^^^^^^

warning: constant `MAX_ITEM` is never used
  --> crates/lua-stdlib/src/string_lib.rs:44:7
   |
44 | const MAX_ITEM: usize = 120;
   |       ^^^^^^^^

warning: constant `MAX_ITEM_F` is never used
  --> crates/lua-stdlib/src/string_lib.rs:47:7
   |
47 | const MAX_ITEM_F: usize = 418;
   |       ^^^^^^^^^^

warning: constant `MAX_FORMAT` is never used
  --> crates/lua-stdlib/src/string_lib.rs:50:7
   |
50 | const MAX_FORMAT: usize = 32;
   |       ^^^^^^^^^^

warning: struct `GMatchState` is never constructed
   --> crates/lua-stdlib/src/string_lib.rs:139:8
    |
139 | struct GMatchState {
    |        ^^^^^^^^^^^

warning: struct `LibReg` is never constructed
  --> crates/lua-stdlib/src/math_lib.rs:43:8
   |
43 | struct LibReg {
   |        ^^^^^^

warning: static `MATHLIB` is never used
   --> crates/lua-stdlib/src/math_lib.rs:681:8
    |
681 | static MATHLIB: &[LibReg] = &[
    |        ^^^^^^^

warning: constant `IO_PREFIX_LEN` is never used
  --> crates/lua-stdlib/src/io_lib.rs:67:7
   |
67 | const IO_PREFIX_LEN: usize = 4;
   |       ^^^^^^^^^^^^^

warning: constant `L_MAX_LEN_NUM` is never used
  --> crates/lua-stdlib/src/io_lib.rs:73:7
   |
73 | const L_MAX_LEN_NUM: usize = 200;
   |       ^^^^^^^^^^^^^

warning: struct `ReadNumState` is never constructed
   --> crates/lua-stdlib/src/io_lib.rs:210:8
    |
210 | struct ReadNumState {
    |        ^^^^^^^^^^^^

warning: associated items `new`, `advance`, `try2`, `read_digits`, and `as_bytes` are never used
   --> crates/lua-stdlib/src/io_lib.rs:220:8
    |
219 | impl ReadNumState {
    | ----------------- associated items in this implementation
220 |     fn new(first_byte: i32) -> Self {
    |        ^^^
...
230 |     fn advance(&mut self, file: &mut dyn LuaFileHandle) -> bool {
    |        ^^^^^^^
...
243 |     fn try2(&mut self, file: &mut dyn LuaFileHandle, set: [u8; 2]) -> bool {
    |        ^^^^
...
253 |     fn read_digits(&mut self, file: &mut dyn LuaFileHandle, hex: bool) -> usize {
    |        ^^^^^^^^^^^
...
274 |     fn as_bytes(&self) -> &[u8] {
    |        ^^^^^^^^

warning: function `exec_result` is never used
   --> crates/lua-stdlib/src/io_lib.rs:384:4
    |
384 | fn exec_result(state: &mut LuaState, stat: i32) -> Result<usize, LuaError> {
    |    ^^^^^^^^^^^

warning: function `io_pclose` is never used
   --> crates/lua-stdlib/src/io_lib.rs:503:4
    |
503 | fn io_pclose(state: &mut LuaState) -> Result<usize, LuaError> {
    |    ^^^^^^^^^

warning: function `get_io_file` is never used
   --> crates/lua-stdlib/src/io_lib.rs:697:4
    |
697 | fn get_io_file<'a>(
    |    ^^^^^^^^^^^

warning: function `read_number` is never used
   --> crates/lua-stdlib/src/io_lib.rs:753:4
    |
753 | fn read_number(
    |    ^^^^^^^^^^^

warning: function `test_eof` is never used
   --> crates/lua-stdlib/src/io_lib.rs:818:4
    |
818 | fn test_eof(
    |    ^^^^^^^^

warning: function `read_line` is never used
   --> crates/lua-stdlib/src/io_lib.rs:836:4
    |
836 | fn read_line(
    |    ^^^^^^^^^

warning: function `read_all` is never used
   --> crates/lua-stdlib/src/io_lib.rs:876:4
    |
876 | fn read_all(state: &mut LuaState, file: &mut dyn LuaFileHandle) -> Result<(), LuaError> {
    |    ^^^^^^^^

warning: function `read_chars` is never used
   --> crates/lua-stdlib/src/io_lib.rs:900:4
    |
900 | fn read_chars(
    |    ^^^^^^^^^^

warning: function `g_read` is never used
   --> crates/lua-stdlib/src/io_lib.rs:924:4
    |
924 | fn g_read(
    |    ^^^^^^

warning: function `g_write` is never used
    --> crates/lua-stdlib/src/io_lib.rs:1032:4
     |
1032 | fn g_write(
     |    ^^^^^^^

warning: type alias `HookFn` is never used
  --> crates/lua-stdlib/src/debug_lib.rs:48:17
   |
48 | pub(crate) type HookFn = fn(&mut LuaState, i32, i32) -> Result<(), LuaError>;
   |                 ^^^^^^

warning: constant `LUA_MINSTACK` is never used
  --> crates/lua-stdlib/src/auxlib.rs:85:7
   |
85 | const LUA_MINSTACK: i32 = 20;
   |       ^^^^^^^^^^^^

warning: function pointer comparisons do not produce meaningful results since their addresses are not guaranteed to be unique
   --> crates/lua-stdlib/src/state_stub.rs:344:61
    |
344 |             match g.c_functions.iter().position(|&existing| existing == f) {
    |                                                             ^^^^^^^^^^^^^
    |
    = note: the address of the same function can vary between different codegen units
    = note: furthermore, different functions could have the same address after being merged together
    = note: for more information visit <https://doc.rust-lang.org/nightly/core/ptr/fn.fn_addr_eq.html>
    = note: `#[warn(unpredictable_function_pointer_comparisons)]` on by default
help: refactor your code, or use `std::ptr::fn_addr_eq` to suppress the lint
    |
344 -             match g.c_functions.iter().position(|&existing| existing == f) {
344 +             match g.c_functions.iter().position(|&existing| std::ptr::fn_addr_eq(existing, f)) {
    |

warning: unused `Result` that must be used
   --> crates/lua-stdlib/src/base.rs:204:9
    |
204 |         state.insert(-2);
    |         ^^^^^^^^^^^^^^^^
    |
    = note: this `Result` may be an `Err` variant, which should be handled
    = note: `#[warn(unused_must_use)]` (part of `#[warn(unused)]`) on by default
help: use `let _ = ...` to ignore the resulting value
    |
204 |         let _ = state.insert(-2);
    |         +++++++

warning: unused `Result` that must be used
   --> crates/lua-stdlib/src/base.rs:831:5
    |
831 |     state.remove(1);
    |     ^^^^^^^^^^^^^^^
    |
    = note: this `Result` may be an `Err` variant, which should be handled
help: use `let _ = ...` to ignore the resulting value
    |
831 |     let _ = state.remove(1);
    |     +++++++

warning: unused `Result` that must be used
   --> crates/lua-stdlib/src/base.rs:892:5
    |
892 |     state.insert(1);
    |     ^^^^^^^^^^^^^^^
    |
    = note: this `Result` may be an `Err` variant, which should be handled
help: use `let _ = ...` to ignore the resulting value
    |
892 |     let _ = state.insert(1);
    |     +++++++

warning: unused `Result` that must be used
   --> crates/lua-stdlib/src/base.rs:923:5
    |
923 |     state.rotate(3, 2);
    |     ^^^^^^^^^^^^^^^^^^
    |
    = note: this `Result` may be an `Err` variant, which should be handled
help: use `let _ = ...` to ignore the resulting value
    |
923 |     let _ = state.rotate(3, 2);
    |     +++++++

warning: unused `Result` that must be used
   --> crates/lua-stdlib/src/table_lib.rs:293:5
    |
293 |     state.push_value_at(tt);
    |     ^^^^^^^^^^^^^^^^^^^^^^^
    |
    = note: this `Result` may be an `Err` variant, which should be handled
help: use `let _ = ...` to ignore the resulting value
    |
293 |     let _ = state.push_value_at(tt);
    |     +++++++

warning: unused `Result` that must be used
   --> crates/lua-stdlib/src/table_lib.rs:400:5
    |
400 |     state.insert(1);
    |     ^^^^^^^^^^^^^^^
    |
    = note: this `Result` may be an `Err` variant, which should be handled
help: use `let _ = ...` to ignore the resulting value
    |
400 |     let _ = state.insert(1);
    |     +++++++

warning: unused `Result` that must be used
   --> crates/lua-stdlib/src/table_lib.rs:531:5
    |
531 |     state.push_value_at(2);       // push function
    |     ^^^^^^^^^^^^^^^^^^^^^^
    |
    = note: this `Result` may be an `Err` variant, which should be handled
help: use `let _ = ...` to ignore the resulting value
    |
531 |     let _ = state.push_value_at(2);       // push function
    |     +++++++

warning: unused `Result` that must be used
   --> crates/lua-stdlib/src/table_lib.rs:532:5
    |
532 |     state.push_value_at(a - 1);   // push copy of a (compensate for function push)
    |     ^^^^^^^^^^^^^^^^^^^^^^^^^^
    |
    = note: this `Result` may be an `Err` variant, which should be handled
help: use `let _ = ...` to ignore the resulting value
    |
532 |     let _ = state.push_value_at(a - 1);   // push copy of a (compensate for function push)
    |     +++++++

warning: unused `Result` that must be used
   --> crates/lua-stdlib/src/table_lib.rs:533:5
    |
533 |     state.push_value_at(b - 2);   // push copy of b (compensate for function + a copy)
    |     ^^^^^^^^^^^^^^^^^^^^^^^^^^
    |
    = note: this `Result` may be an `Err` variant, which should be handled
help: use `let _ = ...` to ignore the resulting value
    |
533 |     let _ = state.push_value_at(b - 2);   // push copy of b (compensate for function + a copy)
    |     +++++++

warning: unused `Result` that must be used
   --> crates/lua-stdlib/src/table_lib.rs:731:9
    |
731 |         state.push_value_at(-1); // duplicate: two copies of pivot on stack
    |         ^^^^^^^^^^^^^^^^^^^^^^^
    |
    = note: this `Result` may be an `Err` variant, which should be handled
help: use `let _ = ...` to ignore the resulting value
    |
731 |         let _ = state.push_value_at(-1); // duplicate: two copies of pivot on stack
    |         +++++++

warning: unused `Result` that must be used
   --> crates/lua-stdlib/src/math_lib.rs:499:13
    |
499 |             state.push_string(b"integer");
    |             ^^^^^^^^^^^^^^^^^^^^^^^^^^^^^
    |
    = note: this `Result` may be an `Err` variant, which should be handled
help: use `let _ = ...` to ignore the resulting value
    |
499 |             let _ = state.push_string(b"integer");
    |             +++++++

warning: unused `Result` that must be used
   --> crates/lua-stdlib/src/math_lib.rs:501:13
    |
501 |             state.push_string(b"float");
    |             ^^^^^^^^^^^^^^^^^^^^^^^^^^^
    |
    = note: this `Result` may be an `Err` variant, which should be handled
help: use `let _ = ...` to ignore the resulting value
    |
501 |             let _ = state.push_string(b"float");
    |             +++++++

warning: unused `Result` that must be used
   --> crates/lua-stdlib/src/io_lib.rs:365:13
    |
365 |             state.push_string(&s);
    |             ^^^^^^^^^^^^^^^^^^^^^
    |
    = note: this `Result` may be an `Err` variant, which should be handled
help: use `let _ = ...` to ignore the resulting value
    |
365 |             let _ = state.push_string(&s);
    |             +++++++

warning: unused `Result` that must be used
   --> crates/lua-stdlib/src/io_lib.rs:368:13
    |
368 |             state.push_string(msg.as_bytes());
    |             ^^^^^^^^^^^^^^^^^^^^^^^^^^^^^^^^^
    |
    = note: this `Result` may be an `Err` variant, which should be handled
help: use `let _ = ...` to ignore the resulting value
    |
368 |             let _ = state.push_string(msg.as_bytes());
    |             +++++++

warning: unused `Result` that must be used
   --> crates/lua-stdlib/src/io_lib.rs:391:9
    |
391 |         state.push_string(b"exit");
    |         ^^^^^^^^^^^^^^^^^^^^^^^^^^
    |
    = note: this `Result` may be an `Err` variant, which should be handled
help: use `let _ = ...` to ignore the resulting value
    |
391 |         let _ = state.push_string(b"exit");
    |         +++++++

warning: unused `Result` that must be used
   --> crates/lua-stdlib/src/io_lib.rs:518:5
    |
518 |     state.push_string(b"cannot close standard file");
    |     ^^^^^^^^^^^^^^^^^^^^^^^^^^^^^^^^^^^^^^^^^^^^^^^^
    |
    = note: this `Result` may be an `Err` variant, which should be handled
help: use `let _ = ...` to ignore the resulting value
    |
518 |     let _ = state.push_string(b"cannot close standard file");
    |     +++++++

warning: unused `Result` that must be used
   --> crates/lua-stdlib/src/io_lib.rs:553:17
    |
553 |                 state.push_string(b"closed file");
    |                 ^^^^^^^^^^^^^^^^^^^^^^^^^^^^^^^^^
    |
    = note: this `Result` may be an `Err` variant, which should be handled
help: use `let _ = ...` to ignore the resulting value
    |
553 |                 let _ = state.push_string(b"closed file");
    |                 +++++++

warning: unused `Result` that must be used
   --> crates/lua-stdlib/src/io_lib.rs:555:17
    |
555 |                 state.push_string(b"file");
    |                 ^^^^^^^^^^^^^^^^^^^^^^^^^^
    |
    = note: this `Result` may be an `Err` variant, which should be handled
help: use `let _ = ...` to ignore the resulting value
    |
555 |                 let _ = state.push_string(b"file");
    |                 +++++++

warning: unused `Result` that must be used
   --> crates/lua-stdlib/src/io_lib.rs:571:9
    |
571 |         state.push_string(b"file (closed)");
    |         ^^^^^^^^^^^^^^^^^^^^^^^^^^^^^^^^^^^
    |
    = note: this `Result` may be an `Err` variant, which should be handled
help: use `let _ = ...` to ignore the resulting value
    |
571 |         let _ = state.push_string(b"file (closed)");
    |         +++++++

warning: unused `Result` that must be used
   --> crates/lua-stdlib/src/io_lib.rs:575:9
    |
575 |         state.push_string(b"file (0x?)");
    |         ^^^^^^^^^^^^^^^^^^^^^^^^^^^^^^^^
    |
    = note: this `Result` may be an `Err` variant, which should be handled
help: use `let _ = ...` to ignore the resulting value
    |
575 |         let _ = state.push_string(b"file (0x?)");
    |         +++++++

warning: unused `Result` that must be used
   --> crates/lua-stdlib/src/io_lib.rs:595:9
    |
595 |         state.replace(1);
    |         ^^^^^^^^^^^^^^^^
    |
    = note: this `Result` may be an `Err` variant, which should be handled
help: use `let _ = ...` to ignore the resulting value
    |
595 |         let _ = state.replace(1);
    |         +++++++

warning: unused `Result` that must be used
   --> crates/lua-stdlib/src/io_lib.rs:729:13
    |
729 |             state.push_value_at(1);
    |             ^^^^^^^^^^^^^^^^^^^^^^
    |
    = note: this `Result` may be an `Err` variant, which should be handled
help: use `let _ = ...` to ignore the resulting value
    |
729 |             let _ = state.push_value_at(1);
    |             +++++++

warning: unused `Result` that must be used
   --> crates/lua-stdlib/src/io_lib.rs:827:5
    |
827 |     state.push_string(b"");
    |     ^^^^^^^^^^^^^^^^^^^^^^
    |
    = note: this `Result` may be an `Err` variant, which should be handled
help: use `let _ = ...` to ignore the resulting value
    |
827 |     let _ = state.push_string(b"");
    |     +++++++

warning: unused `Result` that must be used
   --> crates/lua-stdlib/src/io_lib.rs:867:5
    |
867 |     state.push_string(&buf);
    |     ^^^^^^^^^^^^^^^^^^^^^^^
    |
    = note: this `Result` may be an `Err` variant, which should be handled
help: use `let _ = ...` to ignore the resulting value
    |
867 |     let _ = state.push_string(&buf);
    |     +++++++

warning: unused `Result` that must be used
   --> crates/lua-stdlib/src/io_lib.rs:894:5
    |
894 |     state.push_string(&buf);
    |     ^^^^^^^^^^^^^^^^^^^^^^^
    |
    = note: this `Result` may be an `Err` variant, which should be handled
help: use `let _ = ...` to ignore the resulting value
    |
894 |     let _ = state.push_string(&buf);
    |     +++++++

warning: unused `Result` that must be used
   --> crates/lua-stdlib/src/io_lib.rs:915:5
    |
915 |     state.push_string(&buf);
    |     ^^^^^^^^^^^^^^^^^^^^^^^
    |
    = note: this `Result` may be an `Err` variant, which should be handled
help: use `let _ = ...` to ignore the resulting value
    |
915 |     let _ = state.push_string(&buf);
    |     +++++++

warning: unused `Result` that must be used
    --> crates/lua-stdlib/src/io_lib.rs:1263:5
     |
1263 |     state.push_value_at(1);
     |     ^^^^^^^^^^^^^^^^^^^^^^
     |
     = note: this `Result` may be an `Err` variant, which should be handled
help: use `let _ = ...` to ignore the resulting value
     |
1263 |     let _ = state.push_value_at(1);
     |     +++++++

warning: unused `Result` that must be used
    --> crates/lua-stdlib/src/io_lib.rs:1269:5
     |
1269 |     state.rotate(2, 3);
     |     ^^^^^^^^^^^^^^^^^^
     |
     = note: this `Result` may be an `Err` variant, which should be handled
help: use `let _ = ...` to ignore the resulting value
     |
1269 |     let _ = state.rotate(2, 3);
     |     +++++++

warning: unused `Result` that must be used
    --> crates/lua-stdlib/src/io_lib.rs:1293:9
     |
1293 |         state.replace(1);
     |         ^^^^^^^^^^^^^^^^
     |
     = note: this `Result` may be an `Err` variant, which should be handled
help: use `let _ = ...` to ignore the resulting value
     |
1293 |         let _ = state.replace(1);
     |         +++++++

warning: unused `Result` that must be used
    --> crates/lua-stdlib/src/io_lib.rs:1312:9
     |
1312 |         state.push_value_at(1);    // file as to-be-closed variable (4th result)
     |         ^^^^^^^^^^^^^^^^^^^^^^
     |
     = note: this `Result` may be an `Err` variant, which should be handled
help: use `let _ = ...` to ignore the resulting value
     |
1312 |         let _ = state.push_value_at(1);    // file as to-be-closed variable (4th result)
     |         +++++++

warning: unused `Result` that must be used
    --> crates/lua-stdlib/src/io_lib.rs:1385:9
     |
1385 |         state.push_upvalue(1);
     |         ^^^^^^^^^^^^^^^^^^^^^
     |
     = note: this `Result` may be an `Err` variant, which should be handled
help: use `let _ = ...` to ignore the resulting value
     |
1385 |         let _ = state.push_upvalue(1);
     |         +++++++

warning: unused `Result` that must be used
    --> crates/lua-stdlib/src/io_lib.rs:1427:9
     |
1427 |         state.push_value_at(-1);
     |         ^^^^^^^^^^^^^^^^^^^^^^^
     |
     = note: this `Result` may be an `Err` variant, which should be handled
help: use `let _ = ...` to ignore the resulting value
     |
1427 |         let _ = state.push_value_at(-1);
     |         +++++++

warning: unused `Result` that must be used
   --> crates/lua-stdlib/src/os_lib.rs:867:22
    |
867 |         Some(s) => { state.push_string(s); }
    |                      ^^^^^^^^^^^^^^^^^^^^
    |
    = note: this `Result` may be an `Err` variant, which should be handled
help: use `let _ = ...` to ignore the resulting value
    |
867 |         Some(s) => { let _ = state.push_string(s); }
    |                      +++++++

warning: unused `Result` that must be used
   --> crates/lua-stdlib/src/debug_lib.rs:152:9
    |
152 |         state.rotate(-2, 1);
    |         ^^^^^^^^^^^^^^^^^^^
    |
    = note: this `Result` may be an `Err` variant, which should be handled
help: use `let _ = ...` to ignore the resulting value
    |
152 |         let _ = state.rotate(-2, 1);
    |         +++++++

warning: unused `Result` that must be used
   --> crates/lua-stdlib/src/debug_lib.rs:171:5
    |
171 |     state.push_registry();
    |     ^^^^^^^^^^^^^^^^^^^^^
    |
    = note: this `Result` may be an `Err` variant, which should be handled
help: use `let _ = ...` to ignore the resulting value
    |
171 |     let _ = state.push_registry();
    |     +++++++

warning: unused `Result` that must be used
   --> crates/lua-stdlib/src/debug_lib.rs:216:9
    |
216 |         state.push_fail();
    |         ^^^^^^^^^^^^^^^^^
    |
    = note: this `Result` may be an `Err` variant, which should be handled
help: use `let _ = ...` to ignore the resulting value
    |
216 |         let _ = state.push_fail();
    |         +++++++

warning: unused `Result` that must be used
   --> crates/lua-stdlib/src/debug_lib.rs:243:9
    |
243 |         state.push_fail();
    |         ^^^^^^^^^^^^^^^^^
    |
    = note: this `Result` may be an `Err` variant, which should be handled
help: use `let _ = ...` to ignore the resulting value
    |
243 |         let _ = state.push_fail();
    |         +++++++

warning: unused `Result` that must be used
   --> crates/lua-stdlib/src/debug_lib.rs:812:9
    |
812 |         state.push_fail();
    |         ^^^^^^^^^^^^^^^^^
    |
    = note: this `Result` may be an `Err` variant, which should be handled
help: use `let _ = ...` to ignore the resulting value
    |
812 |         let _ = state.push_fail();
    |         +++++++

warning: unused `Result` that must be used
   --> crates/lua-stdlib/src/debug_lib.rs:839:13
    |
839 |             state.push_thread();
    |             ^^^^^^^^^^^^^^^^^^^
    |
    = note: this `Result` may be an `Err` variant, which should be handled
help: use `let _ = ...` to ignore the resulting value
    |
839 |             let _ = state.push_thread();
    |             +++++++

warning: unused `Result` that must be used
   --> crates/lua-stdlib/src/debug_lib.rs:844:9
    |
844 |         state.raw_get(-2);
    |         ^^^^^^^^^^^^^^^^^
    |
    = note: this `Result` may be an `Err` variant, which should be handled
help: use `let _ = ...` to ignore the resulting value
    |
844 |         let _ = state.raw_get(-2);
    |         +++++++

warning: unused `Result` that must be used
   --> crates/lua-stdlib/src/debug_lib.rs:846:9
    |
846 |         state.remove(-2);
    |         ^^^^^^^^^^^^^^^^
    |
    = note: this `Result` may be an `Err` variant, which should be handled
help: use `let _ = ...` to ignore the resulting value
    |
846 |         let _ = state.remove(-2);
    |         +++++++

warning: unused `Result` that must be used
   --> crates/lua-stdlib/src/coro_lib.rs:140:9
    |
140 |         state.insert(-2);
    |         ^^^^^^^^^^^^^^^^
    |
    = note: this `Result` may be an `Err` variant, which should be handled
help: use `let _ = ...` to ignore the resulting value
    |
140 |         let _ = state.insert(-2);
    |         +++++++

warning: unused `Result` that must be used
   --> crates/lua-stdlib/src/coro_lib.rs:145:9
    |
145 |         state.insert(-(r + 1));
    |         ^^^^^^^^^^^^^^^^^^^^^^
    |
    = note: this `Result` may be an `Err` variant, which should be handled
help: use `let _ = ...` to ignore the resulting value
    |
145 |         let _ = state.insert(-(r + 1));
    |         +++++++

warning: unused `Result` that must be used
   --> crates/lua-stdlib/src/loadlib.rs:206:5
    |
206 |     state.get_field_registry(b"LUA_NOENV");
    |     ^^^^^^^^^^^^^^^^^^^^^^^^^^^^^^^^^^^^^^
    |
    = note: this `Result` may be an `Err` variant, which should be handled
help: use `let _ = ...` to ignore the resulting value
    |
206 |     let _ = state.get_field_registry(b"LUA_NOENV");
    |     +++++++

warning: unused `Result` that must be used
   --> crates/lua-stdlib/src/loadlib.rs:311:5
    |
311 |     state.get_field_registry(CLIBS);
    |     ^^^^^^^^^^^^^^^^^^^^^^^^^^^^^^^
    |
    = note: this `Result` may be an `Err` variant, which should be handled
help: use `let _ = ...` to ignore the resulting value
    |
311 |     let _ = state.get_field_registry(CLIBS);
    |     +++++++

warning: unused `Result` that must be used
   --> crates/lua-stdlib/src/loadlib.rs:313:5
    |
313 |     state.get_field(-1, path);
    |     ^^^^^^^^^^^^^^^^^^^^^^^^^
    |
    = note: this `Result` may be an `Err` variant, which should be handled
help: use `let _ = ...` to ignore the resulting value
    |
313 |     let _ = state.get_field(-1, path);
    |     +++++++

warning: unused `Result` that must be used
   --> crates/lua-stdlib/src/loadlib.rs:329:5
    |
329 |     state.get_field_registry(CLIBS);
    |     ^^^^^^^^^^^^^^^^^^^^^^^^^^^^^^^
    |
    = note: this `Result` may be an `Err` variant, which should be handled
help: use `let _ = ...` to ignore the resulting value
    |
329 |     let _ = state.get_field_registry(CLIBS);
    |     +++++++

warning: unused `Result` that must be used
   --> crates/lua-stdlib/src/loadlib.rs:335:5
    |
335 |     state.push_value(-1);
    |     ^^^^^^^^^^^^^^^^^^^^
    |
    = note: this `Result` may be an `Err` variant, which should be handled
help: use `let _ = ...` to ignore the resulting value
    |
335 |     let _ = state.push_value(-1);
    |     +++++++

warning: unused `Result` that must be used
   --> crates/lua-stdlib/src/loadlib.rs:437:5
    |
437 |     state.insert(-2);
    |     ^^^^^^^^^^^^^^^^
    |
    = note: this `Result` may be an `Err` variant, which should be handled
help: use `let _ = ...` to ignore the resulting value
    |
437 |     let _ = state.insert(-2);
    |     +++++++

warning: unused `Result` that must be used
   --> crates/lua-stdlib/src/loadlib.rs:603:5
    |
603 |     state.insert(-2);
    |     ^^^^^^^^^^^^^^^^
    |
    = note: this `Result` may be an `Err` variant, which should be handled
help: use `let _ = ...` to ignore the resulting value
    |
603 |     let _ = state.insert(-2);
    |     +++++++

warning: unused `Result` that must be used
   --> crates/lua-stdlib/src/loadlib.rs:850:5
    |
850 |     state.get_field_registry(b"_PRELOAD");
    |     ^^^^^^^^^^^^^^^^^^^^^^^^^^^^^^^^^^^^^
    |
    = note: this `Result` may be an `Err` variant, which should be handled
help: use `let _ = ...` to ignore the resulting value
    |
850 |     let _ = state.get_field_registry(b"_PRELOAD");
    |     +++++++

warning: unused `Result` that must be used
    --> crates/lua-stdlib/src/loadlib.rs:1001:5
     |
1001 |     state.rotate(-2, 1);
     |     ^^^^^^^^^^^^^^^^^^^
     |
     = note: this `Result` may be an `Err` variant, which should be handled
help: use `let _ = ...` to ignore the resulting value
     |
1001 |     let _ = state.rotate(-2, 1);
     |     +++++++

warning: unused `Result` that must be used
    --> crates/lua-stdlib/src/loadlib.rs:1004:5
     |
1004 |     state.push_value(1);
     |     ^^^^^^^^^^^^^^^^^^^
     |
     = note: this `Result` may be an `Err` variant, which should be handled
help: use `let _ = ...` to ignore the resulting value
     |
1004 |     let _ = state.push_value(1);
     |     +++++++

warning: unused `Result` that must be used
    --> crates/lua-stdlib/src/loadlib.rs:1009:5
     |
1009 |     state.push_value(-3);
     |     ^^^^^^^^^^^^^^^^^^^^
     |
     = note: this `Result` may be an `Err` variant, which should be handled
help: use `let _ = ...` to ignore the resulting value
     |
1009 |     let _ = state.push_value(-3);
     |     +++++++

warning: unused `Result` that must be used
    --> crates/lua-stdlib/src/loadlib.rs:1027:9
     |
1027 |         state.copy_value(-1, -2);
     |         ^^^^^^^^^^^^^^^^^^^^^^^^
     |
     = note: this `Result` may be an `Err` variant, which should be handled
help: use `let _ = ...` to ignore the resulting value
     |
1027 |         let _ = state.copy_value(-1, -2);
     |         +++++++

warning: unused `Result` that must be used
    --> crates/lua-stdlib/src/loadlib.rs:1032:5
     |
1032 |     state.rotate(-2, 1);
     |     ^^^^^^^^^^^^^^^^^^^
     |
     = note: this `Result` may be an `Err` variant, which should be handled
help: use `let _ = ...` to ignore the resulting value
     |
1032 |     let _ = state.rotate(-2, 1);
     |     +++++++

warning: unused `Result` that must be used
    --> crates/lua-stdlib/src/loadlib.rs:1055:5
     |
1055 |     state.create_table(searchers.len() as i32, 0);
     |     ^^^^^^^^^^^^^^^^^^^^^^^^^^^^^^^^^^^^^^^^^^^^^
     |
     = note: this `Result` may be an `Err` variant, which should be handled
help: use `let _ = ...` to ignore the resulting value
     |
1055 |     let _ = state.create_table(searchers.len() as i32, 0);
     |     +++++++

warning: unused `Result` that must be used
    --> crates/lua-stdlib/src/loadlib.rs:1060:9
     |
1060 |         state.push_value(-2);
     |         ^^^^^^^^^^^^^^^^^^^^
     |
     = note: this `Result` may be an `Err` variant, which should be handled
help: use `let _ = ...` to ignore the resulting value
     |
1060 |         let _ = state.push_value(-2);
     |         +++++++

warning: unused `Result` that must be used
    --> crates/lua-stdlib/src/loadlib.rs:1083:5
     |
1083 |     state.create_table(0, 1);
     |     ^^^^^^^^^^^^^^^^^^^^^^^^
     |
     = note: this `Result` may be an `Err` variant, which should be handled
help: use `let _ = ...` to ignore the resulting value
     |
1083 |     let _ = state.create_table(0, 1);
     |     +++++++

warning: unused `Result` that must be used
    --> crates/lua-stdlib/src/loadlib.rs:1150:5
     |
1150 |     state.push_globals();
     |     ^^^^^^^^^^^^^^^^^^^^
     |
     = note: this `Result` may be an `Err` variant, which should be handled
help: use `let _ = ...` to ignore the resulting value
     |
1150 |     let _ = state.push_globals();
     |     +++++++

warning: unused `Result` that must be used
    --> crates/lua-stdlib/src/loadlib.rs:1152:5
     |
1152 |     state.push_value(-2);
     |     ^^^^^^^^^^^^^^^^^^^^
     |
     = note: this `Result` may be an `Err` variant, which should be handled
help: use `let _ = ...` to ignore the resulting value
     |
1152 |     let _ = state.push_value(-2);
     |     +++++++

warning: unused `Result` that must be used
   --> crates/lua-stdlib/src/auxlib.rs:156:17
    |
156 |                 state.replace(-3); // in the slot occupied by table
    |                 ^^^^^^^^^^^^^^^^^
    |
    = note: this `Result` may be an `Err` variant, which should be handled
help: use `let _ = ...` to ignore the resulting value
    |
156 |                 let _ = state.replace(-3); // in the slot occupied by table
    |                 +++++++

warning: unused variable: `ls`
    --> crates/lua-parse/src/lib.rs:2011:5
     |
2011 |     ls: &mut LexState,
     |     ^^ help: if this is intentional, prefix it with an underscore: `_ls`
     |
     = note: `#[warn(unused_variables)]` (part of `#[warn(unused)]`) on by default

warning: unused variable: `state`
    --> crates/lua-parse/src/lib.rs:2012:5
     |
2012 |     state: &mut LuaState,
     |     ^^^^^ help: if this is intentional, prefix it with an underscore: `_state`

warning: unused variable: `state`
    --> crates/lua-parse/src/lib.rs:2040:5
     |
2040 |     state: &mut LuaState,
     |     ^^^^^ help: if this is intentional, prefix it with an underscore: `_state`

warning: unused variable: `state`
    --> crates/lua-parse/src/lib.rs:2416:5
     |
2416 |     state: &mut LuaState,
     |     ^^^^^ help: if this is intentional, prefix it with an underscore: `_state`

warning: unused variable: `state`
    --> crates/lua-parse/src/lib.rs:2661:5
     |
2661 |     state: &mut LuaState,
     |     ^^^^^ help: if this is intentional, prefix it with an underscore: `_state`

warning: unused variable: `state`
    --> crates/lua-parse/src/lib.rs:2693:5
     |
2693 |     state: &mut LuaState,
     |     ^^^^^ help: if this is intentional, prefix it with an underscore: `_state`

warning: unused variable: `n_gt`
    --> crates/lua-parse/src/lib.rs:2782:9
     |
2782 |     let n_gt = ls.dyd.gt.len();
     |         ^^^^ help: if this is intentional, prefix it with an underscore: `_n_gt`

warning: unused variable: `gt_nactvar`
    --> crates/lua-parse/src/lib.rs:2786:13
     |
2786 |         let gt_nactvar = ls.dyd.gt[i].nactvar;
     |             ^^^^^^^^^^ help: if this is intentional, prefix it with an underscore: `_gt_nactvar`

warning: unused variable: `state`
    --> crates/lua-parse/src/lib.rs:2905:37
     |
2905 | fn add_prototype(ls: &mut LexState, state: &mut LuaState) -> Result<Box<LuaProto>, LuaError> {
     |                                     ^^^^^ help: if this is intentional, prefix it with an underscore: `_state`

warning: unused variable: `state`
    --> crates/lua-parse/src/lib.rs:2949:33
     |
2949 | fn open_func(ls: &mut LexState, state: &mut LuaState, mut new_fs: FuncState) -> Result<(), LuaError> {
     |                                 ^^^^^ help: if this is intentional, prefix it with an underscore: `_state`

warning: unused variable: `fvar`
    --> crates/lua-parse/src/lib.rs:4153:9
     |
4153 |     let fvar = ls.fs.as_ref().unwrap().nactvar as i32;
     |         ^^^^ help: if this is intentional, prefix it with an underscore: `_fvar`

warning: unused variable: `pc`
    --> crates/lua-parse/src/lib.rs:4160:9
     |
4160 |     let pc = ls.fs.as_ref().unwrap().pc;
     |         ^^ help: if this is intentional, prefix it with an underscore: `_pc`

warning: unused variable: `state`
    --> crates/lua-parse/src/lib.rs:4187:36
     |
4187 | fn checktoclose(ls: &mut LexState, state: &mut LuaState, level: i32) -> Result<(), LuaError> {
     |                                    ^^^^^ help: if this is intentional, prefix it with an underscore: `_state`

warning: value assigned to `vidx` is never read
    --> crates/lua-parse/src/lib.rs:4209:20
     |
4209 |     let mut vidx = 0i32;
     |                    ^^^^
     |
     = help: maybe it is overwritten before being read?
     = note: `#[warn(unused_assignments)]` (part of `#[warn(unused)]`) on by default

warning: function `local_debug_info` is never used
    --> crates/lua-parse/src/lib.rs:2095:4
     |
2095 | fn local_debug_info<'a>(ls: &LexState, fs: &'a mut FuncState, vidx: i32) -> Option<&'a mut LocalVar> {
     |    ^^^^^^^^^^^^^^^^
     |
     = note: `#[warn(dead_code)]` (part of `#[warn(unused)]`) on by default

warning: calls to `std::mem::drop` with a reference instead of an owned value does nothing
    --> crates/lua-parse/src/lib.rs:2783:5
     |
2783 |     drop(fs); // release borrow before iterating
     |     ^^^^^--^
     |          |
     |          argument has type `&Box<FuncState>`
     |
     = note: `#[warn(dropping_references)]` on by default
help: use `let _ = ...` to ignore the expression or result
     |
2783 -     drop(fs); // release borrow before iterating
2783 +     let _ = fs; // release borrow before iterating
     |

