warning: unused import: `std::rc::Rc`
   --> crates/lua-types/src/value.rs:353:9
    |
353 |     use std::rc::Rc;
    |         ^^^^^^^^^^^
    |
    = note: `#[warn(unused_imports)]` (part of `#[warn(unused)]`) on by default

warning: function `same_rc` is never used
   --> crates/lua-types/src/value.rs:352:4
    |
352 | fn same_rc(a: &LuaValue, b: &LuaValue) -> bool {
    |    ^^^^^^^
    |
    = note: `#[warn(dead_code)]` (part of `#[warn(unused)]`) on by default

warning: unused imports: `CallInfoIdx`, `CallInfo`, and `GlobalState`
  --> crates/lua-vm/src/api.rs:16:44
   |
16 | use crate::state::{LuaState, LuaCFunction, GlobalState, CallInfo, CallInfoIdx, StackIdx,
   |                                            ^^^^^^^^^^^  ^^^^^^^^  ^^^^^^^^^^^
   |
   = note: `#[warn(unused_imports)]` (part of `#[warn(unused)]`) on by default

warning: unused import: `UpVal`
  --> crates/lua-vm/src/api.rs:21:70
   |
21 |     LuaValue, LuaType, LuaError, LuaString, LuaUserData, LuaClosure, UpVal,
   |                                                                      ^^^^^

warning: unused imports: `CIST_C` and `UpVal`
  --> crates/lua-vm/src/debug.rs:15:5
   |
15 |     UpVal, CIST_C, CIST_FIN, CIST_HOOKED, CIST_HOOKYIELD, CIST_TAIL, CIST_TRAN,
   |     ^^^^^  ^^^^^^

warning: unused import: `std::rc::Rc`
  --> crates/lua-vm/src/func.rs:35:5
   |
35 | use std::rc::Rc;
   |     ^^^^^^^^^^^

warning: unused import: `tagmethods::TagMethod`
  --> crates/lua-vm/src/func.rs:42:5
   |
42 |     tagmethods::TagMethod,
   |     ^^^^^^^^^^^^^^^^^^^^^

warning: unused import: `lua_types::value::F2Imod`
  --> crates/lua-vm/src/object.rs:13:5
   |
13 | use lua_types::value::F2Imod;
   |     ^^^^^^^^^^^^^^^^^^^^^^^^

warning: unused import: `std::rc::Rc`
  --> crates/lua-vm/src/table.rs:44:5
   |
44 | use std::rc::Rc;
   |     ^^^^^^^^^^^

warning: unused import: `LuaClosure`
  --> crates/lua-vm/src/undump.rs:22:26
   |
22 | use lua_types::closure::{LuaClosure, LuaLClosure};
   |                          ^^^^^^^^^^

warning: unused import: `lua_types::upval::UpVal`
  --> crates/lua-vm/src/undump.rs:23:5
   |
23 | use lua_types::upval::UpVal;
   |     ^^^^^^^^^^^^^^^^^^^^^^^

warning: unnecessary parentheses around method argument
    --> crates/lua-vm/src/vm.rs:2350:54
     |
2350 | ...                   state.ci_adjust_func(ci, (nextraargs as i32 + nparams1 as i32));
     |                                                ^                                   ^
     |
     = note: `#[warn(unused_parens)]` (part of `#[warn(unused)]`) on by default
help: remove these parentheses
     |
2350 -                             state.ci_adjust_func(ci, (nextraargs as i32 + nparams1 as i32));
2350 +                             state.ci_adjust_func(ci, nextraargs as i32 + nparams1 as i32);
     |

warning: unreachable statement
   --> crates/lua-vm/src/object.rs:271:9
    |
270 |         let _tm: TagMethod = todo!("phase-b: TagMethod::from_arith_op");
    |                              ------------------------------------------ any code following this expression is unreachable
271 |         let _ = state;
    |         ^^^^^^^^^^^^^^ unreachable statement
    |
    = note: `#[warn(unreachable_code)]` (part of `#[warn(unused)]`) on by default

warning: unreachable statement
   --> crates/lua-vm/src/tagmethods.rs:257:5
    |
255 |     let tm: LuaValue = todo!("phase-b: LuaTable::get_short_str");
    |                        ----------------------------------------- any code following this expression is unreachable
256 |     // C: lua_assert(event <= TM_EQ);
257 |     debug_assert!((event as u8) <= (TagMethod::Eq as u8));
    |     ^^^^^^^^^^^^^^^^^^^^^^^^^^^^^^^^^^^^^^^^^^^^^^^^^^^^^ unreachable statement
    |
    = note: this warning originates in the macro `debug_assert` (in Nightly builds, run with -Z macro-backtrace for more info)

warning: unused import: `LuaStringRefExt`
  --> crates/lua-vm/src/api.rs:18:40
   |
18 |     LuaTableRefExt, LuaUserDataRefExt, LuaStringRefExt,
   |                                        ^^^^^^^^^^^^^^^

warning: unused import: `LuaLClosureRefExt`
  --> crates/lua-vm/src/api.rs:19:5
   |
19 |     LuaLClosureRefExt, LuaClosureExt, LuaProtoExt};
   |     ^^^^^^^^^^^^^^^^^

warning: unused import: `LuaClosureExt`
  --> crates/lua-vm/src/api.rs:19:24
   |
19 |     LuaLClosureRefExt, LuaClosureExt, LuaProtoExt};
   |                        ^^^^^^^^^^^^^

warning: unused import: `LuaProtoExt`
  --> crates/lua-vm/src/api.rs:19:39
   |
19 |     LuaLClosureRefExt, LuaClosureExt, LuaProtoExt};
   |                                       ^^^^^^^^^^^

warning: unused variable: `state`
    --> crates/lua-vm/src/debug.rs:1346:47
     |
1346 | fn in_stack(ci: &CallInfo, val_idx: StackIdx, state: &LuaState) -> i32 {
     |                                               ^^^^^ help: if this is intentional, prefix it with an underscore: `_state`
     |
     = note: `#[warn(unused_variables)]` (part of `#[warn(unused)]`) on by default

warning: unused variable: `state`
   --> crates/lua-vm/src/do_.rs:181:21
    |
181 | pub(crate) fn throw(state: &mut LuaState, errcode: LuaStatus) -> ! {
    |                     ^^^^^ help: if this is intentional, prefix it with an underscore: `_state`

warning: unused variable: `state`
    --> crates/lua-vm/src/do_.rs:1612:5
     |
1612 |     state: &mut LuaState,
     |     ^^^^^ help: if this is intentional, prefix it with an underscore: `_state`

warning: unused variable: `state`
  --> crates/lua-vm/src/func.rs:78:5
   |
78 |     state: &mut LuaState,
   |     ^^^^^ help: if this is intentional, prefix it with an underscore: `_state`

warning: unused variable: `valid_end`
   --> crates/lua-vm/src/object.rs:389:9
    |
389 |     let valid_end = idx;
    |         ^^^^^^^^^ help: if this is intentional, prefix it with an underscore: `_valid_end`

warning: variable does not need to be mutable
    --> crates/lua-vm/src/object.rs:1007:9
     |
1007 |     let mut write_bytes = |out: &mut [u8], written: &mut usize, bytes: &[u8]| {
     |         ----^^^^^^^^^^^
     |         |
     |         help: remove this `mut`
     |
     = note: `#[warn(unused_mut)]` (part of `#[warn(unused)]`) on by default

warning: variable does not need to be mutable
    --> crates/lua-vm/src/state.rs:3408:9
     |
3408 |     let mut status = if status == LuaStatus::Yield as i32 {
     |         ----^^^^^^
     |         |
     |         help: remove this `mut`

warning: unused variable: `state`
   --> crates/lua-vm/src/string.rs:833:5
    |
833 |     state: &mut LuaState,
    |     ^^^^^ help: if this is intentional, prefix it with an underscore: `_state`

warning: unused variable: `state`
   --> crates/lua-vm/src/table.rs:599:9
    |
599 |         state: &mut LuaState,
    |         ^^^^^ help: if this is intentional, prefix it with an underscore: `_state`

warning: value assigned to `new_hash_node` is never read
   --> crates/lua-vm/src/table.rs:866:49
    |
866 |         let mut new_hash_node: Vec<TableNode> = Vec::new();
    |                                                 ^^^^^^^^^^
    |
    = help: maybe it is overwritten before being read?
    = note: `#[warn(unused_assignments)]` (part of `#[warn(unused)]`) on by default

warning: value assigned to `new_hash_lsize` is never read
   --> crates/lua-vm/src/table.rs:867:38
    |
867 |         let mut new_hash_lsize: u8 = 0;
    |                                      ^
    |
    = help: maybe it is overwritten before being read?

warning: value assigned to `new_hash_lastfree` is never read
   --> crates/lua-vm/src/table.rs:868:52
    |
868 |         let mut new_hash_lastfree: Option<usize> = None;
    |                                                    ^^^^
    |
    = help: maybe it is overwritten before being read?

warning: unused variable: `event`
   --> crates/lua-vm/src/tagmethods.rs:250:5
    |
250 |     event: TagMethod,
    |     ^^^^^ help: if this is intentional, prefix it with an underscore: `_event`

warning: unused variable: `tm`
   --> crates/lua-vm/src/tagmethods.rs:255:9
    |
255 |     let tm: LuaValue = todo!("phase-b: LuaTable::get_short_str");
    |         ^^ help: if this is intentional, prefix it with an underscore: `_tm`

warning: unused variable: `s`
   --> crates/lua-vm/src/undump.rs:130:15
    |
130 | fn load_error(s: &LoadState<'_>, why: &'static str) -> LuaError {
    |               ^ help: if this is intentional, prefix it with an underscore: `_s`

warning: value assigned to `trap` is never read
    --> crates/lua-vm/src/vm.rs:2074:25
     |
2074 |                         trap = state.ci_trap(ci);
     |                         ^^^^^^^^^^^^^^^^^^^^^^^^
     |
     = help: maybe it is overwritten before being read?

warning: value assigned to `trap` is never read
    --> crates/lua-vm/src/vm.rs:2345:29
     |
2345 | ...                   trap = state.ci_trap(ci);
     |                       ^^^^^^^^^^^^^^^^^^^^^^^^
     |
     = help: maybe it is overwritten before being read?

warning: constant `ALPHABIT` is never used
  --> crates/lua-vm/src/ctype.rs:32:7
   |
32 | const ALPHABIT: u32 = 0;
   |       ^^^^^^^^
   |
   = note: `#[warn(dead_code)]` (part of `#[warn(unused)]`) on by default

warning: constant `DIGITBIT` is never used
  --> crates/lua-vm/src/ctype.rs:35:7
   |
35 | const DIGITBIT: u32 = 1;
   |       ^^^^^^^^

warning: constant `PRINTBIT` is never used
  --> crates/lua-vm/src/ctype.rs:38:7
   |
38 | const PRINTBIT: u32 = 2;
   |       ^^^^^^^^

warning: constant `SPACEBIT` is never used
  --> crates/lua-vm/src/ctype.rs:41:7
   |
41 | const SPACEBIT: u32 = 3;
   |       ^^^^^^^^

warning: constant `XDIGITBIT` is never used
  --> crates/lua-vm/src/ctype.rs:44:7
   |
44 | const XDIGITBIT: u32 = 4;
   |       ^^^^^^^^^

warning: static `CTYPE_TABLE` is never used
  --> crates/lua-vm/src/ctype.rs:67:19
   |
67 | pub(crate) static CTYPE_TABLE: [u8; 257] = [
   |                   ^^^^^^^^^^^

warning: function `test_prop` is never used
   --> crates/lua-vm/src/ctype.rs:160:4
    |
160 | fn test_prop(c: i32, mask: u8) -> bool {
    |    ^^^^^^^^^

warning: function `lislalpha` is never used
   --> crates/lua-vm/src/ctype.rs:174:15
    |
174 | pub(crate) fn lislalpha(c: i32) -> bool {
    |               ^^^^^^^^^

warning: function `lislalnum` is never used
   --> crates/lua-vm/src/ctype.rs:182:15
    |
182 | pub(crate) fn lislalnum(c: i32) -> bool {
    |               ^^^^^^^^^

warning: function `lisdigit` is never used
   --> crates/lua-vm/src/ctype.rs:190:15
    |
190 | pub(crate) fn lisdigit(c: i32) -> bool {
    |               ^^^^^^^^

warning: function `lisspace` is never used
   --> crates/lua-vm/src/ctype.rs:199:15
    |
199 | pub(crate) fn lisspace(c: i32) -> bool {
    |               ^^^^^^^^

warning: function `lisprint` is never used
   --> crates/lua-vm/src/ctype.rs:207:15
    |
207 | pub(crate) fn lisprint(c: i32) -> bool {
    |               ^^^^^^^^

warning: function `lisxdigit` is never used
   --> crates/lua-vm/src/ctype.rs:215:15
    |
215 | pub(crate) fn lisxdigit(c: i32) -> bool {
    |               ^^^^^^^^^

warning: function `ltolower` is never used
   --> crates/lua-vm/src/ctype.rs:230:15
    |
230 | pub(crate) fn ltolower(c: i32) -> i32 {
    |               ^^^^^^^^

warning: constant `LUA_MASKCALL` is never used
  --> crates/lua-vm/src/debug.rs:52:7
   |
52 | const LUA_MASKCALL: u8 = 1 << 0;  // C: (1 << LUA_HOOKCALL)
   |       ^^^^^^^^^^^^

warning: constant `LUA_YIELD_STATUS` is never used
  --> crates/lua-vm/src/debug.rs:60:7
   |
60 | const LUA_YIELD_STATUS: i32 = 1;
   |       ^^^^^^^^^^^^^^^^

warning: function `runtime_from_top` is never used
   --> crates/lua-vm/src/debug.rs:220:4
    |
220 | fn runtime_from_top(state: &mut crate::state::LuaState) -> LuaError {
    |    ^^^^^^^^^^^^^^^^

warning: function `concat_error` is never used
    --> crates/lua-vm/src/debug.rs:1569:15
     |
1569 | pub(crate) fn concat_error(
     |               ^^^^^^^^^^^^

warning: function `error_msg` is never used
    --> crates/lua-vm/src/debug.rs:1709:15
     |
1709 | pub(crate) fn error_msg(state: &mut LuaState) -> Result<(), LuaError> {
     |               ^^^^^^^^^

warning: function `run_error` is never used
    --> crates/lua-vm/src/debug.rs:1741:15
     |
1741 | pub(crate) fn run_error(state: &mut LuaState, msg: Vec<u8>) -> Result<(), LuaError> {
     |               ^^^^^^^^^

warning: function `throw` is never used
   --> crates/lua-vm/src/do_.rs:181:15
    |
181 | pub(crate) fn throw(state: &mut LuaState, errcode: LuaStatus) -> ! {
    |               ^^^^^

warning: function `inc_top` is never used
   --> crates/lua-vm/src/do_.rs:380:15
    |
380 | pub(crate) fn inc_top(state: &mut LuaState) -> Result<(), LuaError> {
    |               ^^^^^^^

warning: constant `MAX_UPVAL` is never used
  --> crates/lua-vm/src/func.rs:61:18
   |
61 | pub(crate) const MAX_UPVAL: u8 = 255;
   |                  ^^^^^^^^^

warning: constant `MAX_MISS` is never used
  --> crates/lua-vm/src/func.rs:66:18
   |
66 | pub(crate) const MAX_MISS: u32 = 10;
   |                  ^^^^^^^^

warning: function `new_c_closure` is never used
  --> crates/lua-vm/src/func.rs:77:15
   |
77 | pub(crate) fn new_c_closure(
   |               ^^^^^^^^^^^^^

warning: function `new_lua_closure` is never used
   --> crates/lua-vm/src/func.rs:111:15
    |
111 | pub(crate) fn new_lua_closure(
    |               ^^^^^^^^^^^^^^^

warning: function `unlink_upval` is never used
   --> crates/lua-vm/src/func.rs:438:15
    |
438 | pub(crate) fn unlink_upval(state: &mut LuaState, uv: &GcRef<UpVal>) {
    |               ^^^^^^^^^^^^

warning: function `new_proto` is never used
   --> crates/lua-vm/src/func.rs:573:15
    |
573 | pub(crate) fn new_proto(state: &mut LuaState) -> GcRef<crate::state::LuaProto> {
    |               ^^^^^^^^^

warning: function `free_proto` is never used
   --> crates/lua-vm/src/func.rs:606:15
    |
606 | pub(crate) fn free_proto(_state: &mut LuaState, _f: GcRef<crate::state::LuaProto>) {
    |               ^^^^^^^^^^

warning: constant `DUMMY_C_FUNCTION_IDX` is never used
   --> crates/lua-vm/src/func.rs:682:7
    |
682 | const DUMMY_C_FUNCTION_IDX: crate::state::LuaCFnPtr = usize::MAX;
    |       ^^^^^^^^^^^^^^^^^^^^

warning: constant `L_MAX_LEN_NUM` is never used
  --> crates/lua-vm/src/object.rs:26:7
   |
26 | const L_MAX_LEN_NUM: usize = 200;
   |       ^^^^^^^^^^^^^

warning: constant `CIST_YPCALL` is never used
  --> crates/lua-vm/src/state.rs:95:18
   |
95 | pub(crate) const CIST_YPCALL: u16 = 1 << 4;
   |                  ^^^^^^^^^^^

warning: constant `CIST_CLSRET` is never used
   --> crates/lua-vm/src/state.rs:100:18
    |
100 | pub(crate) const CIST_CLSRET: u16 = 1 << 9;
    |                  ^^^^^^^^^^^

warning: constant `CIST_RECST` is never used
   --> crates/lua-vm/src/state.rs:101:18
    |
101 | pub(crate) const CIST_RECST: u32 = 10;
    |                  ^^^^^^^^^^

warning: constant `LUA_RIDX_MAINTHREAD` is never used
   --> crates/lua-vm/src/state.rs:105:18
    |
105 | pub(crate) const LUA_RIDX_MAINTHREAD: i64 = 1;
    |                  ^^^^^^^^^^^^^^^^^^^

warning: constant `LUA_RIDX_GLOBALS` is never used
   --> crates/lua-vm/src/state.rs:106:18
    |
106 | pub(crate) const LUA_RIDX_GLOBALS: i64 = 2;
    |                  ^^^^^^^^^^^^^^^^

warning: constant `LUA_RIDX_LAST` is never used
   --> crates/lua-vm/src/state.rs:108:18
    |
108 | pub(crate) const LUA_RIDX_LAST: usize = 2;
    |                  ^^^^^^^^^^^^^

warning: constant `LUA_EXTRASPACE` is never used
   --> crates/lua-vm/src/state.rs:115:7
    |
115 | const LUA_EXTRASPACE: usize = std::mem::size_of::<*mut ()>();
    |       ^^^^^^^^^^^^^^

warning: function `inc_c_stack` is never used
    --> crates/lua-vm/src/state.rs:2987:15
     |
2987 | pub(crate) fn inc_c_stack(state: &mut LuaState) -> Result<(), LuaError> {
     |               ^^^^^^^^^^^

warning: function `free_thread` is never used
    --> crates/lua-vm/src/state.rs:3348:15
     |
3348 | pub(crate) fn free_thread(caller: &mut LuaState, thread: &mut LuaState) {
     |               ^^^^^^^^^^^

warning: function `warn_error` is never used
    --> crates/lua-vm/src/state.rs:3757:15
     |
3757 | pub(crate) fn warn_error(state: &mut LuaState, where_: &[u8]) {
     |               ^^^^^^^^^^

warning: type alias `LocalGcRef` is never used
  --> crates/lua-vm/src/string.rs:37:6
   |
37 | type LocalGcRef<T> = Rc<T>;
   |      ^^^^^^^^^^

warning: field `hash` is never read
   --> crates/lua-vm/src/string.rs:158:5
    |
147 | pub struct LuaStringImpl {
    |            ------------- field in this struct
...
158 |     hash: Cell<u32>,
    |     ^^^^

warning: function `eq_long_str` is never used
   --> crates/lua-vm/src/string.rs:360:15
    |
360 | pub(crate) fn eq_long_str(a: &LuaStringImpl, b: &LuaStringImpl) -> bool {
    |               ^^^^^^^^^^^

warning: function `hash_long_str` is never used
   --> crates/lua-vm/src/string.rs:442:15
    |
442 | pub(crate) fn hash_long_str(ts: &LuaStringImpl) -> u32 {
    |               ^^^^^^^^^^^^^

warning: function `clear_cache` is never used
   --> crates/lua-vm/src/string.rs:546:15
    |
546 | pub(crate) fn clear_cache(g: &mut GlobalState) {
    |               ^^^^^^^^^^^

warning: function `create_long_str` is never used
   --> crates/lua-vm/src/string.rs:636:15
    |
636 | pub(crate) fn create_long_str(state: &mut LuaState, l: usize) -> GcRef<LuaStringImpl> {
    |               ^^^^^^^^^^^^^^^

warning: function `remove_str` is never used
   --> crates/lua-vm/src/string.rs:667:15
    |
667 | pub(crate) fn remove_str(state: &mut LuaState, ts: &LuaStringImpl) {
    |               ^^^^^^^^^^

warning: function `new_userdata` is never used
   --> crates/lua-vm/src/string.rs:832:15
    |
832 | pub(crate) fn new_userdata(
    |               ^^^^^^^^^^^^

warning: methods `set_key_nil` and `key_is_collectable` are never used
   --> crates/lua-vm/src/table.rs:169:8
    |
136 | impl TableNode {
    | -------------- methods in this implementation
...
169 |     fn set_key_nil(&mut self) { self.key = LuaValue::Nil; }
    |        ^^^^^^^^^^^
...
178 |     fn key_is_collectable(&self) -> bool {
    |        ^^^^^^^^^^^^^^^^^^

warning: method `is_absent` is never used
   --> crates/lua-vm/src/table.rs:214:8
    |
212 | impl TableSlotRef {
    | ----------------- method in this implementation
213 |     // C: isabstkey(slot)
214 |     fn is_absent(self) -> bool { matches!(self, TableSlotRef::Absent) }
    |        ^^^^^^^^^

warning: method `free_hash` is never used
   --> crates/lua-vm/src/table.rs:688:8
    |
254 | impl LuaTable {
    | ------------- method in this implementation
...
688 |     fn free_hash(&mut self) {
    |        ^^^^^^^^^

warning: function `get_tm` is never used
   --> crates/lua-vm/src/tagmethods.rs:248:15
    |
248 | pub(crate) fn get_tm(
    |               ^^^^^^

warning: field `name` is never read
   --> crates/lua-vm/src/undump.rs:105:5
    |
 97 | struct LoadState<'a> {
    |        --------- field in this struct
...
105 |     name: Vec<u8>,
    |     ^^^^

warning: function pointer comparisons do not produce meaningful results since their addresses are not guaranteed to be unique
    --> crates/lua-vm/src/api.rs:1209:61
     |
1209 |             match g.c_functions.iter().position(|&existing| existing == f) {
     |                                                             ^^^^^^^^^^^^^
     |
     = note: the address of the same function can vary between different codegen units
     = note: furthermore, different functions could have the same address after being merged together
     = note: for more information visit <https://doc.rust-lang.org/nightly/core/ptr/fn.fn_addr_eq.html>
     = note: `#[warn(unpredictable_function_pointer_comparisons)]` on by default
help: refactor your code, or use `std::ptr::fn_addr_eq` to suppress the lint
     |
1209 -             match g.c_functions.iter().position(|&existing| existing == f) {
1209 +             match g.c_functions.iter().position(|&existing| std::ptr::fn_addr_eq(existing, f)) {
     |

warning: structure field `nCcalls` should have a snake case name
    --> crates/lua-vm/src/state.rs:1258:9
     |
1258 |     pub nCcalls: u32,
     |         ^^^^^^^ help: convert the identifier to snake case: `n_ccalls`
     |
     = note: `#[warn(non_snake_case)]` (part of `#[warn(nonstandard_style)]`) on by default

warning: unused import: `std::rc::Rc`
  --> crates/lua-lex/src/lib.rs:26:5
   |
26 | use std::rc::Rc;
   |     ^^^^^^^^^^^
   |
   = note: `#[warn(unused_imports)]` (part of `#[warn(unused)]`) on by default

warning: enum `NumResult` is never used
    --> crates/lua-lex/src/lib.rs:1947:6
     |
1947 | enum NumResult {
     |      ^^^^^^^^^
     |
     = note: `#[warn(dead_code)]` (part of `#[warn(unused)]`) on by default

warning: function `str2num_stub` is never used
    --> crates/lua-lex/src/lib.rs:1952:4
     |
1952 | fn str2num_stub(bytes: &[u8]) -> Option<NumResult> {
     |    ^^^^^^^^^^^^

warning: unused imports: `LuaStatus`, `arith::ArithOp`, `closure::LuaClosure`, and `gc::GcRef`
  --> crates/lua-stdlib/src/base.rs:8:5
   |
 8 |     closure::LuaClosure,
   |     ^^^^^^^^^^^^^^^^^^^
...
12 |     LuaStatus,
   |     ^^^^^^^^^
13 |     arith::ArithOp,
   |     ^^^^^^^^^^^^^^
14 |     gc::GcRef,
   |     ^^^^^^^^^
   |
   = note: `#[warn(unused_imports)]` (part of `#[warn(unused)]`) on by default

warning: unused imports: `CompareOp`, `LuaDebug`, `lua_CFunction`, and `upvalue_index`
  --> crates/lua-stdlib/src/base.rs:16:57
   |
16 | use crate::state_stub::{LuaState, LuaStateStubExt as _, lua_CFunction, upvalue_index, CompareOp, LuaDebug};
   |                                                         ^^^^^^^^^^^^^  ^^^^^^^^^^^^^  ^^^^^^^^^  ^^^^^^^^

warning: unused import: `lua_types::gc::GcRef`
  --> crates/lua-stdlib/src/string_lib.rs:16:5
   |
16 | use lua_types::gc::GcRef;
   |     ^^^^^^^^^^^^^^^^^^^^

warning: unused import: `lua_types::string::LuaString`
  --> crates/lua-stdlib/src/string_lib.rs:17:5
   |
17 | use lua_types::string::LuaString;
   |     ^^^^^^^^^^^^^^^^^^^^^^^^^^^^

warning: unused import: `LuaStatus`
  --> crates/lua-stdlib/src/string_lib.rs:18:26
   |
18 | use lua_types::{LuaType, LuaStatus};
   |                          ^^^^^^^^^

warning: unused imports: `CompareOp` and `LuaDebug`
  --> crates/lua-stdlib/src/string_lib.rs:19:87
   |
19 | use crate::state_stub::{LuaState, LuaStateStubExt as _, lua_CFunction, upvalue_index, CompareOp, LuaDebug};
   |                                                                                       ^^^^^^^^^  ^^^^^^^^

warning: unused imports: `LuaDebug`, `lua_CFunction`, and `upvalue_index`
 --> crates/lua-stdlib/src/table_lib.rs:9:57
  |
9 | use crate::state_stub::{LuaState, LuaStateStubExt as _, lua_CFunction, upvalue_index, CompareOp, LuaDebug};
  |                                                         ^^^^^^^^^^^^^  ^^^^^^^^^^^^^             ^^^^^^^^

warning: unused imports: `CompareOp`, `LuaDebug`, `lua_CFunction as LuaCFn`, and `upvalue_index`
  --> crates/lua-stdlib/src/math_lib.rs:16:57
   |
16 | use crate::state_stub::{LuaState, LuaStateStubExt as _, lua_CFunction as LuaCFn, upvalue_index, CompareOp, LuaDebug};
   |                                                         ^^^^^^^^^^^^^^^^^^^^^^^  ^^^^^^^^^^^^^  ^^^^^^^^^  ^^^^^^^^

warning: unused imports: `CompareOp`, `LuaDebug`, `lua_CFunction`, and `upvalue_index`
  --> crates/lua-stdlib/src/io_lib.rs:29:57
   |
29 | use crate::state_stub::{LuaState, LuaStateStubExt as _, lua_CFunction, upvalue_index, CompareOp, LuaDebug};
   |                                                         ^^^^^^^^^^^^^  ^^^^^^^^^^^^^  ^^^^^^^^^  ^^^^^^^^

warning: unused imports: `CompareOp`, `LuaDebug`, `lua_CFunction`, and `upvalue_index`
  --> crates/lua-stdlib/src/os_lib.rs:18:57
   |
18 | use crate::state_stub::{LuaState, LuaStateStubExt as _, lua_CFunction, upvalue_index, CompareOp, LuaDebug};
   |                                                         ^^^^^^^^^^^^^  ^^^^^^^^^^^^^  ^^^^^^^^^  ^^^^^^^^

warning: unused import: `lua_types::closure::LuaClosure`
  --> crates/lua-stdlib/src/utf8_lib.rs:14:5
   |
14 | use lua_types::closure::LuaClosure;
   |     ^^^^^^^^^^^^^^^^^^^^^^^^^^^^^^

warning: unused imports: `LuaStatus` and `LuaType`
  --> crates/lua-stdlib/src/utf8_lib.rs:15:17
   |
15 | use lua_types::{LuaType, LuaStatus};
   |                 ^^^^^^^  ^^^^^^^^^

warning: unused imports: `CompareOp`, `LuaDebug`, `lua_CFunction`, and `upvalue_index`
  --> crates/lua-stdlib/src/utf8_lib.rs:16:57
   |
16 | use crate::state_stub::{LuaState, LuaStateStubExt as _, lua_CFunction, upvalue_index, CompareOp, LuaDebug};
   |                                                         ^^^^^^^^^^^^^  ^^^^^^^^^^^^^  ^^^^^^^^^  ^^^^^^^^

warning: unused import: `LuaStatus`
  --> crates/lua-stdlib/src/debug_lib.rs:14:64
   |
14 | use lua_types::{GcRef, LuaError, LuaString, LuaType, LuaValue, LuaStatus};
   |                                                                ^^^^^^^^^

warning: unused imports: `CompareOp`, `lua_CFunction`, and `upvalue_index`
  --> crates/lua-stdlib/src/debug_lib.rs:15:57
   |
15 | use crate::state_stub::{LuaState, LuaStateStubExt as _, lua_CFunction, upvalue_index, CompareOp, LuaDebug as DebugInfo};
   |                                                         ^^^^^^^^^^^^^  ^^^^^^^^^^^^^  ^^^^^^^^^

warning: unused imports: `GcRef`, `LuaClosure`, `LuaStatus`, `LuaString`, and `StackIdx`
  --> crates/lua-stdlib/src/loadlib.rs:22:5
   |
22 |     GcRef, LuaClosure, LuaError, LuaString, LuaType, LuaValue, StackIdx, LuaStatus,
   |     ^^^^^  ^^^^^^^^^^            ^^^^^^^^^                     ^^^^^^^^  ^^^^^^^^^

warning: unused import: `lua_types::value::LuaTable`
  --> crates/lua-stdlib/src/loadlib.rs:24:5
   |
24 | use lua_types::value::LuaTable;
   |     ^^^^^^^^^^^^^^^^^^^^^^^^^^

warning: unused imports: `CompareOp`, `LuaDebug`, and `upvalue_index`
  --> crates/lua-stdlib/src/loadlib.rs:26:72
   |
26 | use crate::state_stub::{LuaState, LuaStateStubExt as _, lua_CFunction, upvalue_index, CompareOp, LuaDebug};
   |                                                                        ^^^^^^^^^^^^^  ^^^^^^^^^  ^^^^^^^^

warning: unused import: `arith::ArithOp`
  --> crates/lua-stdlib/src/auxlib.rs:32:5
   |
32 |     arith::ArithOp,
   |     ^^^^^^^^^^^^^^

warning: unused imports: `CompareOp`, `lua_CFunction`, and `upvalue_index`
  --> crates/lua-stdlib/src/auxlib.rs:34:57
   |
34 | use crate::state_stub::{LuaState, LuaStateStubExt as _, lua_CFunction, upvalue_index, CompareOp, LuaDebug};
   |                                                         ^^^^^^^^^^^^^  ^^^^^^^^^^^^^  ^^^^^^^^^

warning: unused imports: `CompareOp`, `LuaDebug`, `lua_CFunction`, and `upvalue_index`
 --> crates/lua-stdlib/src/init.rs:8:57
  |
8 | use crate::state_stub::{LuaState, LuaStateStubExt as _, lua_CFunction, upvalue_index, CompareOp, LuaDebug};
  |                                                         ^^^^^^^^^^^^^  ^^^^^^^^^^^^^  ^^^^^^^^^  ^^^^^^^^

warning: unreachable statement
   --> crates/lua-stdlib/src/io_lib.rs:710:5
    |
709 |       let p: &mut LStream = todo!("TODO(port): extract LStream from registry userdata");
    |                             ----------------------------------------------------------- any code following this expression is unreachable
710 | /     if p.is_closed() {
711 | |         return Err(LuaError::runtime(format_args!(
712 | |             "default {} file is closed",
713 | |             label.escape_ascii()
714 | |         )));
715 | |     }
    | |_____^ unreachable statement
    |
    = note: `#[warn(unreachable_code)]` (part of `#[warn(unused)]`) on by default

warning: unreachable statement
    --> crates/lua-stdlib/src/io_lib.rs:1487:5
     |
1486 |       let is_closed: bool = todo!("TODO(port): check LStream::is_closed() from upvalue 1");
     |                             -------------------------------------------------------------- any code following this expression is unreachable
1487 | /     if is_closed {
1488 | |         return Err(LuaError::runtime(format_args!("file is already closed")));
1489 | |     }
     | |_____^ unreachable statement

warning: variable does not need to be mutable
   --> crates/lua-stdlib/src/string_lib.rs:265:9
    |
265 |     let mut buf: Vec<u8> = s.iter().copied().rev().collect();
    |         ----^^^
    |         |
    |         help: remove this `mut`
    |
    = note: `#[warn(unused_mut)]` (part of `#[warn(unused)]`) on by default

warning: unused variable: `p_start`
    --> crates/lua-stdlib/src/string_lib.rs:1075:14
     |
1075 |         let (p_start, p_slice) = if anchor {
     |              ^^^^^^^ help: if this is intentional, prefix it with an underscore: `_p_start`
     |
     = note: `#[warn(unused_variables)]` (part of `#[warn(unused)]`) on by default

warning: variable does not need to be mutable
    --> crates/lua-stdlib/src/string_lib.rs:1530:9
     |
1530 |     let mut buf = num2straux(n);
     |         ----^^^
     |         |
     |         help: remove this `mut`

warning: unused variable: `state`
    --> crates/lua-stdlib/src/string_lib.rs:2290:14
     |
2290 | fn unpackint(state: &LuaState, data: &[u8], is_little: bool, size: usize, is_signed: bool) -> Result<i64, LuaError> {
     |              ^^^^^ help: if this is intentional, prefix it with an underscore: `_state`

warning: unused variable: `label`
   --> crates/lua-stdlib/src/io_lib.rs:708:9
    |
708 |     let label = &key[IO_PREFIX_LEN..]; // strip "_IO_" for the error message
    |         ^^^^^ help: if this is intentional, prefix it with an underscore: `_label`

warning: unused variable: `p`
   --> crates/lua-stdlib/src/io_lib.rs:709:9
    |
709 |     let p: &mut LStream = todo!("TODO(port): extract LStream from registry userdata");
    |         ^ help: if this is intentional, prefix it with an underscore: `_p`

warning: value assigned to `c` is never read
   --> crates/lua-stdlib/src/io_lib.rs:824:22
    |
824 |     let mut c: i32 = EOF_SENTINEL;
    |                      ^^^^^^^^^^^^
    |
    = help: maybe it is overwritten before being read?
    = note: `#[warn(unused_assignments)]` (part of `#[warn(unused)]`) on by default

warning: unused variable: `n`
    --> crates/lua-stdlib/src/io_lib.rs:1479:9
     |
1479 |     let n = match state.value_at(crate::state_stub::upvalue_index(2)) {
     |         ^ help: if this is intentional, prefix it with an underscore: `_n`

warning: unused variable: `is_closed`
    --> crates/lua-stdlib/src/io_lib.rs:1486:9
     |
1486 |     let is_closed: bool = todo!("TODO(port): check LStream::is_closed() from upvalue 1");
     |         ^^^^^^^^^ help: if this is intentional, prefix it with an underscore: `_is_closed`

warning: unused variable: `state`
   --> crates/lua-stdlib/src/os_lib.rs:234:5
    |
234 |     state: &mut LuaState,
    |     ^^^^^ help: if this is intentional, prefix it with an underscore: `_state`

warning: unused variable: `buf`
   --> crates/lua-stdlib/src/auxlib.rs:867:17
    |
867 | pub fn add_size(buf: &mut LuaBuffer, sz: usize) {
    |                 ^^^ help: if this is intentional, prefix it with an underscore: `_buf`

warning: unused variable: `state`
    --> crates/lua-stdlib/src/auxlib.rs:1413:14
     |
1413 | fn warn_cont(state: &mut LuaState, message: &[u8], tocont: bool) -> Result<(), LuaError> {
     |              ^^^^^ help: if this is intentional, prefix it with an underscore: `_state`

warning: variant `CountB` is never constructed
  --> crates/lua-stdlib/src/base.rs:53:5
   |
48 | enum GcOp {
   |      ---- variant in this enum
...
53 |     CountB     = 4,
   |     ^^^^^^
   |
   = note: `GcOp` has derived impls for the traits `Clone` and `Debug`, but these are intentionally ignored during dead code analysis
   = note: `#[warn(dead_code)]` (part of `#[warn(unused)]`) on by default

warning: function `pairs_cont` is never used
   --> crates/lua-stdlib/src/base.rs:624:4
    |
624 | fn pairs_cont(_state: &mut LuaState) -> Result<usize, LuaError> {
    |    ^^^^^^^^^^

warning: constant `MAX_ITEM` is never used
  --> crates/lua-stdlib/src/string_lib.rs:44:7
   |
44 | const MAX_ITEM: usize = 120;
   |       ^^^^^^^^

warning: constant `MAX_ITEM_F` is never used
  --> crates/lua-stdlib/src/string_lib.rs:47:7
   |
47 | const MAX_ITEM_F: usize = 418;
   |       ^^^^^^^^^^

warning: constant `MAX_FORMAT` is never used
  --> crates/lua-stdlib/src/string_lib.rs:50:7
   |
50 | const MAX_FORMAT: usize = 32;
   |       ^^^^^^^^^^

warning: struct `GMatchState` is never constructed
   --> crates/lua-stdlib/src/string_lib.rs:139:8
    |
139 | struct GMatchState {
    |        ^^^^^^^^^^^

warning: struct `LibReg` is never constructed
  --> crates/lua-stdlib/src/math_lib.rs:43:8
   |
43 | struct LibReg {
   |        ^^^^^^

warning: static `MATHLIB` is never used
   --> crates/lua-stdlib/src/math_lib.rs:681:8
    |
681 | static MATHLIB: &[LibReg] = &[
    |        ^^^^^^^

warning: function `exec_result` is never used
   --> crates/lua-stdlib/src/io_lib.rs:384:4
    |
384 | fn exec_result(state: &mut LuaState, stat: i32) -> Result<usize, LuaError> {
    |    ^^^^^^^^^^^

warning: function `io_pclose` is never used
   --> crates/lua-stdlib/src/io_lib.rs:503:4
    |
503 | fn io_pclose(state: &mut LuaState) -> Result<usize, LuaError> {
    |    ^^^^^^^^^

warning: function `get_io_file` is never used
   --> crates/lua-stdlib/src/io_lib.rs:699:4
    |
699 | fn get_io_file<'a>(
    |    ^^^^^^^^^^^

warning: function `g_write` is never used
    --> crates/lua-stdlib/src/io_lib.rs:1091:4
     |
1091 | fn g_write(
     |    ^^^^^^^

warning: type alias `HookFn` is never used
  --> crates/lua-stdlib/src/debug_lib.rs:48:17
   |
48 | pub(crate) type HookFn = fn(&mut LuaState, i32, i32) -> Result<(), LuaError>;
   |                 ^^^^^^

warning: constant `LUA_MINSTACK` is never used
  --> crates/lua-stdlib/src/auxlib.rs:85:7
   |
85 | const LUA_MINSTACK: i32 = 20;
   |       ^^^^^^^^^^^^

warning: function pointer comparisons do not produce meaningful results since their addresses are not guaranteed to be unique
   --> crates/lua-stdlib/src/state_stub.rs:347:61
    |
347 |             match g.c_functions.iter().position(|&existing| existing == f) {
    |                                                             ^^^^^^^^^^^^^
    |
    = note: the address of the same function can vary between different codegen units
    = note: furthermore, different functions could have the same address after being merged together
    = note: for more information visit <https://doc.rust-lang.org/nightly/core/ptr/fn.fn_addr_eq.html>
    = note: `#[warn(unpredictable_function_pointer_comparisons)]` on by default
help: refactor your code, or use `std::ptr::fn_addr_eq` to suppress the lint
    |
347 -             match g.c_functions.iter().position(|&existing| existing == f) {
347 +             match g.c_functions.iter().position(|&existing| std::ptr::fn_addr_eq(existing, f)) {
    |

warning: unused `Result` that must be used
   --> crates/lua-stdlib/src/base.rs:204:9
    |
204 |         state.insert(-2);
    |         ^^^^^^^^^^^^^^^^
    |
    = note: this `Result` may be an `Err` variant, which should be handled
    = note: `#[warn(unused_must_use)]` (part of `#[warn(unused)]`) on by default
help: use `let _ = ...` to ignore the resulting value
    |
204 |         let _ = state.insert(-2);
    |         +++++++

warning: unused `Result` that must be used
   --> crates/lua-stdlib/src/base.rs:831:5
    |
831 |     state.remove(1);
    |     ^^^^^^^^^^^^^^^
    |
    = note: this `Result` may be an `Err` variant, which should be handled
help: use `let _ = ...` to ignore the resulting value
    |
831 |     let _ = state.remove(1);
    |     +++++++

warning: unused `Result` that must be used
   --> crates/lua-stdlib/src/base.rs:892:5
    |
892 |     state.insert(1);
    |     ^^^^^^^^^^^^^^^
    |
    = note: this `Result` may be an `Err` variant, which should be handled
help: use `let _ = ...` to ignore the resulting value
    |
892 |     let _ = state.insert(1);
    |     +++++++

warning: unused `Result` that must be used
   --> crates/lua-stdlib/src/base.rs:923:5
    |
923 |     state.rotate(3, 2);
    |     ^^^^^^^^^^^^^^^^^^
    |
    = note: this `Result` may be an `Err` variant, which should be handled
help: use `let _ = ...` to ignore the resulting value
    |
923 |     let _ = state.rotate(3, 2);
    |     +++++++

warning: unused `Result` that must be used
   --> crates/lua-stdlib/src/table_lib.rs:293:5
    |
293 |     state.push_value_at(tt);
    |     ^^^^^^^^^^^^^^^^^^^^^^^
    |
    = note: this `Result` may be an `Err` variant, which should be handled
help: use `let _ = ...` to ignore the resulting value
    |
293 |     let _ = state.push_value_at(tt);
    |     +++++++

warning: unused `Result` that must be used
   --> crates/lua-stdlib/src/table_lib.rs:400:5
    |
400 |     state.insert(1);
    |     ^^^^^^^^^^^^^^^
    |
    = note: this `Result` may be an `Err` variant, which should be handled
help: use `let _ = ...` to ignore the resulting value
    |
400 |     let _ = state.insert(1);
    |     +++++++

warning: unused `Result` that must be used
   --> crates/lua-stdlib/src/table_lib.rs:531:5
    |
531 |     state.push_value_at(2);       // push function
    |     ^^^^^^^^^^^^^^^^^^^^^^
    |
    = note: this `Result` may be an `Err` variant, which should be handled
help: use `let _ = ...` to ignore the resulting value
    |
531 |     let _ = state.push_value_at(2);       // push function
    |     +++++++

warning: unused `Result` that must be used
   --> crates/lua-stdlib/src/table_lib.rs:532:5
    |
532 |     state.push_value_at(a - 1);   // push copy of a (compensate for function push)
    |     ^^^^^^^^^^^^^^^^^^^^^^^^^^
    |
    = note: this `Result` may be an `Err` variant, which should be handled
help: use `let _ = ...` to ignore the resulting value
    |
532 |     let _ = state.push_value_at(a - 1);   // push copy of a (compensate for function push)
    |     +++++++

warning: unused `Result` that must be used
   --> crates/lua-stdlib/src/table_lib.rs:533:5
    |
533 |     state.push_value_at(b - 2);   // push copy of b (compensate for function + a copy)
    |     ^^^^^^^^^^^^^^^^^^^^^^^^^^
    |
    = note: this `Result` may be an `Err` variant, which should be handled
help: use `let _ = ...` to ignore the resulting value
    |
533 |     let _ = state.push_value_at(b - 2);   // push copy of b (compensate for function + a copy)
    |     +++++++

warning: unused `Result` that must be used
   --> crates/lua-stdlib/src/table_lib.rs:731:9
    |
731 |         state.push_value_at(-1); // duplicate: two copies of pivot on stack
    |         ^^^^^^^^^^^^^^^^^^^^^^^
    |
    = note: this `Result` may be an `Err` variant, which should be handled
help: use `let _ = ...` to ignore the resulting value
    |
731 |         let _ = state.push_value_at(-1); // duplicate: two copies of pivot on stack
    |         +++++++

warning: unused `Result` that must be used
   --> crates/lua-stdlib/src/math_lib.rs:499:13
    |
499 |             state.push_string(b"integer");
    |             ^^^^^^^^^^^^^^^^^^^^^^^^^^^^^
    |
    = note: this `Result` may be an `Err` variant, which should be handled
help: use `let _ = ...` to ignore the resulting value
    |
499 |             let _ = state.push_string(b"integer");
    |             +++++++

warning: unused `Result` that must be used
   --> crates/lua-stdlib/src/math_lib.rs:501:13
    |
501 |             state.push_string(b"float");
    |             ^^^^^^^^^^^^^^^^^^^^^^^^^^^
    |
    = note: this `Result` may be an `Err` variant, which should be handled
help: use `let _ = ...` to ignore the resulting value
    |
501 |             let _ = state.push_string(b"float");
    |             +++++++

warning: unused `Result` that must be used
   --> crates/lua-stdlib/src/io_lib.rs:365:13
    |
365 |             state.push_string(&s);
    |             ^^^^^^^^^^^^^^^^^^^^^
    |
    = note: this `Result` may be an `Err` variant, which should be handled
help: use `let _ = ...` to ignore the resulting value
    |
365 |             let _ = state.push_string(&s);
    |             +++++++

warning: unused `Result` that must be used
   --> crates/lua-stdlib/src/io_lib.rs:368:13
    |
368 |             state.push_string(msg.as_bytes());
    |             ^^^^^^^^^^^^^^^^^^^^^^^^^^^^^^^^^
    |
    = note: this `Result` may be an `Err` variant, which should be handled
help: use `let _ = ...` to ignore the resulting value
    |
368 |             let _ = state.push_string(msg.as_bytes());
    |             +++++++

warning: unused `Result` that must be used
   --> crates/lua-stdlib/src/io_lib.rs:391:9
    |
391 |         state.push_string(b"exit");
    |         ^^^^^^^^^^^^^^^^^^^^^^^^^^
    |
    = note: this `Result` may be an `Err` variant, which should be handled
help: use `let _ = ...` to ignore the resulting value
    |
391 |         let _ = state.push_string(b"exit");
    |         +++++++

warning: unused `Result` that must be used
   --> crates/lua-stdlib/src/io_lib.rs:518:5
    |
518 |     state.push_string(b"cannot close standard file");
    |     ^^^^^^^^^^^^^^^^^^^^^^^^^^^^^^^^^^^^^^^^^^^^^^^^
    |
    = note: this `Result` may be an `Err` variant, which should be handled
help: use `let _ = ...` to ignore the resulting value
    |
518 |     let _ = state.push_string(b"cannot close standard file");
    |     +++++++

warning: unused `Result` that must be used
   --> crates/lua-stdlib/src/io_lib.rs:553:17
    |
553 |                 state.push_string(b"closed file");
    |                 ^^^^^^^^^^^^^^^^^^^^^^^^^^^^^^^^^
    |
    = note: this `Result` may be an `Err` variant, which should be handled
help: use `let _ = ...` to ignore the resulting value
    |
553 |                 let _ = state.push_string(b"closed file");
    |                 +++++++

warning: unused `Result` that must be used
   --> crates/lua-stdlib/src/io_lib.rs:555:17
    |
555 |                 state.push_string(b"file");
    |                 ^^^^^^^^^^^^^^^^^^^^^^^^^^
    |
    = note: this `Result` may be an `Err` variant, which should be handled
help: use `let _ = ...` to ignore the resulting value
    |
555 |                 let _ = state.push_string(b"file");
    |                 +++++++

warning: unused `Result` that must be used
   --> crates/lua-stdlib/src/io_lib.rs:571:9
    |
571 |         state.push_string(b"file (closed)");
    |         ^^^^^^^^^^^^^^^^^^^^^^^^^^^^^^^^^^^
    |
    = note: this `Result` may be an `Err` variant, which should be handled
help: use `let _ = ...` to ignore the resulting value
    |
571 |         let _ = state.push_string(b"file (closed)");
    |         +++++++

warning: unused `Result` that must be used
   --> crates/lua-stdlib/src/io_lib.rs:575:9
    |
575 |         state.push_string(b"file (0x?)");
    |         ^^^^^^^^^^^^^^^^^^^^^^^^^^^^^^^^
    |
    = note: this `Result` may be an `Err` variant, which should be handled
help: use `let _ = ...` to ignore the resulting value
    |
575 |         let _ = state.push_string(b"file (0x?)");
    |         +++++++

warning: unused `Result` that must be used
   --> crates/lua-stdlib/src/io_lib.rs:731:13
    |
731 |             state.push_value_at(1);
    |             ^^^^^^^^^^^^^^^^^^^^^^
    |
    = note: this `Result` may be an `Err` variant, which should be handled
help: use `let _ = ...` to ignore the resulting value
    |
731 |             let _ = state.push_value_at(1);
    |             +++++++

warning: unused `Result` that must be used
    --> crates/lua-stdlib/src/io_lib.rs:1262:13
     |
1262 |             state.push_value_at(1);
     |             ^^^^^^^^^^^^^^^^^^^^^^
     |
     = note: this `Result` may be an `Err` variant, which should be handled
help: use `let _ = ...` to ignore the resulting value
     |
1262 |             let _ = state.push_value_at(1);
     |             +++++++

warning: unused `Result` that must be used
    --> crates/lua-stdlib/src/io_lib.rs:1412:5
     |
1412 |     state.push_value_at(1);
     |     ^^^^^^^^^^^^^^^^^^^^^^
     |
     = note: this `Result` may be an `Err` variant, which should be handled
help: use `let _ = ...` to ignore the resulting value
     |
1412 |     let _ = state.push_value_at(1);
     |     +++++++

warning: unused `Result` that must be used
    --> crates/lua-stdlib/src/io_lib.rs:1418:5
     |
1418 |     state.rotate(2, 3);
     |     ^^^^^^^^^^^^^^^^^^
     |
     = note: this `Result` may be an `Err` variant, which should be handled
help: use `let _ = ...` to ignore the resulting value
     |
1418 |     let _ = state.rotate(2, 3);
     |     +++++++

warning: unused `Result` that must be used
    --> crates/lua-stdlib/src/io_lib.rs:1442:9
     |
1442 |         state.replace(1);
     |         ^^^^^^^^^^^^^^^^
     |
     = note: this `Result` may be an `Err` variant, which should be handled
help: use `let _ = ...` to ignore the resulting value
     |
1442 |         let _ = state.replace(1);
     |         +++++++

warning: unused `Result` that must be used
    --> crates/lua-stdlib/src/io_lib.rs:1461:9
     |
1461 |         state.push_value_at(1);    // file as to-be-closed variable (4th result)
     |         ^^^^^^^^^^^^^^^^^^^^^^
     |
     = note: this `Result` may be an `Err` variant, which should be handled
help: use `let _ = ...` to ignore the resulting value
     |
1461 |         let _ = state.push_value_at(1);    // file as to-be-closed variable (4th result)
     |         +++++++

warning: unused `Result` that must be used
    --> crates/lua-stdlib/src/io_lib.rs:1534:9
     |
1534 |         state.push_upvalue(1);
     |         ^^^^^^^^^^^^^^^^^^^^^
     |
     = note: this `Result` may be an `Err` variant, which should be handled
help: use `let _ = ...` to ignore the resulting value
     |
1534 |         let _ = state.push_upvalue(1);
     |         +++++++

warning: unused `Result` that must be used
    --> crates/lua-stdlib/src/io_lib.rs:1576:9
     |
1576 |         state.push_value_at(-1);
     |         ^^^^^^^^^^^^^^^^^^^^^^^
     |
     = note: this `Result` may be an `Err` variant, which should be handled
help: use `let _ = ...` to ignore the resulting value
     |
1576 |         let _ = state.push_value_at(-1);
     |         +++++++

warning: unused `Result` that must be used
   --> crates/lua-stdlib/src/os_lib.rs:886:22
    |
886 |         Some(s) => { state.push_string(s); }
    |                      ^^^^^^^^^^^^^^^^^^^^
    |
    = note: this `Result` may be an `Err` variant, which should be handled
help: use `let _ = ...` to ignore the resulting value
    |
886 |         Some(s) => { let _ = state.push_string(s); }
    |                      +++++++

warning: unused `Result` that must be used
   --> crates/lua-stdlib/src/debug_lib.rs:152:9
    |
152 |         state.rotate(-2, 1);
    |         ^^^^^^^^^^^^^^^^^^^
    |
    = note: this `Result` may be an `Err` variant, which should be handled
help: use `let _ = ...` to ignore the resulting value
    |
152 |         let _ = state.rotate(-2, 1);
    |         +++++++

warning: unused `Result` that must be used
   --> crates/lua-stdlib/src/debug_lib.rs:171:5
    |
171 |     state.push_registry();
    |     ^^^^^^^^^^^^^^^^^^^^^
    |
    = note: this `Result` may be an `Err` variant, which should be handled
help: use `let _ = ...` to ignore the resulting value
    |
171 |     let _ = state.push_registry();
    |     +++++++

warning: unused `Result` that must be used
   --> crates/lua-stdlib/src/debug_lib.rs:216:9
    |
216 |         state.push_fail();
    |         ^^^^^^^^^^^^^^^^^
    |
    = note: this `Result` may be an `Err` variant, which should be handled
help: use `let _ = ...` to ignore the resulting value
    |
216 |         let _ = state.push_fail();
    |         +++++++

warning: unused `Result` that must be used
   --> crates/lua-stdlib/src/debug_lib.rs:243:9
    |
243 |         state.push_fail();
    |         ^^^^^^^^^^^^^^^^^
    |
    = note: this `Result` may be an `Err` variant, which should be handled
help: use `let _ = ...` to ignore the resulting value
    |
243 |         let _ = state.push_fail();
    |         +++++++

warning: unused `Result` that must be used
   --> crates/lua-stdlib/src/debug_lib.rs:812:9
    |
812 |         state.push_fail();
    |         ^^^^^^^^^^^^^^^^^
    |
    = note: this `Result` may be an `Err` variant, which should be handled
help: use `let _ = ...` to ignore the resulting value
    |
812 |         let _ = state.push_fail();
    |         +++++++

warning: unused `Result` that must be used
   --> crates/lua-stdlib/src/debug_lib.rs:839:13
    |
839 |             state.push_thread();
    |             ^^^^^^^^^^^^^^^^^^^
    |
    = note: this `Result` may be an `Err` variant, which should be handled
help: use `let _ = ...` to ignore the resulting value
    |
839 |             let _ = state.push_thread();
    |             +++++++

warning: unused `Result` that must be used
   --> crates/lua-stdlib/src/debug_lib.rs:844:9
    |
844 |         state.raw_get(-2);
    |         ^^^^^^^^^^^^^^^^^
    |
    = note: this `Result` may be an `Err` variant, which should be handled
help: use `let _ = ...` to ignore the resulting value
    |
844 |         let _ = state.raw_get(-2);
    |         +++++++

warning: unused `Result` that must be used
   --> crates/lua-stdlib/src/debug_lib.rs:846:9
    |
846 |         state.remove(-2);
    |         ^^^^^^^^^^^^^^^^
    |
    = note: this `Result` may be an `Err` variant, which should be handled
help: use `let _ = ...` to ignore the resulting value
    |
846 |         let _ = state.remove(-2);
    |         +++++++

warning: unused `Result` that must be used
   --> crates/lua-stdlib/src/coro_lib.rs:306:9
    |
306 |         state.insert(-2);
    |         ^^^^^^^^^^^^^^^^
    |
    = note: this `Result` may be an `Err` variant, which should be handled
help: use `let _ = ...` to ignore the resulting value
    |
306 |         let _ = state.insert(-2);
    |         +++++++

warning: unused `Result` that must be used
   --> crates/lua-stdlib/src/coro_lib.rs:311:9
    |
311 |         state.insert(-(r + 1));
    |         ^^^^^^^^^^^^^^^^^^^^^^
    |
    = note: this `Result` may be an `Err` variant, which should be handled
help: use `let _ = ...` to ignore the resulting value
    |
311 |         let _ = state.insert(-(r + 1));
    |         +++++++

warning: unused `Result` that must be used
   --> crates/lua-stdlib/src/loadlib.rs:316:5
    |
316 |     state.get_field_registry(b"LUA_NOENV");
    |     ^^^^^^^^^^^^^^^^^^^^^^^^^^^^^^^^^^^^^^
    |
    = note: this `Result` may be an `Err` variant, which should be handled
help: use `let _ = ...` to ignore the resulting value
    |
316 |     let _ = state.get_field_registry(b"LUA_NOENV");
    |     +++++++

warning: unused `Result` that must be used
   --> crates/lua-stdlib/src/loadlib.rs:421:5
    |
421 |     state.get_field_registry(CLIBS);
    |     ^^^^^^^^^^^^^^^^^^^^^^^^^^^^^^^
    |
    = note: this `Result` may be an `Err` variant, which should be handled
help: use `let _ = ...` to ignore the resulting value
    |
421 |     let _ = state.get_field_registry(CLIBS);
    |     +++++++

warning: unused `Result` that must be used
   --> crates/lua-stdlib/src/loadlib.rs:423:5
    |
423 |     state.get_field(-1, path);
    |     ^^^^^^^^^^^^^^^^^^^^^^^^^
    |
    = note: this `Result` may be an `Err` variant, which should be handled
help: use `let _ = ...` to ignore the resulting value
    |
423 |     let _ = state.get_field(-1, path);
    |     +++++++

warning: unused `Result` that must be used
   --> crates/lua-stdlib/src/loadlib.rs:436:5
    |
436 |     state.get_field_registry(CLIBS);
    |     ^^^^^^^^^^^^^^^^^^^^^^^^^^^^^^^
    |
    = note: this `Result` may be an `Err` variant, which should be handled
help: use `let _ = ...` to ignore the resulting value
    |
436 |     let _ = state.get_field_registry(CLIBS);
    |     +++++++

warning: unused `Result` that must be used
   --> crates/lua-stdlib/src/loadlib.rs:440:5
    |
440 |     state.push_value(-1);
    |     ^^^^^^^^^^^^^^^^^^^^
    |
    = note: this `Result` may be an `Err` variant, which should be handled
help: use `let _ = ...` to ignore the resulting value
    |
440 |     let _ = state.push_value(-1);
    |     +++++++

warning: unused `Result` that must be used
   --> crates/lua-stdlib/src/loadlib.rs:563:5
    |
563 |     state.insert(-2);
    |     ^^^^^^^^^^^^^^^^
    |
    = note: this `Result` may be an `Err` variant, which should be handled
help: use `let _ = ...` to ignore the resulting value
    |
563 |     let _ = state.insert(-2);
    |     +++++++

warning: unused `Result` that must be used
   --> crates/lua-stdlib/src/loadlib.rs:734:5
    |
734 |     state.insert(-2);
    |     ^^^^^^^^^^^^^^^^
    |
    = note: this `Result` may be an `Err` variant, which should be handled
help: use `let _ = ...` to ignore the resulting value
    |
734 |     let _ = state.insert(-2);
    |     +++++++

warning: unused `Result` that must be used
   --> crates/lua-stdlib/src/loadlib.rs:988:5
    |
988 |     state.get_field_registry(b"_PRELOAD");
    |     ^^^^^^^^^^^^^^^^^^^^^^^^^^^^^^^^^^^^^
    |
    = note: this `Result` may be an `Err` variant, which should be handled
help: use `let _ = ...` to ignore the resulting value
    |
988 |     let _ = state.get_field_registry(b"_PRELOAD");
    |     +++++++

warning: unused `Result` that must be used
    --> crates/lua-stdlib/src/loadlib.rs:1139:5
     |
1139 |     state.rotate(-2, 1);
     |     ^^^^^^^^^^^^^^^^^^^
     |
     = note: this `Result` may be an `Err` variant, which should be handled
help: use `let _ = ...` to ignore the resulting value
     |
1139 |     let _ = state.rotate(-2, 1);
     |     +++++++

warning: unused `Result` that must be used
    --> crates/lua-stdlib/src/loadlib.rs:1142:5
     |
1142 |     state.push_value(1);
     |     ^^^^^^^^^^^^^^^^^^^
     |
     = note: this `Result` may be an `Err` variant, which should be handled
help: use `let _ = ...` to ignore the resulting value
     |
1142 |     let _ = state.push_value(1);
     |     +++++++

warning: unused `Result` that must be used
    --> crates/lua-stdlib/src/loadlib.rs:1147:5
     |
1147 |     state.push_value(-3);
     |     ^^^^^^^^^^^^^^^^^^^^
     |
     = note: this `Result` may be an `Err` variant, which should be handled
help: use `let _ = ...` to ignore the resulting value
     |
1147 |     let _ = state.push_value(-3);
     |     +++++++

warning: unused `Result` that must be used
    --> crates/lua-stdlib/src/loadlib.rs:1165:9
     |
1165 |         state.copy_value(-1, -2);
     |         ^^^^^^^^^^^^^^^^^^^^^^^^
     |
     = note: this `Result` may be an `Err` variant, which should be handled
help: use `let _ = ...` to ignore the resulting value
     |
1165 |         let _ = state.copy_value(-1, -2);
     |         +++++++

warning: unused `Result` that must be used
    --> crates/lua-stdlib/src/loadlib.rs:1170:5
     |
1170 |     state.rotate(-2, 1);
     |     ^^^^^^^^^^^^^^^^^^^
     |
     = note: this `Result` may be an `Err` variant, which should be handled
help: use `let _ = ...` to ignore the resulting value
     |
1170 |     let _ = state.rotate(-2, 1);
     |     +++++++

warning: unused `Result` that must be used
    --> crates/lua-stdlib/src/loadlib.rs:1193:5
     |
1193 |     state.create_table(searchers.len() as i32, 0);
     |     ^^^^^^^^^^^^^^^^^^^^^^^^^^^^^^^^^^^^^^^^^^^^^
     |
     = note: this `Result` may be an `Err` variant, which should be handled
help: use `let _ = ...` to ignore the resulting value
     |
1193 |     let _ = state.create_table(searchers.len() as i32, 0);
     |     +++++++

warning: unused `Result` that must be used
    --> crates/lua-stdlib/src/loadlib.rs:1198:9
     |
1198 |         state.push_value(-2);
     |         ^^^^^^^^^^^^^^^^^^^^
     |
     = note: this `Result` may be an `Err` variant, which should be handled
help: use `let _ = ...` to ignore the resulting value
     |
1198 |         let _ = state.push_value(-2);
     |         +++++++

warning: unused `Result` that must be used
    --> crates/lua-stdlib/src/loadlib.rs:1221:5
     |
1221 |     state.create_table(0, 1);
     |     ^^^^^^^^^^^^^^^^^^^^^^^^
     |
     = note: this `Result` may be an `Err` variant, which should be handled
help: use `let _ = ...` to ignore the resulting value
     |
1221 |     let _ = state.create_table(0, 1);
     |     +++++++

warning: unused `Result` that must be used
    --> crates/lua-stdlib/src/loadlib.rs:1288:5
     |
1288 |     state.push_globals();
     |     ^^^^^^^^^^^^^^^^^^^^
     |
     = note: this `Result` may be an `Err` variant, which should be handled
help: use `let _ = ...` to ignore the resulting value
     |
1288 |     let _ = state.push_globals();
     |     +++++++

warning: unused `Result` that must be used
    --> crates/lua-stdlib/src/loadlib.rs:1290:5
     |
1290 |     state.push_value(-2);
     |     ^^^^^^^^^^^^^^^^^^^^
     |
     = note: this `Result` may be an `Err` variant, which should be handled
help: use `let _ = ...` to ignore the resulting value
     |
1290 |     let _ = state.push_value(-2);
     |     +++++++

warning: unused `Result` that must be used
   --> crates/lua-stdlib/src/auxlib.rs:156:17
    |
156 |                 state.replace(-3); // in the slot occupied by table
    |                 ^^^^^^^^^^^^^^^^^
    |
    = note: this `Result` may be an `Err` variant, which should be handled
help: use `let _ = ...` to ignore the resulting value
    |
156 |                 let _ = state.replace(-3); // in the slot occupied by table
    |                 +++++++

warning: unused variable: `ls`
    --> crates/lua-parse/src/lib.rs:2011:5
     |
2011 |     ls: &mut LexState,
     |     ^^ help: if this is intentional, prefix it with an underscore: `_ls`
     |
     = note: `#[warn(unused_variables)]` (part of `#[warn(unused)]`) on by default

warning: unused variable: `state`
    --> crates/lua-parse/src/lib.rs:2012:5
     |
2012 |     state: &mut LuaState,
     |     ^^^^^ help: if this is intentional, prefix it with an underscore: `_state`

warning: unused variable: `state`
    --> crates/lua-parse/src/lib.rs:2040:5
     |
2040 |     state: &mut LuaState,
     |     ^^^^^ help: if this is intentional, prefix it with an underscore: `_state`

warning: unused variable: `state`
    --> crates/lua-parse/src/lib.rs:2416:5
     |
2416 |     state: &mut LuaState,
     |     ^^^^^ help: if this is intentional, prefix it with an underscore: `_state`

warning: unused variable: `state`
    --> crates/lua-parse/src/lib.rs:2661:5
     |
2661 |     state: &mut LuaState,
     |     ^^^^^ help: if this is intentional, prefix it with an underscore: `_state`

warning: unused variable: `state`
    --> crates/lua-parse/src/lib.rs:2693:5
     |
2693 |     state: &mut LuaState,
     |     ^^^^^ help: if this is intentional, prefix it with an underscore: `_state`

warning: unused variable: `n_gt`
    --> crates/lua-parse/src/lib.rs:2782:9
     |
2782 |     let n_gt = ls.dyd.gt.len();
     |         ^^^^ help: if this is intentional, prefix it with an underscore: `_n_gt`

warning: unused variable: `gt_nactvar`
    --> crates/lua-parse/src/lib.rs:2786:13
     |
2786 |         let gt_nactvar = ls.dyd.gt[i].nactvar;
     |             ^^^^^^^^^^ help: if this is intentional, prefix it with an underscore: `_gt_nactvar`

warning: unused variable: `state`
    --> crates/lua-parse/src/lib.rs:2905:37
     |
2905 | fn add_prototype(ls: &mut LexState, state: &mut LuaState) -> Result<Box<LuaProto>, LuaError> {
     |                                     ^^^^^ help: if this is intentional, prefix it with an underscore: `_state`

warning: unused variable: `state`
    --> crates/lua-parse/src/lib.rs:2949:33
     |
2949 | fn open_func(ls: &mut LexState, state: &mut LuaState, mut new_fs: FuncState) -> Result<(), LuaError> {
     |                                 ^^^^^ help: if this is intentional, prefix it with an underscore: `_state`

warning: unused variable: `fvar`
    --> crates/lua-parse/src/lib.rs:4153:9
     |
4153 |     let fvar = ls.fs.as_ref().unwrap().nactvar as i32;
     |         ^^^^ help: if this is intentional, prefix it with an underscore: `_fvar`

warning: unused variable: `pc`
    --> crates/lua-parse/src/lib.rs:4160:9
     |
4160 |     let pc = ls.fs.as_ref().unwrap().pc;
     |         ^^ help: if this is intentional, prefix it with an underscore: `_pc`

warning: unused variable: `state`
    --> crates/lua-parse/src/lib.rs:4187:36
     |
4187 | fn checktoclose(ls: &mut LexState, state: &mut LuaState, level: i32) -> Result<(), LuaError> {
     |                                    ^^^^^ help: if this is intentional, prefix it with an underscore: `_state`

warning: value assigned to `vidx` is never read
    --> crates/lua-parse/src/lib.rs:4209:20
     |
4209 |     let mut vidx = 0i32;
     |                    ^^^^
     |
     = help: maybe it is overwritten before being read?
     = note: `#[warn(unused_assignments)]` (part of `#[warn(unused)]`) on by default

warning: function `local_debug_info` is never used
    --> crates/lua-parse/src/lib.rs:2095:4
     |
2095 | fn local_debug_info<'a>(ls: &LexState, fs: &'a mut FuncState, vidx: i32) -> Option<&'a mut LocalVar> {
     |    ^^^^^^^^^^^^^^^^
     |
     = note: `#[warn(dead_code)]` (part of `#[warn(unused)]`) on by default

warning: calls to `std::mem::drop` with a reference instead of an owned value does nothing
    --> crates/lua-parse/src/lib.rs:2783:5
     |
2783 |     drop(fs); // release borrow before iterating
     |     ^^^^^--^
     |          |
     |          argument has type `&Box<FuncState>`
     |
     = note: `#[warn(dropping_references)]` on by default
help: use `let _ = ...` to ignore the expression or result
     |
2783 -     drop(fs); // release borrow before iterating
2783 +     let _ = fs; // release borrow before iterating
     |

