[2026-05-16T13:47:08Z] ═════════════════════════════════════════════════════════════════
[2026-05-16T13:47:08Z] Implement-loop start. test program: print("hello")
[2026-05-16T13:47:08Z]   MAX_ITER=25  LOOP_COST_CAP=$200.00
[2026-05-16T13:47:08Z] ═════════════════════════════════════════════════════════════════
[2026-05-16T13:47:08Z] ─── iter 1  (spent: $0.00) ───
[2026-05-16T13:47:08Z]   blocked on: require_lib
[2026-05-16T13:47:08Z]   dispatching agent for require_lib (budget $10)
[2026-05-16T13:49:04Z]   agent done. iter cost=$0.9077387499999999  total=$0.00
[2026-05-16T13:49:04Z] ─── iter 2  (spent: $0.00) ───
[2026-05-16T13:49:05Z]   blocked on: get_field
[2026-05-16T13:49:05Z]   dispatching agent for get_field (budget $10)
[2026-05-16T13:50:32Z]   agent done. iter cost=$0.6442545000000001  total=$0.00
[2026-05-16T13:50:32Z] ─── iter 3  (spent: $0.00) ───
[2026-05-16T13:50:32Z]   blocked on: registry_value
[2026-05-16T13:50:32Z]   dispatching agent for registry_value (budget $10)
[2026-05-16T13:51:23Z]   agent done. iter cost=$0.5117385  total=$0.00
[2026-05-16T13:51:23Z] ─── iter 4  (spent: $0.00) ───
[2026-05-16T13:51:23Z]   blocked on: table_get_with_tm
[2026-05-16T13:51:23Z]   dispatching agent for table_get_with_tm (budget $10)
[2026-05-16T13:55:01Z]   agent done. iter cost=$1.9590297499999993  total=$0.00
[2026-05-16T13:55:01Z] ─── iter 5  (spent: $0.00) ───
[2026-05-16T13:55:01Z]   blocked on: fast_get
[2026-05-16T13:55:01Z]   dispatching agent for fast_get (budget $10)
[2026-05-16T13:58:19Z]   agent done. iter cost=$1.85217225  total=$0.00
[2026-05-16T13:58:19Z] ─── iter 6  (spent: $0.00) ───
[2026-05-16T13:58:19Z]   no todo!() panic detected — final output:
    |                 ^^^^^^^^^^^^^^^^^
    |
    = note: this `Result` may be an `Err` variant, which should be handled
help: use `let _ = ...` to ignore the resulting value
    |
156 |                 let _ = state.replace(-3); // in the slot occupied by table
    |                 +++++++

[1/4] Creating LuaState...
[2/4] Opening standard library...

thread 'main' (4401610) panicked at crates/lua-vm/src/state.rs:437:48:
not yet implemented: phase-b: LuaTable::get
note: run with `RUST_BACKTRACE=1` environment variable to display a backtrace
[panic] not yet implemented: phase-b: LuaTable::get
[2026-05-16T13:58:19Z] ═════════════════════════════════════════════════════════════════
[2026-05-16T13:58:19Z] Loop end. Total cost: $0.00  Total iterations: 5
[2026-05-16T13:58:19Z] ═════════════════════════════════════════════════════════════════
[2026-05-16T13:59:19Z] ═════════════════════════════════════════════════════════════════
[2026-05-16T13:59:19Z] Implement-loop start. test program: print("hello")
[2026-05-16T13:59:19Z]   MAX_ITER=40  LOOP_COST_CAP=$400.00
[2026-05-16T13:59:19Z] ═════════════════════════════════════════════════════════════════
[2026-05-16T13:59:19Z] ─── iter 1  (spent: $0.00) ───
[2026-05-16T13:59:19Z]   blocked on: LuaTable::get
[2026-05-16T13:59:19Z]   dispatching agent for LuaTable::get (budget $10)
[2026-05-16T14:02:56Z]   agent done. iter cost=$1.3822395  total=$0.00
[2026-05-16T14:02:56Z] ─── iter 2  (spent: $0.00) ───
[2026-05-16T14:02:56Z]   blocked on: table_metatable
[2026-05-16T14:02:56Z]   dispatching agent for table_metatable (budget $10)
[2026-05-16T14:04:55Z]   agent done. iter cost=$0.9253142499999999  total=$0.00
[2026-05-16T14:04:55Z] ─── iter 3  (spent: $0.00) ───
[2026-05-16T14:04:55Z]   blocked on: LuaTable
[2026-05-16T14:04:55Z]   dispatching agent for LuaTable (budget $10)
[2026-05-16T14:05:50Z]   agent done. iter cost=$0.4517875  total=$0.00
[2026-05-16T14:05:50Z] ─── iter 4  (spent: $0.00) ───
[2026-05-16T14:05:50Z]   blocked on: fast_tm_table
[2026-05-16T14:05:50Z]   dispatching agent for fast_tm_table (budget $10)
[2026-05-16T14:09:21Z]   agent done. iter cost=$1.6393012500000004  total=$0.00
[2026-05-16T14:09:21Z] ─── iter 5  (spent: $0.00) ───
[2026-05-16T14:09:21Z]   blocked on: set_at
[2026-05-16T14:09:21Z]   dispatching agent for set_at (budget $10)
[2026-05-16T14:10:29Z]   agent done. iter cost=$0.6019414999999999  total=$0.00
[2026-05-16T14:10:29Z] ─── iter 6  (spent: $0.00) ───
[2026-05-16T14:10:29Z]   blocked on: get_at
[2026-05-16T14:10:29Z]   dispatching agent for get_at (budget $10)
[2026-05-16T14:11:44Z]   agent done. iter cost=$0.6522684999999999  total=$0.00
[2026-05-16T14:11:44Z] ─── iter 7  (spent: $0.00) ───
[2026-05-16T14:11:44Z]   blocked on: pop_n
[2026-05-16T14:11:44Z]   dispatching agent for pop_n (budget $10)
[2026-05-16T14:12:54Z]   agent done. iter cost=$0.5553925000000001  total=$0.00
[2026-05-16T14:12:54Z] ─── iter 8  (spent: $0.00) ───
[2026-05-16T14:12:54Z]   blocked on: abs_index
[2026-05-16T14:12:54Z]   dispatching agent for abs_index (budget $10)
[2026-05-16T14:13:50Z]   agent done. iter cost=$0.55327325  total=$0.00
[2026-05-16T14:13:50Z] ─── iter 9  (spent: $0.00) ───
[2026-05-16T14:13:50Z]   blocked on: push_value
[2026-05-16T14:13:50Z]   dispatching agent for push_value (budget $10)
[2026-05-16T14:14:28Z]   agent done. iter cost=$0.450096  total=$0.00
[2026-05-16T14:14:28Z] ─── iter 10  (spent: $0.00) ───
[2026-05-16T14:14:28Z]   blocked on: set_field
[2026-05-16T14:14:28Z]   dispatching agent for set_field (budget $10)
[2026-05-16T14:15:24Z]   agent done. iter cost=$0.5875934999999998  total=$0.00
[2026-05-16T14:15:24Z] ─── iter 11  (spent: $0.00) ───
[2026-05-16T14:15:24Z]   blocked on: table_set_with_tm
[2026-05-16T14:15:24Z]   dispatching agent for table_set_with_tm (budget $10)
[2026-05-16T14:18:21Z]   agent done. iter cost=$0.9699242499999999  total=$0.00
[2026-05-16T14:18:21Z] ─── iter 12  (spent: $0.00) ───
[2026-05-16T14:18:21Z]   blocked on: table_raw_set
[2026-05-16T14:18:21Z]   dispatching agent for table_raw_set (budget $10)
[2026-05-16T14:21:01Z]   agent done. iter cost=$1.3213982499999999  total=$0.00
[2026-05-16T14:21:01Z] ─── iter 13  (spent: $0.00) ───
[2026-05-16T14:21:01Z]   blocked on: LuaTable::raw_set
[2026-05-16T14:21:01Z]   dispatching agent for LuaTable::raw_set (budget $10)
[2026-05-16T14:22:18Z]   agent done. iter cost=$0.58492175  total=$0.00
[2026-05-16T14:22:18Z] ─── iter 14  (spent: $0.00) ───
[2026-05-16T14:22:18Z]   blocked on: to_boolean
[2026-05-16T14:22:18Z]   dispatching agent for to_boolean (budget $10)
[2026-05-16T14:22:51Z]   agent done. iter cost=$0.4096762499999999  total=$0.00
[2026-05-16T14:22:51Z] ─── iter 15  (spent: $0.00) ───
[2026-05-16T14:22:51Z]   blocked on: push_c_function
[2026-05-16T14:22:51Z]   dispatching agent for push_c_function (budget $10)
[2026-05-16T14:27:19Z]   agent done. iter cost=$2.0451292500000005  total=$0.00
[2026-05-16T14:27:19Z] ─── iter 16  (spent: $0.00) ───
[2026-05-16T14:27:20Z]   blocked on: push_bytes
[2026-05-16T14:27:20Z]   dispatching agent for push_bytes (budget $10)
[2026-05-16T14:28:06Z]   agent done. iter cost=$0.49707775000000004  total=$0.00
[2026-05-16T14:28:06Z] ─── iter 17  (spent: $0.00) ───
[2026-05-16T14:28:06Z]   blocked on: call
[2026-05-16T14:28:06Z]   dispatching agent for call (budget $10)
[2026-05-16T14:29:06Z]   agent done. iter cost=$0.7558579999999999  total=$0.00
[2026-05-16T14:29:06Z] ─── iter 18  (spent: $0.00) ───
[2026-05-16T14:29:06Z]   blocked on: call_no_yield
[2026-05-16T14:29:06Z]   dispatching agent for call_no_yield (budget $10)
[2026-05-16T14:30:44Z]   agent done. iter cost=$0.9726932500000001  total=$0.00
[2026-05-16T14:30:44Z] ─── iter 19  (spent: $0.00) ───
[2026-05-16T14:30:44Z]   no todo!() panic detected — final output:
warning: unused `Result` that must be used
   --> crates/lua-stdlib/src/auxlib.rs:156:17
    |
156 |                 state.replace(-3); // in the slot occupied by table
    |                 ^^^^^^^^^^^^^^^^^
    |
    = note: this `Result` may be an `Err` variant, which should be handled
help: use `let _ = ...` to ignore the resulting value
    |
156 |                 let _ = state.replace(-3); // in the slot occupied by table
    |                 +++++++

[1/4] Creating LuaState...
[2/4] Opening standard library...
[err] open_libs failed: Runtime(Str(GcRef(LuaString { bytes: [112, 104, 97, 115, 101, 45, 98, 58, 32, 112, 114, 101, 99, 97, 108, 108, 32, 108, 105, 103, 104, 116, 32, 67], is_short: true, hash: 3524343389 })))
[2026-05-16T14:30:44Z] ═════════════════════════════════════════════════════════════════
[2026-05-16T14:30:44Z] Loop end. Total cost: $0.00  Total iterations: 18
[2026-05-16T14:30:44Z] ═════════════════════════════════════════════════════════════════
[2026-05-16T14:32:25Z] ═════════════════════════════════════════════════════════════════
[2026-05-16T14:32:25Z] Implement-loop start. test program: print("hello")
[2026-05-16T14:32:25Z]   MAX_ITER=40  LOOP_COST_CAP=$400.00
[2026-05-16T14:32:25Z] ═════════════════════════════════════════════════════════════════
[2026-05-16T14:32:25Z] ─── iter 1  (spent: $0.00) ───
[2026-05-16T14:32:25Z]   blocked on: precall light C
[2026-05-16T14:32:25Z]   dispatching agent for precall light C at  (budget $10)
[2026-05-16T14:34:09Z]   agent done. iter cost=$0.7278322500000001  total=$0.00
[2026-05-16T14:34:09Z] ─── iter 2  (spent: $0.00) ───
[2026-05-16T14:34:09Z]   blocked on: check_stack
[2026-05-16T14:34:09Z]   dispatching agent for check_stack at crates/lua-vm/src/state.rs:1113:70 (budget $10)
[2026-05-16T14:35:41Z]   agent done. iter cost=$0.7215935  total=$0.00
[2026-05-16T14:35:41Z] ─── iter 3  (spent: $0.00) ───
[2026-05-16T14:35:41Z]   blocked on: next_ci
[2026-05-16T14:35:41Z]   dispatching agent for next_ci at crates/lua-vm/src/state.rs:1129:66 (budget $10)
[2026-05-16T14:36:36Z]   agent done. iter cost=$0.537039  total=$0.00
[2026-05-16T14:36:36Z] ─── iter 4  (spent: $0.00) ───
[2026-05-16T14:36:36Z]   blocked on: set_top
[2026-05-16T14:36:36Z]   dispatching agent for set_top at crates/lua-vm/src/state.rs:1094:9 (budget $10)
[2026-05-16T14:38:09Z]   agent done. iter cost=$0.6518072499999998  total=$0.00
[2026-05-16T14:38:09Z] ─── iter 5  (spent: $0.00) ───
[2026-05-16T14:38:09Z]   blocked on: adjust_results
[2026-05-16T14:38:09Z]   dispatching agent for adjust_results at crates/lua-vm/src/state.rs:1230:56 (budget $10)
[2026-05-16T14:39:13Z]   agent done. iter cost=$0.5866065  total=$0.00
[2026-05-16T14:39:13Z] ─── iter 6  (spent: $0.00) ───
[2026-05-16T14:39:13Z]   blocked on: remove
[2026-05-16T14:39:13Z]   dispatching agent for remove at crates/lua-stdlib/src/state_stub.rs:109:62 (budget $10)
[2026-05-16T14:41:39Z]   agent done. iter cost=$1.2976929999999998  total=$0.00
[2026-05-16T14:41:39Z] ─── iter 7  (spent: $0.00) ───
[2026-05-16T14:41:39Z]   blocked on: set_top_idx
[2026-05-16T14:41:39Z]   dispatching agent for set_top_idx at crates/lua-vm/src/state.rs:1117:9 (budget $10)
[2026-05-16T14:43:10Z]   agent done. iter cost=$0.61709375  total=$0.00
[2026-05-16T14:43:10Z] ─── iter 8  (spent: $0.00) ───
[2026-05-16T14:43:10Z]   blocked on: set_global
[2026-05-16T14:43:10Z]   dispatching agent for set_global at crates/lua-stdlib/src/state_stub.rs:186:69 (budget $10)
[2026-05-16T14:44:13Z]   agent done. iter cost=$0.64177025  total=$0.00
[2026-05-16T14:44:13Z] ─── iter 9  (spent: $0.00) ───
[2026-05-16T14:44:14Z]   blocked on: registry_get
[2026-05-16T14:44:14Z]   dispatching agent for registry_get at crates/lua-vm/src/state.rs:1213:59 (budget $10)
[2026-05-16T14:47:03Z]   agent done. iter cost=$1.4092012499999997  total=$0.00
[2026-05-16T14:47:03Z] ─── iter 10  (spent: $0.00) ───
[2026-05-16T14:47:03Z]   no todo!() panic detected — final output:
warning: unused `Result` that must be used
   --> crates/lua-stdlib/src/auxlib.rs:156:17
    |
156 |                 state.replace(-3); // in the slot occupied by table
    |                 ^^^^^^^^^^^^^^^^^
    |
    = note: this `Result` may be an `Err` variant, which should be handled
help: use `let _ = ...` to ignore the resulting value
    |
156 |                 let _ = state.replace(-3); // in the slot occupied by table
    |                 +++++++

[1/4] Creating LuaState...
[2/4] Opening standard library...
[err] open_libs failed: Runtime: attempt to index a <type> value
[2026-05-16T14:47:03Z] ═════════════════════════════════════════════════════════════════
[2026-05-16T14:47:03Z] Loop end. Total cost: $0.00  Total iterations: 9
[2026-05-16T14:47:03Z] ═════════════════════════════════════════════════════════════════
[2026-05-16T17:05:36Z] ═════════════════════════════════════════════════════════════════
[2026-05-16T17:05:36Z] Implement-loop start. test program: print("hello")
[2026-05-16T17:05:36Z]   MAX_ITER=60  LOOP_COST_CAP=$400.00
[2026-05-16T17:05:36Z] ═════════════════════════════════════════════════════════════════
[2026-05-16T17:05:36Z] ─── iter 1  (spent: $0.00) ───
[2026-05-16T17:05:36Z]   stub blocker: load
[2026-05-16T17:05:36Z]   dispatching IMPLEMENT agent for load at crates/lua-stdlib/src/state_stub.rs:175:100 (budget $10)
[2026-05-16T17:07:15Z]   agent done. iter cost=$1.0547005  total=$0.00
[2026-05-16T17:07:15Z] ─── iter 2  (spent: $0.00) ───
[2026-05-16T17:07:15Z]   stub blocker: protected_parser
[2026-05-16T17:07:15Z]   dispatching IMPLEMENT agent for protected_parser at crates/lua-vm/src/state.rs:1241:112 (budget $10)
[2026-05-16T17:08:31Z]   agent done. iter cost=$0.77108075  total=$0.00
[2026-05-16T17:08:31Z] ─── iter 3  (spent: $0.00) ───
[2026-05-16T17:08:31Z]   stub blocker: hook lua-parse::parse
[2026-05-16T17:08:32Z]   dispatching IMPLEMENT agent for hook lua-parse::parse at crates/lua-vm/src/do_.rs:39:5 (budget $10)
[2026-05-16T17:11:36Z]   agent done. iter cost=$1.24374325  total=$0.00
[2026-05-16T17:11:36Z] ─── iter 4  (spent: $0.00) ───
[2026-05-16T17:11:36Z]   unknown failure mode — final output:
   --> crates/lua-stdlib/src/auxlib.rs:156:17
    |
156 |                 state.replace(-3); // in the slot occupied by table
    |                 ^^^^^^^^^^^^^^^^^
    |
    = note: this `Result` may be an `Err` variant, which should be handled
help: use `let _ = ...` to ignore the resulting value
    |
156 |                 let _ = state.replace(-3); // in the slot occupied by table
    |                 +++++++

[1/4] Creating LuaState...
[2/4] Opening standard library...
[3/4] Loading source (parse + compile)...
[err] load_string returned non-zero status: 1
[2026-05-16T17:11:36Z] ═════════════════════════════════════════════════════════════════
[2026-05-16T17:11:36Z] Loop end. Total cost: $0.00  Total iterations: 3
[2026-05-16T17:11:36Z] ═════════════════════════════════════════════════════════════════
[2026-05-16T17:12:15Z] ═════════════════════════════════════════════════════════════════
[2026-05-16T17:12:15Z] Implement-loop start. test program: print("hello")
[2026-05-16T17:12:15Z]   MAX_ITER=60  LOOP_COST_CAP=$400.00
[2026-05-16T17:12:15Z] ═════════════════════════════════════════════════════════════════
[2026-05-16T17:12:15Z] ─── iter 1  (spent: $0.00) ───
[2026-05-16T17:12:15Z]   real-error blocker at step 3/4 Loading source (parse + compile): load_string returned non-zero status: 1
[2026-05-16T17:12:15Z]   dispatching DEBUG agent for real-error (budget $15)
[2026-05-16T17:16:35Z]   agent done. iter cost=$2.4356544999999987  total=$0.00
[2026-05-16T17:16:35Z] ─── iter 2  (spent: $0.00) ───
[2026-05-16T17:16:36Z]   real-error blocker at step 3/4 Loading source (parse + compile): load_string status=1: print("hello"): Lua text parser not yet wired (phase-b: lua-parse::parse)
[2026-05-16T17:16:36Z]   dispatching DEBUG agent for real-error (budget $15)
[2026-05-16T17:22:15Z]   agent done. iter cost=$2.9143534999999994  total=$0.00
[2026-05-16T17:22:15Z] ─── iter 3  (spent: $0.00) ───
[2026-05-16T17:22:15Z]   real-error blocker at step 3/4 Loading source (parse + compile): load_string status=1: unexpected symbol
[2026-05-16T17:22:15Z]   dispatching DEBUG agent for real-error (budget $15)
[2026-05-16T17:30:21Z]   agent done. iter cost=$3.1359052499999995  total=$0.00
[2026-05-16T17:30:21Z] ─── iter 4  (spent: $0.00) ───
[2026-05-16T17:30:22Z]   stub blocker: lua_parse::parse needs lua_lex bridge (mainfunc requires lua_lex::next to drive tokens; local LexState stub vs lua_lex::LexState reconcile) (load_string status=1)
[2026-05-16T17:30:22Z]   dispatching IMPLEMENT agent for lua_parse::parse needs lua_lex bridge (mainfunc requires lua_lex::next to drive tokens; local LexState stub vs lua_lex::LexState reconcile) (load_string status=1) at  (budget $10)
[2026-05-16T17:41:46Z]   agent done. iter cost=$5.312432750000002  total=$0.00
[2026-05-16T17:41:46Z] ─── iter 5  (spent: $0.00) ───
[2026-05-16T17:41:47Z]   stub blocker: protected_call_raw
[2026-05-16T17:41:47Z]   dispatching IMPLEMENT agent for protected_call_raw at crates/lua-vm/src/state.rs:1260:121 (budget $10)
[2026-05-16T17:45:28Z]   agent done. iter cost=$1.5225615000000001  total=$0.00
[2026-05-16T17:45:28Z] ─── iter 6  (spent: $0.00) ───
[2026-05-16T17:45:29Z]   real-error blocker at step 4/4 Executing chunk: pcall_k failed: Runtime: attempt to call a nil value
[2026-05-16T17:45:29Z]   dispatching DEBUG agent for real-error (budget $15)
[2026-05-16T17:52:07Z]   agent done. iter cost=$3.7776389999999997  total=$0.00
[2026-05-16T17:52:07Z] ─── iter 7  (spent: $0.00) ───
[2026-05-16T17:52:08Z]   stub blocker: push_globals
[2026-05-16T17:52:08Z]   dispatching IMPLEMENT agent for push_globals at crates/lua-stdlib/src/state_stub.rs:101:58 (budget $10)
[2026-05-16T17:53:08Z]   agent done. iter cost=$0.63823925  total=$0.00
[2026-05-16T17:53:08Z] ─── iter 8  (spent: $0.00) ───
[2026-05-16T17:53:08Z]   stub blocker: set_funcs
[2026-05-16T17:53:08Z]   dispatching IMPLEMENT agent for set_funcs at crates/lua-stdlib/src/state_stub.rs:185:96 (budget $10)
[2026-05-16T17:53:52Z]   agent done. iter cost=$0  total=$0.00
[2026-05-16T17:53:52Z] ─── iter 9  (spent: $0.00) ───
[2026-05-16T17:53:52Z]   stub blocker: set_funcs
[2026-05-16T17:53:52Z]   dispatching IMPLEMENT agent for set_funcs at crates/lua-stdlib/src/state_stub.rs:185:96 (budget $10)
[2026-05-16T17:55:14Z] ═════════════════════════════════════════════════════════════════
[2026-05-16T17:55:14Z] Implement-loop start. test program: print("hello")
[2026-05-16T17:55:14Z]   MAX_ITER=60  LOOP_COST_CAP=$400.00
[2026-05-16T17:55:14Z] ═════════════════════════════════════════════════════════════════
[2026-05-16T17:55:14Z] ─── iter 1  (spent: $0.00) ───
[2026-05-16T17:55:14Z]   stub blocker: set_funcs
[2026-05-16T17:55:14Z]   dispatching IMPLEMENT agent for set_funcs at crates/lua-stdlib/src/state_stub.rs:185:96 (budget $10)
[2026-05-16T17:58:20Z]   agent done. iter cost=$1.35479325  total=$0.00
[2026-05-16T17:58:20Z] ─── iter 2  (spent: $0.00) ───
[2026-05-16T17:58:20Z]   stub blocker: stack_available
[2026-05-16T17:58:20Z]   dispatching IMPLEMENT agent for stack_available at crates/lua-vm/src/state.rs:1145:50 (budget $10)
[2026-05-16T17:59:07Z]   agent done. iter cost=$0.44448425  total=$0.00
[2026-05-16T17:59:07Z] ─── iter 3  (spent: $0.00) ───
[2026-05-16T17:59:08Z]   stub blocker: push_cclosure
[2026-05-16T17:59:08Z]   dispatching IMPLEMENT agent for push_cclosure at crates/lua-vm/src/api.rs:671:5 (budget $10)
[2026-05-16T18:02:38Z]   stub blocker: push_copy
[2026-05-16T18:02:38Z]   dispatching IMPLEMENT agent for push_copy at crates/lua-stdlib/src/state_stub.rs:94:65 (budget $10)
[2026-05-16T18:02:47Z]   agent done. iter cost=$0.001348  total=$0.00
[2026-05-16T18:02:47Z] ─── iter 6  (spent: $0.00) ───
[2026-05-16T18:02:48Z]   stub blocker: push_copy
[2026-05-16T18:02:48Z]   STUCK on "push_copy" after 2 consecutive iterations — bailing
[2026-05-16T18:02:48Z] ═════════════════════════════════════════════════════════════════
[2026-05-16T18:02:48Z] Loop end. Total cost: $0.00  Total iterations: 5
[2026-05-16T18:02:48Z] ═════════════════════════════════════════════════════════════════
[2026-05-16T18:36:12Z] ═════════════════════════════════════════════════════════════════
[2026-05-16T18:36:12Z] Implement-loop start. test program: print("hello")
[2026-05-16T18:36:12Z]   MAX_ITER=60  LOOP_COST_CAP=$400.00
[2026-05-16T18:36:12Z] ═════════════════════════════════════════════════════════════════
[2026-05-16T18:36:12Z] ─── iter 1  (spent: $0.00) ───
[2026-05-16T18:36:12Z]   stub blocker: push_string
[2026-05-16T18:36:12Z]   dispatching IMPLEMENT agent for push_string at crates/lua-stdlib/src/state_stub.rs:95:67 (budget $10)
[2026-05-16T18:36:51Z]   agent done. iter cost=$0.4112075  total=$0.00
[2026-05-16T18:36:51Z] ─── iter 2  (spent: $0.00) ───
[2026-05-16T18:36:51Z]   stub blocker: get_subtable_registry
[2026-05-16T18:36:51Z]   dispatching IMPLEMENT agent for get_subtable_registry at crates/lua-stdlib/src/state_stub.rs:244:82 (budget $10)
[2026-05-16T18:38:34Z]   agent done. iter cost=$0.87179975  total=$0.00
[2026-05-16T18:38:34Z] ─── iter 3  (spent: $0.00) ───
[2026-05-16T18:38:34Z]   stub blocker: create_table
[2026-05-16T18:38:34Z]   dispatching IMPLEMENT agent for create_table at crates/lua-stdlib/src/state_stub.rs:159:80 (budget $10)
[2026-05-16T18:39:15Z]   agent done. iter cost=$0.4293185  total=$0.00
[2026-05-16T18:39:15Z] ─── iter 4  (spent: $0.00) ───
[2026-05-16T18:39:15Z]   stub blocker: set_metatable
[2026-05-16T18:39:15Z]   dispatching IMPLEMENT agent for set_metatable at crates/lua-stdlib/src/state_stub.rs:157:69 (budget $10)
[2026-05-16T18:40:16Z]   agent done. iter cost=$0.56683175  total=$0.00
[2026-05-16T18:40:16Z] ─── iter 5  (spent: $0.00) ───
[2026-05-16T18:40:17Z]   stub blocker: new_lib
[2026-05-16T18:40:17Z]   dispatching IMPLEMENT agent for new_lib at crates/lua-stdlib/src/state_stub.rs:249:84 (budget $10)
[2026-05-16T18:42:51Z]   agent done. iter cost=$1.4807439999999998  total=$0.00
[2026-05-16T18:42:51Z] ─── iter 6  (spent: $0.00) ───
[2026-05-16T18:42:51Z]   stub blocker: push_c_closure
[2026-05-16T18:42:51Z]   dispatching IMPLEMENT agent for push_c_closure at crates/lua-stdlib/src/state_stub.rs:99:86 (budget $10)
[2026-05-16T18:43:34Z]   agent done. iter cost=$0.46256875000000003  total=$0.00
[2026-05-16T18:43:34Z] ─── iter 7  (spent: $0.00) ───
[2026-05-16T18:43:34Z]   stub blocker: raw_seti
[2026-05-16T18:43:34Z]   dispatching IMPLEMENT agent for raw_seti at crates/lua-stdlib/src/state_stub.rs:213:72 (budget $10)
[2026-05-16T18:44:11Z]   agent done. iter cost=$0.40154750000000006  total=$0.00
[2026-05-16T18:44:11Z] ─── iter 8  (spent: $0.00) ───
[2026-05-16T18:44:11Z]   stub blocker: set_funcs_with_upvalues
[2026-05-16T18:44:11Z]   dispatching IMPLEMENT agent for set_funcs_with_upvalues at crates/lua-stdlib/src/state_stub.rs:255:110 (budget $10)
[2026-05-16T18:46:35Z]   agent done. iter cost=$1.09959875  total=$0.00
[2026-05-16T18:46:35Z] ─── iter 9  (spent: $0.00) ───
[2026-05-16T18:46:35Z]   stub blocker: new_metatable
[2026-05-16T18:46:35Z]   dispatching IMPLEMENT agent for new_metatable at crates/lua-stdlib/src/state_stub.rs:251:74 (budget $10)
[2026-05-16T18:49:14Z]   agent done. iter cost=$1.251967  total=$0.00
[2026-05-16T18:49:14Z] ─── iter 10  (spent: $0.00) ───
[2026-05-16T18:49:15Z]   stub blocker: new_lib_table
[2026-05-16T18:49:15Z]   dispatching IMPLEMENT agent for new_lib_table at crates/lua-stdlib/src/state_stub.rs:250:90 (budget $10)
[2026-05-16T18:50:34Z]   agent done. iter cost=$0.64941025  total=$0.00
[2026-05-16T18:50:34Z] ─── iter 11  (spent: $0.00) ───
[2026-05-16T18:50:35Z]   stub blocker: new_userdata_typed
[2026-05-16T18:50:35Z]   dispatching IMPLEMENT agent for new_userdata_typed at crates/lua-stdlib/src/state_stub.rs:257:120 (budget $10)
[2026-05-16T18:53:21Z]   agent done. iter cost=$1.33032  total=$0.00
[2026-05-16T18:53:21Z] ─── iter 12  (spent: $0.00) ───
[2026-05-16T18:53:21Z]   stub blocker: set_metatable_by_name
[2026-05-16T18:53:21Z]   dispatching IMPLEMENT agent for set_metatable_by_name at crates/lua-stdlib/src/state_stub.rs:252:80 (budget $10)
[2026-05-16T18:54:16Z]   agent done. iter cost=$0.42352724999999997  total=$0.00
[2026-05-16T18:54:16Z] ─── iter 13  (spent: $0.00) ───
[2026-05-16T18:54:17Z]   stub blocker: push_value_at
[2026-05-16T18:54:17Z]   dispatching IMPLEMENT agent for push_value_at at crates/lua-stdlib/src/state_stub.rs:219:69 (budget $10)
[2026-05-16T18:54:50Z]   agent done. iter cost=$0.35119600000000006  total=$0.00
[2026-05-16T18:54:50Z] ─── iter 14  (spent: $0.00) ───
[2026-05-16T18:54:50Z]   stub blocker: registry_set
[2026-05-16T18:54:50Z]   dispatching IMPLEMENT agent for registry_set at crates/lua-stdlib/src/state_stub.rs:247:70 (budget $10)
[2026-05-16T18:56:23Z]   agent done. iter cost=$0.8443775000000001  total=$0.00
[2026-05-16T18:56:23Z] ─── iter 15  (spent: $0.00) ───
[2026-05-16T18:56:23Z]   stub blocker: register_lib
[2026-05-16T18:56:23Z]   dispatching IMPLEMENT agent for register_lib at crates/lua-stdlib/src/state_stub.rs:254:102 (budget $10)
[2026-05-16T18:57:58Z]   agent done. iter cost=$0.71183975  total=$0.00
[2026-05-16T18:57:58Z] ─── iter 16  (spent: $0.00) ───
[2026-05-16T18:57:58Z]   real-error blocker at step 2/4 Opening standard library: open_libs failed: Runtime: attempt to index a string value
[2026-05-16T18:57:58Z]   dispatching DEBUG agent for real-error (budget $15)
[2026-05-16T19:05:04Z]   agent done. iter cost=$4.318149749999999  total=$0.00
[2026-05-16T19:05:04Z] ─── iter 17  (spent: $0.00) ───
[2026-05-16T19:05:04Z]   real-error blocker at step 4/4 Executing chunk: pcall_k failed: Runtime: attempt to call a nil value
[2026-05-16T19:05:04Z]   dispatching DEBUG agent for real-error (budget $15)
[2026-05-16T19:11:06Z]   agent done. iter cost=$3.2995807500000005  total=$0.00
[2026-05-16T19:11:06Z] ─── iter 18  (spent: $0.00) ───
[2026-05-16T19:11:07Z]   stub blocker: set_ci_savedpc
[2026-05-16T19:11:07Z]   dispatching IMPLEMENT agent for set_ci_savedpc at crates/lua-vm/src/state.rs:1178:69 (budget $10)
[2026-05-16T19:11:36Z]   agent done. iter cost=$0.340941  total=$0.00
[2026-05-16T19:11:36Z] ─── iter 19  (spent: $0.00) ───
[2026-05-16T19:11:37Z]   stub blocker: ci_lua_closure
[2026-05-16T19:11:37Z]   dispatching IMPLEMENT agent for ci_lua_closure at crates/lua-vm/src/state.rs:1186:105 (budget $10)
[2026-05-16T19:12:54Z]   agent done. iter cost=$0.7956747499999999  total=$0.00
[2026-05-16T19:12:54Z] ─── iter 20  (spent: $0.00) ───
[2026-05-16T19:12:54Z]   stub blocker: ci_savedpc
[2026-05-16T19:12:54Z]   dispatching IMPLEMENT agent for ci_savedpc at crates/lua-vm/src/state.rs:1177:58 (budget $10)
[2026-05-16T19:13:22Z]   agent done. iter cost=$0.33615425  total=$0.00
[2026-05-16T19:13:22Z] ─── iter 21  (spent: $0.00) ───
[2026-05-16T19:13:23Z]   stub blocker: ci_base
[2026-05-16T19:13:23Z]   dispatching IMPLEMENT agent for ci_base at crates/lua-vm/src/state.rs:1184:60 (budget $10)
[2026-05-16T19:14:26Z]   agent done. iter cost=$0.5580062499999999  total=$0.00
[2026-05-16T19:14:26Z] ─── iter 22  (spent: $0.00) ───
[2026-05-16T19:14:27Z]   stub blocker: proto_code
[2026-05-16T19:14:27Z]   dispatching IMPLEMENT agent for proto_code at crates/lua-vm/src/state.rs:1381:92 (budget $10)
[2026-05-16T19:15:54Z]   agent done. iter cost=$0.8516985000000001  total=$0.00
[2026-05-16T19:15:54Z] ─── iter 23  (spent: $0.00) ───
[2026-05-16T19:15:54Z]   unknown failure mode — final output:
help: use `let _ = ...` to ignore the expression or result
     |
1193 -     drop(fs); // release borrow before iterating
1193 +     let _ = fs; // release borrow before iterating
     |

[1/4] Creating LuaState...
[2/4] Opening standard library...
[3/4] Loading source (parse + compile)...
[4/4] Executing chunk...

thread 'main' (4844812) panicked at crates/lua-vm/src/state.rs:1382:22:
index out of bounds: the len is 0 but the index is 0
note: run with `RUST_BACKTRACE=1` environment variable to display a backtrace
[panic] index out of bounds: the len is 0 but the index is 0
[2026-05-16T19:15:54Z] ═════════════════════════════════════════════════════════════════
[2026-05-16T19:15:54Z] Loop end. Total cost: $0.00  Total iterations: 22
[2026-05-16T19:15:54Z] ═════════════════════════════════════════════════════════════════
[2026-05-16T19:16:48Z] ═════════════════════════════════════════════════════════════════
[2026-05-16T19:16:48Z] Implement-loop start. test program: print("hello")
[2026-05-16T19:16:48Z]   MAX_ITER=60  LOOP_COST_CAP=$400.00
[2026-05-16T19:16:48Z] ═════════════════════════════════════════════════════════════════
[2026-05-16T19:16:48Z] ─── iter 1  (spent: $0.00) ───
[2026-05-16T19:16:48Z]   real-error blocker at step 4/4 Executing chunk: crates/lua-vm/src/state.rs:1382:22:
[2026-05-16T19:16:48Z]   dispatching DEBUG agent for real-error (budget $15)
[2026-05-16T19:20:01Z]   agent done. iter cost=$1.4868467500000004  total=$0.00
[2026-05-16T19:20:01Z] ─── iter 2  (spent: $0.00) ───
[2026-05-16T19:20:01Z]   real-error blocker at step 3/4 Loading source (parse + compile): Syntax: syntax error (load_string status=1)
[2026-05-16T19:20:01Z]   dispatching DEBUG agent for real-error (budget $15)
[2026-05-16T19:33:32Z]   agent done. iter cost=$8.803945249999998  total=$0.00
[2026-05-16T19:33:32Z] ─── iter 3  (spent: $0.00) ───
[2026-05-16T19:33:32Z]   real-error blocker at step 3/4 Loading source (parse + compile): crates/lua-parse/src/lib.rs:1805:5:
[2026-05-16T19:33:32Z]   dispatching DEBUG agent for real-error (budget $15)
[2026-05-16T19:34:40Z]   agent done. iter cost=$0.5149262499999999  total=$0.00
[2026-05-16T19:34:40Z] ─── iter 4  (spent: $0.00) ───
[2026-05-16T19:34:41Z]   real-error blocker at step 3/4 Loading source (parse + compile): crates/lua-vm/src/do_.rs:1613:5:
[2026-05-16T19:34:41Z]   dispatching DEBUG agent for real-error (budget $15)
[2026-05-16T19:36:45Z]   agent done. iter cost=$0.94211925  total=$0.00
[2026-05-16T19:36:45Z] ─── iter 5  (spent: $0.00) ───
[2026-05-16T19:36:45Z]   real-error blocker at step 4/4 Executing chunk: crates/lua-vm/src/state.rs:1382:22:
[2026-05-16T19:36:45Z]   dispatching DEBUG agent for real-error (budget $15)
[2026-05-16T19:42:02Z]   agent done. iter cost=$3.2236205000000004  total=$0.00
[2026-05-16T19:42:02Z] ─── iter 6  (spent: $0.00) ───
[2026-05-16T19:42:03Z]   stub blocker: OpCode decode from instruction word
[2026-05-16T19:42:03Z]   dispatching IMPLEMENT agent for OpCode decode from instruction word at crates/lua-vm/src/vm.rs:83:9 (budget $10)
[2026-05-16T19:43:26Z]   agent done. iter cost=$0.558731  total=$0.00
[2026-05-16T19:43:26Z] ─── iter 7  (spent: $0.00) ───
[2026-05-16T19:43:27Z]   stub blocker: ci_nresults
[2026-05-16T19:43:27Z]   dispatching IMPLEMENT agent for ci_nresults at crates/lua-vm/src/state.rs:1196:59 (budget $10)
[2026-05-16T19:43:56Z]   agent done. iter cost=$0.32198400000000005  total=$0.00
[2026-05-16T19:43:56Z] ─── iter 8  (spent: $0.00) ───
[2026-05-16T19:43:57Z]   stub blocker: set_ci_previous
[2026-05-16T19:43:57Z]   dispatching IMPLEMENT agent for set_ci_previous at crates/lua-vm/src/state.rs:1181:60 (budget $10)
[2026-05-16T19:45:10Z]   agent done. iter cost=$0.5653125000000001  total=$0.00
[2026-05-16T19:45:10Z] ─── iter 9  (spent: $0.00) ───
[2026-05-16T19:45:10Z]   stub blocker: ci_is_fresh
[2026-05-16T19:45:10Z]   dispatching IMPLEMENT agent for ci_is_fresh at crates/lua-vm/src/state.rs:1189:60 (budget $10)
[2026-05-16T19:45:49Z]   agent done. iter cost=$0.40795600000000004  total=$0.00
[2026-05-16T19:45:49Z] ─── iter 10  (spent: $0.00) ───
[2026-05-16T19:45:49Z]   unknown failure mode — final output:
     |          |
     |          argument has type `&Box<FuncState>`
     |
     = note: `#[warn(dropping_references)]` on by default
help: use `let _ = ...` to ignore the expression or result
     |
1231 -     drop(fs); // release borrow before iterating
1231 +     let _ = fs; // release borrow before iterating
     |

[1/4] Creating LuaState...
[2/4] Opening standard library...
[3/4] Loading source (parse + compile)...
[4/4] Executing chunk...
[ok] execution completed, status=Ok
[2026-05-16T19:45:49Z] ═════════════════════════════════════════════════════════════════
[2026-05-16T19:45:49Z] Loop end. Total cost: $0.00  Total iterations: 9
[2026-05-16T19:45:49Z] ═════════════════════════════════════════════════════════════════
[2026-05-16T19:50:50Z] ═════════════════════════════════════════════════════════════════
[2026-05-16T19:50:50Z] Implement-loop start. test program: print("hello")
[2026-05-16T19:50:50Z]   MAX_ITER=80  LOOP_COST_CAP=$500.00
[2026-05-16T19:50:50Z] ═════════════════════════════════════════════════════════════════
[2026-05-16T19:50:50Z] ─── iter 1  (spent: $0.00) ───
[2026-05-16T19:50:51Z]   real-error blocker at step 4/4 Executing chunk: execution completed with status=Ok but did NOT produce 'hello' on stdout — print() is reachable as a global but the call never actually invokes the C function, OR codegen produced empty bytecode (proto.code) so OP_CALL is never dispatched. Trace the call path: pcall_k → protected_call_raw → callnoyield → ccall_inner → precall → vm::execute → OP_CALL → state.precall(). Verify the compiled chunk's proto.code is non-empty (it should contain GETTABUP, LOADK, CALL, RETURN). If proto.code IS empty, the bug is in the parser/codegen: expression statements are not emitting instructions because luaK_dischargevars / luaK_exp2nextreg / luaK_indexed in crates/lua-parse/ are stubbed.
[2026-05-16T19:50:51Z]   dispatching DEBUG agent for real-error (budget $15)
[2026-05-16T19:59:16Z]   agent done. iter cost=$5.078922249999999  total=$0.00
[2026-05-16T19:59:16Z] ─── iter 2  (spent: $0.00) ───
[2026-05-16T19:59:16Z]   stub blocker: adjust_varargs
[2026-05-16T19:59:16Z]   dispatching IMPLEMENT agent for adjust_varargs at crates/lua-vm/src/state.rs:1302:108 (budget $10)
[2026-05-16T20:00:54Z]   agent done. iter cost=$0.9152015000000001  total=$0.00
[2026-05-16T20:00:54Z] ─── iter 3  (spent: $0.00) ───
[2026-05-16T20:00:54Z]   stub blocker: ci_trap
[2026-05-16T20:00:54Z]   dispatching IMPLEMENT agent for ci_trap at crates/lua-vm/src/state.rs:1176:60 (budget $10)
[2026-05-16T20:01:31Z]   agent done. iter cost=$0.39213875  total=$0.00
[2026-05-16T20:01:31Z] ─── iter 4  (spent: $0.00) ───
[2026-05-16T20:01:31Z]   stub blocker: upvalue_get
[2026-05-16T20:01:31Z]   dispatching IMPLEMENT agent for upvalue_get at crates/lua-vm/src/state.rs:1258:77 (budget $10)
[2026-05-16T20:03:13Z]   agent done. iter cost=$0.899743  total=$0.00
[2026-05-16T20:03:13Z] ─── iter 5  (spent: $0.00) ───
[2026-05-16T20:03:14Z]   stub blocker: proto_const
[2026-05-16T20:03:14Z]   dispatching IMPLEMENT agent for proto_const at crates/lua-vm/src/state.rs:1409:73 (budget $10)
