[2026-05-16T19:50:50Z respawn] respawn watchdog starting. GLOBAL_CAP=$2000.00 PER_RUN_MAX_ITER=80 OUTER_MAX_RUNS=50
[2026-05-16T19:50:50Z respawn] outer run #1 starting
[2026-05-16T20:35:00Z respawn] outer run #1 exited rc=0
[2026-05-16T20:35:05Z respawn] outer run #2 starting
[2026-05-16T20:35:05Z respawn] outer run #2 exited rc=0
[2026-05-16T20:35:10Z respawn] outer run #3 starting
[2026-05-16T20:35:11Z respawn] outer run #3 exited rc=0
[2026-05-16T20:35:16Z respawn] outer run #4 starting
[2026-05-16T20:35:16Z respawn] outer run #4 exited rc=0
[2026-05-16T20:35:21Z respawn] outer run #5 starting
[2026-05-16T20:35:22Z respawn] outer run #5 exited rc=0
[2026-05-16T20:35:27Z respawn] outer run #6 starting
[2026-05-16T20:35:27Z respawn] outer run #6 exited rc=0
[2026-05-16T20:35:32Z respawn] outer run #7 starting
[2026-05-16T20:35:33Z respawn] outer run #7 exited rc=0
[2026-05-16T20:35:38Z respawn] outer run #8 starting
[2026-05-16T20:35:38Z respawn] outer run #8 exited rc=0
[2026-05-16T20:35:43Z respawn] outer run #9 starting
[2026-05-16T20:35:44Z respawn] outer run #9 exited rc=0
[2026-05-16T20:35:49Z respawn] outer run #10 starting
[2026-05-16T20:35:49Z respawn] outer run #10 exited rc=0
[2026-05-16T20:35:54Z respawn] outer run #11 starting
[2026-05-16T20:35:55Z respawn] outer run #11 exited rc=0
[2026-05-16T20:36:00Z respawn] outer run #12 starting
[2026-05-16T20:36:00Z respawn] outer run #12 exited rc=0
[2026-05-16T20:36:05Z respawn] outer run #13 starting
[2026-05-16T20:36:06Z respawn] outer run #13 exited rc=0
[2026-05-16T20:36:11Z respawn] outer run #14 starting
[2026-05-16T20:36:11Z respawn] outer run #14 exited rc=0
[2026-05-16T20:36:16Z respawn] outer run #15 starting
[2026-05-16T20:36:17Z respawn] outer run #15 exited rc=0
[2026-05-16T20:36:22Z respawn] outer run #16 starting
[2026-05-16T20:36:22Z respawn] outer run #16 exited rc=0
[2026-05-16T20:36:27Z respawn] outer run #17 starting
[2026-05-16T20:36:28Z respawn] outer run #17 exited rc=0
[2026-05-16T20:36:33Z respawn] outer run #18 starting
[2026-05-16T20:36:33Z respawn] outer run #18 exited rc=0
[2026-05-16T20:36:38Z respawn] outer run #19 starting
[2026-05-16T20:36:39Z respawn] outer run #19 exited rc=0
[2026-05-16T20:36:44Z respawn] outer run #20 starting
[2026-05-16T20:36:44Z respawn] outer run #20 exited rc=0
[2026-05-16T20:36:49Z respawn] outer run #21 starting
[2026-05-16T20:36:50Z respawn] outer run #21 exited rc=0
[2026-05-16T20:36:55Z respawn] outer run #22 starting
[2026-05-16T20:36:55Z respawn] outer run #22 exited rc=0
[2026-05-16T20:37:00Z respawn] outer run #23 starting
[2026-05-16T20:37:01Z respawn] outer run #23 exited rc=0
[2026-05-16T20:37:06Z respawn] outer run #24 starting
[2026-05-16T20:37:06Z respawn] outer run #24 exited rc=0
[2026-05-16T20:37:11Z respawn] outer run #25 starting
[2026-05-16T20:37:12Z respawn] outer run #25 exited rc=0
[2026-05-16T20:37:17Z respawn] outer run #26 starting
[2026-05-16T20:37:17Z respawn] outer run #26 exited rc=0
[2026-05-16T20:37:22Z respawn] outer run #27 starting
[2026-05-16T20:37:23Z respawn] outer run #27 exited rc=0
[2026-05-16T20:37:28Z respawn] outer run #28 starting
[2026-05-16T20:37:28Z respawn] outer run #28 exited rc=0
[2026-05-16T20:37:33Z respawn] outer run #29 starting
[2026-05-16T20:37:34Z respawn] outer run #29 exited rc=0
[2026-05-16T20:37:39Z respawn] outer run #30 starting
[2026-05-16T20:37:39Z respawn] outer run #30 exited rc=0
[2026-05-16T20:37:44Z respawn] outer run #31 starting
[2026-05-16T20:37:45Z respawn] outer run #31 exited rc=0
[2026-05-16T20:37:50Z respawn] outer run #32 starting
[2026-05-16T20:37:50Z respawn] outer run #32 exited rc=0
[2026-05-16T20:37:55Z respawn] outer run #33 starting
[2026-05-16T20:37:56Z respawn] outer run #33 exited rc=0
[2026-05-16T20:38:01Z respawn] outer run #34 starting
[2026-05-16T20:38:01Z respawn] outer run #34 exited rc=0
[2026-05-16T20:38:06Z respawn] outer run #35 starting
[2026-05-16T20:38:07Z respawn] outer run #35 exited rc=0
[2026-05-16T20:38:12Z respawn] outer run #36 starting
[2026-05-16T20:38:12Z respawn] outer run #36 exited rc=0
[2026-05-16T20:38:17Z respawn] outer run #37 starting
[2026-05-16T20:38:18Z respawn] outer run #37 exited rc=0
[2026-05-16T20:38:23Z respawn] outer run #38 starting
[2026-05-16T20:38:23Z respawn] outer run #38 exited rc=0
[2026-05-16T20:38:28Z respawn] outer run #39 starting
[2026-05-16T20:38:29Z respawn] outer run #39 exited rc=0
[2026-05-16T20:38:34Z respawn] outer run #40 starting
[2026-05-16T20:38:34Z respawn] outer run #40 exited rc=0
[2026-05-16T20:38:39Z respawn] outer run #41 starting
[2026-05-16T20:38:40Z respawn] outer run #41 exited rc=0
[2026-05-16T20:38:45Z respawn] outer run #42 starting
[2026-05-16T20:38:45Z respawn] outer run #42 exited rc=0
[2026-05-16T20:38:50Z respawn] outer run #43 starting
[2026-05-16T20:38:51Z respawn] outer run #43 exited rc=0
[2026-05-16T20:38:56Z respawn] outer run #44 starting
[2026-05-16T20:38:56Z respawn] outer run #44 exited rc=0
[2026-05-16T20:39:01Z respawn] outer run #45 starting
[2026-05-16T20:39:02Z respawn] outer run #45 exited rc=0
[2026-05-16T20:39:07Z respawn] outer run #46 starting
[2026-05-16T20:39:07Z respawn] outer run #46 exited rc=0
[2026-05-16T20:39:12Z respawn] outer run #47 starting
[2026-05-16T20:39:13Z respawn] outer run #47 exited rc=0
[2026-05-16T20:39:18Z respawn] outer run #48 starting
[2026-05-16T20:39:18Z respawn] outer run #48 exited rc=0
[2026-05-16T20:39:23Z respawn] outer run #49 starting
[2026-05-16T20:39:24Z respawn] outer run #49 exited rc=0
[2026-05-16T20:39:29Z respawn] outer run #50 starting
[2026-05-16T20:39:29Z respawn] outer run #50 exited rc=0
[2026-05-16T20:39:34Z respawn] respawn watchdog finished after 50 attempts (or success)
[2026-05-16T20:41:11Z respawn] respawn watchdog starting. GLOBAL_CAP=$2000.00 PER_RUN_MAX_ITER=80 OUTER_MAX_RUNS=50
[2026-05-16T20:41:11Z respawn] outer run #1 starting (test: print("hello"); print(1+2); print("end"))
[2026-05-16T20:43:45Z respawn] outer run #1 exited rc=0
[2026-05-16T20:43:50Z respawn] outer run #2 starting (test: print("hello"); print(1+2); print("end"))
[2026-05-16T20:43:50Z respawn] outer run #2 exited rc=0
[2026-05-16T20:43:55Z respawn] outer run #3 starting (test: print("hello"); print(1+2); print("end"))
[2026-05-16T20:43:56Z respawn] outer run #3 exited rc=0
[2026-05-16T20:44:01Z respawn] outer run #4 starting (test: print("hello"); print(1+2); print("end"))
[2026-05-16T20:44:01Z respawn] outer run #4 exited rc=0
[2026-05-16T20:44:06Z respawn] outer run #5 starting (test: print("hello"); print(1+2); print("end"))
[2026-05-16T20:44:07Z respawn] outer run #5 exited rc=0
[2026-05-16T20:44:12Z respawn] outer run #6 starting (test: print("hello"); print(1+2); print("end"))
[2026-05-16T20:44:12Z respawn] outer run #6 exited rc=0
[2026-05-16T20:44:17Z respawn] outer run #7 starting (test: print("hello"); print(1+2); print("end"))
[2026-05-16T20:44:18Z respawn] outer run #7 exited rc=0
[2026-05-16T20:44:23Z respawn] outer run #8 starting (test: print("hello"); print(1+2); print("end"))
[2026-05-16T20:44:23Z respawn] outer run #8 exited rc=0
[2026-05-16T20:44:28Z respawn] outer run #9 starting (test: print("hello"); print(1+2); print("end"))
[2026-05-16T20:44:29Z respawn] outer run #9 exited rc=0
[2026-05-16T20:44:34Z respawn] outer run #10 starting (test: print("hello"); print(1+2); print("end"))
[2026-05-16T20:44:34Z respawn] outer run #10 exited rc=0
[2026-05-16T20:44:39Z respawn] outer run #11 starting (test: print("hello"); print(1+2); print("end"))
[2026-05-16T20:44:40Z respawn] outer run #11 exited rc=0
[2026-05-16T20:44:45Z respawn] outer run #12 starting (test: print("hello"); print(1+2); print("end"))
[2026-05-16T20:44:45Z respawn] outer run #12 exited rc=0
[2026-05-16T20:44:50Z respawn] outer run #13 starting (test: print("hello"); print(1+2); print("end"))
[2026-05-16T20:44:51Z respawn] outer run #13 exited rc=0
[2026-05-16T20:44:56Z respawn] outer run #14 starting (test: print("hello"); print(1+2); print("end"))
[2026-05-16T20:44:56Z respawn] outer run #14 exited rc=0
[2026-05-16T20:45:01Z respawn] outer run #15 starting (test: print("hello"); print(1+2); print("end"))
[2026-05-16T20:45:02Z respawn] outer run #15 exited rc=0
[2026-05-16T20:45:07Z respawn] outer run #16 starting (test: print("hello"); print(1+2); print("end"))
[2026-05-16T20:45:07Z respawn] outer run #16 exited rc=0
[2026-05-16T20:45:12Z respawn] outer run #17 starting (test: print("hello"); print(1+2); print("end"))
[2026-05-16T20:45:13Z respawn] outer run #17 exited rc=0
[2026-05-16T20:45:18Z respawn] outer run #18 starting (test: print("hello"); print(1+2); print("end"))
[2026-05-16T20:45:18Z respawn] outer run #18 exited rc=0
[2026-05-16T20:45:23Z respawn] outer run #19 starting (test: print("hello"); print(1+2); print("end"))
[2026-05-16T20:45:24Z respawn] outer run #19 exited rc=0
[2026-05-16T20:45:29Z respawn] outer run #20 starting (test: print("hello"); print(1+2); print("end"))
[2026-05-16T20:45:29Z respawn] outer run #20 exited rc=0
[2026-05-16T20:45:34Z respawn] outer run #21 starting (test: print("hello"); print(1+2); print("end"))
[2026-05-16T20:45:35Z respawn] outer run #21 exited rc=0
[2026-05-16T20:45:40Z respawn] outer run #22 starting (test: print("hello"); print(1+2); print("end"))
[2026-05-16T20:45:40Z respawn] outer run #22 exited rc=0
[2026-05-16T20:45:45Z respawn] outer run #23 starting (test: print("hello"); print(1+2); print("end"))
[2026-05-16T20:45:46Z respawn] outer run #23 exited rc=0
[2026-05-16T20:45:51Z respawn] outer run #24 starting (test: print("hello"); print(1+2); print("end"))
[2026-05-16T20:45:51Z respawn] outer run #24 exited rc=0
[2026-05-16T20:45:56Z respawn] outer run #25 starting (test: print("hello"); print(1+2); print("end"))
[2026-05-16T20:45:57Z respawn] outer run #25 exited rc=0
[2026-05-16T20:46:02Z respawn] outer run #26 starting (test: print("hello"); print(1+2); print("end"))
[2026-05-16T20:46:02Z respawn] outer run #26 exited rc=0
[2026-05-16T20:46:07Z respawn] outer run #27 starting (test: print("hello"); print(1+2); print("end"))
[2026-05-16T20:46:08Z respawn] outer run #27 exited rc=0
[2026-05-16T20:46:13Z respawn] outer run #28 starting (test: print("hello"); print(1+2); print("end"))
[2026-05-16T20:46:13Z respawn] outer run #28 exited rc=0
[2026-05-16T20:46:18Z respawn] outer run #29 starting (test: print("hello"); print(1+2); print("end"))
[2026-05-16T20:46:19Z respawn] outer run #29 exited rc=0
[2026-05-16T20:46:24Z respawn] outer run #30 starting (test: print("hello"); print(1+2); print("end"))
[2026-05-16T20:46:24Z respawn] outer run #30 exited rc=0
[2026-05-16T20:46:29Z respawn] outer run #31 starting (test: print("hello"); print(1+2); print("end"))
[2026-05-16T20:46:30Z respawn] outer run #31 exited rc=0
[2026-05-16T20:46:35Z respawn] outer run #32 starting (test: print("hello"); print(1+2); print("end"))
[2026-05-16T20:46:35Z respawn] outer run #32 exited rc=0
[2026-05-16T20:46:40Z respawn] outer run #33 starting (test: print("hello"); print(1+2); print("end"))
[2026-05-16T20:46:41Z respawn] outer run #33 exited rc=0
[2026-05-16T20:46:46Z respawn] outer run #34 starting (test: print("hello"); print(1+2); print("end"))
[2026-05-16T20:46:46Z respawn] outer run #34 exited rc=0
[2026-05-16T20:46:51Z respawn] outer run #35 starting (test: print("hello"); print(1+2); print("end"))
[2026-05-16T20:46:52Z respawn] outer run #35 exited rc=0
[2026-05-16T20:46:57Z respawn] outer run #36 starting (test: print("hello"); print(1+2); print("end"))
[2026-05-16T20:46:57Z respawn] outer run #36 exited rc=0
[2026-05-16T20:47:02Z respawn] outer run #37 starting (test: print("hello"); print(1+2); print("end"))
[2026-05-16T20:47:03Z respawn] outer run #37 exited rc=0
[2026-05-16T20:47:08Z respawn] outer run #38 starting (test: print("hello"); print(1+2); print("end"))
[2026-05-16T20:47:08Z respawn] outer run #38 exited rc=0
[2026-05-16T20:47:13Z respawn] outer run #39 starting (test: print("hello"); print(1+2); print("end"))
[2026-05-16T20:47:14Z respawn] outer run #39 exited rc=0
[2026-05-16T20:47:19Z respawn] outer run #40 starting (test: print("hello"); print(1+2); print("end"))
[2026-05-16T20:47:19Z respawn] outer run #40 exited rc=0
[2026-05-16T20:47:24Z respawn] outer run #41 starting (test: print("hello"); print(1+2); print("end"))
[2026-05-16T20:47:25Z respawn] outer run #41 exited rc=0
[2026-05-16T20:47:30Z respawn] outer run #42 starting (test: print("hello"); print(1+2); print("end"))
[2026-05-16T20:47:30Z respawn] outer run #42 exited rc=0
[2026-05-16T20:47:35Z respawn] outer run #43 starting (test: print("hello"); print(1+2); print("end"))
[2026-05-16T20:47:36Z respawn] outer run #43 exited rc=0
[2026-05-16T20:47:41Z respawn] outer run #44 starting (test: print("hello"); print(1+2); print("end"))
[2026-05-16T20:47:41Z respawn] outer run #44 exited rc=0
[2026-05-16T20:47:46Z respawn] outer run #45 starting (test: print("hello"); print(1+2); print("end"))
[2026-05-16T20:47:47Z respawn] outer run #45 exited rc=0
[2026-05-16T20:47:52Z respawn] outer run #46 starting (test: print("hello"); print(1+2); print("end"))
[2026-05-16T20:47:52Z respawn] outer run #46 exited rc=0
[2026-05-16T20:47:57Z respawn] outer run #47 starting (test: print("hello"); print(1+2); print("end"))
[2026-05-16T20:47:58Z respawn] outer run #47 exited rc=0
[2026-05-16T20:48:03Z respawn] outer run #48 starting (test: print("hello"); print(1+2); print("end"))
[2026-05-16T20:48:03Z respawn] outer run #48 exited rc=0
[2026-05-16T20:48:08Z respawn] outer run #49 starting (test: print("hello"); print(1+2); print("end"))
[2026-05-16T20:48:09Z respawn] outer run #49 exited rc=0
[2026-05-16T20:48:14Z respawn] outer run #50 starting (test: print("hello"); print(1+2); print("end"))
[2026-05-16T20:48:14Z respawn] outer run #50 exited rc=0
[2026-05-16T20:48:19Z respawn] respawn watchdog finished after 50 attempts (or success)
[2026-05-16T20:52:29Z respawn] respawn watchdog starting. GLOBAL_CAP=$2000.00 PER_RUN_MAX_ITER=80 OUTER_MAX_RUNS=50
[2026-05-16T20:52:29Z respawn] outer run #1 starting (test: print(1+2))
[2026-05-16T21:02:35Z respawn] outer run #1 exited rc=0
[2026-05-16T21:02:40Z respawn] outer run #2 starting (test: print(1+2))
[2026-05-16T21:02:40Z respawn] outer run #2 exited rc=0
[2026-05-16T21:02:45Z respawn] outer run #3 starting (test: print(1+2))
[2026-05-16T21:02:46Z respawn] outer run #3 exited rc=0
[2026-05-16T21:02:51Z respawn] outer run #4 starting (test: print(1+2))
[2026-05-16T21:02:51Z respawn] outer run #4 exited rc=0
[2026-05-16T21:02:56Z respawn] outer run #5 starting (test: print(1+2))
[2026-05-16T21:02:57Z respawn] outer run #5 exited rc=0
[2026-05-16T21:03:02Z respawn] outer run #6 starting (test: print(1+2))
[2026-05-16T21:03:02Z respawn] outer run #6 exited rc=0
[2026-05-16T21:03:07Z respawn] outer run #7 starting (test: print(1+2))
[2026-05-16T21:03:08Z respawn] outer run #7 exited rc=0
[2026-05-16T21:03:13Z respawn] outer run #8 starting (test: print(1+2))
[2026-05-16T21:03:13Z respawn] outer run #8 exited rc=0
[2026-05-16T21:03:18Z respawn] outer run #9 starting (test: print(1+2))
[2026-05-16T21:03:19Z respawn] outer run #9 exited rc=0
[2026-05-16T21:03:24Z respawn] outer run #10 starting (test: print(1+2))
[2026-05-16T21:03:24Z respawn] outer run #10 exited rc=0
[2026-05-16T21:03:29Z respawn] outer run #11 starting (test: print(1+2))
[2026-05-16T21:03:30Z respawn] outer run #11 exited rc=0
[2026-05-16T21:03:35Z respawn] outer run #12 starting (test: print(1+2))
[2026-05-16T21:03:35Z respawn] outer run #12 exited rc=0
[2026-05-16T21:03:40Z respawn] outer run #13 starting (test: print(1+2))
[2026-05-16T21:03:41Z respawn] outer run #13 exited rc=0
[2026-05-16T21:03:46Z respawn] outer run #14 starting (test: print(1+2))
[2026-05-16T21:03:46Z respawn] outer run #14 exited rc=0
[2026-05-16T21:03:51Z respawn] outer run #15 starting (test: print(1+2))
[2026-05-16T21:03:52Z respawn] outer run #15 exited rc=0
[2026-05-16T21:03:57Z respawn] outer run #16 starting (test: print(1+2))
[2026-05-16T21:03:57Z respawn] outer run #16 exited rc=0
[2026-05-16T21:04:02Z respawn] outer run #17 starting (test: print(1+2))
[2026-05-16T21:04:03Z respawn] outer run #17 exited rc=0
[2026-05-16T21:04:08Z respawn] outer run #18 starting (test: print(1+2))
[2026-05-16T21:04:08Z respawn] outer run #18 exited rc=0
[2026-05-16T21:04:13Z respawn] outer run #19 starting (test: print(1+2))
[2026-05-16T21:04:14Z respawn] outer run #19 exited rc=0
[2026-05-16T21:04:19Z respawn] outer run #20 starting (test: print(1+2))
[2026-05-16T21:04:19Z respawn] outer run #20 exited rc=0
[2026-05-16T21:04:24Z respawn] outer run #21 starting (test: print(1+2))
[2026-05-16T21:04:25Z respawn] outer run #21 exited rc=0
[2026-05-16T21:04:30Z respawn] outer run #22 starting (test: print(1+2))
[2026-05-16T21:04:30Z respawn] outer run #22 exited rc=0
[2026-05-16T21:04:34Z respawn] respawn watchdog starting. GLOBAL_CAP=$2000.00 PER_RUN_MAX_ITER=80 OUTER_MAX_RUNS=50
[2026-05-16T21:04:34Z respawn] outer run #1 starting (test: local x = 5; print(x))
[2026-05-16T21:04:35Z respawn] outer run #23 starting (test: print(1+2))
[2026-05-16T21:04:36Z respawn] outer run #23 exited rc=0
[2026-05-16T21:04:41Z respawn] outer run #24 starting (test: print(1+2))
[2026-05-16T21:04:41Z respawn] outer run #24 exited rc=0
[2026-05-16T21:04:46Z respawn] outer run #25 starting (test: print(1+2))
[2026-05-16T21:04:47Z respawn] outer run #25 exited rc=0
[2026-05-16T21:04:52Z respawn] outer run #26 starting (test: print(1+2))
[2026-05-16T21:04:52Z respawn] outer run #26 exited rc=0
[2026-05-16T21:04:57Z respawn] outer run #27 starting (test: print(1+2))
[2026-05-16T21:04:58Z respawn] outer run #27 exited rc=0
[2026-05-16T21:05:03Z respawn] outer run #28 starting (test: print(1+2))
[2026-05-16T21:05:03Z respawn] outer run #28 exited rc=0
[2026-05-16T21:05:08Z respawn] outer run #29 starting (test: print(1+2))
[2026-05-16T21:05:09Z respawn] outer run #29 exited rc=0
[2026-05-16T21:05:14Z respawn] outer run #30 starting (test: print(1+2))
[2026-05-16T21:05:14Z respawn] outer run #30 exited rc=0
[2026-05-16T21:06:00Z respawn] respawn watchdog starting. GLOBAL_CAP=$2000.00 PER_RUN_MAX_ITER=80 OUTER_MAX_RUNS=50
[2026-05-16T21:06:00Z respawn] outer run #1 starting (test: local x = 5; print(x))
