warning: unused imports: `CallInfoIdx`, `CallInfo`, and `GlobalState`
  --> crates/lua-vm/src/api.rs:16:44
   |
16 | use crate::state::{LuaState, LuaCFunction, GlobalState, CallInfo, CallInfoIdx, StackIdx,
   |                                            ^^^^^^^^^^^  ^^^^^^^^  ^^^^^^^^^^^
   |
   = note: `#[warn(unused_imports)]` (part of `#[warn(unused)]`) on by default

warning: unused import: `UpVal`
  --> crates/lua-vm/src/api.rs:21:70
   |
21 |     LuaValue, LuaType, LuaError, LuaString, LuaUserData, LuaClosure, UpVal,
   |                                                                      ^^^^^

warning: unused imports: `CIST_C` and `UpVal`
  --> crates/lua-vm/src/debug.rs:15:5
   |
15 |     UpVal, CIST_C, CIST_FIN, CIST_HOOKED, CIST_HOOKYIELD, CIST_TAIL, CIST_TRAN,
   |     ^^^^^  ^^^^^^

warning: unused import: `std::rc::Rc`
  --> crates/lua-vm/src/func.rs:35:5
   |
35 | use std::rc::Rc;
   |     ^^^^^^^^^^^

warning: unused import: `tagmethods::TagMethod`
  --> crates/lua-vm/src/func.rs:42:5
   |
42 |     tagmethods::TagMethod,
   |     ^^^^^^^^^^^^^^^^^^^^^

warning: unused import: `lua_types::value::F2Imod`
  --> crates/lua-vm/src/object.rs:12:5
   |
12 | use lua_types::value::F2Imod;
   |     ^^^^^^^^^^^^^^^^^^^^^^^^

warning: unused import: `LuaClosure`
  --> crates/lua-vm/src/undump.rs:22:26
   |
22 | use lua_types::closure::{LuaClosure, LuaLClosure};
   |                          ^^^^^^^^^^

warning: unused import: `lua_types::upval::UpVal`
  --> crates/lua-vm/src/undump.rs:23:5
   |
23 | use lua_types::upval::UpVal;
   |     ^^^^^^^^^^^^^^^^^^^^^^^

warning: unnecessary parentheses around method argument
    --> crates/lua-vm/src/vm.rs:2404:54
     |
2404 | ...                   state.ci_adjust_func(ci, (nextraargs as i32 + nparams1 as i32));
     |                                                ^                                   ^
     |
     = note: `#[warn(unused_parens)]` (part of `#[warn(unused)]`) on by default
help: remove these parentheses
     |
2404 -                             state.ci_adjust_func(ci, (nextraargs as i32 + nparams1 as i32));
2404 +                             state.ci_adjust_func(ci, nextraargs as i32 + nparams1 as i32);
     |

warning: unused import: `LuaStringRefExt`
  --> crates/lua-vm/src/api.rs:18:40
   |
18 |     LuaTableRefExt, LuaUserDataRefExt, LuaStringRefExt,
   |                                        ^^^^^^^^^^^^^^^

warning: unused import: `LuaLClosureRefExt`
  --> crates/lua-vm/src/api.rs:19:5
   |
19 |     LuaLClosureRefExt, LuaClosureExt, LuaProtoExt};
   |     ^^^^^^^^^^^^^^^^^

warning: unused import: `LuaClosureExt`
  --> crates/lua-vm/src/api.rs:19:24
   |
19 |     LuaLClosureRefExt, LuaClosureExt, LuaProtoExt};
   |                        ^^^^^^^^^^^^^

warning: unused import: `LuaProtoExt`
  --> crates/lua-vm/src/api.rs:19:39
   |
19 |     LuaLClosureRefExt, LuaClosureExt, LuaProtoExt};
   |                                       ^^^^^^^^^^^

warning: unused variable: `state`
    --> crates/lua-vm/src/debug.rs:1384:47
     |
1384 | fn in_stack(ci: &CallInfo, val_idx: StackIdx, state: &LuaState) -> i32 {
     |                                               ^^^^^ help: if this is intentional, prefix it with an underscore: `_state`
     |
     = note: `#[warn(unused_variables)]` (part of `#[warn(unused)]`) on by default

warning: unused variable: `state`
   --> crates/lua-vm/src/do_.rs:181:21
    |
181 | pub(crate) fn throw(state: &mut LuaState, errcode: LuaStatus) -> ! {
    |                     ^^^^^ help: if this is intentional, prefix it with an underscore: `_state`

warning: unused variable: `state`
    --> crates/lua-vm/src/do_.rs:1622:5
     |
1622 |     state: &mut LuaState,
     |     ^^^^^ help: if this is intentional, prefix it with an underscore: `_state`

warning: unused variable: `state`
  --> crates/lua-vm/src/func.rs:78:5
   |
78 |     state: &mut LuaState,
   |     ^^^^^ help: if this is intentional, prefix it with an underscore: `_state`

warning: unused variable: `valid_end`
   --> crates/lua-vm/src/object.rs:387:9
    |
387 |     let valid_end = idx;
    |         ^^^^^^^^^ help: if this is intentional, prefix it with an underscore: `_valid_end`

warning: variable does not need to be mutable
    --> crates/lua-vm/src/object.rs:1004:9
     |
1004 |     let mut write_bytes = |out: &mut [u8], written: &mut usize, bytes: &[u8]| {
     |         ----^^^^^^^^^^^
     |         |
     |         help: remove this `mut`
     |
     = note: `#[warn(unused_mut)]` (part of `#[warn(unused)]`) on by default

warning: unused variable: `state`
   --> crates/lua-vm/src/string.rs:833:5
    |
833 |     state: &mut LuaState,
    |     ^^^^^ help: if this is intentional, prefix it with an underscore: `_state`

warning: unused variable: `s`
   --> crates/lua-vm/src/undump.rs:130:15
    |
130 | fn load_error(s: &LoadState<'_>, why: &'static str) -> LuaError {
    |               ^ help: if this is intentional, prefix it with an underscore: `_s`

warning: value assigned to `trap` is never read
    --> crates/lua-vm/src/vm.rs:2128:25
     |
2128 |                         trap = state.ci_trap(ci);
     |                         ^^^^^^^^^^^^^^^^^^^^^^^^
     |
     = help: maybe it is overwritten before being read?
     = note: `#[warn(unused_assignments)]` (part of `#[warn(unused)]`) on by default

warning: value assigned to `trap` is never read
    --> crates/lua-vm/src/vm.rs:2399:29
     |
2399 | ...                   trap = state.ci_trap(ci);
     |                       ^^^^^^^^^^^^^^^^^^^^^^^^
     |
     = help: maybe it is overwritten before being read?

warning: constant `ALPHABIT` is never used
  --> crates/lua-vm/src/ctype.rs:32:7
   |
32 | const ALPHABIT: u32 = 0;
   |       ^^^^^^^^
   |
   = note: `#[warn(dead_code)]` (part of `#[warn(unused)]`) on by default

warning: constant `DIGITBIT` is never used
  --> crates/lua-vm/src/ctype.rs:35:7
   |
35 | const DIGITBIT: u32 = 1;
   |       ^^^^^^^^

warning: constant `PRINTBIT` is never used
  --> crates/lua-vm/src/ctype.rs:38:7
   |
38 | const PRINTBIT: u32 = 2;
   |       ^^^^^^^^

warning: constant `SPACEBIT` is never used
  --> crates/lua-vm/src/ctype.rs:41:7
   |
41 | const SPACEBIT: u32 = 3;
   |       ^^^^^^^^

warning: constant `XDIGITBIT` is never used
  --> crates/lua-vm/src/ctype.rs:44:7
   |
44 | const XDIGITBIT: u32 = 4;
   |       ^^^^^^^^^

warning: static `CTYPE_TABLE` is never used
  --> crates/lua-vm/src/ctype.rs:67:19
   |
67 | pub(crate) static CTYPE_TABLE: [u8; 257] = [
   |                   ^^^^^^^^^^^

warning: function `test_prop` is never used
   --> crates/lua-vm/src/ctype.rs:160:4
    |
160 | fn test_prop(c: i32, mask: u8) -> bool {
    |    ^^^^^^^^^

warning: function `lislalpha` is never used
   --> crates/lua-vm/src/ctype.rs:174:15
    |
174 | pub(crate) fn lislalpha(c: i32) -> bool {
    |               ^^^^^^^^^

warning: function `lislalnum` is never used
   --> crates/lua-vm/src/ctype.rs:182:15
    |
182 | pub(crate) fn lislalnum(c: i32) -> bool {
    |               ^^^^^^^^^

warning: function `lisdigit` is never used
   --> crates/lua-vm/src/ctype.rs:190:15
    |
190 | pub(crate) fn lisdigit(c: i32) -> bool {
    |               ^^^^^^^^

warning: function `lisspace` is never used
   --> crates/lua-vm/src/ctype.rs:199:15
    |
199 | pub(crate) fn lisspace(c: i32) -> bool {
    |               ^^^^^^^^

warning: function `lisprint` is never used
   --> crates/lua-vm/src/ctype.rs:207:15
    |
207 | pub(crate) fn lisprint(c: i32) -> bool {
    |               ^^^^^^^^

warning: function `lisxdigit` is never used
   --> crates/lua-vm/src/ctype.rs:215:15
    |
215 | pub(crate) fn lisxdigit(c: i32) -> bool {
    |               ^^^^^^^^^

warning: function `ltolower` is never used
   --> crates/lua-vm/src/ctype.rs:230:15
    |
230 | pub(crate) fn ltolower(c: i32) -> i32 {
    |               ^^^^^^^^

warning: constant `LUA_MASKCALL` is never used
  --> crates/lua-vm/src/debug.rs:52:7
   |
52 | const LUA_MASKCALL: u8 = 1 << 0;  // C: (1 << LUA_HOOKCALL)
   |       ^^^^^^^^^^^^

warning: constant `LUA_YIELD_STATUS` is never used
  --> crates/lua-vm/src/debug.rs:60:7
   |
60 | const LUA_YIELD_STATUS: i32 = 1;
   |       ^^^^^^^^^^^^^^^^

warning: function `runtime_from_top` is never used
   --> crates/lua-vm/src/debug.rs:258:4
    |
258 | fn runtime_from_top(state: &mut crate::state::LuaState) -> LuaError {
    |    ^^^^^^^^^^^^^^^^

warning: function `concat_error` is never used
    --> crates/lua-vm/src/debug.rs:1607:15
     |
1607 | pub(crate) fn concat_error(
     |               ^^^^^^^^^^^^

warning: function `error_msg` is never used
    --> crates/lua-vm/src/debug.rs:1747:15
     |
1747 | pub(crate) fn error_msg(state: &mut LuaState) -> Result<(), LuaError> {
     |               ^^^^^^^^^

warning: function `run_error` is never used
    --> crates/lua-vm/src/debug.rs:1779:15
     |
1779 | pub(crate) fn run_error(state: &mut LuaState, msg: Vec<u8>) -> Result<(), LuaError> {
     |               ^^^^^^^^^

warning: function `throw` is never used
   --> crates/lua-vm/src/do_.rs:181:15
    |
181 | pub(crate) fn throw(state: &mut LuaState, errcode: LuaStatus) -> ! {
    |               ^^^^^

warning: function `inc_top` is never used
   --> crates/lua-vm/src/do_.rs:380:15
    |
380 | pub(crate) fn inc_top(state: &mut LuaState) -> Result<(), LuaError> {
    |               ^^^^^^^

warning: constant `MAX_UPVAL` is never used
  --> crates/lua-vm/src/func.rs:61:18
   |
61 | pub(crate) const MAX_UPVAL: u8 = 255;
   |                  ^^^^^^^^^

warning: constant `MAX_MISS` is never used
  --> crates/lua-vm/src/func.rs:66:18
   |
66 | pub(crate) const MAX_MISS: u32 = 10;
   |                  ^^^^^^^^

warning: function `new_c_closure` is never used
  --> crates/lua-vm/src/func.rs:77:15
   |
77 | pub(crate) fn new_c_closure(
   |               ^^^^^^^^^^^^^

warning: function `new_lua_closure` is never used
   --> crates/lua-vm/src/func.rs:111:15
    |
111 | pub(crate) fn new_lua_closure(
    |               ^^^^^^^^^^^^^^^

warning: function `unlink_upval` is never used
   --> crates/lua-vm/src/func.rs:438:15
    |
438 | pub(crate) fn unlink_upval(state: &mut LuaState, uv: &GcRef<UpVal>) {
    |               ^^^^^^^^^^^^

warning: function `new_proto` is never used
   --> crates/lua-vm/src/func.rs:573:15
    |
573 | pub(crate) fn new_proto(state: &mut LuaState) -> GcRef<crate::state::LuaProto> {
    |               ^^^^^^^^^

warning: function `free_proto` is never used
   --> crates/lua-vm/src/func.rs:606:15
    |
606 | pub(crate) fn free_proto(_state: &mut LuaState, _f: GcRef<crate::state::LuaProto>) {
    |               ^^^^^^^^^^

warning: constant `DUMMY_C_FUNCTION_IDX` is never used
   --> crates/lua-vm/src/func.rs:682:7
    |
682 | const DUMMY_C_FUNCTION_IDX: crate::state::LuaCFnPtr = usize::MAX;
    |       ^^^^^^^^^^^^^^^^^^^^

warning: constant `L_MAX_LEN_NUM` is never used
  --> crates/lua-vm/src/object.rs:25:7
   |
25 | const L_MAX_LEN_NUM: usize = 200;
   |       ^^^^^^^^^^^^^

warning: constant `CIST_CLSRET` is never used
   --> crates/lua-vm/src/state.rs:100:18
    |
100 | pub(crate) const CIST_CLSRET: u16 = 1 << 9;
    |                  ^^^^^^^^^^^

warning: constant `LUA_RIDX_MAINTHREAD` is never used
   --> crates/lua-vm/src/state.rs:105:18
    |
105 | pub(crate) const LUA_RIDX_MAINTHREAD: i64 = 1;
    |                  ^^^^^^^^^^^^^^^^^^^

warning: constant `LUA_RIDX_GLOBALS` is never used
   --> crates/lua-vm/src/state.rs:106:18
    |
106 | pub(crate) const LUA_RIDX_GLOBALS: i64 = 2;
    |                  ^^^^^^^^^^^^^^^^

warning: constant `LUA_RIDX_LAST` is never used
   --> crates/lua-vm/src/state.rs:108:18
    |
108 | pub(crate) const LUA_RIDX_LAST: usize = 2;
    |                  ^^^^^^^^^^^^^

warning: constant `LUA_EXTRASPACE` is never used
   --> crates/lua-vm/src/state.rs:115:7
    |
115 | const LUA_EXTRASPACE: usize = std::mem::size_of::<*mut ()>();
    |       ^^^^^^^^^^^^^^

warning: function `inc_c_stack` is never used
    --> crates/lua-vm/src/state.rs:3381:15
     |
3381 | pub(crate) fn inc_c_stack(state: &mut LuaState) -> Result<(), LuaError> {
     |               ^^^^^^^^^^^

warning: function `free_thread` is never used
    --> crates/lua-vm/src/state.rs:3742:15
     |
3742 | pub(crate) fn free_thread(caller: &mut LuaState, thread: &mut LuaState) {
     |               ^^^^^^^^^^^

warning: function `warn_error` is never used
    --> crates/lua-vm/src/state.rs:4158:15
     |
4158 | pub(crate) fn warn_error(state: &mut LuaState, where_: &[u8]) {
     |               ^^^^^^^^^^

warning: type alias `LocalGcRef` is never used
  --> crates/lua-vm/src/string.rs:37:6
   |
37 | type LocalGcRef<T> = Rc<T>;
   |      ^^^^^^^^^^

warning: field `hash` is never read
   --> crates/lua-vm/src/string.rs:158:5
    |
147 | pub struct LuaStringImpl {
    |            ------------- field in this struct
...
158 |     hash: Cell<u32>,
    |     ^^^^

warning: function `eq_long_str` is never used
   --> crates/lua-vm/src/string.rs:360:15
    |
360 | pub(crate) fn eq_long_str(a: &LuaStringImpl, b: &LuaStringImpl) -> bool {
    |               ^^^^^^^^^^^

warning: function `hash_long_str` is never used
   --> crates/lua-vm/src/string.rs:442:15
    |
442 | pub(crate) fn hash_long_str(ts: &LuaStringImpl) -> u32 {
    |               ^^^^^^^^^^^^^

warning: function `clear_cache` is never used
   --> crates/lua-vm/src/string.rs:546:15
    |
546 | pub(crate) fn clear_cache(g: &mut GlobalState) {
    |               ^^^^^^^^^^^

warning: function `create_long_str` is never used
   --> crates/lua-vm/src/string.rs:636:15
    |
636 | pub(crate) fn create_long_str(state: &mut LuaState, l: usize) -> GcRef<LuaStringImpl> {
    |               ^^^^^^^^^^^^^^^

warning: function `remove_str` is never used
   --> crates/lua-vm/src/string.rs:667:15
    |
667 | pub(crate) fn remove_str(state: &mut LuaState, ts: &LuaStringImpl) {
    |               ^^^^^^^^^^

warning: function `new_userdata` is never used
   --> crates/lua-vm/src/string.rs:832:15
    |
832 | pub(crate) fn new_userdata(
    |               ^^^^^^^^^^^^

warning: function `get_tm` is never used
   --> crates/lua-vm/src/tagmethods.rs:250:15
    |
250 | pub(crate) fn get_tm(
    |               ^^^^^^

warning: field `name` is never read
   --> crates/lua-vm/src/undump.rs:105:5
    |
 97 | struct LoadState<'a> {
    |        --------- field in this struct
...
105 |     name: Vec<u8>,
    |     ^^^^

warning: function pointer comparisons do not produce meaningful results since their addresses are not guaranteed to be unique
    --> crates/lua-vm/src/api.rs:1238:61
     |
1238 |             match g.c_functions.iter().position(|&existing| existing == f) {
     |                                                             ^^^^^^^^^^^^^
     |
     = note: the address of the same function can vary between different codegen units
     = note: furthermore, different functions could have the same address after being merged together
     = note: for more information visit <https://doc.rust-lang.org/nightly/core/ptr/fn.fn_addr_eq.html>
     = note: `#[warn(unpredictable_function_pointer_comparisons)]` on by default
help: refactor your code, or use `std::ptr::fn_addr_eq` to suppress the lint
     |
1238 -             match g.c_functions.iter().position(|&existing| existing == f) {
1238 +             match g.c_functions.iter().position(|&existing| std::ptr::fn_addr_eq(existing, f)) {
     |

warning: structure field `nCcalls` should have a snake case name
    --> crates/lua-vm/src/state.rs:1376:9
     |
1376 |     pub nCcalls: u32,
     |         ^^^^^^^ help: convert the identifier to snake case: `n_ccalls`
     |
     = note: `#[warn(non_snake_case)]` (part of `#[warn(nonstandard_style)]`) on by default

warning: unused import: `std::rc::Rc`
  --> crates/lua-lex/src/lib.rs:26:5
   |
26 | use std::rc::Rc;
   |     ^^^^^^^^^^^
   |
   = note: `#[warn(unused_imports)]` (part of `#[warn(unused)]`) on by default

warning: enum `NumResult` is never used
    --> crates/lua-lex/src/lib.rs:1945:6
     |
1945 | enum NumResult {
     |      ^^^^^^^^^
     |
     = note: `#[warn(dead_code)]` (part of `#[warn(unused)]`) on by default

warning: function `str2num_stub` is never used
    --> crates/lua-lex/src/lib.rs:1950:4
     |
1950 | fn str2num_stub(bytes: &[u8]) -> Option<NumResult> {
     |    ^^^^^^^^^^^^

warning: unused imports: `arith::ArithOp`, `closure::LuaClosure`, and `gc::GcRef`
  --> crates/lua-stdlib/src/base.rs:8:5
   |
 8 |     closure::LuaClosure,
   |     ^^^^^^^^^^^^^^^^^^^
...
13 |     arith::ArithOp,
   |     ^^^^^^^^^^^^^^
14 |     gc::GcRef,
   |     ^^^^^^^^^
   |
   = note: `#[warn(unused_imports)]` (part of `#[warn(unused)]`) on by default

warning: unused imports: `CompareOp`, `LuaDebug`, `lua_CFunction`, and `upvalue_index`
  --> crates/lua-stdlib/src/base.rs:16:57
   |
16 | use crate::state_stub::{LuaState, LuaStateStubExt as _, lua_CFunction, upvalue_index, CompareOp, LuaDebug};
   |                                                         ^^^^^^^^^^^^^  ^^^^^^^^^^^^^  ^^^^^^^^^  ^^^^^^^^

warning: unused import: `lua_types::gc::GcRef`
  --> crates/lua-stdlib/src/string_lib.rs:16:5
   |
16 | use lua_types::gc::GcRef;
   |     ^^^^^^^^^^^^^^^^^^^^

warning: unused import: `lua_types::string::LuaString`
  --> crates/lua-stdlib/src/string_lib.rs:17:5
   |
17 | use lua_types::string::LuaString;
   |     ^^^^^^^^^^^^^^^^^^^^^^^^^^^^

warning: unused import: `LuaStatus`
  --> crates/lua-stdlib/src/string_lib.rs:18:26
   |
18 | use lua_types::{LuaType, LuaStatus};
   |                          ^^^^^^^^^

warning: unused imports: `CompareOp` and `LuaDebug`
  --> crates/lua-stdlib/src/string_lib.rs:19:87
   |
19 | use crate::state_stub::{LuaState, LuaStateStubExt as _, lua_CFunction, upvalue_index, CompareOp, LuaDebug};
   |                                                                                       ^^^^^^^^^  ^^^^^^^^

warning: unused imports: `LuaDebug`, `lua_CFunction`, and `upvalue_index`
 --> crates/lua-stdlib/src/table_lib.rs:9:57
  |
9 | use crate::state_stub::{LuaState, LuaStateStubExt as _, lua_CFunction, upvalue_index, CompareOp, LuaDebug};
  |                                                         ^^^^^^^^^^^^^  ^^^^^^^^^^^^^             ^^^^^^^^

warning: unused imports: `CompareOp`, `LuaDebug`, `lua_CFunction as LuaCFn`, and `upvalue_index`
  --> crates/lua-stdlib/src/math_lib.rs:16:57
   |
16 | use crate::state_stub::{LuaState, LuaStateStubExt as _, lua_CFunction as LuaCFn, upvalue_index, CompareOp, LuaDebug};
   |                                                         ^^^^^^^^^^^^^^^^^^^^^^^  ^^^^^^^^^^^^^  ^^^^^^^^^  ^^^^^^^^

warning: unused imports: `CompareOp`, `LuaDebug`, `lua_CFunction`, and `upvalue_index`
  --> crates/lua-stdlib/src/io_lib.rs:29:57
   |
29 | use crate::state_stub::{LuaState, LuaStateStubExt as _, lua_CFunction, upvalue_index, CompareOp, LuaDebug};
   |                                                         ^^^^^^^^^^^^^  ^^^^^^^^^^^^^  ^^^^^^^^^  ^^^^^^^^

warning: unused imports: `CompareOp`, `LuaDebug`, `lua_CFunction`, and `upvalue_index`
  --> crates/lua-stdlib/src/os_lib.rs:18:57
   |
18 | use crate::state_stub::{LuaState, LuaStateStubExt as _, lua_CFunction, upvalue_index, CompareOp, LuaDebug};
   |                                                         ^^^^^^^^^^^^^  ^^^^^^^^^^^^^  ^^^^^^^^^  ^^^^^^^^

warning: unused import: `lua_types::closure::LuaClosure`
  --> crates/lua-stdlib/src/utf8_lib.rs:14:5
   |
14 | use lua_types::closure::LuaClosure;
   |     ^^^^^^^^^^^^^^^^^^^^^^^^^^^^^^

warning: unused imports: `LuaStatus` and `LuaType`
  --> crates/lua-stdlib/src/utf8_lib.rs:15:17
   |
15 | use lua_types::{LuaType, LuaStatus};
   |                 ^^^^^^^  ^^^^^^^^^

warning: unused imports: `CompareOp`, `LuaDebug`, `lua_CFunction`, and `upvalue_index`
  --> crates/lua-stdlib/src/utf8_lib.rs:16:57
   |
16 | use crate::state_stub::{LuaState, LuaStateStubExt as _, lua_CFunction, upvalue_index, CompareOp, LuaDebug};
   |                                                         ^^^^^^^^^^^^^  ^^^^^^^^^^^^^  ^^^^^^^^^  ^^^^^^^^

warning: unused import: `LuaStatus`
  --> crates/lua-stdlib/src/debug_lib.rs:14:64
   |
14 | use lua_types::{GcRef, LuaError, LuaString, LuaType, LuaValue, LuaStatus};
   |                                                                ^^^^^^^^^

warning: unused imports: `CompareOp`, `lua_CFunction`, and `upvalue_index`
  --> crates/lua-stdlib/src/debug_lib.rs:15:57
   |
15 | use crate::state_stub::{LuaState, LuaStateStubExt as _, lua_CFunction, upvalue_index, CompareOp, LuaDebug as DebugInfo};
   |                                                         ^^^^^^^^^^^^^  ^^^^^^^^^^^^^  ^^^^^^^^^

warning: unused imports: `GcRef`, `LuaClosure`, `LuaStatus`, `LuaString`, and `StackIdx`
  --> crates/lua-stdlib/src/loadlib.rs:22:5
   |
22 |     GcRef, LuaClosure, LuaError, LuaString, LuaType, LuaValue, StackIdx, LuaStatus,
   |     ^^^^^  ^^^^^^^^^^            ^^^^^^^^^                     ^^^^^^^^  ^^^^^^^^^

warning: unused import: `lua_types::value::LuaTable`
  --> crates/lua-stdlib/src/loadlib.rs:24:5
   |
24 | use lua_types::value::LuaTable;
   |     ^^^^^^^^^^^^^^^^^^^^^^^^^^

warning: unused imports: `CompareOp`, `LuaDebug`, and `upvalue_index`
  --> crates/lua-stdlib/src/loadlib.rs:26:72
   |
26 | use crate::state_stub::{LuaState, LuaStateStubExt as _, lua_CFunction, upvalue_index, CompareOp, LuaDebug};
   |                                                                        ^^^^^^^^^^^^^  ^^^^^^^^^  ^^^^^^^^

warning: unused import: `arith::ArithOp`
  --> crates/lua-stdlib/src/auxlib.rs:32:5
   |
32 |     arith::ArithOp,
   |     ^^^^^^^^^^^^^^

warning: unused imports: `CompareOp`, `lua_CFunction`, and `upvalue_index`
  --> crates/lua-stdlib/src/auxlib.rs:34:57
   |
34 | use crate::state_stub::{LuaState, LuaStateStubExt as _, lua_CFunction, upvalue_index, CompareOp, LuaDebug};
   |                                                         ^^^^^^^^^^^^^  ^^^^^^^^^^^^^  ^^^^^^^^^

warning: unused imports: `CompareOp`, `LuaDebug`, `lua_CFunction`, and `upvalue_index`
 --> crates/lua-stdlib/src/init.rs:8:57
  |
8 | use crate::state_stub::{LuaState, LuaStateStubExt as _, lua_CFunction, upvalue_index, CompareOp, LuaDebug};
  |                                                         ^^^^^^^^^^^^^  ^^^^^^^^^^^^^  ^^^^^^^^^  ^^^^^^^^

warning: unused variable: `ls`
    --> crates/lua-parse/src/lib.rs:2033:5
     |
2033 |     ls: &mut LexState,
     |     ^^ help: if this is intentional, prefix it with an underscore: `_ls`
     |
     = note: `#[warn(unused_variables)]` (part of `#[warn(unused)]`) on by default

warning: unused variable: `state`
    --> crates/lua-parse/src/lib.rs:2034:5
     |
2034 |     state: &mut LuaState,
     |     ^^^^^ help: if this is intentional, prefix it with an underscore: `_state`

warning: unused variable: `state`
    --> crates/lua-parse/src/lib.rs:2062:5
     |
2062 |     state: &mut LuaState,
     |     ^^^^^ help: if this is intentional, prefix it with an underscore: `_state`

warning: unused variable: `state`
    --> crates/lua-parse/src/lib.rs:2437:5
     |
2437 |     state: &mut LuaState,
     |     ^^^^^ help: if this is intentional, prefix it with an underscore: `_state`

warning: unused variable: `state`
    --> crates/lua-parse/src/lib.rs:2682:5
     |
2682 |     state: &mut LuaState,
     |     ^^^^^ help: if this is intentional, prefix it with an underscore: `_state`

warning: unused variable: `state`
    --> crates/lua-parse/src/lib.rs:2714:5
     |
2714 |     state: &mut LuaState,
     |     ^^^^^ help: if this is intentional, prefix it with an underscore: `_state`

warning: unused variable: `n_gt`
    --> crates/lua-parse/src/lib.rs:2803:9
     |
2803 |     let n_gt = ls.dyd.gt.len();
     |         ^^^^ help: if this is intentional, prefix it with an underscore: `_n_gt`

warning: unused variable: `gt_nactvar`
    --> crates/lua-parse/src/lib.rs:2807:13
     |
2807 |         let gt_nactvar = ls.dyd.gt[i].nactvar;
     |             ^^^^^^^^^^ help: if this is intentional, prefix it with an underscore: `_gt_nactvar`

warning: unused variable: `state`
    --> crates/lua-parse/src/lib.rs:2926:37
     |
2926 | fn add_prototype(ls: &mut LexState, state: &mut LuaState) -> Result<Box<LuaProto>, LuaError> {
     |                                     ^^^^^ help: if this is intentional, prefix it with an underscore: `_state`

warning: unused variable: `state`
    --> crates/lua-parse/src/lib.rs:2970:33
     |
2970 | fn open_func(ls: &mut LexState, state: &mut LuaState, mut new_fs: FuncState) -> Result<(), LuaError> {
     |                                 ^^^^^ help: if this is intentional, prefix it with an underscore: `_state`

warning: unused variable: `fvar`
    --> crates/lua-parse/src/lib.rs:4166:9
     |
4166 |     let fvar = ls.fs.as_ref().unwrap().nactvar as i32;
     |         ^^^^ help: if this is intentional, prefix it with an underscore: `_fvar`

warning: unused variable: `pc`
    --> crates/lua-parse/src/lib.rs:4173:9
     |
4173 |     let pc = ls.fs.as_ref().unwrap().pc;
     |         ^^ help: if this is intentional, prefix it with an underscore: `_pc`

warning: unused variable: `state`
    --> crates/lua-parse/src/lib.rs:4200:36
     |
4200 | fn checktoclose(ls: &mut LexState, state: &mut LuaState, level: i32) -> Result<(), LuaError> {
     |                                    ^^^^^ help: if this is intentional, prefix it with an underscore: `_state`

warning: value assigned to `vidx` is never read
    --> crates/lua-parse/src/lib.rs:4222:20
     |
4222 |     let mut vidx = 0i32;
     |                    ^^^^
     |
     = help: maybe it is overwritten before being read?
     = note: `#[warn(unused_assignments)]` (part of `#[warn(unused)]`) on by default

warning: function `local_debug_info` is never used
    --> crates/lua-parse/src/lib.rs:2117:4
     |
2117 | fn local_debug_info<'a>(ls: &LexState, fs: &'a mut FuncState, vidx: i32) -> Option<&'a mut LocalVar> {
     |    ^^^^^^^^^^^^^^^^
     |
     = note: `#[warn(dead_code)]` (part of `#[warn(unused)]`) on by default

warning: calls to `std::mem::drop` with a reference instead of an owned value does nothing
    --> crates/lua-parse/src/lib.rs:2804:5
     |
2804 |     drop(fs); // release borrow before iterating
     |     ^^^^^--^
     |          |
     |          argument has type `&Box<FuncState>`
     |
     = note: `#[warn(dropping_references)]` on by default
help: use `let _ = ...` to ignore the expression or result
     |
2804 -     drop(fs); // release borrow before iterating
2804 +     let _ = fs; // release borrow before iterating
     |

warning: unreachable statement
   --> crates/lua-stdlib/src/io_lib.rs:805:5
    |
804 |       let p: &mut LStream = todo!("TODO(port): extract LStream from registry userdata");
    |                             ----------------------------------------------------------- any code following this expression is unreachable
805 | /     if p.is_closed() {
806 | |         return Err(LuaError::runtime(format_args!(
807 | |             "default {} file is closed",
808 | |             label.escape_ascii()
809 | |         )));
810 | |     }
    | |_____^ unreachable statement
    |
    = note: `#[warn(unreachable_code)]` (part of `#[warn(unused)]`) on by default

warning: unused variable: `p_start`
    --> crates/lua-stdlib/src/string_lib.rs:1152:14
     |
1152 |         let (p_start, p_slice) = if anchor {
     |              ^^^^^^^ help: if this is intentional, prefix it with an underscore: `_p_start`
     |
     = note: `#[warn(unused_variables)]` (part of `#[warn(unused)]`) on by default

warning: variable does not need to be mutable
    --> crates/lua-stdlib/src/string_lib.rs:1624:9
     |
1624 |     let mut buf = num2straux(n);
     |         ----^^^
     |         |
     |         help: remove this `mut`
     |
     = note: `#[warn(unused_mut)]` (part of `#[warn(unused)]`) on by default

warning: unused variable: `state`
    --> crates/lua-stdlib/src/string_lib.rs:2384:14
     |
2384 | fn unpackint(state: &LuaState, data: &[u8], is_little: bool, size: usize, is_signed: bool) -> Result<i64, LuaError> {
     |              ^^^^^ help: if this is intentional, prefix it with an underscore: `_state`

warning: unused variable: `label`
   --> crates/lua-stdlib/src/io_lib.rs:803:9
    |
803 |     let label = &key[IO_PREFIX_LEN..]; // strip "_IO_" for the error message
    |         ^^^^^ help: if this is intentional, prefix it with an underscore: `_label`

warning: unused variable: `p`
   --> crates/lua-stdlib/src/io_lib.rs:804:9
    |
804 |     let p: &mut LStream = todo!("TODO(port): extract LStream from registry userdata");
    |         ^ help: if this is intentional, prefix it with an underscore: `_p`

warning: value assigned to `c` is never read
   --> crates/lua-stdlib/src/io_lib.rs:919:22
    |
919 |     let mut c: i32 = EOF_SENTINEL;
    |                      ^^^^^^^^^^^^
    |
    = help: maybe it is overwritten before being read?
    = note: `#[warn(unused_assignments)]` (part of `#[warn(unused)]`) on by default

warning: unused variable: `state`
   --> crates/lua-stdlib/src/os_lib.rs:235:5
    |
235 |     state: &mut LuaState,
    |     ^^^^^ help: if this is intentional, prefix it with an underscore: `_state`

warning: unused variable: `buf`
   --> crates/lua-stdlib/src/auxlib.rs:867:17
    |
867 | pub fn add_size(buf: &mut LuaBuffer, sz: usize) {
    |                 ^^^ help: if this is intentional, prefix it with an underscore: `_buf`

warning: unused variable: `state`
    --> crates/lua-stdlib/src/auxlib.rs:1420:14
     |
1420 | fn warn_cont(state: &mut LuaState, message: &[u8], tocont: bool) -> Result<(), LuaError> {
     |              ^^^^^ help: if this is intentional, prefix it with an underscore: `_state`

warning: variant `CountB` is never constructed
  --> crates/lua-stdlib/src/base.rs:53:5
   |
48 | enum GcOp {
   |      ---- variant in this enum
...
53 |     CountB     = 4,
   |     ^^^^^^
   |
   = note: `GcOp` has derived impls for the traits `Clone` and `Debug`, but these are intentionally ignored during dead code analysis
   = note: `#[warn(dead_code)]` (part of `#[warn(unused)]`) on by default

warning: constant `MAX_ITEM` is never used
  --> crates/lua-stdlib/src/string_lib.rs:44:7
   |
44 | const MAX_ITEM: usize = 120;
   |       ^^^^^^^^

warning: constant `MAX_ITEM_F` is never used
  --> crates/lua-stdlib/src/string_lib.rs:47:7
   |
47 | const MAX_ITEM_F: usize = 418;
   |       ^^^^^^^^^^

warning: constant `MAX_FORMAT` is never used
  --> crates/lua-stdlib/src/string_lib.rs:50:7
   |
50 | const MAX_FORMAT: usize = 32;
   |       ^^^^^^^^^^

warning: struct `GMatchState` is never constructed
   --> crates/lua-stdlib/src/string_lib.rs:139:8
    |
139 | struct GMatchState {
    |        ^^^^^^^^^^^

warning: struct `LibReg` is never constructed
  --> crates/lua-stdlib/src/math_lib.rs:43:8
   |
43 | struct LibReg {
   |        ^^^^^^

warning: static `MATHLIB` is never used
   --> crates/lua-stdlib/src/math_lib.rs:681:8
    |
681 | static MATHLIB: &[LibReg] = &[
    |        ^^^^^^^

warning: function `get_io_file` is never used
   --> crates/lua-stdlib/src/io_lib.rs:794:4
    |
794 | fn get_io_file<'a>(
    |    ^^^^^^^^^^^

warning: function `g_write` is never used
    --> crates/lua-stdlib/src/io_lib.rs:1191:4
     |
1191 | fn g_write(
     |    ^^^^^^^

warning: type alias `HookFn` is never used
  --> crates/lua-stdlib/src/debug_lib.rs:48:17
   |
48 | pub(crate) type HookFn = fn(&mut LuaState, i32, i32) -> Result<(), LuaError>;
   |                 ^^^^^^

warning: constant `LUA_MINSTACK` is never used
  --> crates/lua-stdlib/src/auxlib.rs:85:7
   |
85 | const LUA_MINSTACK: i32 = 20;
   |       ^^^^^^^^^^^^

warning: function pointer comparisons do not produce meaningful results since their addresses are not guaranteed to be unique
   --> crates/lua-stdlib/src/state_stub.rs:370:61
    |
370 |             match g.c_functions.iter().position(|&existing| existing == f) {
    |                                                             ^^^^^^^^^^^^^
    |
    = note: the address of the same function can vary between different codegen units
    = note: furthermore, different functions could have the same address after being merged together
    = note: for more information visit <https://doc.rust-lang.org/nightly/core/ptr/fn.fn_addr_eq.html>
    = note: `#[warn(unpredictable_function_pointer_comparisons)]` on by default
help: refactor your code, or use `std::ptr::fn_addr_eq` to suppress the lint
    |
370 -             match g.c_functions.iter().position(|&existing| existing == f) {
370 +             match g.c_functions.iter().position(|&existing| std::ptr::fn_addr_eq(existing, f)) {
    |

warning: unused `Result` that must be used
   --> crates/lua-stdlib/src/base.rs:204:9
    |
204 |         state.insert(-2);
    |         ^^^^^^^^^^^^^^^^
    |
    = note: this `Result` may be an `Err` variant, which should be handled
    = note: `#[warn(unused_must_use)]` (part of `#[warn(unused)]`) on by default
help: use `let _ = ...` to ignore the resulting value
    |
204 |         let _ = state.insert(-2);
    |         +++++++

warning: unused `Result` that must be used
   --> crates/lua-stdlib/src/base.rs:828:5
    |
828 |     state.remove(1);
    |     ^^^^^^^^^^^^^^^
    |
    = note: this `Result` may be an `Err` variant, which should be handled
help: use `let _ = ...` to ignore the resulting value
    |
828 |     let _ = state.remove(1);
    |     +++++++

warning: unused `Result` that must be used
   --> crates/lua-stdlib/src/base.rs:889:5
    |
889 |     state.insert(1);
    |     ^^^^^^^^^^^^^^^
    |
    = note: this `Result` may be an `Err` variant, which should be handled
help: use `let _ = ...` to ignore the resulting value
    |
889 |     let _ = state.insert(1);
    |     +++++++

warning: unused `Result` that must be used
   --> crates/lua-stdlib/src/base.rs:932:5
    |
932 |     state.rotate(3, 2);
    |     ^^^^^^^^^^^^^^^^^^
    |
    = note: this `Result` may be an `Err` variant, which should be handled
help: use `let _ = ...` to ignore the resulting value
    |
932 |     let _ = state.rotate(3, 2);
    |     +++++++

warning: unused `Result` that must be used
   --> crates/lua-stdlib/src/table_lib.rs:300:5
    |
300 |     state.push_value_at(tt);
    |     ^^^^^^^^^^^^^^^^^^^^^^^
    |
    = note: this `Result` may be an `Err` variant, which should be handled
help: use `let _ = ...` to ignore the resulting value
    |
300 |     let _ = state.push_value_at(tt);
    |     +++++++

warning: unused `Result` that must be used
   --> crates/lua-stdlib/src/table_lib.rs:407:5
    |
407 |     state.insert(1);
    |     ^^^^^^^^^^^^^^^
    |
    = note: this `Result` may be an `Err` variant, which should be handled
help: use `let _ = ...` to ignore the resulting value
    |
407 |     let _ = state.insert(1);
    |     +++++++

warning: unused `Result` that must be used
   --> crates/lua-stdlib/src/table_lib.rs:538:5
    |
538 |     state.push_value_at(2);       // push function
    |     ^^^^^^^^^^^^^^^^^^^^^^
    |
    = note: this `Result` may be an `Err` variant, which should be handled
help: use `let _ = ...` to ignore the resulting value
    |
538 |     let _ = state.push_value_at(2);       // push function
    |     +++++++

warning: unused `Result` that must be used
   --> crates/lua-stdlib/src/table_lib.rs:539:5
    |
539 |     state.push_value_at(a - 1);   // push copy of a (compensate for function push)
    |     ^^^^^^^^^^^^^^^^^^^^^^^^^^
    |
    = note: this `Result` may be an `Err` variant, which should be handled
help: use `let _ = ...` to ignore the resulting value
    |
539 |     let _ = state.push_value_at(a - 1);   // push copy of a (compensate for function push)
    |     +++++++

warning: unused `Result` that must be used
   --> crates/lua-stdlib/src/table_lib.rs:540:5
    |
540 |     state.push_value_at(b - 2);   // push copy of b (compensate for function + a copy)
    |     ^^^^^^^^^^^^^^^^^^^^^^^^^^
    |
    = note: this `Result` may be an `Err` variant, which should be handled
help: use `let _ = ...` to ignore the resulting value
    |
540 |     let _ = state.push_value_at(b - 2);   // push copy of b (compensate for function + a copy)
    |     +++++++

warning: unused `Result` that must be used
   --> crates/lua-stdlib/src/table_lib.rs:738:9
    |
738 |         state.push_value_at(-1); // duplicate: two copies of pivot on stack
    |         ^^^^^^^^^^^^^^^^^^^^^^^
    |
    = note: this `Result` may be an `Err` variant, which should be handled
help: use `let _ = ...` to ignore the resulting value
    |
738 |         let _ = state.push_value_at(-1); // duplicate: two copies of pivot on stack
    |         +++++++

warning: unused `Result` that must be used
   --> crates/lua-stdlib/src/math_lib.rs:499:13
    |
499 |             state.push_string(b"integer");
    |             ^^^^^^^^^^^^^^^^^^^^^^^^^^^^^
    |
    = note: this `Result` may be an `Err` variant, which should be handled
help: use `let _ = ...` to ignore the resulting value
    |
499 |             let _ = state.push_string(b"integer");
    |             +++++++

warning: unused `Result` that must be used
   --> crates/lua-stdlib/src/math_lib.rs:501:13
    |
501 |             state.push_string(b"float");
    |             ^^^^^^^^^^^^^^^^^^^^^^^^^^^
    |
    = note: this `Result` may be an `Err` variant, which should be handled
help: use `let _ = ...` to ignore the resulting value
    |
501 |             let _ = state.push_string(b"float");
    |             +++++++

warning: unused `Result` that must be used
   --> crates/lua-stdlib/src/io_lib.rs:365:13
    |
365 |             state.push_string(&s);
    |             ^^^^^^^^^^^^^^^^^^^^^
    |
    = note: this `Result` may be an `Err` variant, which should be handled
help: use `let _ = ...` to ignore the resulting value
    |
365 |             let _ = state.push_string(&s);
    |             +++++++

warning: unused `Result` that must be used
   --> crates/lua-stdlib/src/io_lib.rs:368:13
    |
368 |             state.push_string(msg.as_bytes());
    |             ^^^^^^^^^^^^^^^^^^^^^^^^^^^^^^^^^
    |
    = note: this `Result` may be an `Err` variant, which should be handled
help: use `let _ = ...` to ignore the resulting value
    |
368 |             let _ = state.push_string(msg.as_bytes());
    |             +++++++

warning: unused `Result` that must be used
   --> crates/lua-stdlib/src/io_lib.rs:391:9
    |
391 |         state.push_string(b"exit");
    |         ^^^^^^^^^^^^^^^^^^^^^^^^^^
    |
    = note: this `Result` may be an `Err` variant, which should be handled
help: use `let _ = ...` to ignore the resulting value
    |
391 |         let _ = state.push_string(b"exit");
    |         +++++++

warning: unused `Result` that must be used
   --> crates/lua-stdlib/src/io_lib.rs:543:5
    |
543 |     state.push_string(b"cannot close standard file");
    |     ^^^^^^^^^^^^^^^^^^^^^^^^^^^^^^^^^^^^^^^^^^^^^^^^
    |
    = note: this `Result` may be an `Err` variant, which should be handled
help: use `let _ = ...` to ignore the resulting value
    |
543 |     let _ = state.push_string(b"cannot close standard file");
    |     +++++++

warning: unused `Result` that must be used
   --> crates/lua-stdlib/src/io_lib.rs:578:17
    |
578 |                 state.push_string(b"closed file");
    |                 ^^^^^^^^^^^^^^^^^^^^^^^^^^^^^^^^^
    |
    = note: this `Result` may be an `Err` variant, which should be handled
help: use `let _ = ...` to ignore the resulting value
    |
578 |                 let _ = state.push_string(b"closed file");
    |                 +++++++

warning: unused `Result` that must be used
   --> crates/lua-stdlib/src/io_lib.rs:580:17
    |
580 |                 state.push_string(b"file");
    |                 ^^^^^^^^^^^^^^^^^^^^^^^^^^
    |
    = note: this `Result` may be an `Err` variant, which should be handled
help: use `let _ = ...` to ignore the resulting value
    |
580 |                 let _ = state.push_string(b"file");
    |                 +++++++

warning: unused `Result` that must be used
   --> crates/lua-stdlib/src/io_lib.rs:596:9
    |
596 |         state.push_string(b"file (closed)");
    |         ^^^^^^^^^^^^^^^^^^^^^^^^^^^^^^^^^^^
    |
    = note: this `Result` may be an `Err` variant, which should be handled
help: use `let _ = ...` to ignore the resulting value
    |
596 |         let _ = state.push_string(b"file (closed)");
    |         +++++++

warning: unused `Result` that must be used
   --> crates/lua-stdlib/src/io_lib.rs:600:9
    |
600 |         state.push_string(b"file (0x?)");
    |         ^^^^^^^^^^^^^^^^^^^^^^^^^^^^^^^^
    |
    = note: this `Result` may be an `Err` variant, which should be handled
help: use `let _ = ...` to ignore the resulting value
    |
600 |         let _ = state.push_string(b"file (0x?)");
    |         +++++++

warning: unused `Result` that must be used
   --> crates/lua-stdlib/src/io_lib.rs:826:13
    |
826 |             state.push_value_at(1);
    |             ^^^^^^^^^^^^^^^^^^^^^^
    |
    = note: this `Result` may be an `Err` variant, which should be handled
help: use `let _ = ...` to ignore the resulting value
    |
826 |             let _ = state.push_value_at(1);
    |             +++++++

warning: unused `Result` that must be used
    --> crates/lua-stdlib/src/io_lib.rs:1343:13
     |
1343 |             state.push_value_at(1);
     |             ^^^^^^^^^^^^^^^^^^^^^^
     |
     = note: this `Result` may be an `Err` variant, which should be handled
help: use `let _ = ...` to ignore the resulting value
     |
1343 |             let _ = state.push_value_at(1);
     |             +++++++

warning: unused `Result` that must be used
    --> crates/lua-stdlib/src/io_lib.rs:1532:9
     |
1532 |         state.replace(1);
     |         ^^^^^^^^^^^^^^^^
     |
     = note: this `Result` may be an `Err` variant, which should be handled
help: use `let _ = ...` to ignore the resulting value
     |
1532 |         let _ = state.replace(1);
     |         +++++++

warning: unused `Result` that must be used
    --> crates/lua-stdlib/src/io_lib.rs:1551:9
     |
1551 |         state.push_value_at(1);    // file as to-be-closed variable (4th result)
     |         ^^^^^^^^^^^^^^^^^^^^^^
     |
     = note: this `Result` may be an `Err` variant, which should be handled
help: use `let _ = ...` to ignore the resulting value
     |
1551 |         let _ = state.push_value_at(1);    // file as to-be-closed variable (4th result)
     |         +++++++

warning: unused `Result` that must be used
    --> crates/lua-stdlib/src/io_lib.rs:1664:9
     |
1664 |         state.push_value_at(-1);
     |         ^^^^^^^^^^^^^^^^^^^^^^^
     |
     = note: this `Result` may be an `Err` variant, which should be handled
help: use `let _ = ...` to ignore the resulting value
     |
1664 |         let _ = state.push_value_at(-1);
     |         +++++++

warning: unused `Result` that must be used
   --> crates/lua-stdlib/src/os_lib.rs:935:22
    |
935 |         Some(s) => { state.push_string(s); }
    |                      ^^^^^^^^^^^^^^^^^^^^
    |
    = note: this `Result` may be an `Err` variant, which should be handled
help: use `let _ = ...` to ignore the resulting value
    |
935 |         Some(s) => { let _ = state.push_string(s); }
    |                      +++++++

warning: unused `Result` that must be used
   --> crates/lua-stdlib/src/debug_lib.rs:152:9
    |
152 |         state.rotate(-2, 1);
    |         ^^^^^^^^^^^^^^^^^^^
    |
    = note: this `Result` may be an `Err` variant, which should be handled
help: use `let _ = ...` to ignore the resulting value
    |
152 |         let _ = state.rotate(-2, 1);
    |         +++++++

warning: unused `Result` that must be used
   --> crates/lua-stdlib/src/debug_lib.rs:171:5
    |
171 |     state.push_registry();
    |     ^^^^^^^^^^^^^^^^^^^^^
    |
    = note: this `Result` may be an `Err` variant, which should be handled
help: use `let _ = ...` to ignore the resulting value
    |
171 |     let _ = state.push_registry();
    |     +++++++

warning: unused `Result` that must be used
   --> crates/lua-stdlib/src/debug_lib.rs:216:9
    |
216 |         state.push_fail();
    |         ^^^^^^^^^^^^^^^^^
    |
    = note: this `Result` may be an `Err` variant, which should be handled
help: use `let _ = ...` to ignore the resulting value
    |
216 |         let _ = state.push_fail();
    |         +++++++

warning: unused `Result` that must be used
   --> crates/lua-stdlib/src/debug_lib.rs:243:9
    |
243 |         state.push_fail();
    |         ^^^^^^^^^^^^^^^^^
    |
    = note: this `Result` may be an `Err` variant, which should be handled
help: use `let _ = ...` to ignore the resulting value
    |
243 |         let _ = state.push_fail();
    |         +++++++

warning: unused `Result` that must be used
   --> crates/lua-stdlib/src/debug_lib.rs:811:9
    |
811 |         state.push_fail();
    |         ^^^^^^^^^^^^^^^^^
    |
    = note: this `Result` may be an `Err` variant, which should be handled
help: use `let _ = ...` to ignore the resulting value
    |
811 |         let _ = state.push_fail();
    |         +++++++

warning: unused `Result` that must be used
   --> crates/lua-stdlib/src/debug_lib.rs:838:13
    |
838 |             state.push_thread();
    |             ^^^^^^^^^^^^^^^^^^^
    |
    = note: this `Result` may be an `Err` variant, which should be handled
help: use `let _ = ...` to ignore the resulting value
    |
838 |             let _ = state.push_thread();
    |             +++++++

warning: unused `Result` that must be used
   --> crates/lua-stdlib/src/debug_lib.rs:843:9
    |
843 |         state.raw_get(-2);
    |         ^^^^^^^^^^^^^^^^^
    |
    = note: this `Result` may be an `Err` variant, which should be handled
help: use `let _ = ...` to ignore the resulting value
    |
843 |         let _ = state.raw_get(-2);
    |         +++++++

warning: unused `Result` that must be used
   --> crates/lua-stdlib/src/debug_lib.rs:845:9
    |
845 |         state.remove(-2);
    |         ^^^^^^^^^^^^^^^^
    |
    = note: this `Result` may be an `Err` variant, which should be handled
help: use `let _ = ...` to ignore the resulting value
    |
845 |         let _ = state.remove(-2);
    |         +++++++

warning: unused `Result` that must be used
   --> crates/lua-stdlib/src/coro_lib.rs:326:9
    |
326 |         state.insert(-2);
    |         ^^^^^^^^^^^^^^^^
    |
    = note: this `Result` may be an `Err` variant, which should be handled
help: use `let _ = ...` to ignore the resulting value
    |
326 |         let _ = state.insert(-2);
    |         +++++++

warning: unused `Result` that must be used
   --> crates/lua-stdlib/src/coro_lib.rs:331:9
    |
331 |         state.insert(-(r + 1));
    |         ^^^^^^^^^^^^^^^^^^^^^^
    |
    = note: this `Result` may be an `Err` variant, which should be handled
help: use `let _ = ...` to ignore the resulting value
    |
331 |         let _ = state.insert(-(r + 1));
    |         +++++++

warning: unused `Result` that must be used
   --> crates/lua-stdlib/src/loadlib.rs:317:5
    |
317 |     state.get_field_registry(b"LUA_NOENV");
    |     ^^^^^^^^^^^^^^^^^^^^^^^^^^^^^^^^^^^^^^
    |
    = note: this `Result` may be an `Err` variant, which should be handled
help: use `let _ = ...` to ignore the resulting value
    |
317 |     let _ = state.get_field_registry(b"LUA_NOENV");
    |     +++++++

warning: unused `Result` that must be used
   --> crates/lua-stdlib/src/loadlib.rs:422:5
    |
422 |     state.get_field_registry(CLIBS);
    |     ^^^^^^^^^^^^^^^^^^^^^^^^^^^^^^^
    |
    = note: this `Result` may be an `Err` variant, which should be handled
help: use `let _ = ...` to ignore the resulting value
    |
422 |     let _ = state.get_field_registry(CLIBS);
    |     +++++++

warning: unused `Result` that must be used
   --> crates/lua-stdlib/src/loadlib.rs:424:5
    |
424 |     state.get_field(-1, path);
    |     ^^^^^^^^^^^^^^^^^^^^^^^^^
    |
    = note: this `Result` may be an `Err` variant, which should be handled
help: use `let _ = ...` to ignore the resulting value
    |
424 |     let _ = state.get_field(-1, path);
    |     +++++++

warning: unused `Result` that must be used
   --> crates/lua-stdlib/src/loadlib.rs:437:5
    |
437 |     state.get_field_registry(CLIBS);
    |     ^^^^^^^^^^^^^^^^^^^^^^^^^^^^^^^
    |
    = note: this `Result` may be an `Err` variant, which should be handled
help: use `let _ = ...` to ignore the resulting value
    |
437 |     let _ = state.get_field_registry(CLIBS);
    |     +++++++

warning: unused `Result` that must be used
   --> crates/lua-stdlib/src/loadlib.rs:441:5
    |
441 |     state.push_value(-1);
    |     ^^^^^^^^^^^^^^^^^^^^
    |
    = note: this `Result` may be an `Err` variant, which should be handled
help: use `let _ = ...` to ignore the resulting value
    |
441 |     let _ = state.push_value(-1);
    |     +++++++

warning: unused `Result` that must be used
   --> crates/lua-stdlib/src/loadlib.rs:564:5
    |
564 |     state.insert(-2);
    |     ^^^^^^^^^^^^^^^^
    |
    = note: this `Result` may be an `Err` variant, which should be handled
help: use `let _ = ...` to ignore the resulting value
    |
564 |     let _ = state.insert(-2);
    |     +++++++

warning: unused `Result` that must be used
   --> crates/lua-stdlib/src/loadlib.rs:735:5
    |
735 |     state.insert(-2);
    |     ^^^^^^^^^^^^^^^^
    |
    = note: this `Result` may be an `Err` variant, which should be handled
help: use `let _ = ...` to ignore the resulting value
    |
735 |     let _ = state.insert(-2);
    |     +++++++

warning: unused `Result` that must be used
   --> crates/lua-stdlib/src/loadlib.rs:989:5
    |
989 |     state.get_field_registry(b"_PRELOAD");
    |     ^^^^^^^^^^^^^^^^^^^^^^^^^^^^^^^^^^^^^
    |
    = note: this `Result` may be an `Err` variant, which should be handled
help: use `let _ = ...` to ignore the resulting value
    |
989 |     let _ = state.get_field_registry(b"_PRELOAD");
    |     +++++++

warning: unused `Result` that must be used
    --> crates/lua-stdlib/src/loadlib.rs:1140:5
     |
1140 |     state.rotate(-2, 1);
     |     ^^^^^^^^^^^^^^^^^^^
     |
     = note: this `Result` may be an `Err` variant, which should be handled
help: use `let _ = ...` to ignore the resulting value
     |
1140 |     let _ = state.rotate(-2, 1);
     |     +++++++

warning: unused `Result` that must be used
    --> crates/lua-stdlib/src/loadlib.rs:1143:5
     |
1143 |     state.push_value(1);
     |     ^^^^^^^^^^^^^^^^^^^
     |
     = note: this `Result` may be an `Err` variant, which should be handled
help: use `let _ = ...` to ignore the resulting value
     |
1143 |     let _ = state.push_value(1);
     |     +++++++

warning: unused `Result` that must be used
    --> crates/lua-stdlib/src/loadlib.rs:1148:5
     |
1148 |     state.push_value(-3);
     |     ^^^^^^^^^^^^^^^^^^^^
     |
     = note: this `Result` may be an `Err` variant, which should be handled
help: use `let _ = ...` to ignore the resulting value
     |
1148 |     let _ = state.push_value(-3);
     |     +++++++

warning: unused `Result` that must be used
    --> crates/lua-stdlib/src/loadlib.rs:1166:9
     |
1166 |         state.copy_value(-1, -2);
     |         ^^^^^^^^^^^^^^^^^^^^^^^^
     |
     = note: this `Result` may be an `Err` variant, which should be handled
help: use `let _ = ...` to ignore the resulting value
     |
1166 |         let _ = state.copy_value(-1, -2);
     |         +++++++

warning: unused `Result` that must be used
    --> crates/lua-stdlib/src/loadlib.rs:1171:5
     |
1171 |     state.rotate(-2, 1);
     |     ^^^^^^^^^^^^^^^^^^^
     |
     = note: this `Result` may be an `Err` variant, which should be handled
help: use `let _ = ...` to ignore the resulting value
     |
1171 |     let _ = state.rotate(-2, 1);
     |     +++++++

warning: unused `Result` that must be used
    --> crates/lua-stdlib/src/loadlib.rs:1194:5
     |
1194 |     state.create_table(searchers.len() as i32, 0);
     |     ^^^^^^^^^^^^^^^^^^^^^^^^^^^^^^^^^^^^^^^^^^^^^
     |
     = note: this `Result` may be an `Err` variant, which should be handled
help: use `let _ = ...` to ignore the resulting value
     |
1194 |     let _ = state.create_table(searchers.len() as i32, 0);
     |     +++++++

warning: unused `Result` that must be used
    --> crates/lua-stdlib/src/loadlib.rs:1199:9
     |
1199 |         state.push_value(-2);
     |         ^^^^^^^^^^^^^^^^^^^^
     |
     = note: this `Result` may be an `Err` variant, which should be handled
help: use `let _ = ...` to ignore the resulting value
     |
1199 |         let _ = state.push_value(-2);
     |         +++++++

warning: unused `Result` that must be used
    --> crates/lua-stdlib/src/loadlib.rs:1222:5
     |
1222 |     state.create_table(0, 1);
     |     ^^^^^^^^^^^^^^^^^^^^^^^^
     |
     = note: this `Result` may be an `Err` variant, which should be handled
help: use `let _ = ...` to ignore the resulting value
     |
1222 |     let _ = state.create_table(0, 1);
     |     +++++++

warning: unused `Result` that must be used
    --> crates/lua-stdlib/src/loadlib.rs:1289:5
     |
1289 |     state.push_globals();
     |     ^^^^^^^^^^^^^^^^^^^^
     |
     = note: this `Result` may be an `Err` variant, which should be handled
help: use `let _ = ...` to ignore the resulting value
     |
1289 |     let _ = state.push_globals();
     |     +++++++

warning: unused `Result` that must be used
    --> crates/lua-stdlib/src/loadlib.rs:1291:5
     |
1291 |     state.push_value(-2);
     |     ^^^^^^^^^^^^^^^^^^^^
     |
     = note: this `Result` may be an `Err` variant, which should be handled
help: use `let _ = ...` to ignore the resulting value
     |
1291 |     let _ = state.push_value(-2);
     |     +++++++

warning: unused `Result` that must be used
   --> crates/lua-stdlib/src/auxlib.rs:156:17
    |
156 |                 state.replace(-3); // in the slot occupied by table
    |                 ^^^^^^^^^^^^^^^^^
    |
    = note: this `Result` may be an `Err` variant, which should be handled
help: use `let _ = ...` to ignore the resulting value
    |
156 |                 let _ = state.replace(-3); // in the slot occupied by table
    |                 +++++++

